============================================================
  Generated by:           Genus(TM) Synthesis Solution 21.18-s082_1
  Generated on:           Oct 29 2025  03:58:23 pm
  Module:                 biriscv_multiplier
  Operating conditions:   PVT_0P9V_125C 
  Operating conditions:   PVT_1P32V_0C 
  Interconnect mode:      global
  Area mode:              physical library
============================================================


Path 1: MET (111 ps) Setup Check with Pin Stage1_s_reg[7][63]/CK->D
          Group: clk_i
     Startpoint: (F) opcode_ra_operand_i[1]
          Clock: (R) clk_i
       Endpoint: (R) Stage1_s_reg[7][63]/D
          Clock: (R) clk_i

                     Capture       Launch     
        Clock Edge:+    2020            0     
        Drv Adjust:+       0            0     
       Src Latency:+       0            0     
       Net Latency:+     100 (I)      100 (I) 
           Arrival:=    2120          100     
                                              
             Setup:-      22                  
       Uncertainty:-      50                  
     Required Time:=    2048                  
      Launch Clock:-     100                  
       Input Delay:-     300                  
         Data Path:-    1537                  
             Slack:=     111                  

Exceptions/Constraints:
  input_delay             300             biriscv_multiplier.s_line_30_64_1 

#-----------------------------------------------------------------------------------------------
#     Timing Point       Flags   Arc   Edge   Cell     Fanout Load Trans Delay Arrival Instance 
#                                                             (fF)  (ps)  (ps)   (ps)  Location 
#-----------------------------------------------------------------------------------------------
  opcode_ra_operand_i[1] -       -     F     (arrival)      1  3.2   252     0     400    (-,-) 
  g36128/Y               -       A->Y  F     BUFX2          2  5.0    20    51     451    (-,-) 
  SUB_UNS_OP1_g834/Y     -       A->Y  F     BUFX2          2  5.4    18    26     477    (-,-) 
  SUB_UNS_OP1_g811/Y     -       A->Y  R     NOR2X1         3  7.5    81    52     529    (-,-) 
  SUB_UNS_OP1_g805/Y     -       AN->Y R     NOR3BX1        2  5.6    92    72     601    (-,-) 
  SUB_UNS_OP1_g804/Y     -       AN->Y R     NOR3BX1        2  5.6    92    73     674    (-,-) 
  SUB_UNS_OP1_g803/Y     -       A->Y  R     AND2X1         3  7.4    44    50     724    (-,-) 
  SUB_UNS_OP1_g801/Y     -       B->Y  F     NAND2X1        4  8.8    93    61     785    (-,-) 
  SUB_UNS_OP1_g797/Y     -       B->Y  R     NOR2X1         3  7.4    92    69     854    (-,-) 
  SUB_UNS_OP1_g788/Y     -       B->Y  F     NAND2X1        4  8.8    99    73     927    (-,-) 
  SUB_UNS_OP1_g786/Y     -       D->Y  R     NOR4BX1        2  5.6   131    94    1022    (-,-) 
  SUB_UNS_OP1_g778/Y     -       AN->Y R     NOR3BX1        2  5.6    92    76    1098    (-,-) 
  SUB_UNS_OP1_g774/Y     -       AN->Y R     NOR3BX1        2  5.6    92    73    1171    (-,-) 
  SUB_UNS_OP1_g770/Y     -       AN->Y R     NOR3BX1        1  3.8    66    58    1229    (-,-) 
  SUB_UNS_OP1_g761/CO    -       B->CO R     ADDHX1         1  3.5    22    35    1264    (-,-) 
  SUB_UNS_OP1_g757/Y     -       B->Y  R     XNOR2X1        1  3.2    21    28    1293    (-,-) 
  g60439/Y               -       B->Y  R     CLKMX2X2      33 58.5   169   120    1413    (-,-) 
  g60373/Y               -       A->Y  R     AND2X1         5 10.7    62    69    1482    (-,-) 
  g60338/Y               -       B->Y  R     OR2X2         27 53.2   151   102    1584    (-,-) 
  g59767/Y               -       C0->Y F     OAI221X1       2  6.5   122   106    1690    (-,-) 
  g59212__8246/Y         -       B->Y  F     OR2X1         25 49.7   264   177    1867    (-,-) 
  g58018__8246/Y         -       B0->Y R     OAI2BB1X1      1  3.3    71    70    1937    (-,-) 
  Stage1_s_reg[7][63]/D  <<<     -     R     DFFRHQX1       1    -     -     0    1937    (-,-) 
#-----------------------------------------------------------------------------------------------

