============================================================
  Generated by:           Genus(TM) Synthesis Solution 21.18-s082_1
  Generated on:           Oct 29 2025  03:58:23 pm
  Module:                 biriscv_multiplier
  Operating conditions:   PVT_0P9V_125C 
  Operating conditions:   PVT_1P32V_0C 
  Interconnect mode:      global
  Area mode:              physical library
============================================================

                                               Library 
   Gate    Instances    Area        Library     Domain 
-------------------------------------------------------
ADDFHX2            5     41.040    fast_vdd1v2    best 
ADDFHX4            1      9.576    fast_vdd1v2    best 
ADDFX1          1247   6397.110    fast_vdd1v2    best 
ADDHX1            66    248.292    fast_vdd1v2    best 
AND2X1            55     75.240    fast_vdd1v2    best 
AND2X2             2      3.420    fast_vdd1v2    best 
AND3XL             5     10.260    fast_vdd1v2    best 
AND4X1             2      4.788    fast_vdd1v2    best 
AND4X2             1      3.078    fast_vdd1v2    best 
AO21X1             2      4.788    fast_vdd1v2    best 
AO22X1          1025   2804.400    fast_vdd1v2    best 
AO22X2            30     92.340    fast_vdd1v2    best 
AOI21X1           79    135.090    fast_vdd1v2    best 
AOI221X1           2      4.788    fast_vdd1v2    best 
AOI221X2           1      4.446    fast_vdd1v2    best 
AOI221X4           1      7.866    fast_vdd1v2    best 
AOI2BB1X1          7     14.364    fast_vdd1v2    best 
AOI2BB1X2          1      3.078    fast_vdd1v2    best 
AOI31X1            4      8.208    fast_vdd1v2    best 
BUFX2            170    290.700    fast_vdd1v2    best 
BUFX6              2      6.156    fast_vdd1v2    best 
CLKAND2X2          1      2.052    fast_vdd1v2    best 
CLKBUFX2           1      1.710    fast_vdd1v2    best 
CLKINVX12          1      4.104    fast_vdd1v2    best 
CLKINVX4          13     22.230    fast_vdd1v2    best 
CLKINVX6           9     21.546    fast_vdd1v2    best 
CLKMX2X2          31     95.418    fast_vdd1v2    best 
CLKXOR2X1          2      5.472    fast_vdd1v2    best 
DFFRHQX1        1760  10834.560    fast_vdd1v2    best 
INVX1            176    120.384    fast_vdd1v2    best 
INVX2             11     11.286    fast_vdd1v2    best 
INVXL              1      0.684    fast_vdd1v2    best 
MX2X1            240    574.560    fast_vdd1v2    best 
NAND2BX1         102    139.536    fast_vdd1v2    best 
NAND2BX2           1      2.394    fast_vdd1v2    best 
NAND2BX4           1      3.762    fast_vdd1v2    best 
NAND2X1          233    239.058    fast_vdd1v2    best 
NAND2X2            6     10.260    fast_vdd1v2    best 
NAND2X4            1      3.420    fast_vdd1v2    best 
NAND3BXL           9     15.390    fast_vdd1v2    best 
NAND3X1            8     13.680    fast_vdd1v2    best 
NAND4BX1           1      2.394    fast_vdd1v2    best 
NAND4XL            1      1.710    fast_vdd1v2    best 
NOR2BX1          107    146.376    fast_vdd1v2    best 
NOR2X1           202    207.252    fast_vdd1v2    best 
NOR2X2             4      6.840    fast_vdd1v2    best 
NOR2X4             2      6.156    fast_vdd1v2    best 
NOR3BX1            7     14.364    fast_vdd1v2    best 
NOR3X1             2      3.420    fast_vdd1v2    best 
NOR4BX1            2      4.788    fast_vdd1v2    best 
NOR4X1             3      5.130    fast_vdd1v2    best 
NOR4X4             1      6.498    fast_vdd1v2    best 
OA21X1            30     61.560    fast_vdd1v2    best 
OA21X2             1      3.078    fast_vdd1v2    best 
OA22X1             1      2.394    fast_vdd1v2    best 
OAI211X1          20     34.200    fast_vdd1v2    best 
OAI21X1           55     94.050    fast_vdd1v2    best 
OAI21X2            1      3.078    fast_vdd1v2    best 
OAI221X1          30     71.820    fast_vdd1v2    best 
OAI22X1            2      4.104    fast_vdd1v2    best 
OAI2BB1X1        566    967.860    fast_vdd1v2    best 
OAI31X2            2      7.524    fast_vdd1v2    best 
OAI31X4            1      6.840    fast_vdd1v2    best 
OR2X1             88    120.384    fast_vdd1v2    best 
OR2X2             10     17.100    fast_vdd1v2    best 
OR3X1              2      4.104    fast_vdd1v2    best 
OR4X1              6     12.312    fast_vdd1v2    best 
XNOR2X1          231    553.014    fast_vdd1v2    best 
-------------------------------------------------------
total           6693  24658.884                


                                          
     Type      Instances    Area   Area % 
------------------------------------------
sequential          1760 10834.560   43.9 
inverter             211   180.234    0.7 
buffer               173   298.566    1.2 
logic               4549 13345.524   54.1 
physical_cells         0     0.000    0.0 
------------------------------------------
total               6693 24658.884  100.0 

