============================================================
  Generated by:           Genus(TM) Synthesis Solution 21.18-s082_1
  Generated on:           Oct 29 2025  03:58:23 pm
  Module:                 biriscv_multiplier
  Operating conditions:   PVT_0P9V_125C 
  Operating conditions:   PVT_1P32V_0C 
  Interconnect mode:      global
  Area mode:              physical library
============================================================

Timing
--------

Clock Period 
-------------
clk_i 2020.0 


  Cost    Critical         Violating 
 Group   Path Slack  TNS     Paths   
-------------------------------------
clk_i         110.9   0.0          0 
default    No paths   0.0            
-------------------------------------
Total                 0.0          0 

Instance Count
--------------
Leaf Instance Count             6693 
Physical Instance count            0 
Sequential Instance Count       1760 
Combinational Instance Count    4933 
Hierarchical Instance Count        0 

Area
----
Cell Area                          24658.884
Physical Cell Area                 0.000
Total Cell Area (Cell+Physical)    24658.884
Net Area                           8797.858
Total Area (Cell+Physical+Net)     33456.742

Max Fanout                         1760 (clk_i)
Min Fanout                         0 (n_13)
Average Fanout                     2.2
Terms to net ratio                 3.3952
Terms to instance ratio            4.0907
Runtime                            206.86096200000003 seconds
Elapsed Runtime                    204 seconds
Genus peak memory usage            2080.18 
Innovus peak memory usage          no_value 
Hostname                           gmicro02
