============================================================
  Generated by:           Genus(TM) Synthesis Solution 21.18-s082_1
  Generated on:           Oct 29 2025  03:24:02 pm
  Module:                 biriscv_multiplier
  Operating conditions:   PVT_0P9V_125C 
  Operating conditions:   PVT_1P32V_0C 
  Interconnect mode:      global
  Area mode:              physical library
============================================================

                                                Library 
   Gate     Instances    Area        Library     Domain 
--------------------------------------------------------
ADDFHX1           268   2016.432    slow_vdd1v0   worst 
ADDFHX2           264   2166.912    slow_vdd1v0   worst 
ADDFHX4             2     19.152    slow_vdd1v0   worst 
ADDFX1            663   3401.190    slow_vdd1v0   worst 
ADDFX2             13    102.258    slow_vdd1v0   worst 
ADDHX1             24     90.288    slow_vdd1v0   worst 
AND2X1            129    176.472    slow_vdd1v0   worst 
AND2X2              6     10.260    slow_vdd1v0   worst 
AND2X4             41    112.176    slow_vdd1v0   worst 
AND2X6             22     82.764    slow_vdd1v0   worst 
AO21X1             13     31.122    slow_vdd1v0   worst 
AO21X4              1      3.420    slow_vdd1v0   worst 
AO22X1           1025   2804.400    slow_vdd1v0   worst 
AOI211X4            4     25.992    slow_vdd1v0   worst 
AOI21X1            14     23.940    slow_vdd1v0   worst 
AOI21X2            15     41.040    slow_vdd1v0   worst 
AOI21X4           114    584.820    slow_vdd1v0   worst 
AOI221X2            1      4.446    slow_vdd1v0   worst 
AOI221X4            1      7.866    slow_vdd1v0   worst 
AOI22X2             1      3.762    slow_vdd1v0   worst 
AOI22X4             1      6.156    slow_vdd1v0   worst 
AOI2BB1X1          14     28.728    slow_vdd1v0   worst 
AOI2BB1X2          27     83.106    slow_vdd1v0   worst 
AOI2BB1X4          41    168.264    slow_vdd1v0   worst 
BUFX16              1      6.840    slow_vdd1v0   worst 
BUFX2               6     10.260    slow_vdd1v0   worst 
BUFX3               4      8.208    slow_vdd1v0   worst 
BUFX6               3      9.234    slow_vdd1v0   worst 
CLKAND2X12          8     60.192    slow_vdd1v0   worst 
CLKAND2X2          27     55.404    slow_vdd1v0   worst 
CLKAND2X3          29     89.262    slow_vdd1v0   worst 
CLKAND2X4           2      6.840    slow_vdd1v0   worst 
CLKAND2X6          96    459.648    slow_vdd1v0   worst 
CLKBUFX2            1      1.710    slow_vdd1v0   worst 
CLKINVX12          16     65.664    slow_vdd1v0   worst 
CLKINVX16           2     10.944    slow_vdd1v0   worst 
CLKINVX2            1      1.368    slow_vdd1v0   worst 
CLKINVX20           7     45.486    slow_vdd1v0   worst 
CLKINVX4           31     53.010    slow_vdd1v0   worst 
CLKINVX6           23     55.062    slow_vdd1v0   worst 
CLKINVX8            8     24.624    slow_vdd1v0   worst 
CLKMX2X3           21     86.184    slow_vdd1v0   worst 
CLKMX2X6           33    146.718    slow_vdd1v0   worst 
CLKMX2X8           30    174.420    slow_vdd1v0   worst 
CLKXOR2X1         141    385.776    slow_vdd1v0   worst 
DFFRHQX1         1533   9437.148    slow_vdd1v0   worst 
DFFRHQX2           28    220.248    slow_vdd1v0   worst 
DFFRHQX4           15    143.640    slow_vdd1v0   worst 
DFFRX1              1      6.840    slow_vdd1v0   worst 
DFFRX2            182   1369.368    slow_vdd1v0   worst 
DFFRX4              1      9.576    slow_vdd1v0   worst 
INVX1             199    136.116    slow_vdd1v0   worst 
INVX16              1      5.472    slow_vdd1v0   worst 
INVX2             129    132.354    slow_vdd1v0   worst 
INVX20              1      6.498    slow_vdd1v0   worst 
INVX3              60     82.080    slow_vdd1v0   worst 
INVX6               3      7.182    slow_vdd1v0   worst 
INVX8               1      3.078    slow_vdd1v0   worst 
MX2X1             103    246.582    slow_vdd1v0   worst 
MXI2X2              1      4.446    slow_vdd1v0   worst 
NAND2BX1           36     49.248    slow_vdd1v0   worst 
NAND2BX2            6     14.364    slow_vdd1v0   worst 
NAND2BX4            5     18.810    slow_vdd1v0   worst 
NAND2X1           112    114.912    slow_vdd1v0   worst 
NAND2X2            72    123.120    slow_vdd1v0   worst 
NAND2X4            65    222.300    slow_vdd1v0   worst 
NAND2X6            50    239.400    slow_vdd1v0   worst 
NAND2X8            28    153.216    slow_vdd1v0   worst 
NAND3X8             1      8.208    slow_vdd1v0   worst 
NOR2BX1            96    131.328    slow_vdd1v0   worst 
NOR2BX2             9     24.624    slow_vdd1v0   worst 
NOR2BX4            14     52.668    slow_vdd1v0   worst 
NOR2X1             95     97.470    slow_vdd1v0   worst 
NOR2X2             96    164.160    slow_vdd1v0   worst 
NOR2X4            156    480.168    slow_vdd1v0   worst 
NOR2X6            161    660.744    slow_vdd1v0   worst 
NOR2X8             42    229.824    slow_vdd1v0   worst 
NOR3BX2             2      6.840    slow_vdd1v0   worst 
NOR3BX4             1      5.814    slow_vdd1v0   worst 
NOR3X1              1      1.710    slow_vdd1v0   worst 
NOR3X2              1      2.736    slow_vdd1v0   worst 
NOR3X4              3     15.390    slow_vdd1v0   worst 
NOR3X6              1      7.182    slow_vdd1v0   worst 
NOR3X8              4     35.568    slow_vdd1v0   worst 
NOR4X2              1      3.420    slow_vdd1v0   worst 
OA21X1             11     22.572    slow_vdd1v0   worst 
OA21X2              2      6.156    slow_vdd1v0   worst 
OA21X4              1      3.762    slow_vdd1v0   worst 
OAI211X4            1      6.498    slow_vdd1v0   worst 
OAI21X1            20     34.200    slow_vdd1v0   worst 
OAI21X2            94    289.332    slow_vdd1v0   worst 
OAI21X4           173    828.324    slow_vdd1v0   worst 
OAI22X1            28     57.456    slow_vdd1v0   worst 
OAI2BB1X1         527    901.170    slow_vdd1v0   worst 
OAI2BB1X2           5     15.390    slow_vdd1v0   worst 
OAI2BB1X4          11     48.906    slow_vdd1v0   worst 
OAI2BB2X1           2      8.208    slow_vdd1v0   worst 
OAI2BB2X2           1      5.472    slow_vdd1v0   worst 
OAI2BB2X4           1      8.550    slow_vdd1v0   worst 
OR2X1              82    112.176    slow_vdd1v0   worst 
OR2X2              20     34.200    slow_vdd1v0   worst 
OR2X4              27     73.872    slow_vdd1v0   worst 
OR2X6              77    289.674    slow_vdd1v0   worst 
OR2X8               7     31.122    slow_vdd1v0   worst 
OR3X1               1      2.052    slow_vdd1v0   worst 
OR3X4               1      3.078    slow_vdd1v0   worst 
OR4X1               1      2.052    slow_vdd1v0   worst 
XNOR2X1           131    313.614    slow_vdd1v0   worst 
XNOR2X2             7     21.546    slow_vdd1v0   worst 
XOR2X4              1      4.104    slow_vdd1v0   worst 
--------------------------------------------------------
total            7742  31549.158                


                                          
     Type      Instances    Area   Area % 
------------------------------------------
sequential          1760 11186.820   35.5 
inverter             482   628.938    2.0 
buffer                15    36.252    0.1 
logic               5485 19697.148   62.4 
physical_cells         0     0.000    0.0 
------------------------------------------
total               7742 31549.158  100.0 

