============================================================
  Generated by:           Genus(TM) Synthesis Solution 21.18-s082_1
  Generated on:           Oct 29 2025  03:24:02 pm
  Module:                 biriscv_multiplier
  Operating conditions:   PVT_0P9V_125C 
  Operating conditions:   PVT_1P32V_0C 
  Interconnect mode:      global
  Area mode:              physical library
============================================================

Timing
--------

Clock Period 
-------------
clk_i 3330.0 


  Cost    Critical         Violating 
 Group   Path Slack  TNS     Paths   
-------------------------------------
clk_i          16.3   0.0          0 
default    No paths   0.0            
-------------------------------------
Total                 0.0          0 

Instance Count
--------------
Leaf Instance Count             7742 
Physical Instance count            0 
Sequential Instance Count       1760 
Combinational Instance Count    5982 
Hierarchical Instance Count        0 

Area
----
Cell Area                          31549.158
Physical Cell Area                 0.000
Total Cell Area (Cell+Physical)    31549.158
Net Area                           9889.271
Total Area (Cell+Physical+Net)     41438.429

Max Fanout                         1760 (clk_i)
Min Fanout                         0 (n_20)
Average Fanout                     2.2
Terms to net ratio                 3.3857
Terms to instance ratio            3.9450
Runtime                            223.408399 seconds
Elapsed Runtime                    220 seconds
Genus peak memory usage            2082.44 
Innovus peak memory usage          no_value 
Hostname                           gmicro02
