============================================================
  Generated by:           Genus(TM) Synthesis Solution 21.18-s082_1
  Generated on:           Oct 29 2025  03:24:02 pm
  Module:                 biriscv_multiplier
  Operating conditions:   PVT_0P9V_125C 
  Operating conditions:   PVT_1P32V_0C 
  Interconnect mode:      global
  Area mode:              physical library
============================================================


Path 1: MET (16 ps) Setup Check with Pin Stage2_s_reg[0][51]/CK->D
          Group: clk_i
     Startpoint: (R) Stage1_s_reg[3][36]/CK
          Clock: (R) clk_i
       Endpoint: (R) Stage2_s_reg[0][51]/D
          Clock: (R) clk_i

                     Capture       Launch     
        Clock Edge:+    3330            0     
       Src Latency:+       0            0     
       Net Latency:+     100 (I)      100 (I) 
           Arrival:=    3430          100     
                                              
             Setup:-     177                  
       Uncertainty:-      50                  
     Required Time:=    3203                  
      Launch Clock:-     100                  
         Data Path:-    3087                  
             Slack:=      16                  

#---------------------------------------------------------------------------------------------------------------------------
#                  Timing Point                    Flags    Arc   Edge    Cell     Fanout Load Trans Delay Arrival Instance 
#                                                                                         (fF)  (ps)  (ps)   (ps)  Location 
#---------------------------------------------------------------------------------------------------------------------------
  Stage1_s_reg[3][36]/CK                           -       -      R     (arrival)    1760    -     0     0     100    (-,-) 
  Stage1_s_reg[3][36]/Q                            -       CK->Q  F     DFFRHQX1        2  5.4   146   271     371    (-,-) 
  WALLACE_CSA_DUMMY_OP_groupi3047_cdnfadd_036_1/S  -       CI->S  R     ADDFHX1         1  3.5    96   340     710    (-,-) 
  WALLACE_CSA_DUMMY_OP_groupi3047_cdnfadd_036_3/CO -       CI->CO R     ADDFX2          1  3.7    84   267     978    (-,-) 
  WALLACE_CSA_DUMMY_OP_groupi3047_cdnfadd_037_4/S  -       CI->S  F     ADDFHX1         1  3.7   115   306    1284    (-,-) 
  WALLACE_CSA_DUMMY_OP_groupi3047_cdnfadd_037_5/S  -       CI->S  R     ADDFHX2         2  5.6    99   375    1658    (-,-) 
  WALLACE_CSA_DUMMY_OP_groupi3047_g5697/Y          -       B->Y   R     OR2X6           2  7.6    44   124    1782    (-,-) 
  WALLACE_CSA_DUMMY_OP_groupi3047_g5663/Y          -       A->Y   F     CLKINVX4        2  6.8    59    56    1838    (-,-) 
  WALLACE_CSA_DUMMY_OP_groupi3047_g5589/Y          -       A->Y   R     NOR2X6          2  6.2    80    82    1920    (-,-) 
  WALLACE_CSA_DUMMY_OP_groupi3047_g5440/Y          -       B->Y   R     CLKAND2X6       3  8.6    48   124    2044    (-,-) 
  WALLACE_CSA_DUMMY_OP_groupi3047_g5412/Y          -       B->Y   R     CLKAND2X6       2  7.8    46   109    2153    (-,-) 
  WALLACE_CSA_DUMMY_OP_groupi3047_g5342/Y          -       A->Y   F     NAND2X6         1  5.8    96    91    2244    (-,-) 
  WALLACE_CSA_DUMMY_OP_groupi3047_g5302/Y          -       A->Y   R     NAND2X8         4 14.0    72    77    2321    (-,-) 
  WALLACE_CSA_DUMMY_OP_groupi3047_g5274/Y          -       B->Y   F     NAND2X6         1  4.5    85    86    2407    (-,-) 
  WALLACE_CSA_DUMMY_OP_groupi3047_g5265/Y          -       B->Y   F     CLKAND2X12     15 46.6   130   170    2578    (-,-) 
  WALLACE_CSA_DUMMY_OP_groupi3047_g5204/Y          -       A1->Y  R     OAI21X4         1  4.5    96   118    2696    (-,-) 
  WALLACE_CSA_DUMMY_OP_groupi3047_g5200/Y          -       B0->Y  F     AOI21X4         1  3.3    99    72    2767    (-,-) 
  WALLACE_CSA_DUMMY_OP_groupi3047_g5803/Y          -       B->Y   R     XNOR2X1         1  3.7    94   228    2995    (-,-) 
  g61252/Y                                         -       A->Y   F     INVX2           1  3.6    69    86    3080    (-,-) 
  g60769/Y                                         -       A1->Y  R     OAI21X2         1  3.1   118   106    3187    (-,-) 
  Stage2_s_reg[0][51]/D                            <<<     -      R     DFFRX2          1    -     -     0    3187    (-,-) 
#---------------------------------------------------------------------------------------------------------------------------

