============================================================
  Generated by:           Genus(TM) Synthesis Solution 21.18-s082_1
  Generated on:           Oct 28 2025  10:10:56 pm
  Module:                 biriscv_multiplier
  Operating conditions:   PVT_0P9V_125C 
  Operating conditions:   PVT_1P32V_0C 
  Interconnect mode:      global
  Area mode:              physical library
============================================================

                                               Library 
   Gate     Instances    Area       Library     Domain 
-------------------------------------------------------
ADDFHX1            38   285.912    slow_vdd1v0   worst 
ADDFHX2            41   336.528    slow_vdd1v0   worst 
ADDFHX4             2    19.152    slow_vdd1v0   worst 
ADDFX1            396  2031.480    slow_vdd1v0   worst 
ADDFX2              5    39.330    slow_vdd1v0   worst 
ADDHX1             16    60.192    slow_vdd1v0   worst 
ADDHX2              1     5.130    slow_vdd1v0   worst 
ADDHX4              1     7.182    slow_vdd1v0   worst 
AND2X1             39    53.352    slow_vdd1v0   worst 
AND2X2              5     8.550    slow_vdd1v0   worst 
AND2X4              2     5.472    slow_vdd1v0   worst 
AND2X6              4    15.048    slow_vdd1v0   worst 
AND3X2              1     2.736    slow_vdd1v0   worst 
AO21X1             30    71.820    slow_vdd1v0   worst 
AO22X1            198   541.728    slow_vdd1v0   worst 
AOI21X1            24    41.040    slow_vdd1v0   worst 
AOI21X2             3     8.208    slow_vdd1v0   worst 
AOI21X4            19    97.470    slow_vdd1v0   worst 
AOI22X1             1     2.052    slow_vdd1v0   worst 
AOI22X2             2     7.524    slow_vdd1v0   worst 
AOI22X4             1     6.156    slow_vdd1v0   worst 
AOI2BB1X1           8    16.416    slow_vdd1v0   worst 
AOI2BB1X2           7    21.546    slow_vdd1v0   worst 
AOI2BB1X4           7    28.728    slow_vdd1v0   worst 
BUFX12              1     5.130    slow_vdd1v0   worst 
BUFX2               3     5.130    slow_vdd1v0   worst 
BUFX3               1     2.052    slow_vdd1v0   worst 
BUFX4               2     4.788    slow_vdd1v0   worst 
BUFX6               2     6.156    slow_vdd1v0   worst 
CLKAND2X12         11    82.764    slow_vdd1v0   worst 
CLKAND2X2           8    16.416    slow_vdd1v0   worst 
CLKAND2X3           5    15.390    slow_vdd1v0   worst 
CLKAND2X6           2     9.576    slow_vdd1v0   worst 
CLKAND2X8           4    23.256    slow_vdd1v0   worst 
CLKBUFX2            2     3.420    slow_vdd1v0   worst 
CLKBUFX6            2     6.156    slow_vdd1v0   worst 
CLKINVX1            1     1.026    slow_vdd1v0   worst 
CLKINVX12          11    45.144    slow_vdd1v0   worst 
CLKINVX16          10    54.720    slow_vdd1v0   worst 
CLKINVX2            1     1.368    slow_vdd1v0   worst 
CLKINVX20           3    19.494    slow_vdd1v0   worst 
CLKINVX3            1     1.710    slow_vdd1v0   worst 
CLKINVX4           16    27.360    slow_vdd1v0   worst 
CLKINVX6           15    35.910    slow_vdd1v0   worst 
CLKINVX8           13    40.014    slow_vdd1v0   worst 
CLKMX2X2            2     6.156    slow_vdd1v0   worst 
CLKMX2X3            3    12.312    slow_vdd1v0   worst 
CLKMX2X4            8    32.832    slow_vdd1v0   worst 
CLKMX2X6           24   106.704    slow_vdd1v0   worst 
CLKXOR2X1         124   339.264    slow_vdd1v0   worst 
INVX1             185   126.540    slow_vdd1v0   worst 
INVX2               6     6.156    slow_vdd1v0   worst 
INVX3               7     9.576    slow_vdd1v0   worst 
INVX6               1     2.394    slow_vdd1v0   worst 
INVXL              30    20.520    slow_vdd1v0   worst 
MX2X1              16    38.304    slow_vdd1v0   worst 
MXI2X6              1     5.130    slow_vdd1v0   worst 
NAND2BX1           17    23.256    slow_vdd1v0   worst 
NAND2BX2            2     4.788    slow_vdd1v0   worst 
NAND2BX4            5    18.810    slow_vdd1v0   worst 
NAND2X1            24    24.624    slow_vdd1v0   worst 
NAND2X2            21    35.910    slow_vdd1v0   worst 
NAND2X4            12    41.040    slow_vdd1v0   worst 
NAND2X6            10    47.880    slow_vdd1v0   worst 
NAND2X8             3    16.416    slow_vdd1v0   worst 
NOR2BX1            33    45.144    slow_vdd1v0   worst 
NOR2BX2             4    10.944    slow_vdd1v0   worst 
NOR2BX4             2     7.524    slow_vdd1v0   worst 
NOR2X1             62    63.612    slow_vdd1v0   worst 
NOR2X2             20    34.200    slow_vdd1v0   worst 
NOR2X4             50   153.900    slow_vdd1v0   worst 
NOR2X6             16    65.664    slow_vdd1v0   worst 
NOR2X8              7    38.304    slow_vdd1v0   worst 
NOR3BX4             2    11.628    slow_vdd1v0   worst 
NOR3X1              1     1.710    slow_vdd1v0   worst 
NOR3X6              2    14.364    slow_vdd1v0   worst 
NOR3X8              1     8.892    slow_vdd1v0   worst 
OA21X1             15    30.780    slow_vdd1v0   worst 
OA21X2              1     3.078    slow_vdd1v0   worst 
OA21X4              2     7.524    slow_vdd1v0   worst 
OA22X1              7    16.758    slow_vdd1v0   worst 
OAI21X1             7    11.970    slow_vdd1v0   worst 
OAI21X2            10    30.780    slow_vdd1v0   worst 
OAI21X4            18    86.184    slow_vdd1v0   worst 
OAI22X1           198   406.296    slow_vdd1v0   worst 
OAI22X2            81   277.020    slow_vdd1v0   worst 
OAI22X4             7    45.486    slow_vdd1v0   worst 
OAI2BB1X1          26    44.460    slow_vdd1v0   worst 
OAI2BB1X2           6    18.468    slow_vdd1v0   worst 
OAI2BB1X4           1     4.446    slow_vdd1v0   worst 
OAI2BB2X1           2     8.208    slow_vdd1v0   worst 
OAI2BB2X2           1     5.472    slow_vdd1v0   worst 
OAI31X2             1     3.762    slow_vdd1v0   worst 
OR2X1              50    68.400    slow_vdd1v0   worst 
OR2X2               8    13.680    slow_vdd1v0   worst 
OR2X4              11    30.096    slow_vdd1v0   worst 
OR2X6               5    18.810    slow_vdd1v0   worst 
OR3X6               1     4.788    slow_vdd1v0   worst 
OR4X1               2     4.104    slow_vdd1v0   worst 
XNOR2X1           429  1027.026    slow_vdd1v0   worst 
XNOR2X2             4    12.312    slow_vdd1v0   worst 
-------------------------------------------------------
total            2559  7674.138                


                                         
     Type      Instances   Area   Area % 
-----------------------------------------
inverter             300  391.932    5.1 
buffer                13   32.832    0.4 
logic               2246 7249.374   94.5 
physical_cells         0    0.000    0.0 
-----------------------------------------
total               2559 7674.138  100.0 

