============================================================
  Generated by:           Genus(TM) Synthesis Solution 21.18-s082_1
  Generated on:           Oct 28 2025  10:10:56 pm
  Module:                 biriscv_multiplier
  Operating conditions:   PVT_0P9V_125C 
  Operating conditions:   PVT_1P32V_0C 
  Interconnect mode:      global
  Area mode:              physical library
============================================================

Timing
--------

Clock Period 
-------------
clk_i 5560.0 


  Cost    Critical         Violating 
 Group   Path Slack  TNS     Paths   
-------------------------------------
clk_i           0.3   0.0          0 
default    No paths   0.0            
-------------------------------------
Total                 0.0          0 

Instance Count
--------------
Leaf Instance Count             2559 
Physical Instance count            0 
Sequential Instance Count          0 
Combinational Instance Count    2559 
Hierarchical Instance Count        0 

Area
----
Cell Area                          7674.138
Physical Cell Area                 0.000
Total Cell Area (Cell+Physical)    7674.138
Net Area                           3563.849
Total Area (Cell+Physical+Net)     11237.987

Max Fanout                         53 (opcode_ra_operand_i[0])
Min Fanout                         0 (opcode_opcode_i[24])
Average Fanout                     2.1
Terms to net ratio                 3.0438
Terms to instance ratio            3.7491
Runtime                            68.6399440000001 seconds
Elapsed Runtime                    70 seconds
Genus peak memory usage            1498.84 
Innovus peak memory usage          no_value 
Hostname                           gmicro02
