============================================================
  Generated by:           Genus(TM) Synthesis Solution 21.18-s082_1
  Generated on:           Oct 29 2025  12:42:19 am
  Module:                 biriscv_multiplier
  Operating conditions:   PVT_0P9V_125C 
  Operating conditions:   PVT_1P32V_0C 
  Interconnect mode:      global
  Area mode:              physical library
============================================================

                                                Library 
   Gate     Instances    Area        Library     Domain 
--------------------------------------------------------
ADDFHX1           424   3190.176    fast_vdd1v2    best 
ADDFHX2           140   1149.120    fast_vdd1v2    best 
ADDFHX4             1      9.576    fast_vdd1v2    best 
ADDFX1            814   4175.820    fast_vdd1v2    best 
ADDFX2             22    173.052    fast_vdd1v2    best 
ADDHX1             29    109.098    fast_vdd1v2    best 
ADDHX2             20    102.600    fast_vdd1v2    best 
ADDHX4              5     35.910    fast_vdd1v2    best 
AND2X1            607    830.376    fast_vdd1v2    best 
AND2X2              3      5.130    fast_vdd1v2    best 
AND2X4             18     49.248    fast_vdd1v2    best 
AND2X6              5     18.810    fast_vdd1v2    best 
AND2X8              3     13.338    fast_vdd1v2    best 
AND3X4              1      3.078    fast_vdd1v2    best 
AND3X6              1      4.446    fast_vdd1v2    best 
AO21X1              1      2.394    fast_vdd1v2    best 
AO22X4              3     11.286    fast_vdd1v2    best 
AOI21X1             7     11.970    fast_vdd1v2    best 
AOI21X2             8     21.888    fast_vdd1v2    best 
AOI21X4            15     76.950    fast_vdd1v2    best 
AOI221X4            8     62.928    fast_vdd1v2    best 
AOI22X4            26    160.056    fast_vdd1v2    best 
AOI2BB1X1           4      8.208    fast_vdd1v2    best 
AOI2BB1X2           1      3.078    fast_vdd1v2    best 
AOI2BB1X4          11     45.144    fast_vdd1v2    best 
AOI2BB2X4           3     22.572    fast_vdd1v2    best 
AOI31X4             1      6.498    fast_vdd1v2    best 
BUFX12              2     10.260    fast_vdd1v2    best 
BUFX2              73    124.830    fast_vdd1v2    best 
BUFX20              1      8.208    fast_vdd1v2    best 
BUFX3              11     22.572    fast_vdd1v2    best 
BUFX4               1      2.394    fast_vdd1v2    best 
BUFX6              34    104.652    fast_vdd1v2    best 
CLKAND2X12         27    203.148    fast_vdd1v2    best 
CLKAND2X2          15     30.780    fast_vdd1v2    best 
CLKAND2X3           8     24.624    fast_vdd1v2    best 
CLKAND2X6          24    114.912    fast_vdd1v2    best 
CLKAND2X8           4     23.256    fast_vdd1v2    best 
CLKBUFX12           6     30.780    fast_vdd1v2    best 
CLKBUFX16           2     13.680    fast_vdd1v2    best 
CLKBUFX2            1      1.710    fast_vdd1v2    best 
CLKBUFX3           66    135.432    fast_vdd1v2    best 
CLKBUFX4            2      4.788    fast_vdd1v2    best 
CLKINVX12          75    307.800    fast_vdd1v2    best 
CLKINVX16          14     76.608    fast_vdd1v2    best 
CLKINVX2           38     51.984    fast_vdd1v2    best 
CLKINVX20           1      6.498    fast_vdd1v2    best 
CLKINVX3           76    129.960    fast_vdd1v2    best 
CLKINVX4          123    210.330    fast_vdd1v2    best 
CLKINVX6          124    296.856    fast_vdd1v2    best 
CLKINVX8           93    286.254    fast_vdd1v2    best 
CLKMX2X2            2      6.156    fast_vdd1v2    best 
CLKMX2X3            5     20.520    fast_vdd1v2    best 
CLKMX2X4            4     16.416    fast_vdd1v2    best 
CLKXOR2X1          13     35.568    fast_vdd1v2    best 
CLKXOR2X2          15     51.300    fast_vdd1v2    best 
INVX1              34     23.256    fast_vdd1v2    best 
INVX12              4     16.416    fast_vdd1v2    best 
INVX2              27     27.702    fast_vdd1v2    best 
INVX3              26     35.568    fast_vdd1v2    best 
INVX4               1      1.710    fast_vdd1v2    best 
INVX6               1      2.394    fast_vdd1v2    best 
INVXL               1      0.684    fast_vdd1v2    best 
MX2X1               1      2.394    fast_vdd1v2    best 
MXI2X4              1      5.130    fast_vdd1v2    best 
MXI2X6              1      5.130    fast_vdd1v2    best 
MXI2X8             24    147.744    fast_vdd1v2    best 
NAND2BX1           12     16.416    fast_vdd1v2    best 
NAND2BX2            7     16.758    fast_vdd1v2    best 
NAND2BX4           10     37.620    fast_vdd1v2    best 
NAND2BXL            1      1.368    fast_vdd1v2    best 
NAND2X1            39     40.014    fast_vdd1v2    best 
NAND2X2            31     53.010    fast_vdd1v2    best 
NAND2X4            71    242.820    fast_vdd1v2    best 
NAND2X6            26    124.488    fast_vdd1v2    best 
NAND2X8            40    218.880    fast_vdd1v2    best 
NAND3BX4            2     10.260    fast_vdd1v2    best 
NAND3X4             1      4.788    fast_vdd1v2    best 
NAND3X6             3     21.546    fast_vdd1v2    best 
NAND3X8             3     24.624    fast_vdd1v2    best 
NAND4X4             1      6.840    fast_vdd1v2    best 
NOR2BX1            21     28.728    fast_vdd1v2    best 
NOR2BX2             6     16.416    fast_vdd1v2    best 
NOR2BX4             7     26.334    fast_vdd1v2    best 
NOR2X1            274    281.124    fast_vdd1v2    best 
NOR2X2             96    164.160    fast_vdd1v2    best 
NOR2X4             82    252.396    fast_vdd1v2    best 
NOR2X6             65    266.760    fast_vdd1v2    best 
NOR2X8             27    147.744    fast_vdd1v2    best 
NOR2XL              2      2.052    fast_vdd1v2    best 
NOR3BX4             1      5.814    fast_vdd1v2    best 
NOR3X2              1      2.736    fast_vdd1v2    best 
NOR3X4              2     10.260    fast_vdd1v2    best 
NOR3X6              3     21.546    fast_vdd1v2    best 
NOR3X8              4     35.568    fast_vdd1v2    best 
NOR4X4              1      6.498    fast_vdd1v2    best 
OA21X4              1      3.762    fast_vdd1v2    best 
OAI21X1             3      5.130    fast_vdd1v2    best 
OAI21X2             2      6.156    fast_vdd1v2    best 
OAI21X4            46    220.248    fast_vdd1v2    best 
OAI22X4             1      6.498    fast_vdd1v2    best 
OAI2BB1X1           4      6.840    fast_vdd1v2    best 
OAI2BB1X4           6     26.676    fast_vdd1v2    best 
OAI31X4             1      6.840    fast_vdd1v2    best 
OR2X1               5      6.840    fast_vdd1v2    best 
OR2X4               2      5.472    fast_vdd1v2    best 
OR2X6               4     15.048    fast_vdd1v2    best 
XNOR2X1            49    117.306    fast_vdd1v2    best 
XNOR2X2            30     92.340    fast_vdd1v2    best 
--------------------------------------------------------
total            4155  15529.878                


                                          
     Type      Instances    Area   Area % 
------------------------------------------
inverter             638  1474.020    9.5 
buffer               199   459.306    3.0 
logic               3318 13596.552   87.6 
physical_cells         0     0.000    0.0 
------------------------------------------
total               4155 15529.878  100.0 

