============================================================
  Generated by:           Genus(TM) Synthesis Solution 21.18-s082_1
  Generated on:           Oct 29 2025  12:42:19 am
  Module:                 biriscv_multiplier
  Operating conditions:   PVT_0P9V_125C 
  Operating conditions:   PVT_1P32V_0C 
  Interconnect mode:      global
  Area mode:              physical library
============================================================


Path 1: VIOLATED (-5 ps) Late External Delay Assertion at pin writeback_value_o[18]
          Group: clk_i
     Startpoint: (R) opcode_rb_operand_i[15]
          Clock: (R) clk_i
       Endpoint: (F) writeback_value_o[18]
          Clock: (R) clk_i

                     Capture       Launch     
        Clock Edge:+    1600            0     
        Drv Adjust:+       0            0     
       Src Latency:+       0            0     
       Net Latency:+     100 (I)      100 (I) 
           Arrival:=    1700          100     
                                              
      Output Delay:-     300                  
       Uncertainty:-      50                  
     Required Time:=    1350                  
      Launch Clock:-     100                  
       Input Delay:-     300                  
         Data Path:-     955                  
             Slack:=      -5                  

Exceptions/Constraints:
  input_delay              300             biriscv_multiplier.s_line_30_82_1  
  output_delay             300             biriscv_multiplier.s_line_35_110_1 

#------------------------------------------------------------------------------------------------------------------------
#                 Timing Point                  Flags    Arc   Edge    Cell     Fanout Load Trans Delay Arrival Instance 
#                                                                                      (fF)  (ps)  (ps)   (ps)  Location 
#------------------------------------------------------------------------------------------------------------------------
  opcode_rb_operand_i[15]                       -       -      R     (arrival)       1  9.0   264     0     400    (-,-) 
  g10925/Y                                      -       A->Y   F     CLKINVX12       1  5.7    37    29     429    (-,-) 
  g10924/Y                                      -       A->Y   R     CLKINVX6        2  6.7    13    11     440    (-,-) 
  SUB_UNS_OP_g1049/Y                            -       A->Y   F     CLKINVX4        1  4.7    10     9     449    (-,-) 
  SUB_UNS_OP_g1048/Y                            -       A->Y   R     CLKINVX4        2  8.8    15    12     461    (-,-) 
  SUB_UNS_OP_g1007/Y                            -       B->Y   F     NOR2X8          3  9.5    47    10     472    (-,-) 
  SUB_UNS_OP_g977/Y                             -       A->Y   F     CLKAND2X6       1  6.5    11    28     500    (-,-) 
  SUB_UNS_OP_g966/Y                             -       A->Y   R     NAND2X8         2  8.5    12    11     511    (-,-) 
  SUB_UNS_OP_g960/Y                             -       A->Y   F     CLKINVX6        1  4.9     8     8     519    (-,-) 
  SUB_UNS_OP_g925/Y                             -       A->Y   F     CLKAND2X12      8 24.2    18    28     548    (-,-) 
  SUB_UNS_OP_g896/Y                             -       B->Y   R     XNOR2X2         1  5.9    22    41     589    (-,-) 
  g21208/Y                                      -       B->Y   F     NAND2X6         1  5.7    18    15     604    (-,-) 
  g21161/Y                                      -       B->Y   R     NAND2X6         2  9.5    18    12     615    (-,-) 
  fopt21637/Y                                   -       A->Y   R     BUFX6           8 16.1    19    24     639    (-,-) 
  g20787__5122/Y                                -       A->Y   R     AND2X1          1  3.8    24    30     670    (-,-) 
  WALLACE_CSA_DUMMY_OP_groupi_g5348/S           -       B->S   F     ADDHX1          1  4.0    24    39     709    (-,-) 
  WALLACE_CSA_DUMMY_OP_groupi_cdnfadd_026_8/S   -       CI->S  R     ADDFHX1         1  4.1    26    56     765    (-,-) 
  WALLACE_CSA_DUMMY_OP_groupi_cdnfadd_026_14/CO -       B->CO  R     ADDFX1          1  4.6    30    46     810    (-,-) 
  WALLACE_CSA_DUMMY_OP_groupi_cdnfadd_027_18/S  -       A->S   F     ADDFHX1         1  4.0    26    58     868    (-,-) 
  WALLACE_CSA_DUMMY_OP_groupi_cdnfadd_027_21/CO -       CI->CO F     ADDFHX2         1  4.0    20    41     910    (-,-) 
  WALLACE_CSA_DUMMY_OP_groupi_cdnfadd_028_23/CO -       CI->CO F     ADDFHX2         1  4.0    19    40     950    (-,-) 
  WALLACE_CSA_DUMMY_OP_groupi_cdnfadd_029_25/S  -       CI->S  F     ADDFHX1         1  4.0    26    47     997    (-,-) 
  WALLACE_CSA_DUMMY_OP_groupi_cdnfadd_029_26/S  -       CI->S  R     ADDFHX2         2  8.5    31    68    1065    (-,-) 
  WALLACE_CSA_DUMMY_OP_groupi_g5180/Y           -       B->Y   F     NOR2X6          3  8.9    18    13    1078    (-,-) 
  WALLACE_CSA_DUMMY_OP_groupi_g5098/Y           -       B->Y   F     OR2X6           2  8.3    15    30    1107    (-,-) 
  WALLACE_CSA_DUMMY_OP_groupi_g5012/Y           -       C->Y   R     NOR3X8          2  7.9    25    18    1125    (-,-) 
  WALLACE_CSA_DUMMY_OP_groupi_g4978/Y           -       A0N->Y R     OAI2BB1X4       1  7.0    18    36    1161    (-,-) 
  WALLACE_CSA_DUMMY_OP_groupi_g4960/Y           -       B->Y   F     NOR2X8          2  8.3    15    10    1171    (-,-) 
  WALLACE_CSA_DUMMY_OP_groupi_g4948/Y           -       C->Y   R     NOR3X8          2 10.4    31    20    1192    (-,-) 
  WALLACE_CSA_DUMMY_OP_groupi_g4930/Y           -       B->Y   R     CLKAND2X12     10 39.2    25    32    1223    (-,-) 
  WALLACE_CSA_DUMMY_OP_groupi_g4921/Y           -       A->Y   F     CLKINVX12       7 22.6    17    14    1237    (-,-) 
  WALLACE_CSA_DUMMY_OP_groupi_g4898/Y           -       A1->Y  R     OAI21X4         1  3.9    21    16    1254    (-,-) 
  WALLACE_CSA_DUMMY_OP_groupi_g4895/Y           -       B0->Y  F     AOI21X2         1  3.4    29    13    1266    (-,-) 
  WALLACE_CSA_DUMMY_OP_groupi_g4865/Y           -       B->Y   F     XNOR2X2         1  4.7    20    39    1306    (-,-) 
  g11492/Y                                      -       B1->Y  R     AOI22X4         1  9.0    52    24    1330    (-,-) 
  fopt11541/Y                                   -       A->Y   F     CLKINVX12       1 47.9    33    25    1355    (-,-) 
  writeback_value_o[18]                         <<<     -      F     (port)          -    -     -     0    1355    (-,-) 
#------------------------------------------------------------------------------------------------------------------------

