============================================================
  Generated by:           Genus(TM) Synthesis Solution 21.18-s082_1
  Generated on:           Oct 29 2025  12:42:19 am
  Module:                 biriscv_multiplier
  Operating conditions:   PVT_0P9V_125C 
  Operating conditions:   PVT_1P32V_0C 
  Interconnect mode:      global
  Area mode:              physical library
============================================================

Timing
--------

Clock Period 
-------------
clk_i 1600.0 


  Cost    Critical           Violating 
 Group   Path Slack   TNS      Paths   
---------------------------------------
clk_i          -5.1   -72.7         19 
default    No paths     0.0            
---------------------------------------
Total                 -72.7         19 

Instance Count
--------------
Leaf Instance Count             4155 
Physical Instance count            0 
Sequential Instance Count          0 
Combinational Instance Count    4155 
Hierarchical Instance Count        0 

Area
----
Cell Area                          15529.878
Physical Cell Area                 0.000
Total Cell Area (Cell+Physical)    15529.878
Net Area                           5449.878
Total Area (Cell+Physical+Net)     20979.756

Max Fanout                         33 (n_6)
Min Fanout                         1 (SUB_UNS_OP1_n_1047)
Average Fanout                     1.6
Terms to net ratio                 2.6233
Terms to instance ratio            3.5502
Runtime                            223.33623300000028 seconds
Elapsed Runtime                    223 seconds
Genus peak memory usage            2210.19 
Innovus peak memory usage          no_value 
Hostname                           gmicro02
