============================================================
  Generated by:           Genus(TM) Synthesis Solution 21.18-s082_1
  Generated on:           Oct 29 2025  03:00:53 pm
  Module:                 biriscv_multiplier
  Operating conditions:   PVT_0P9V_125C 
  Operating conditions:   PVT_1P32V_0C 
  Interconnect mode:      global
  Area mode:              physical library
============================================================

Timing
--------

Clock Period 
-------------
clk_i 3700.0 


  Cost    Critical         Violating 
 Group   Path Slack  TNS     Paths   
-------------------------------------
clk_i           3.0   0.0          0 
default    No paths   0.0            
-------------------------------------
Total                 0.0          0 

Instance Count
--------------
Leaf Instance Count             7427 
Physical Instance count            0 
Sequential Instance Count       1760 
Combinational Instance Count    5667 
Hierarchical Instance Count        0 

Area
----
Cell Area                          28886.688
Physical Cell Area                 0.000
Total Cell Area (Cell+Physical)    28886.688
Net Area                           9604.848
Total Area (Cell+Physical+Net)     38491.536

Max Fanout                         1760 (clk_i)
Min Fanout                         0 (n_25)
Average Fanout                     2.2
Terms to net ratio                 3.3997
Terms to instance ratio            3.9847
Runtime                            202.06103499999995 seconds
Elapsed Runtime                    200 seconds
Genus peak memory usage            2071.95 
Innovus peak memory usage          no_value 
Hostname                           gmicro02
