============================================================
  Generated by:           Genus(TM) Synthesis Solution 21.18-s082_1
  Generated on:           Oct 29 2025  03:00:53 pm
  Module:                 biriscv_multiplier
  Operating conditions:   PVT_0P9V_125C 
  Operating conditions:   PVT_1P32V_0C 
  Interconnect mode:      global
  Area mode:              physical library
============================================================

                                                Library 
   Gate     Instances    Area        Library     Domain 
--------------------------------------------------------
ADDFHX1           142   1068.408    slow_vdd1v0   worst 
ADDFHX2           127   1042.416    slow_vdd1v0   worst 
ADDFHX4             1      9.576    slow_vdd1v0   worst 
ADDFX1            935   4796.550    slow_vdd1v0   worst 
ADDFX2              4     31.464    slow_vdd1v0   worst 
ADDHX1             23     86.526    slow_vdd1v0   worst 
AND2X1            185    253.080    slow_vdd1v0   worst 
AND2X2             12     20.520    slow_vdd1v0   worst 
AND2X4             18     49.248    slow_vdd1v0   worst 
AND2X6             11     41.382    slow_vdd1v0   worst 
AND3XL              2      4.104    slow_vdd1v0   worst 
AO21X1              9     21.546    slow_vdd1v0   worst 
AO21X4              3     10.260    slow_vdd1v0   worst 
AO22X1           1043   2853.648    slow_vdd1v0   worst 
AOI211X2            1      3.420    slow_vdd1v0   worst 
AOI211X4            5     32.490    slow_vdd1v0   worst 
AOI21X1            32     54.720    slow_vdd1v0   worst 
AOI21X2            52    142.272    slow_vdd1v0   worst 
AOI21X4            52    266.760    slow_vdd1v0   worst 
AOI221X2           10     44.460    slow_vdd1v0   worst 
AOI221X4            5     39.330    slow_vdd1v0   worst 
AOI22X2             1      3.762    slow_vdd1v0   worst 
AOI2BB1X1          19     38.988    slow_vdd1v0   worst 
AOI2BB1X2          20     61.560    slow_vdd1v0   worst 
AOI2BB1X4          23     94.392    slow_vdd1v0   worst 
AOI31X2             9     30.780    slow_vdd1v0   worst 
AOI31X4             1      6.498    slow_vdd1v0   worst 
BUFX20              1      8.208    slow_vdd1v0   worst 
BUFX6               4     12.312    slow_vdd1v0   worst 
CLKAND2X12          4     30.096    slow_vdd1v0   worst 
CLKAND2X2          26     53.352    slow_vdd1v0   worst 
CLKAND2X3          26     80.028    slow_vdd1v0   worst 
CLKAND2X6          41    196.308    slow_vdd1v0   worst 
CLKAND2X8           3     17.442    slow_vdd1v0   worst 
CLKBUFX2            1      1.710    slow_vdd1v0   worst 
CLKINVX12           5     20.520    slow_vdd1v0   worst 
CLKINVX16          13     71.136    slow_vdd1v0   worst 
CLKINVX20           3     19.494    slow_vdd1v0   worst 
CLKINVX4           14     23.940    slow_vdd1v0   worst 
CLKINVX6           14     33.516    slow_vdd1v0   worst 
CLKINVX8            3      9.234    slow_vdd1v0   worst 
CLKMX2X6           33    146.718    slow_vdd1v0   worst 
CLKMX2X8           30    174.420    slow_vdd1v0   worst 
CLKXOR2X1          84    229.824    slow_vdd1v0   worst 
DFFRHQX1         1752  10785.312    slow_vdd1v0   worst 
DFFRX1              2     13.680    slow_vdd1v0   worst 
DFFRX2              6     45.144    slow_vdd1v0   worst 
INVX1             203    138.852    slow_vdd1v0   worst 
INVX2              39     40.014    slow_vdd1v0   worst 
INVX20              1      6.498    slow_vdd1v0   worst 
INVX3              35     47.880    slow_vdd1v0   worst 
INVX6               3      7.182    slow_vdd1v0   worst 
MX2X1             171    409.374    slow_vdd1v0   worst 
NAND2BX1           31     42.408    slow_vdd1v0   worst 
NAND2BX2            8     19.152    slow_vdd1v0   worst 
NAND2BX4            5     18.810    slow_vdd1v0   worst 
NAND2X1            28     28.728    slow_vdd1v0   worst 
NAND2X2            92    157.320    slow_vdd1v0   worst 
NAND2X4            50    171.000    slow_vdd1v0   worst 
NAND2X6            32    153.216    slow_vdd1v0   worst 
NAND2X8            16     87.552    slow_vdd1v0   worst 
NAND3X4             2      9.576    slow_vdd1v0   worst 
NOR2BX1           116    158.688    slow_vdd1v0   worst 
NOR2BX2            10     27.360    slow_vdd1v0   worst 
NOR2BX4            17     63.954    slow_vdd1v0   worst 
NOR2X1            105    107.730    slow_vdd1v0   worst 
NOR2X2            128    218.880    slow_vdd1v0   worst 
NOR2X4            201    618.678    slow_vdd1v0   worst 
NOR2X6             89    365.256    slow_vdd1v0   worst 
NOR2X8             17     93.024    slow_vdd1v0   worst 
NOR3BX2             2      6.840    slow_vdd1v0   worst 
NOR3X2              1      2.736    slow_vdd1v0   worst 
NOR3X4              5     25.650    slow_vdd1v0   worst 
NOR3X6              6     43.092    slow_vdd1v0   worst 
NOR3X8              2     17.784    slow_vdd1v0   worst 
OA21X1             16     32.832    slow_vdd1v0   worst 
OA21X2              3      9.234    slow_vdd1v0   worst 
OAI21X1            21     35.910    slow_vdd1v0   worst 
OAI21X2            58    178.524    slow_vdd1v0   worst 
OAI21X4            77    368.676    slow_vdd1v0   worst 
OAI22X1            29     59.508    slow_vdd1v0   worst 
OAI2BB1X1         546    933.660    slow_vdd1v0   worst 
OAI2BB1X2           4     12.312    slow_vdd1v0   worst 
OAI2BB1X4           7     31.122    slow_vdd1v0   worst 
OAI2BB2X1           5     20.520    slow_vdd1v0   worst 
OAI31X2             2      7.524    slow_vdd1v0   worst 
OR2X1              89    121.752    slow_vdd1v0   worst 
OR2X2              19     32.490    slow_vdd1v0   worst 
OR2X4              36     98.496    slow_vdd1v0   worst 
OR2X6              56    210.672    slow_vdd1v0   worst 
OR2X8               3     13.338    slow_vdd1v0   worst 
OR3X1               4      8.208    slow_vdd1v0   worst 
OR4X1               2      4.104    slow_vdd1v0   worst 
OR4X4               1      3.762    slow_vdd1v0   worst 
XNOR2X1           224    536.256    slow_vdd1v0   worst 
--------------------------------------------------------
total            7427  28886.688                


                                          
     Type      Instances    Area   Area % 
------------------------------------------
sequential          1760 10844.136   37.5 
inverter             333   418.266    1.4 
buffer                 6    22.230    0.1 
logic               5328 17602.056   60.9 
physical_cells         0     0.000    0.0 
------------------------------------------
total               7427 28886.688  100.0 

