============================================================
  Generated by:           Genus(TM) Synthesis Solution 21.18-s082_1
  Generated on:           Oct 28 2025  10:12:40 pm
  Module:                 biriscv_multiplier
  Operating conditions:   PVT_0P9V_125C 
  Operating conditions:   PVT_1P32V_0C 
  Interconnect mode:      global
  Area mode:              physical library
============================================================


Path 1: VIOLATED (-58 ps) Late External Delay Assertion at pin writeback_value_o[31]
          Group: clk_i
     Startpoint: (R) opcode_opcode_i[5]
          Clock: (R) clk_i
       Endpoint: (R) writeback_value_o[31]
          Clock: (R) clk_i

                     Capture       Launch     
        Clock Edge:+    5000            0     
        Drv Adjust:+       0            0     
       Src Latency:+       0            0     
       Net Latency:+     100 (I)      100 (I) 
           Arrival:=    5100          100     
                                              
      Output Delay:-     300                  
       Uncertainty:-      50                  
     Required Time:=    4750                  
      Launch Clock:-     100                  
       Input Delay:-     300                  
         Data Path:-    4408                  
             Slack:=     -58                  

Exceptions/Constraints:
  input_delay              300             biriscv_multiplier.s_line_30_28_1 
  output_delay             300             biriscv_multiplier.s_line_35      

#-------------------------------------------------------------------------------------------------------------
#           Timing Point             Flags    Arc   Edge    Cell     Fanout Load Trans Delay Arrival Instance 
#                                                                           (fF)  (ps)  (ps)   (ps)  Location 
#-------------------------------------------------------------------------------------------------------------
  opcode_opcode_i[5]                 -       -      R     (arrival)       1  3.1   264     0     400    (-,-) 
  g786__6161/Y                       -       AN->Y  R     NOR2BX4         1  6.1   118   314     714    (-,-) 
  g771__2802/Y                       -       B->Y   F     NAND2X8         3 12.3   141   132     846    (-,-) 
  g766__5526/Y                       -       C->Y   R     NOR3X8          1  6.1   109   119     966    (-,-) 
  g763__6260/Y                       -       B->Y   F     NAND2X8         2  6.9    97   106    1072    (-,-) 
  g761__5107/Y                       -       B->Y   R     NAND2X6         1  4.4    44    62    1134    (-,-) 
  g759__2398/Y                       -       B->Y   R     CLKAND2X12     18 37.6    91   141    1275    (-,-) 
  mul_125_62_g15872/Y                -       S0->Y  F     MXI2X4          2  7.3    67   243    1518    (-,-) 
  mul_125_62_g15603/Y                -       A->Y   R     CLKINVX4        1  4.5    40    52    1570    (-,-) 
  mul_125_62_g14814/Y                -       A1->Y  F     OAI21X4         1  3.7   112    89    1660    (-,-) 
  mul_125_62_cdnfadd_034_4__7482/CO  -       CI->CO F     ADDFHX1         1  3.7   116   237    1897    (-,-) 
  mul_125_62_cdnfadd_035_8__1617/S   -       CI->S  R     ADDFHX1         1  4.0   106   332    2229    (-,-) 
  mul_125_62_cdnfadd_035_11__5122/S  -       B->S   F     ADDFHX2         1  4.0    90   376    2604    (-,-) 
  mul_125_62_cdnfadd_035_13__7098/S  -       B->S   R     ADDFHX2         1  3.7    80   358    2962    (-,-) 
  mul_125_62_cdnfadd_035_14__6131/CO -       CI->CO R     ADDFHX2         2 10.0   139   264    3226    (-,-) 
  mul_125_62_g14071__6131/Y          -       A->Y   F     NAND2X8         3  7.7   107   136    3362    (-,-) 
  mul_125_62_g13993__1617/Y          -       A1N->Y F     AOI2BB1X4       2  6.1    78   201    3563    (-,-) 
  mul_125_62_g13952__3680/Y          -       A1N->Y F     AOI2BB1X4       2  6.1    77   187    3750    (-,-) 
  mul_125_62_g13918__6783/Y          -       A1->Y  R     OAI21X4         1  6.1   107   104    3853    (-,-) 
  mul_125_62_g13905__1666/Y          -       B->Y   F     NOR2X8          2  8.9    63    78    3932    (-,-) 
  mul_125_62_g13890__5122/Y          -       B->Y   R     NOR2X8          1  6.1    64    66    3998    (-,-) 
  mul_125_62_g13889__1705/Y          -       B->Y   F     NOR2X8          1 10.1    68    61    4059    (-,-) 
  fopt16251/Y                        -       A->Y   R     CLKINVX20      16 48.8    75    75    4134    (-,-) 
  mul_125_62_g13857__3680/Y          -       A1->Y  F     AOI21X4         1  4.4   119   117    4251    (-,-) 
  mul_125_62_g13830__2802/Y          -       B0->Y  R     OAI2BB1X4       1  3.3    59    80    4331    (-,-) 
  mul_125_62_g13819__8428/Y          -       B->Y   R     CLKXOR2X2       1  4.5    80   216    4547    (-,-) 
  g1201__3680/Y                      -       B1->Y  F     AOI22X4         1  7.2   179   127    4674    (-,-) 
  g1185/Y                            -       A->Y   R     CLKINVX12       1 47.9   121   133    4807    (-,-) 
  writeback_value_o[31]              <<<     -      R     (port)          -    -     -     0    4808    (-,-) 
#-------------------------------------------------------------------------------------------------------------

