============================================================
  Generated by:           Genus(TM) Synthesis Solution 21.18-s082_1
  Generated on:           Oct 28 2025  10:12:40 pm
  Module:                 biriscv_multiplier
  Operating conditions:   PVT_0P9V_125C 
  Operating conditions:   PVT_1P32V_0C 
  Interconnect mode:      global
  Area mode:              physical library
============================================================

                                               Library 
   Gate     Instances    Area       Library     Domain 
-------------------------------------------------------
ADDFHX1            65   489.060    slow_vdd1v0   worst 
ADDFHX2            59   484.272    slow_vdd1v0   worst 
ADDFHX4             3    28.728    slow_vdd1v0   worst 
ADDFHXL            11    82.764    slow_vdd1v0   worst 
ADDFX1            335  1718.550    slow_vdd1v0   worst 
ADDFX2              7    55.062    slow_vdd1v0   worst 
ADDHX1             21    79.002    slow_vdd1v0   worst 
ADDHX2             15    76.950    slow_vdd1v0   worst 
ADDHX4              1     7.182    slow_vdd1v0   worst 
AND2X1             45    61.560    slow_vdd1v0   worst 
AND2X2              1     1.710    slow_vdd1v0   worst 
AND2X4              6    16.416    slow_vdd1v0   worst 
AND2X6              2     7.524    slow_vdd1v0   worst 
AO21X1              9    21.546    slow_vdd1v0   worst 
AO21X2              1     2.736    slow_vdd1v0   worst 
AO21X4              2     6.840    slow_vdd1v0   worst 
AO22X1            221   604.656    slow_vdd1v0   worst 
AO22X4              1     3.762    slow_vdd1v0   worst 
AOI211X4            1     6.498    slow_vdd1v0   worst 
AOI21X1             8    13.680    slow_vdd1v0   worst 
AOI21X2             5    13.680    slow_vdd1v0   worst 
AOI21X4            32   164.160    slow_vdd1v0   worst 
AOI22X1             1     2.052    slow_vdd1v0   worst 
AOI22X2             2     7.524    slow_vdd1v0   worst 
AOI22X4            23   141.588    slow_vdd1v0   worst 
AOI2BB1X1           1     2.052    slow_vdd1v0   worst 
AOI2BB1X2           6    18.468    slow_vdd1v0   worst 
AOI2BB1X4          14    57.456    slow_vdd1v0   worst 
AOI2BB2X4           1     7.524    slow_vdd1v0   worst 
BUFX12              3    15.390    slow_vdd1v0   worst 
BUFX3               1     2.052    slow_vdd1v0   worst 
BUFX4               1     2.394    slow_vdd1v0   worst 
BUFX6              19    58.482    slow_vdd1v0   worst 
CLKAND2X12         14   105.336    slow_vdd1v0   worst 
CLKAND2X2          14    28.728    slow_vdd1v0   worst 
CLKAND2X3           4    12.312    slow_vdd1v0   worst 
CLKAND2X6           9    43.092    slow_vdd1v0   worst 
CLKAND2X8           1     5.814    slow_vdd1v0   worst 
CLKBUFX16           2    13.680    slow_vdd1v0   worst 
CLKBUFX2            2     3.420    slow_vdd1v0   worst 
CLKBUFX20           2    16.416    slow_vdd1v0   worst 
CLKBUFX4            2     4.788    slow_vdd1v0   worst 
CLKBUFX6            2     6.156    slow_vdd1v0   worst 
CLKINVX1            1     1.026    slow_vdd1v0   worst 
CLKINVX12          34   139.536    slow_vdd1v0   worst 
CLKINVX16           9    49.248    slow_vdd1v0   worst 
CLKINVX2            4     5.472    slow_vdd1v0   worst 
CLKINVX20           7    45.486    slow_vdd1v0   worst 
CLKINVX3            8    13.680    slow_vdd1v0   worst 
CLKINVX4           32    54.720    slow_vdd1v0   worst 
CLKINVX6           11    26.334    slow_vdd1v0   worst 
CLKINVX8           14    43.092    slow_vdd1v0   worst 
CLKMX2X2            5    15.390    slow_vdd1v0   worst 
CLKMX2X3            4    16.416    slow_vdd1v0   worst 
CLKMX2X4            5    20.520    slow_vdd1v0   worst 
CLKMX2X6            5    22.230    slow_vdd1v0   worst 
CLKXOR2X1         137   374.832    slow_vdd1v0   worst 
CLKXOR2X2           8    27.360    slow_vdd1v0   worst 
INVX1             207   141.588    slow_vdd1v0   worst 
INVX12              3    12.312    slow_vdd1v0   worst 
INVX2              18    18.468    slow_vdd1v0   worst 
INVX20              2    12.996    slow_vdd1v0   worst 
INVX3               5     6.840    slow_vdd1v0   worst 
INVX6               2     4.788    slow_vdd1v0   worst 
INVXL              29    19.836    slow_vdd1v0   worst 
MX2X1              11    26.334    slow_vdd1v0   worst 
MXI2X4              3    15.390    slow_vdd1v0   worst 
MXI2X6              1     5.130    slow_vdd1v0   worst 
NAND2BX1           13    17.784    slow_vdd1v0   worst 
NAND2BX2            7    16.758    slow_vdd1v0   worst 
NAND2BX4            5    18.810    slow_vdd1v0   worst 
NAND2X1             7     7.182    slow_vdd1v0   worst 
NAND2X2            33    56.430    slow_vdd1v0   worst 
NAND2X4            23    78.660    slow_vdd1v0   worst 
NAND2X6            21   100.548    slow_vdd1v0   worst 
NAND2X8            12    65.664    slow_vdd1v0   worst 
NAND3BX4            1     5.130    slow_vdd1v0   worst 
NOR2BX1            22    30.096    slow_vdd1v0   worst 
NOR2BX2             3     8.208    slow_vdd1v0   worst 
NOR2BX4             3    11.286    slow_vdd1v0   worst 
NOR2BXL             1     1.710    slow_vdd1v0   worst 
NOR2X1             31    31.806    slow_vdd1v0   worst 
NOR2X2             40    68.400    slow_vdd1v0   worst 
NOR2X4             56   172.368    slow_vdd1v0   worst 
NOR2X6             25   102.600    slow_vdd1v0   worst 
NOR2X8             19   103.968    slow_vdd1v0   worst 
NOR3BX2             1     3.420    slow_vdd1v0   worst 
NOR3BX4             2    11.628    slow_vdd1v0   worst 
NOR3X8              2    17.784    slow_vdd1v0   worst 
NOR4X4              1     6.498    slow_vdd1v0   worst 
OA21X1              3     6.156    slow_vdd1v0   worst 
OA21X2              1     3.078    slow_vdd1v0   worst 
OA21X4              1     3.762    slow_vdd1v0   worst 
OA22X1              6    14.364    slow_vdd1v0   worst 
OAI21X1             3     5.130    slow_vdd1v0   worst 
OAI21X2             6    18.468    slow_vdd1v0   worst 
OAI21X4            43   205.884    slow_vdd1v0   worst 
OAI22X1           149   305.748    slow_vdd1v0   worst 
OAI22X2           102   348.840    slow_vdd1v0   worst 
OAI22X4             6    38.988    slow_vdd1v0   worst 
OAI2BB1X1          10    17.100    slow_vdd1v0   worst 
OAI2BB1X2          14    43.092    slow_vdd1v0   worst 
OAI2BB1X4          23   102.258    slow_vdd1v0   worst 
OAI2BB2X1           4    16.416    slow_vdd1v0   worst 
OAI32X2            11    48.906    slow_vdd1v0   worst 
OR2X1              32    43.776    slow_vdd1v0   worst 
OR2X2              11    18.810    slow_vdd1v0   worst 
OR2X4               8    21.888    slow_vdd1v0   worst 
OR2X6               5    18.810    slow_vdd1v0   worst 
OR3X1               2     4.104    slow_vdd1v0   worst 
OR4X6               1     5.472    slow_vdd1v0   worst 
XNOR2X1           388   928.872    slow_vdd1v0   worst 
XNOR2X2             1     3.078    slow_vdd1v0   worst 
-------------------------------------------------------
total            2698  8779.824                


                                         
     Type      Instances   Area   Area % 
-----------------------------------------
inverter             386  595.422    6.8 
buffer                34  122.778    1.4 
logic               2278 8061.624   91.8 
physical_cells         0    0.000    0.0 
-----------------------------------------
total               2698 8779.824  100.0 

