============================================================
  Generated by:           Genus(TM) Synthesis Solution 21.18-s082_1
  Generated on:           Oct 28 2025  10:12:40 pm
  Module:                 biriscv_multiplier
  Operating conditions:   PVT_0P9V_125C 
  Operating conditions:   PVT_1P32V_0C 
  Interconnect mode:      global
  Area mode:              physical library
============================================================

Timing
--------

Clock Period 
-------------
clk_i 5000.0 


  Cost    Critical             Violating 
 Group   Path Slack    TNS       Paths   
-----------------------------------------
clk_i         -57.5   -1170.1         26 
default    No paths       0.0            
-----------------------------------------
Total                 -1170.1         26 

Instance Count
--------------
Leaf Instance Count             2698 
Physical Instance count            0 
Sequential Instance Count          0 
Combinational Instance Count    2698 
Hierarchical Instance Count        0 

Area
----
Cell Area                          8779.824
Physical Cell Area                 0.000
Total Cell Area (Cell+Physical)    8779.824
Net Area                           3696.586
Total Area (Cell+Physical+Net)     12476.410

Max Fanout                         41 (opcode_ra_operand_i[0])
Min Fanout                         0 (opcode_opcode_i[24])
Average Fanout                     2.1
Terms to net ratio                 3.0237
Terms to instance ratio            3.6938
Runtime                            86.20879100000006 seconds
Elapsed Runtime                    87 seconds
Genus peak memory usage            1500.86 
Innovus peak memory usage          no_value 
Hostname                           gmicro02
