============================================================
  Generated by:           Genus(TM) Synthesis Solution 21.18-s082_1
  Generated on:           Oct 29 2025  12:38:16 am
  Module:                 biriscv_multiplier
  Operating conditions:   PVT_0P9V_125C 
  Operating conditions:   PVT_1P32V_0C 
  Interconnect mode:      global
  Area mode:              physical library
============================================================


Path 1: VIOLATED (-46 ps) Late External Delay Assertion at pin writeback_value_o[17]
          Group: clk_i
     Startpoint: (F) opcode_ra_operand_i[13]
          Clock: (R) clk_i
       Endpoint: (F) writeback_value_o[17]
          Clock: (R) clk_i

                     Capture       Launch     
        Clock Edge:+    1540            0     
        Drv Adjust:+       0            0     
       Src Latency:+       0            0     
       Net Latency:+     100 (I)      100 (I) 
           Arrival:=    1640          100     
                                              
      Output Delay:-     300                  
       Uncertainty:-      50                  
     Required Time:=    1290                  
      Launch Clock:-     100                  
       Input Delay:-     300                  
         Data Path:-     936                  
             Slack:=     -46                  

Exceptions/Constraints:
  input_delay              300             biriscv_multiplier.s_line_30_52_1  
  output_delay             300             biriscv_multiplier.s_line_35_111_1 

#-----------------------------------------------------------------------------------------------------------------------
#                 Timing Point                  Flags    Arc   Edge   Cell     Fanout Load Trans Delay Arrival Instance 
#                                                                                     (fF)  (ps)  (ps)   (ps)  Location 
#-----------------------------------------------------------------------------------------------------------------------
  opcode_ra_operand_i[13]                       -       -      F     (arrival)      1  8.4   252     0     400    (-,-) 
  g10926/Y                                      -       A->Y   R     CLKINVX12      1  6.0    36    20     420    (-,-) 
  g10925/Y                                      -       A->Y   F     CLKINVX6       2  7.5    14    12     432    (-,-) 
  SUB_UNS_OP1_g1523/Y                           -       A->Y   R     CLKINVX6       2  9.0    12    10     442    (-,-) 
  SUB_UNS_OP1_g1522/Y                           -       A->Y   F     CLKINVX8       2  8.4    10     9     451    (-,-) 
  SUB_UNS_OP1_g1441/Y                           -       B->Y   R     NOR2X8         4 12.4    23    16     467    (-,-) 
  SUB_UNS_OP1_g1394/Y                           -       A->Y   F     NAND2X6        2  7.5    21    18     486    (-,-) 
  SUB_UNS_OP1_g1613/Y                           -       AN->Y  F     NAND2BX4       1  4.7    19    29     515    (-,-) 
  SUB_UNS_OP1_g1329/Y                           -       A1->Y  R     OAI21X4        1  7.1    29    21     536    (-,-) 
  SUB_UNS_OP1_g1273/Y                           -       A->Y   F     NAND3X8        3 11.0    35    30     566    (-,-) 
  g21123/Y                                      -       A1->Y  R     AOI21X4        1  9.0    32    25     591    (-,-) 
  g21061/Y                                      -       A->Y   F     CLKINVX12     10 29.3    21    17     608    (-,-) 
  g20867/Y                                      -       B->Y   F     CLKAND2X6      2  8.9    13    24     631    (-,-) 
  g19823__6131/Y                                -       B->Y   R     NAND2X8        1 11.0    15    11     642    (-,-) 
  g19808/Y                                      -       A->Y   F     CLKINVX16     31 80.4    36    25     667    (-,-) 
  WALLACE_CSA_DUMMY_OP_groupi_cdnfadd_037_9/CO  -       CI->CO F     ADDFX1         1  3.7    25    45     712    (-,-) 
  WALLACE_CSA_DUMMY_OP_groupi_cdnfadd_038_13/CO -       CI->CO F     ADDFX1         1  4.0    27    44     757    (-,-) 
  WALLACE_CSA_DUMMY_OP_groupi_cdnfadd_039_17/S  -       CI->S  R     ADDFHX1        1  4.0    26    56     813    (-,-) 
  WALLACE_CSA_DUMMY_OP_groupi_cdnfadd_039_22/S  -       CI->S  F     ADDFHX1        1  4.0    26    54     867    (-,-) 
  WALLACE_CSA_DUMMY_OP_groupi_cdnfadd_039_25/S  -       CI->S  R     ADDFHX1        1  4.0    26    56     923    (-,-) 
  WALLACE_CSA_DUMMY_OP_groupi_cdnfadd_039_27/CO -       CI->CO R     ADDFHX2        1  4.0    18    39     962    (-,-) 
  WALLACE_CSA_DUMMY_OP_groupi_cdnfadd_040_28/S  -       CI->S  F     ADDFHX1        1  4.0    26    53    1015    (-,-) 
  WALLACE_CSA_DUMMY_OP_groupi_cdnfadd_040_29/S  -       CI->S  R     ADDFHX2        2  9.5    34    69    1084    (-,-) 
  WALLACE_CSA_DUMMY_OP_groupi_g9162/Y           -       B->Y   F     NAND2X6        3  8.4    25    20    1104    (-,-) 
  WALLACE_CSA_DUMMY_OP_groupi_g9024/Y           -       A0->Y  R     OAI21X4        2  7.5    29    24    1128    (-,-) 
  WALLACE_CSA_DUMMY_OP_groupi_g8991/Y           -       A1->Y  F     OAI21X4        1  4.3    22    19    1146    (-,-) 
  WALLACE_CSA_DUMMY_OP_groupi_g8957/Y           -       B->Y   F     CLKAND2X6      2  7.1    12    23    1169    (-,-) 
  WALLACE_CSA_DUMMY_OP_groupi_g8935/Y           -       A1->Y  R     OAI21X4        1  7.0    28    20    1189    (-,-) 
  WALLACE_CSA_DUMMY_OP_groupi_g8932/Y           -       A->Y   F     NOR2X8         6 23.1    26    20    1209    (-,-) 
  WALLACE_CSA_DUMMY_OP_groupi_g8931/Y           -       A->Y   R     CLKINVX12      9 28.5    19    16    1224    (-,-) 
  WALLACE_CSA_DUMMY_OP_groupi_g8880/Y           -       A1->Y  F     AOI21X2        1  3.4    28    22    1247    (-,-) 
  WALLACE_CSA_DUMMY_OP_groupi_g8844/Y           -       B->Y   F     XNOR2X2        1  4.7    20    39    1286    (-,-) 
  g11502/Y                                      -       B1->Y  R     AOI22X4        1  9.0    53    24    1310    (-,-) 
  fopt11546/Y                                   -       A->Y   F     CLKINVX12      1 47.9    34    25    1335    (-,-) 
  writeback_value_o[17]                         <<<     -      F     (port)         -    -     -     0    1336    (-,-) 
#-----------------------------------------------------------------------------------------------------------------------

