============================================================
  Generated by:           Genus(TM) Synthesis Solution 21.18-s082_1
  Generated on:           Oct 29 2025  12:38:16 am
  Module:                 biriscv_multiplier
  Operating conditions:   PVT_0P9V_125C 
  Operating conditions:   PVT_1P32V_0C 
  Interconnect mode:      global
  Area mode:              physical library
============================================================

                                                Library 
   Gate     Instances    Area        Library     Domain 
--------------------------------------------------------
ADDFHX1           350   2633.400    fast_vdd1v2    best 
ADDFHX2           156   1280.448    fast_vdd1v2    best 
ADDFX1            878   4504.140    fast_vdd1v2    best 
ADDFX2             15    117.990    fast_vdd1v2    best 
ADDHX1             26     97.812    fast_vdd1v2    best 
ADDHX2              2     10.260    fast_vdd1v2    best 
AND2X1             56     76.608    fast_vdd1v2    best 
AND2X2             83    141.930    fast_vdd1v2    best 
AND2X4             12     32.832    fast_vdd1v2    best 
AND2X6             11     41.382    fast_vdd1v2    best 
AND3X4              1      3.078    fast_vdd1v2    best 
AND3X6              2      8.892    fast_vdd1v2    best 
AND3X8              1      5.130    fast_vdd1v2    best 
AO21X1              1      2.394    fast_vdd1v2    best 
AO21X4              3     10.260    fast_vdd1v2    best 
AO22X4              1      3.762    fast_vdd1v2    best 
AOI21X1             6     10.260    fast_vdd1v2    best 
AOI21X2             5     13.680    fast_vdd1v2    best 
AOI21X4            39    200.070    fast_vdd1v2    best 
AOI22X4            31    190.836    fast_vdd1v2    best 
AOI2BB1X1           3      6.156    fast_vdd1v2    best 
AOI2BB1X2           3      9.234    fast_vdd1v2    best 
AOI2BB1X4           5     20.520    fast_vdd1v2    best 
AOI2BB2X4           7     52.668    fast_vdd1v2    best 
AOI31X4             1      6.498    fast_vdd1v2    best 
BUFX12             17     87.210    fast_vdd1v2    best 
BUFX16              1      6.840    fast_vdd1v2    best 
BUFX2              92    157.320    fast_vdd1v2    best 
BUFX3              19     38.988    fast_vdd1v2    best 
BUFX6              49    150.822    fast_vdd1v2    best 
BUFX8               2      7.524    fast_vdd1v2    best 
CLKAND2X12         29    218.196    fast_vdd1v2    best 
CLKAND2X2          28     57.456    fast_vdd1v2    best 
CLKAND2X3          27     83.106    fast_vdd1v2    best 
CLKAND2X4           1      3.420    fast_vdd1v2    best 
CLKAND2X6          46    220.248    fast_vdd1v2    best 
CLKAND2X8           3     17.442    fast_vdd1v2    best 
CLKBUFX12           5     25.650    fast_vdd1v2    best 
CLKBUFX16           2     13.680    fast_vdd1v2    best 
CLKBUFX2            1      1.710    fast_vdd1v2    best 
CLKBUFX3           18     36.936    fast_vdd1v2    best 
CLKBUFX6            1      3.078    fast_vdd1v2    best 
CLKINVX12          82    336.528    fast_vdd1v2    best 
CLKINVX16          18     98.496    fast_vdd1v2    best 
CLKINVX2            6      8.208    fast_vdd1v2    best 
CLKINVX20           9     58.482    fast_vdd1v2    best 
CLKINVX3            6     10.260    fast_vdd1v2    best 
CLKINVX4           74    126.540    fast_vdd1v2    best 
CLKINVX6          132    316.008    fast_vdd1v2    best 
CLKINVX8          102    313.956    fast_vdd1v2    best 
CLKMX2X2            3      9.234    fast_vdd1v2    best 
CLKMX2X3           13     53.352    fast_vdd1v2    best 
CLKMX2X4            1      4.104    fast_vdd1v2    best 
CLKXOR2X1          14     38.304    fast_vdd1v2    best 
CLKXOR2X2          14     47.880    fast_vdd1v2    best 
CLKXOR2X4           1      4.446    fast_vdd1v2    best 
INVX1              62     42.408    fast_vdd1v2    best 
INVX12              7     28.728    fast_vdd1v2    best 
INVX2              34     34.884    fast_vdd1v2    best 
INVX3              37     50.616    fast_vdd1v2    best 
INVX6               3      7.182    fast_vdd1v2    best 
INVXL               1      0.684    fast_vdd1v2    best 
MXI2X4              2     10.260    fast_vdd1v2    best 
MXI2X6              1      5.130    fast_vdd1v2    best 
MXI2X8              2     12.312    fast_vdd1v2    best 
NAND2BX1           16     21.888    fast_vdd1v2    best 
NAND2BX2            9     21.546    fast_vdd1v2    best 
NAND2BX4           15     56.430    fast_vdd1v2    best 
NAND2X1            14     14.364    fast_vdd1v2    best 
NAND2X2            32     54.720    fast_vdd1v2    best 
NAND2X4            75    256.500    fast_vdd1v2    best 
NAND2X6            59    282.492    fast_vdd1v2    best 
NAND2X8            46    251.712    fast_vdd1v2    best 
NAND3BX4            2     10.260    fast_vdd1v2    best 
NAND3X4             4     19.152    fast_vdd1v2    best 
NAND3X6             6     43.092    fast_vdd1v2    best 
NAND3X8             3     24.624    fast_vdd1v2    best 
NAND4X6             1      8.550    fast_vdd1v2    best 
NOR2BX1            30     41.040    fast_vdd1v2    best 
NOR2BX2            18     49.248    fast_vdd1v2    best 
NOR2BX4            15     56.430    fast_vdd1v2    best 
NOR2X1             77     79.002    fast_vdd1v2    best 
NOR2X2            602   1029.420    fast_vdd1v2    best 
NOR2X4            237    729.486    fast_vdd1v2    best 
NOR2X6             74    303.696    fast_vdd1v2    best 
NOR2X8             49    268.128    fast_vdd1v2    best 
NOR2XL              1      1.026    fast_vdd1v2    best 
NOR3X2              1      2.736    fast_vdd1v2    best 
NOR3X4              8     41.040    fast_vdd1v2    best 
NOR3X6              4     28.728    fast_vdd1v2    best 
NOR3X8              2     17.784    fast_vdd1v2    best 
NOR4BX4             1      7.524    fast_vdd1v2    best 
NOR4X4              1      6.498    fast_vdd1v2    best 
NOR4X6              1      8.208    fast_vdd1v2    best 
OA21X1              2      4.104    fast_vdd1v2    best 
OA21X4              1      3.762    fast_vdd1v2    best 
OAI21X1             5      8.550    fast_vdd1v2    best 
OAI21X2             1      3.078    fast_vdd1v2    best 
OAI21X4            34    162.792    fast_vdd1v2    best 
OAI22X4             4     25.992    fast_vdd1v2    best 
OAI2BB1X1           1      1.710    fast_vdd1v2    best 
OAI2BB1X4          14     62.244    fast_vdd1v2    best 
OAI2BB2X4           1      8.550    fast_vdd1v2    best 
OAI31X4             1      6.840    fast_vdd1v2    best 
OR2X1              11     15.048    fast_vdd1v2    best 
OR2X2               1      1.710    fast_vdd1v2    best 
OR2X4               2      5.472    fast_vdd1v2    best 
OR2X6              10     37.620    fast_vdd1v2    best 
XNOR2X1            26     62.244    fast_vdd1v2    best 
XNOR2X2            42    129.276    fast_vdd1v2    best 
XNOR2X4             1      3.762    fast_vdd1v2    best 
XOR2X4              3     12.312    fast_vdd1v2    best 
--------------------------------------------------------
total            4226  16518.258                


                                          
     Type      Instances    Area   Area % 
------------------------------------------
inverter             573  1432.980    8.7 
buffer               207   529.758    3.2 
logic               3446 14555.520   88.1 
physical_cells         0     0.000    0.0 
------------------------------------------
total               4226 16518.258  100.0 

