============================================================
  Generated by:           Genus(TM) Synthesis Solution 21.18-s082_1
  Generated on:           Oct 29 2025  12:38:16 am
  Module:                 biriscv_multiplier
  Operating conditions:   PVT_0P9V_125C 
  Operating conditions:   PVT_1P32V_0C 
  Interconnect mode:      global
  Area mode:              physical library
============================================================

Timing
--------

Clock Period 
-------------
clk_i 1540.0 


  Cost    Critical             Violating 
 Group   Path Slack    TNS       Paths   
-----------------------------------------
clk_i         -45.5   -1206.3         32 
default    No paths       0.0            
-----------------------------------------
Total                 -1206.3         32 

Instance Count
--------------
Leaf Instance Count             4226 
Physical Instance count            0 
Sequential Instance Count          0 
Combinational Instance Count    4226 
Hierarchical Instance Count        0 

Area
----
Cell Area                          16518.258
Physical Cell Area                 0.000
Total Cell Area (Cell+Physical)    16518.258
Net Area                           5550.058
Total Area (Cell+Physical+Net)     22068.316

Max Fanout                         33 (n_6)
Min Fanout                         1 (SUB_UNS_OP1_n_1225)
Average Fanout                     1.6
Terms to net ratio                 2.6377
Terms to instance ratio            3.5502
Runtime                            215.83956700000016 seconds
Elapsed Runtime                    216 seconds
Genus peak memory usage            2215.34 
Innovus peak memory usage          no_value 
Hostname                           gmicro02
