============================================================
  Generated by:           Genus(TM) Synthesis Solution 21.18-s082_1
  Generated on:           Oct 28 2025  10:14:30 pm
  Module:                 riscv_core
  Operating conditions:   PVT_0P9V_125C 
  Operating conditions:   PVT_1P32V_0C 
  Interconnect mode:      global
  Area mode:              physical library
============================================================

Timing
--------

Clock Period 
-------------
clk   2220.0 


  Cost    Critical         Violating 
 Group   Path Slack  TNS     Paths   
-------------------------------------
clk            10.1   0.0          0 
default    No paths   0.0            
-------------------------------------
Total                 0.0          0 

Instance Count
--------------
Leaf Instance Count             20691 
Physical Instance count             0 
Sequential Instance Count        2870 
Combinational Instance Count    17821 
Hierarchical Instance Count         6 

Area
----
Cell Area                          57779.874
Physical Cell Area                 0.000
Total Cell Area (Cell+Physical)    57779.874
Net Area                           29090.090
Total Area (Cell+Physical+Net)     86869.964

Max Fanout                         2870 (clk)
Min Fanout                         0 (fetch0_instr_branch_w)
Average Fanout                     2.7
Terms to net ratio                 3.7703
Terms to instance ratio            4.0582
Runtime                            525.305881 seconds
Elapsed Runtime                    550 seconds
Genus peak memory usage            1828.41 
Innovus peak memory usage          no_value 
Hostname                           gmicro02
