============================================================
  Generated by:           Genus(TM) Synthesis Solution 21.18-s082_1
  Generated on:           Oct 28 2025  10:14:30 pm
  Module:                 riscv_core
  Operating conditions:   PVT_0P9V_125C 
  Operating conditions:   PVT_1P32V_0C 
  Interconnect mode:      global
  Area mode:              physical library
============================================================

                                                Library 
   Gate     Instances    Area        Library     Domain 
--------------------------------------------------------
ADDFHX2             3     24.624    fast_vdd1v2    best 
ADDFX1            531   2724.030    fast_vdd1v2    best 
ADDFX2              1      7.866    fast_vdd1v2    best 
ADDHX1            149    560.538    fast_vdd1v2    best 
ADDHX2              2     10.260    fast_vdd1v2    best 
AND2X1            496    678.528    fast_vdd1v2    best 
AND2X2             48     82.080    fast_vdd1v2    best 
AND2X4             19     51.984    fast_vdd1v2    best 
AND2X6             15     56.430    fast_vdd1v2    best 
AND2X8              1      4.446    fast_vdd1v2    best 
AND3X1              9     21.546    fast_vdd1v2    best 
AND3X2              8     21.888    fast_vdd1v2    best 
AND3X4              7     21.546    fast_vdd1v2    best 
AND3X6              2      8.892    fast_vdd1v2    best 
AND3X8              1      5.130    fast_vdd1v2    best 
AND3XL             47     96.444    fast_vdd1v2    best 
AND4X1             45    107.730    fast_vdd1v2    best 
AND4X2              3      9.234    fast_vdd1v2    best 
AND4X4              1      3.762    fast_vdd1v2    best 
AO21X1            138    330.372    fast_vdd1v2    best 
AO21X2              9     24.624    fast_vdd1v2    best 
AO21X4              2      6.840    fast_vdd1v2    best 
AO22X1           1348   3688.128    fast_vdd1v2    best 
AO22X2             19     58.482    fast_vdd1v2    best 
AO22X4             17     63.954    fast_vdd1v2    best 
AOI211X1            3      7.182    fast_vdd1v2    best 
AOI211X2            4     13.680    fast_vdd1v2    best 
AOI211XL            6     12.312    fast_vdd1v2    best 
AOI21X1           161    275.310    fast_vdd1v2    best 
AOI21X2            50    136.800    fast_vdd1v2    best 
AOI21X4            11     56.430    fast_vdd1v2    best 
AOI221X1          878   2101.932    fast_vdd1v2    best 
AOI221X2           50    222.300    fast_vdd1v2    best 
AOI221X4            2     15.732    fast_vdd1v2    best 
AOI222X1          295    908.010    fast_vdd1v2    best 
AOI222X2           20    109.440    fast_vdd1v2    best 
AOI22X1          1195   2452.140    fast_vdd1v2    best 
AOI22X2            33    124.146    fast_vdd1v2    best 
AOI22X4             9     55.404    fast_vdd1v2    best 
AOI2BB1X1          46     94.392    fast_vdd1v2    best 
AOI2BB1X2          31     95.418    fast_vdd1v2    best 
AOI2BB1X4           8     32.832    fast_vdd1v2    best 
AOI2BB2X1           8     27.360    fast_vdd1v2    best 
AOI2BB2X2           5     25.650    fast_vdd1v2    best 
AOI31X1            15     30.780    fast_vdd1v2    best 
AOI31X2             3     10.260    fast_vdd1v2    best 
AOI32X1            18     43.092    fast_vdd1v2    best 
AOI33X1             1      2.736    fast_vdd1v2    best 
BMXIX2             12     90.288    fast_vdd1v2    best 
BUFX12             11     56.430    fast_vdd1v2    best 
BUFX16              3     20.520    fast_vdd1v2    best 
BUFX2             380    649.800    fast_vdd1v2    best 
BUFX20              2     16.416    fast_vdd1v2    best 
BUFX3               8     16.416    fast_vdd1v2    best 
BUFX4               3      7.182    fast_vdd1v2    best 
BUFX6              21     64.638    fast_vdd1v2    best 
CLKAND2X12         41    308.484    fast_vdd1v2    best 
CLKAND2X2          22     45.144    fast_vdd1v2    best 
CLKAND2X3           7     21.546    fast_vdd1v2    best 
CLKAND2X6          36    172.368    fast_vdd1v2    best 
CLKAND2X8          30    174.420    fast_vdd1v2    best 
CLKBUFX12           6     30.780    fast_vdd1v2    best 
CLKBUFX16           2     13.680    fast_vdd1v2    best 
CLKBUFX2            2      3.420    fast_vdd1v2    best 
CLKBUFX20           1      8.208    fast_vdd1v2    best 
CLKBUFX3            5     10.260    fast_vdd1v2    best 
CLKINVX12          35    143.640    fast_vdd1v2    best 
CLKINVX16           5     27.360    fast_vdd1v2    best 
CLKINVX4           79    135.090    fast_vdd1v2    best 
CLKINVX6           51    122.094    fast_vdd1v2    best 
CLKINVX8           23     70.794    fast_vdd1v2    best 
CLKMX2X2           42    129.276    fast_vdd1v2    best 
CLKMX2X3            5     20.520    fast_vdd1v2    best 
CLKMX2X6            1      4.446    fast_vdd1v2    best 
CLKXOR2X1          72    196.992    fast_vdd1v2    best 
CLKXOR2X2           4     13.680    fast_vdd1v2    best 
DFFHQX1           416   2276.352    fast_vdd1v2    best 
DFFRHQX1         1626  10009.656    fast_vdd1v2    best 
DFFRHQX2           22    173.052    fast_vdd1v2    best 
DFFRHQX4           11    105.336    fast_vdd1v2    best 
DFFRX1             90    615.600    fast_vdd1v2    best 
DFFRX2            129    970.596    fast_vdd1v2    best 
DFFX1             576   4136.832    fast_vdd1v2    best 
INVX1             800    547.200    fast_vdd1v2    best 
INVX2             170    174.420    fast_vdd1v2    best 
INVX3              53     72.504    fast_vdd1v2    best 
INVXL               9      6.156    fast_vdd1v2    best 
MX2X1             982   2350.908    fast_vdd1v2    best 
MX3XL               2      9.576    fast_vdd1v2    best 
MXI2X1              1      2.736    fast_vdd1v2    best 
MXI2X2              2      8.892    fast_vdd1v2    best 
MXI2X4              7     35.910    fast_vdd1v2    best 
MXI2X6              6     30.780    fast_vdd1v2    best 
MXI2X8              2     12.312    fast_vdd1v2    best 
MXI2XL            111    265.734    fast_vdd1v2    best 
MXI4X1              1      7.182    fast_vdd1v2    best 
NAND2BX1          433    592.344    fast_vdd1v2    best 
NAND2BX2           21     50.274    fast_vdd1v2    best 
NAND2BX4           47    176.814    fast_vdd1v2    best 
NAND2X1          1535   1574.910    fast_vdd1v2    best 
NAND2X2           170    290.700    fast_vdd1v2    best 
NAND2X4            95    324.900    fast_vdd1v2    best 
NAND2X6            42    201.096    fast_vdd1v2    best 
NAND2X8            33    180.576    fast_vdd1v2    best 
NAND3BX1            5     10.260    fast_vdd1v2    best 
NAND3BX2            3      9.234    fast_vdd1v2    best 
NAND3BX4            5     25.650    fast_vdd1v2    best 
NAND3BXL           46     78.660    fast_vdd1v2    best 
NAND3X1            82    140.220    fast_vdd1v2    best 
NAND3X2            64    175.104    fast_vdd1v2    best 
NAND3X4            17     81.396    fast_vdd1v2    best 
NAND3X6             6     43.092    fast_vdd1v2    best 
NAND3X8             9     73.872    fast_vdd1v2    best 
NAND4BBX1           1      3.420    fast_vdd1v2    best 
NAND4BBX2           1      5.472    fast_vdd1v2    best 
NAND4BBXL           4     12.312    fast_vdd1v2    best 
NAND4BX1           17     40.698    fast_vdd1v2    best 
NAND4BX2            2      8.892    fast_vdd1v2    best 
NAND4BX4            1      7.524    fast_vdd1v2    best 
NAND4X1            12     24.624    fast_vdd1v2    best 
NAND4X2            20     75.240    fast_vdd1v2    best 
NAND4X4             9     61.560    fast_vdd1v2    best 
NAND4X6             1      8.550    fast_vdd1v2    best 
NAND4XL           138    235.980    fast_vdd1v2    best 
NOR2BX1           353    482.904    fast_vdd1v2    best 
NOR2BX2            27     73.872    fast_vdd1v2    best 
NOR2BX4            15     56.430    fast_vdd1v2    best 
NOR2X1            633    649.458    fast_vdd1v2    best 
NOR2X2            130    222.300    fast_vdd1v2    best 
NOR2X4            109    335.502    fast_vdd1v2    best 
NOR2X6             37    151.848    fast_vdd1v2    best 
NOR2X8             29    158.688    fast_vdd1v2    best 
NOR3BX1            32     65.664    fast_vdd1v2    best 
NOR3BX2             2      6.840    fast_vdd1v2    best 
NOR3BX4             1      5.814    fast_vdd1v2    best 
NOR3X1             25     42.750    fast_vdd1v2    best 
NOR3X2              6     16.416    fast_vdd1v2    best 
NOR3X4             17     87.210    fast_vdd1v2    best 
NOR3X6             15    107.730    fast_vdd1v2    best 
NOR3X8              3     26.676    fast_vdd1v2    best 
NOR4BBX1           10     27.360    fast_vdd1v2    best 
NOR4BBX2            1      5.130    fast_vdd1v2    best 
NOR4BBX4            1      7.866    fast_vdd1v2    best 
NOR4BX1            10     23.940    fast_vdd1v2    best 
NOR4X1             43     73.530    fast_vdd1v2    best 
NOR4X2              7     23.940    fast_vdd1v2    best 
NOR4X4             15     97.470    fast_vdd1v2    best 
NOR4X6              5     41.040    fast_vdd1v2    best 
NOR4X8              1     10.602    fast_vdd1v2    best 
OA21X1            109    223.668    fast_vdd1v2    best 
OA21X2              5     15.390    fast_vdd1v2    best 
OA21X4              2      7.524    fast_vdd1v2    best 
OA22X1             53    126.882    fast_vdd1v2    best 
OAI211X1          182    311.220    fast_vdd1v2    best 
OAI211X2           16     65.664    fast_vdd1v2    best 
OAI211X4            4     25.992    fast_vdd1v2    best 
OAI21X1           247    422.370    fast_vdd1v2    best 
OAI21X2            21     64.638    fast_vdd1v2    best 
OAI21X4             6     28.728    fast_vdd1v2    best 
OAI221X1          581   1390.914    fast_vdd1v2    best 
OAI221X2           25    119.700    fast_vdd1v2    best 
OAI222X1          608   1663.488    fast_vdd1v2    best 
OAI22X1           631   1294.812    fast_vdd1v2    best 
OAI22X2            29     99.180    fast_vdd1v2    best 
OAI22X4             5     32.490    fast_vdd1v2    best 
OAI2BB1X1         647   1106.370    fast_vdd1v2    best 
OAI2BB1X2          13     40.014    fast_vdd1v2    best 
OAI2BB1X4           9     40.014    fast_vdd1v2    best 
OAI2BB2X1           2      8.208    fast_vdd1v2    best 
OAI2BB2X2          11     60.192    fast_vdd1v2    best 
OAI2BB2X4          13    111.150    fast_vdd1v2    best 
OAI2BB2XL           1      3.762    fast_vdd1v2    best 
OAI31X1            13     26.676    fast_vdd1v2    best 
OAI31X2             3     11.286    fast_vdd1v2    best 
OAI31X4             1      6.840    fast_vdd1v2    best 
OAI32X1             8     19.152    fast_vdd1v2    best 
OR2X1             211    288.648    fast_vdd1v2    best 
OR2X2              77    131.670    fast_vdd1v2    best 
OR2X4              25     68.400    fast_vdd1v2    best 
OR2X6              19     71.478    fast_vdd1v2    best 
OR2X8               2      8.892    fast_vdd1v2    best 
OR3X1              26     53.352    fast_vdd1v2    best 
OR3X2               4      9.576    fast_vdd1v2    best 
OR3X4              10     30.780    fast_vdd1v2    best 
OR3X6              11     52.668    fast_vdd1v2    best 
OR3X8               1      5.472    fast_vdd1v2    best 
OR4X1              39     80.028    fast_vdd1v2    best 
OR4X2               3     10.260    fast_vdd1v2    best 
OR4X4              14     52.668    fast_vdd1v2    best 
OR4X6              18     98.496    fast_vdd1v2    best 
OR4X8               1      6.156    fast_vdd1v2    best 
XNOR2X1           930   2226.420    fast_vdd1v2    best 
XNOR2X2             8     24.624    fast_vdd1v2    best 
XNOR2X4             3     11.286    fast_vdd1v2    best 
--------------------------------------------------------
total           20691  57779.874                


                                          
     Type      Instances    Area   Area % 
------------------------------------------
sequential          2870 18287.424   31.7 
inverter            1225  1299.258    2.2 
buffer               444   897.750    1.6 
logic              16152 37295.442   64.5 
physical_cells         0     0.000    0.0 
------------------------------------------
total              20691 57779.874  100.0 

