============================================================
  Generated by:           Genus(TM) Synthesis Solution 21.18-s082_1
  Generated on:           Oct 28 2025  10:14:30 pm
  Module:                 riscv_core
  Operating conditions:   PVT_0P9V_125C 
  Operating conditions:   PVT_1P32V_0C 
  Interconnect mode:      global
  Area mode:              physical library
============================================================


Path 1: MET (10 ps) Setup Check with Pin u_issue_pc_x_q_reg[31]/CK->D
          Group: clk
     Startpoint: (R) mem_d_ack_i
          Clock: (R) clk
       Endpoint: (F) u_issue_pc_x_q_reg[31]/D
          Clock: (R) clk

                     Capture       Launch     
        Clock Edge:+    2220            0     
        Drv Adjust:+       0            0     
       Src Latency:+       0            0     
       Net Latency:+     100 (I)      100 (I) 
           Arrival:=    2320          100     
                                              
             Setup:-      11                  
       Uncertainty:-      50                  
     Required Time:=    2259                  
      Launch Clock:-     100                  
       Input Delay:-     300                  
         Data Path:-    1849                  
             Slack:=      10                  

Exceptions/Constraints:
  input_delay             300             riscv_core.sdc_line_30_34_1 

#------------------------------------------------------------------------------------------------------------------------------------------------
#                             Timing Point                              Flags    Arc   Edge    Cell     Fanout Load Trans Delay Arrival Instance 
#                                                                                                              (fF)  (ps)  (ps)   (ps)  Location 
#------------------------------------------------------------------------------------------------------------------------------------------------
  mem_d_ack_i                                                           -       -      R     (arrival)       1  9.0   264     0     400    (-,-) 
  g164019/Y                                                             -       A->Y   F     CLKINVX12       1  6.6    38    29     429    (-,-) 
  g164018/Y                                                             -       A->Y   R     CLKINVX8        2 10.8    14    12     441    (-,-) 
  g277791/Y                                                             -       A->Y   F     CLKINVX12       3 11.7    10    10     451    (-,-) 
  g278008/Y                                                             -       B->Y   R     NAND2BX2        1  5.9    22    15     466    (-,-) 
  g277432/Y                                                             -       B->Y   F     NAND2X6         3  9.2    30    19     484    (-,-) 
  g277408/Y                                                             -       A->Y   R     CLKINVX6        2  8.5    14    11     496    (-,-) 
  g277250/Y                                                             -       A1->Y  F     OAI22X4         2  7.3    45    26     521    (-,-) 
  g277208/Y                                                             -       C->Y   R     NOR3X6          2  7.5    34    24     545    (-,-) 
  g277044/Y                                                             -       A->Y   F     NAND3X4         1  5.5    34    29     574    (-,-) 
  g277023/Y                                                             -       B->Y   R     NOR2X6          2  8.2    23    17     592    (-,-) 
  g276968/Y                                                             -       B->Y   R     CLKAND2X12     13 43.9    27    32     624    (-,-) 
  g276836/Y                                                             -       B->Y   R     CLKAND2X12     13 27.0    19    28     652    (-,-) 
  g276619/Y                                                             -       B->Y   F     XNOR2X2         1  4.3    19    35     686    (-,-) 
  g276170/Y                                                             -       A->Y   F     CLKAND2X6       1  5.7    10    24     710    (-,-) 
  g275888/Y                                                             -       C->Y   R     NAND3X6         2 10.5    20    12     722    (-,-) 
  g275619/Y                                                             -       B->Y   F     NAND2X8         3 14.5    28    20     743    (-,-) 
  g275444/Y                                                             -       B->Y   R     NOR2X6          2  9.4    24    18     761    (-,-) 
  g275288/Y                                                             -       B->Y   F     NAND2X6         2  6.7    20    16     777    (-,-) 
  g275213/Y                                                             -       A->Y   F     CLKBUFX12       4 16.7    14    23     801    (-,-) 
  g275111/Y                                                             -       B->Y   R     NOR2X6          7 20.5    41    27     828    (-,-) 
  g274840/Y                                                             -       B->Y   F     NAND2X2         2  9.7    68    40     868    (-,-) 
  g274695/Y                                                             -       A->Y   R     CLKINVX4        3 11.5    27    20     888    (-,-) 
  g274496/Y                                                             -       B->Y   R     CLKAND2X12     32 59.8    35    37     925    (-,-) 
  g273449/Y                                                             -       A1->Y  F     AOI22X1         1  3.2    51    38     962    (-,-) 
  g272310/Y                                                             -       B->Y   F     AND2X1          1  3.2    19    28     990    (-,-) 
  g272112/Y                                                             -       B->Y   F     AND2X2          1  4.7    16    26    1016    (-,-) 
  g271531/Y                                                             -       A->Y   R     NAND2X4         1  6.0    15    12    1028    (-,-) 
  g271506/Y                                                             -       B->Y   F     NOR2X6          3  8.8    16    11    1039    (-,-) 
  g271284/Y                                                             -       B->Y   R     NOR2X2          2  5.4    40    24    1063    (-,-) 
  u_exec1_add_308_35_Y_u_exec1_add_322_51_Y_u_exec1_add_314_39_g1239/Y  -       B->Y   F     NAND2X1         2  5.6    62    44    1107    (-,-) 
  u_exec1_add_308_35_Y_u_exec1_add_322_51_Y_u_exec1_add_314_39_g1198/Y  -       B0->Y  R     OAI21X2         2  5.3    41    22    1128    (-,-) 
  u_exec1_add_308_35_Y_u_exec1_add_322_51_Y_u_exec1_add_314_39_g1285/Y  -       AN->Y  R     NOR2BX1         1  3.9    49    39    1168    (-,-) 
  u_exec1_add_308_35_Y_u_exec1_add_322_51_Y_u_exec1_add_314_39_g1190/Y  -       B->Y   F     NOR2X2          2  5.9    26    21    1189    (-,-) 
  u_exec1_add_308_35_Y_u_exec1_add_322_51_Y_u_exec1_add_314_39_g1188/Y  -       B->Y   R     NOR2X2          1  5.0    36    24    1213    (-,-) 
  u_exec1_add_308_35_Y_u_exec1_add_322_51_Y_u_exec1_add_314_39_g1186/Y  -       B->Y   F     NOR2X4          3  7.8    22    15    1228    (-,-) 
  u_exec1_add_308_35_Y_u_exec1_add_322_51_Y_u_exec1_add_314_39_g1183/Y  -       A1->Y  R     OAI221X2        1  3.7    44    28    1256    (-,-) 
  u_exec1_add_308_35_Y_u_exec1_add_322_51_Y_u_exec1_add_314_39_g1180/CO -       CI->CO R     ADDFX1          1  3.7    25    43    1300    (-,-) 
  u_exec1_add_308_35_Y_u_exec1_add_322_51_Y_u_exec1_add_314_39_g1179/CO -       CI->CO R     ADDFX2          4  8.9    32    49    1348    (-,-) 
  u_exec1_add_308_35_Y_u_exec1_add_322_51_Y_u_exec1_add_314_39_g2/Y     -       AN->Y  R     NOR4BBX1        1  3.2    82    66    1414    (-,-) 
  u_exec1_add_308_35_Y_u_exec1_add_322_51_Y_u_exec1_add_314_39_g1175/Y  -       C->Y   R     OR3X1           3  7.9    46    42    1456    (-,-) 
  u_exec1_add_308_35_Y_u_exec1_add_322_51_Y_u_exec1_add_314_39_g1172/Y  -       B->Y   F     NAND2X2         2  5.3    38    29    1486    (-,-) 
  u_exec1_add_308_35_Y_u_exec1_add_322_51_Y_u_exec1_add_314_39_g1168/Y  -       D->Y   R     NOR4BX1         1  3.2    81    52    1538    (-,-) 
  u_exec1_add_308_35_Y_u_exec1_add_322_51_Y_u_exec1_add_314_39_g1164/Y  -       B->Y   R     OR2X1           4  9.1    52    45    1583    (-,-) 
  u_exec1_add_308_35_Y_u_exec1_add_322_51_Y_u_exec1_add_314_39_g1159/Y  -       D->Y   F     NAND4BBXL       1  3.4   113    78    1661    (-,-) 
  u_exec1_add_308_35_Y_u_exec1_add_322_51_Y_u_exec1_add_314_39_g1156/Y  -       C0->Y  R     OAI211X1        2  5.5    73    45    1706    (-,-) 
  u_exec1_add_308_35_Y_u_exec1_add_322_51_Y_u_exec1_add_314_39_g1152/Y  -       B->Y   F     NAND2BX1        3  7.0    80    59    1766    (-,-) 
  u_exec1_add_308_35_Y_u_exec1_add_322_51_Y_u_exec1_add_314_39_g1148/Y  -       D->Y   R     NOR4X1          1  3.4    88    66    1831    (-,-) 
  u_exec1_add_308_35_Y_u_exec1_add_322_51_Y_u_exec1_add_314_39_g1145/Y  -       D->Y   F     NOR4BBX1        3  7.4    58    45    1876    (-,-) 
  u_exec1_add_308_35_Y_u_exec1_add_322_51_Y_u_exec1_add_314_39_g1137/Y  -       A1->Y  R     OAI211X1        1  3.7    58    46    1923    (-,-) 
  u_exec1_add_308_35_Y_u_exec1_add_322_51_Y_u_exec1_add_314_39_g1134/CO -       CI->CO R     ADDFX1          1  3.7    25    45    1968    (-,-) 
  u_exec1_add_308_35_Y_u_exec1_add_322_51_Y_u_exec1_add_314_39_g1133/CO -       CI->CO R     ADDFX1          1  3.7    25    40    2008    (-,-) 
  u_exec1_add_308_35_Y_u_exec1_add_322_51_Y_u_exec1_add_314_39_g1132/CO -       CI->CO R     ADDFX1          1  3.7    25    40    2049    (-,-) 
  u_exec1_add_308_35_Y_u_exec1_add_322_51_Y_u_exec1_add_314_39_g1131/CO -       CI->CO R     ADDFX1          1  3.7    25    40    2090    (-,-) 
  u_exec1_add_308_35_Y_u_exec1_add_322_51_Y_u_exec1_add_314_39_g1130/CO -       CI->CO R     ADDFX1          1  3.5    24    40    2129    (-,-) 
  u_exec1_add_308_35_Y_u_exec1_add_322_51_Y_u_exec1_add_314_39_g1129/Y  -       B->Y   F     XNOR2X1         1  3.4    21    33    2162    (-,-) 
  g231643/Y                                                             -       B1->Y  R     AOI221X1        1  3.4    73    48    2210    (-,-) 
  g230459/Y                                                             -       B0->Y  F     OAI2BB1X1       1  3.3    43    39    2249    (-,-) 
  u_issue_pc_x_q_reg[31]/D                                              <<<     -      F     DFFRHQX1        1    -     -     0    2249    (-,-) 
#------------------------------------------------------------------------------------------------------------------------------------------------

