============================================================
  Generated by:           Genus(TM) Synthesis Solution 21.18-s082_1
  Generated on:           Oct 28 2025  10:14:30 pm
  Module:                 riscv_core
  Library domain:         worst
    Domain index:         0
    Technology library:   slow_vdd1v0 1.0
  Library domain:         best
    Domain index:         1
    Technology library:   fast_vdd1v2 1.0
  Operating conditions:   PVT_0P9V_125C 
  Operating conditions:   PVT_1P32V_0C 
  Interconnect mode:      global
  Area mode:              physical library
============================================================

              Instance                      Module         Cell Count  Cell Area  Net Area   Combinational   Buffer   Inverter     Flop     Latch   Clock-Gate   Memory   Macro   Total Area 
---------------------------------------------------------------------------------------------------------------------------------------------------------------------------------------------
riscv_core                                                      20691  57779.874 29090.090       37295.442  897.750   1299.258  18287.424   0.000        0.000    0.000   0.000    86869.964 
  u_div                              biriscv_divider             1334   3682.998  1555.859        1998.990    8.550     43.434   1632.024   0.000        0.000    0.000   0.000     5238.857 
  u_exec0_u_alu                      biriscv_alu                  925   1598.166  1078.431        1540.026    0.000     58.140      0.000   0.000        0.000    0.000   0.000     2676.597 
  u_exec1_u_alu                      biriscv_alu_1167             922   1581.066  1072.578        1521.558    0.000     59.508      0.000   0.000        0.000    0.000   0.000     2653.644 
  u_frontend_u_decode_genblk1.u_dec0 biriscv_decoder              115    163.818   105.331         141.930    0.000     21.888      0.000   0.000        0.000    0.000   0.000      269.149 
  u_frontend_u_decode_genblk1.u_dec1 biriscv_decoder_2471         100    154.242    85.888         137.484    3.420     13.338      0.000   0.000        0.000    0.000   0.000      240.130 
  u_mul                              biriscv_multiplier          2396   6905.664  3354.366        6124.878    1.710     82.080    696.996   0.000        0.000    0.000   0.000    10260.030 
