============================================================
  Generated by:           Genus(TM) Synthesis Solution 21.18-s082_1
  Generated on:           Oct 29 2025  02:41:56 pm
  Module:                 biriscv_multiplier
  Operating conditions:   PVT_0P9V_125C 
  Operating conditions:   PVT_1P32V_0C 
  Interconnect mode:      global
  Area mode:              physical library
============================================================

Timing
--------

Clock Period 
-------------
clk_i 3450.0 


  Cost    Critical             Violating 
 Group   Path Slack    TNS       Paths   
-----------------------------------------
clk_i        -112.3   -3350.6         84 
default    No paths       0.0            
-----------------------------------------
Total                 -3350.6         84 

Instance Count
--------------
Leaf Instance Count             9695 
Physical Instance count            0 
Sequential Instance Count        767 
Combinational Instance Count    8928 
Hierarchical Instance Count        0 

Area
----
Cell Area                          29153.106
Physical Cell Area                 0.000
Total Cell Area (Cell+Physical)    29153.106
Net Area                           11311.537
Total Area (Cell+Physical+Net)     40464.643

Max Fanout                         767 (clk_i)
Min Fanout                         0 (n_7)
Average Fanout                     2.1
Terms to net ratio                 3.1756
Terms to instance ratio            3.3381
Runtime                            203.45419500000008 seconds
Elapsed Runtime                    202 seconds
Genus peak memory usage            1864.77 
Innovus peak memory usage          no_value 
Hostname                           gmicro02
