============================================================
  Generated by:           Genus(TM) Synthesis Solution 21.18-s082_1
  Generated on:           Oct 29 2025  02:41:56 pm
  Module:                 biriscv_multiplier
  Operating conditions:   PVT_0P9V_125C 
  Operating conditions:   PVT_1P32V_0C 
  Interconnect mode:      global
  Area mode:              physical library
============================================================


Path 1: VIOLATED (-112 ps) Setup Check with Pin Stage1_s_reg[1][35]/CK->D
          Group: clk_i
     Startpoint: (F) opcode_ra_operand_i[12]
          Clock: (R) clk_i
       Endpoint: (R) Stage1_s_reg[1][35]/D
          Clock: (R) clk_i

                     Capture       Launch     
        Clock Edge:+    3450            0     
        Drv Adjust:+       0            0     
       Src Latency:+       0            0     
       Net Latency:+     100 (I)      100 (I) 
           Arrival:=    3550          100     
                                              
             Setup:-     135                  
       Uncertainty:-      50                  
     Required Time:=    3365                  
      Launch Clock:-     100                  
       Input Delay:-     300                  
         Data Path:-    3077                  
             Slack:=    -112                  

Exceptions/Constraints:
  input_delay             300             biriscv_multiplier.s_line_30_53_1 

#------------------------------------------------------------------------------------------------
#      Timing Point       Flags   Arc   Edge   Cell     Fanout Load Trans Delay Arrival Instance 
#                                                              (fF)  (ps)  (ps)   (ps)  Location 
#------------------------------------------------------------------------------------------------
  opcode_ra_operand_i[12] -       -     F     (arrival)      2  8.0   252     0     400    (-,-) 
  SUB_UNS_OP1_g842/Y      -       A->Y  R     NOR2X8         3  6.7    94   162     562    (-,-) 
  SUB_UNS_OP1_g891/Y      -       AN->Y R     NOR2BX2        1  3.9   142   186     748    (-,-) 
  SUB_UNS_OP1_g815/Y      -       B->Y  R     CLKAND2X6      1  4.5    36   143     891    (-,-) 
  SUB_UNS_OP1_g790/Y      -       B->Y  F     NAND2X4        1  3.3    84    72     963    (-,-) 
  SUB_UNS_OP1_g756/Y      -       B->Y  R     CLKXOR2X1      1  3.2    84   185    1148    (-,-) 
  g24181/Y                -       A->Y  R     CLKMX2X6      17 39.4   198   370    1518    (-,-) 
  g24073/Y                -       A->Y  F     CLKINVX20     16 47.9   115   134    1652    (-,-) 
  g23198__6417/Y          -       B->Y  R     NOR2X8         2  7.8    80    93    1744    (-,-) 
  add_178_53_I2_g1821/Y   -       B->Y  F     NOR2X6         2  5.3    58    63    1808    (-,-) 
  add_178_53_I2_g1754/Y   -       B->Y  F     OR2X6          2  5.3    54   144    1952    (-,-) 
  add_178_53_I2_g1729/Y   -       C->Y  F     OR3X6          2  4.9    68   196    2149    (-,-) 
  add_178_53_I2_g1718/Y   -       AN->Y F     NAND2BX4       1  5.1   112   160    2309    (-,-) 
  add_178_53_I2_g1684/Y   -       A->Y  R     NOR2X6         1  6.1    74   105    2414    (-,-) 
  add_178_53_I2_g1680/Y   -       B->Y  F     NOR2X8         2  7.6    54    61    2475    (-,-) 
  add_178_53_I2_g1674/Y   -       B->Y  R     NOR2X8         2  8.4    78    69    2544    (-,-) 
  add_178_53_I2_g1667/Y   -       B->Y  F     NAND2X8        2  7.3    99    94    2639    (-,-) 
  add_178_53_I2_g1655/Y   -       A1->Y R     OAI21X4        4 10.0   151   138    2776    (-,-) 
  add_178_53_I2_g1643/Y   -       A1->Y F     AOI21X4        2  6.3   148   168    2944    (-,-) 
  add_178_53_I2_g1635/Y   -       A1->Y R     OAI21X4        1  3.3    86   119    3064    (-,-) 
  add_178_53_I2_g1632/Y   -       B->Y  R     CLKXOR2X1      1  3.3    86   199    3263    (-,-) 
  g17296/Y                -       B->Y  R     CLKMX2X3       1  3.2    54   214    3477    (-,-) 
  Stage1_s_reg[1][35]/D   <<<     -     R     DFFRHQX1       1    -     -     0    3477    (-,-) 
#------------------------------------------------------------------------------------------------

