============================================================
  Generated by:           Genus(TM) Synthesis Solution 21.18-s082_1
  Generated on:           Oct 29 2025  02:41:56 pm
  Module:                 biriscv_multiplier
  Operating conditions:   PVT_0P9V_125C 
  Operating conditions:   PVT_1P32V_0C 
  Interconnect mode:      global
  Area mode:              physical library
============================================================

                                                Library 
   Gate     Instances    Area        Library     Domain 
--------------------------------------------------------
ADDFHX1             5     37.620    slow_vdd1v0   worst 
ADDFHX2             9     73.872    slow_vdd1v0   worst 
ADDFHX4             1      9.576    slow_vdd1v0   worst 
ADDFX1            394   2021.220    slow_vdd1v0   worst 
ADDHX1             20     75.240    slow_vdd1v0   worst 
ADDHX2             40    205.200    slow_vdd1v0   worst 
ADDHX4             17    122.094    slow_vdd1v0   worst 
AND2X1            449    614.232    slow_vdd1v0   worst 
AND2X2            132    225.720    slow_vdd1v0   worst 
AND2X4             33     90.288    slow_vdd1v0   worst 
AND2X6             21     79.002    slow_vdd1v0   worst 
AND2X8             13     57.798    slow_vdd1v0   worst 
AND3X1             11     26.334    slow_vdd1v0   worst 
AND3X6              1      4.446    slow_vdd1v0   worst 
AND3X8              1      5.130    slow_vdd1v0   worst 
AND3XL              1      2.052    slow_vdd1v0   worst 
AO21X1             53    126.882    slow_vdd1v0   worst 
AO21X2             10     27.360    slow_vdd1v0   worst 
AO21X4             31    106.020    slow_vdd1v0   worst 
AOI211X2           10     34.200    slow_vdd1v0   worst 
AOI211X4            2     12.996    slow_vdd1v0   worst 
AOI21X1            63    107.730    slow_vdd1v0   worst 
AOI21X2            75    205.200    slow_vdd1v0   worst 
AOI21X4            85    436.050    slow_vdd1v0   worst 
AOI221X1            1      2.394    slow_vdd1v0   worst 
AOI221X2           22     97.812    slow_vdd1v0   worst 
AOI221X4           30    235.980    slow_vdd1v0   worst 
AOI221XL            1      3.420    slow_vdd1v0   worst 
AOI22X1             1      2.052    slow_vdd1v0   worst 
AOI22X2             1      3.762    slow_vdd1v0   worst 
AOI2BB1X1          45     92.340    slow_vdd1v0   worst 
AOI2BB1X2          55    169.290    slow_vdd1v0   worst 
AOI2BB1X4         125    513.000    slow_vdd1v0   worst 
AOI2BB2X4           1      7.524    slow_vdd1v0   worst 
AOI31X2             9     30.780    slow_vdd1v0   worst 
AOI31X4             2     12.996    slow_vdd1v0   worst 
AOI32X2             2      8.892    slow_vdd1v0   worst 
BUFX12             16     82.080    slow_vdd1v0   worst 
BUFX16              2     13.680    slow_vdd1v0   worst 
BUFX2               5      8.550    slow_vdd1v0   worst 
BUFX3              15     30.780    slow_vdd1v0   worst 
BUFX4               1      2.394    slow_vdd1v0   worst 
BUFX6              88    270.864    slow_vdd1v0   worst 
BUFX8               2      7.524    slow_vdd1v0   worst 
CLKAND2X12         47    353.628    slow_vdd1v0   worst 
CLKAND2X2         260    533.520    slow_vdd1v0   worst 
CLKAND2X3         135    415.530    slow_vdd1v0   worst 
CLKAND2X4          14     47.880    slow_vdd1v0   worst 
CLKAND2X6          80    383.040    slow_vdd1v0   worst 
CLKAND2X8           3     17.442    slow_vdd1v0   worst 
CLKBUFX12           8     41.040    slow_vdd1v0   worst 
CLKBUFX16           9     61.560    slow_vdd1v0   worst 
CLKBUFX2            1      1.710    slow_vdd1v0   worst 
CLKBUFX20           3     24.624    slow_vdd1v0   worst 
CLKBUFX3            8     16.416    slow_vdd1v0   worst 
CLKBUFX4            3      7.182    slow_vdd1v0   worst 
CLKBUFX6           11     33.858    slow_vdd1v0   worst 
CLKINVX1            2      2.052    slow_vdd1v0   worst 
CLKINVX12          27    110.808    slow_vdd1v0   worst 
CLKINVX16          32    175.104    slow_vdd1v0   worst 
CLKINVX2           23     31.464    slow_vdd1v0   worst 
CLKINVX20           9     58.482    slow_vdd1v0   worst 
CLKINVX3           11     18.810    slow_vdd1v0   worst 
CLKINVX4           67    114.570    slow_vdd1v0   worst 
CLKINVX6           39     93.366    slow_vdd1v0   worst 
CLKINVX8           38    116.964    slow_vdd1v0   worst 
CLKMX2X2            2      6.156    slow_vdd1v0   worst 
CLKMX2X3          201    824.904    slow_vdd1v0   worst 
CLKMX2X6           35    155.610    slow_vdd1v0   worst 
CLKXOR2X1          58    158.688    slow_vdd1v0   worst 
CLKXOR2X2           9     30.780    slow_vdd1v0   worst 
DFFRHQX1          753   4635.468    slow_vdd1v0   worst 
DFFRHQX2            2     15.732    slow_vdd1v0   worst 
DFFRHQX4            3     28.728    slow_vdd1v0   worst 
DFFRX2              9     67.716    slow_vdd1v0   worst 
INVX1             317    216.828    slow_vdd1v0   worst 
INVX12              1      4.104    slow_vdd1v0   worst 
INVX16              2     10.944    slow_vdd1v0   worst 
INVX2              63     64.638    slow_vdd1v0   worst 
INVX20              1      6.498    slow_vdd1v0   worst 
INVX3              45     61.560    slow_vdd1v0   worst 
INVX4               5      8.550    slow_vdd1v0   worst 
INVX6               3      7.182    slow_vdd1v0   worst 
INVX8               1      3.078    slow_vdd1v0   worst 
INVXL               6      4.104    slow_vdd1v0   worst 
MX2X1             575   1376.550    slow_vdd1v0   worst 
MXI2X2              3     13.338    slow_vdd1v0   worst 
MXI2X4              3     15.390    slow_vdd1v0   worst 
MXI2X6              2     10.260    slow_vdd1v0   worst 
MXI2X8              8     49.248    slow_vdd1v0   worst 
NAND2BX1          158    216.144    slow_vdd1v0   worst 
NAND2BX2           22     52.668    slow_vdd1v0   worst 
NAND2BX4           11     41.382    slow_vdd1v0   worst 
NAND2BXL            2      2.736    slow_vdd1v0   worst 
NAND2X1            94     96.444    slow_vdd1v0   worst 
NAND2X2           364    622.440    slow_vdd1v0   worst 
NAND2X4           165    564.300    slow_vdd1v0   worst 
NAND2X6            82    392.616    slow_vdd1v0   worst 
NAND2X8            41    224.352    slow_vdd1v0   worst 
NAND3BX2            3      9.234    slow_vdd1v0   worst 
NAND3BX4            3     15.390    slow_vdd1v0   worst 
NAND3X2             3      8.208    slow_vdd1v0   worst 
NAND3X6             1      7.182    slow_vdd1v0   worst 
NAND3X8             1      8.208    slow_vdd1v0   worst 
NOR2BX1           292    399.456    slow_vdd1v0   worst 
NOR2BX2            37    101.232    slow_vdd1v0   worst 
NOR2BX4            14     52.668    slow_vdd1v0   worst 
NOR2BXL             2      3.420    slow_vdd1v0   worst 
NOR2X1            213    218.538    slow_vdd1v0   worst 
NOR2X2            512    875.520    slow_vdd1v0   worst 
NOR2X4            708   2179.224    slow_vdd1v0   worst 
NOR2X6            201    824.904    slow_vdd1v0   worst 
NOR2X8             78    426.816    slow_vdd1v0   worst 
NOR2XL              7      7.182    slow_vdd1v0   worst 
NOR3BX1             1      2.052    slow_vdd1v0   worst 
NOR3BX4             3     17.442    slow_vdd1v0   worst 
NOR3X1              1      1.710    slow_vdd1v0   worst 
NOR3X2              3      8.208    slow_vdd1v0   worst 
NOR3X4              6     30.780    slow_vdd1v0   worst 
NOR3X6              3     21.546    slow_vdd1v0   worst 
NOR3X8             11     97.812    slow_vdd1v0   worst 
NOR3XL              1      1.710    slow_vdd1v0   worst 
NOR4X6              1      8.208    slow_vdd1v0   worst 
OA21X1            146    299.592    slow_vdd1v0   worst 
OA21X2              8     24.624    slow_vdd1v0   worst 
OA21X4             35    131.670    slow_vdd1v0   worst 
OA22X1              3      7.182    slow_vdd1v0   worst 
OAI211X2            2      8.208    slow_vdd1v0   worst 
OAI21X1            67    114.570    slow_vdd1v0   worst 
OAI21X2           119    366.282    slow_vdd1v0   worst 
OAI21X4           156    746.928    slow_vdd1v0   worst 
OAI21XL             7     11.970    slow_vdd1v0   worst 
OAI221X1            1      2.394    slow_vdd1v0   worst 
OAI221X2            2      9.576    slow_vdd1v0   worst 
OAI221X4            3     23.598    slow_vdd1v0   worst 
OAI22X1             1      2.052    slow_vdd1v0   worst 
OAI22X2             2      6.840    slow_vdd1v0   worst 
OAI22X4             1      6.498    slow_vdd1v0   worst 
OAI2BB1X1          53     90.630    slow_vdd1v0   worst 
OAI2BB1X2          18     55.404    slow_vdd1v0   worst 
OAI2BB1X4          21     93.366    slow_vdd1v0   worst 
OAI2BB1XL           1      2.052    slow_vdd1v0   worst 
OAI2BB2X1           1      4.104    slow_vdd1v0   worst 
OAI2BB2X2           1      5.472    slow_vdd1v0   worst 
OAI2BB2X4          12    102.600    slow_vdd1v0   worst 
OAI31X1             2      4.104    slow_vdd1v0   worst 
OAI31X2            20     75.240    slow_vdd1v0   worst 
OAI31X4            23    157.320    slow_vdd1v0   worst 
OR2X1             224    306.432    slow_vdd1v0   worst 
OR2X2              43     73.530    slow_vdd1v0   worst 
OR2X4              63    172.368    slow_vdd1v0   worst 
OR2X6              54    203.148    slow_vdd1v0   worst 
OR2X8               8     35.568    slow_vdd1v0   worst 
OR3X1              20     41.040    slow_vdd1v0   worst 
OR3X2               1      2.394    slow_vdd1v0   worst 
OR3X4               1      3.078    slow_vdd1v0   worst 
OR3X6               2      9.576    slow_vdd1v0   worst 
OR3X8               1      5.472    slow_vdd1v0   worst 
OR4X1               4      8.208    slow_vdd1v0   worst 
OR4X6               3     16.416    slow_vdd1v0   worst 
XNOR2X1           673   1611.162    slow_vdd1v0   worst 
XNOR2X2             9     27.702    slow_vdd1v0   worst 
XOR2X2              1      3.420    slow_vdd1v0   worst 
XOR2X4              1      4.104    slow_vdd1v0   worst 
--------------------------------------------------------
total            9695  29153.106                


                                          
     Type      Instances    Area   Area % 
------------------------------------------
sequential           767  4747.644   16.3 
inverter             692  1109.106    3.8 
buffer               172   602.262    2.1 
logic               8064 22694.094   77.8 
physical_cells         0     0.000    0.0 
------------------------------------------
total               9695 29153.106  100.0 

