============================================================
  Generated by:           Genus(TM) Synthesis Solution 21.18-s082_1
  Generated on:           Oct 25 2025  02:10:17 pm
  Module:                 biriscv_multiplier
  Operating conditions:   PVT_0P9V_125C 
  Operating conditions:   PVT_1P32V_0C 
  Interconnect mode:      global
  Area mode:              physical library
============================================================


Path 1: VIOLATED (-85 ps) Late External Delay Assertion at pin writeback_value_o[26]
          Group: clk_i
     Startpoint: (F) opcode_rb_operand_i[6]
          Clock: (R) clk_i
       Endpoint: (R) writeback_value_o[26]
          Clock: (R) clk_i

                     Capture       Launch     
        Clock Edge:+    5880            0     
        Drv Adjust:+       0            0     
       Src Latency:+       0            0     
       Net Latency:+     100 (I)      100 (I) 
           Arrival:=    5980          100     
                                              
      Output Delay:-     300                  
       Uncertainty:-      50                  
     Required Time:=    5630                  
      Launch Clock:-     100                  
       Input Delay:-     300                  
         Data Path:-    5315                  
             Slack:=     -85                  

Exceptions/Constraints:
  input_delay              300             biriscv_multiplier.s_line_30_91_1  
  output_delay             300             biriscv_multiplier.s_line_35_102_1 

#------------------------------------------------------------------------------------------------------------------------
#                 Timing Point                  Flags    Arc   Edge    Cell     Fanout Load Trans Delay Arrival Instance 
#                                                                                      (fF)  (ps)  (ps)   (ps)  Location 
#------------------------------------------------------------------------------------------------------------------------
  opcode_rb_operand_i[6]                        -       -      F     (arrival)       5 14.8   252     0     400    (-,-) 
  SUB_UNS_OP_g916/Y                             -       A->Y   R     NOR2X8          3  6.8    94   162     562    (-,-) 
  SUB_UNS_OP_g958/Y                             -       AN->Y  R     NOR2BX4         1  4.4    78   207     769    (-,-) 
  SUB_UNS_OP_g850/Y                             -       B->Y   R     CLKAND2X12      9 28.3    74   147     917    (-,-) 
  SUB_UNS_OP_g846/Y                             -       B->Y   R     CLKAND2X12     14 41.6    96   158    1075    (-,-) 
  fopt21748/Y                                   -       A->Y   F     CLKINVX8        2  7.2    51    68    1142    (-,-) 
  SUB_UNS_OP_g823/Y                             -       B->Y   R     NOR2X4          1  3.3    74    63    1205    (-,-) 
  SUB_UNS_OP_g963/Y                             -       B->Y   R     XNOR2X2         2  8.0   117   226    1431    (-,-) 
  g21206/Y                                      -       B->Y   F     NAND2X8         1  4.5    81   100    1531    (-,-) 
  g2/Y                                          -       B->Y   F     CLKAND2X12      9 23.7    81   140    1671    (-,-) 
  g20566__6783/Y                                -       B->Y   R     NOR2X2          1  3.7   114   107    1778    (-,-) 
  WALLACE_CSA_DUMMY_OP_groupi_cdnfadd_030_0/CO  -       CI->CO R     ADDFHX2         1  3.7    76   245    2023    (-,-) 
  WALLACE_CSA_DUMMY_OP_groupi_cdnfadd_031_10/S  -       CI->S  F     ADDFHX1         1  3.7   115   302    2325    (-,-) 
  WALLACE_CSA_DUMMY_OP_groupi_cdnfadd_031_17/CO -       CI->CO F     ADDFHX2         1  3.7    85   235    2560    (-,-) 
  WALLACE_CSA_DUMMY_OP_groupi_cdnfadd_032_22/S  -       CI->S  R     ADDFHX1         1  3.7   100   314    2874    (-,-) 
  WALLACE_CSA_DUMMY_OP_groupi_cdnfadd_032_25/S  -       CI->S  F     ADDFHX1         1  3.7   115   314    3187    (-,-) 
  WALLACE_CSA_DUMMY_OP_groupi_cdnfadd_032_27/CO -       CI->CO F     ADDFHX2         1  3.7    85   235    3422    (-,-) 
  WALLACE_CSA_DUMMY_OP_groupi_cdnfadd_033_28/S  -       CI->S  R     ADDFHX1         1  3.7   100   314    3737    (-,-) 
  WALLACE_CSA_DUMMY_OP_groupi_cdnfadd_033_29/S  -       CI->S  F     ADDFHX2         2  7.6   135   370    4107    (-,-) 
  WALLACE_CSA_DUMMY_OP_groupi_g4498/Y           -       B->Y   R     NOR2X8          3  8.0    84   102    4208    (-,-) 
  WALLACE_CSA_DUMMY_OP_groupi_g4354/Y           -       A1N->Y R     AOI2BB1X4       2  6.4    98   158    4366    (-,-) 
  WALLACE_CSA_DUMMY_OP_groupi_g4314/Y           -       A1->Y  F     OAI21X4         1  4.4   114   124    4490    (-,-) 
  WALLACE_CSA_DUMMY_OP_groupi_g4280/Y           -       A1->Y  R     AOI21X4         2  7.2   114   131    4621    (-,-) 
  WALLACE_CSA_DUMMY_OP_groupi_g4262/Y           -       A->Y   F     NOR2X6          1  5.8    60    89    4710    (-,-) 
  WALLACE_CSA_DUMMY_OP_groupi_g4258/Y           -       C->Y   R     NOR3X8          2  7.6   112    94    4804    (-,-) 
  WALLACE_CSA_DUMMY_OP_groupi_g4237/Y           -       B->Y   F     NOR2X6          1  5.8    57    80    4883    (-,-) 
  WALLACE_CSA_DUMMY_OP_groupi_g4231/Y           -       A->Y   R     NOR2X8          1 10.9    99    90    4974    (-,-) 
  fopt21641/Y                                   -       A->Y   F     CLKINVX20      16 49.8    99    95    5068    (-,-) 
  WALLACE_CSA_DUMMY_OP_groupi_g4193/Y           -       B1->Y  R     AOI221X4        1  3.3   133   151    5219    (-,-) 
  WALLACE_CSA_DUMMY_OP_groupi_g4175/Y           -       B->Y   R     XNOR2X2         1  4.5    80   236    5454    (-,-) 
  g11518/Y                                      -       B1->Y  F     AOI22X4         1  7.2   179   128    5582    (-,-) 
  g11503/Y                                      -       A->Y   R     CLKINVX12       1 47.9   121   133    5715    (-,-) 
  writeback_value_o[26]                         <<<     -      R     (port)          -    -     -     0    5715    (-,-) 
#------------------------------------------------------------------------------------------------------------------------

