============================================================
  Generated by:           Genus(TM) Synthesis Solution 21.18-s082_1
  Generated on:           Oct 25 2025  02:10:18 pm
  Module:                 biriscv_multiplier
  Operating conditions:   PVT_0P9V_125C 
  Operating conditions:   PVT_1P32V_0C 
  Interconnect mode:      global
  Area mode:              physical library
============================================================

Timing
--------

Clock Period 
-------------
clk_i 5880.0 


  Cost    Critical             Violating 
 Group   Path Slack    TNS       Paths   
-----------------------------------------
clk_i         -85.1   -1691.0         26 
default    No paths       0.0            
-----------------------------------------
Total                 -1691.0         26 

Instance Count
--------------
Leaf Instance Count             3821 
Physical Instance count            0 
Sequential Instance Count          0 
Combinational Instance Count    3821 
Hierarchical Instance Count        0 

Area
----
Cell Area                          15568.182
Physical Cell Area                 0.000
Total Cell Area (Cell+Physical)    15568.182
Net Area                           5223.081
Total Area (Cell+Physical+Net)     20791.263

Max Fanout                         32 (n_271)
Min Fanout                         1 (SUB_UNS_OP1_n_1118)
Average Fanout                     1.7
Terms to net ratio                 2.6771
Terms to instance ratio            3.6993
Runtime                            209.91444800000028 seconds
Elapsed Runtime                    211 seconds
Genus peak memory usage            2179.79 
Innovus peak memory usage          no_value 
Hostname                           gmicro02
