============================================================
  Generated by:           Genus(TM) Synthesis Solution 21.18-s082_1
  Generated on:           Oct 25 2025  02:10:18 pm
  Module:                 biriscv_multiplier
  Operating conditions:   PVT_0P9V_125C 
  Operating conditions:   PVT_1P32V_0C 
  Interconnect mode:      global
  Area mode:              physical library
============================================================

                                                Library 
   Gate     Instances    Area        Library     Domain 
--------------------------------------------------------
ADDFHX1           289   2174.436    slow_vdd1v0   worst 
ADDFHX2           267   2191.536    slow_vdd1v0   worst 
ADDFHX4            12    114.912    slow_vdd1v0   worst 
ADDFHXL            13     97.812    slow_vdd1v0   worst 
ADDFX1            807   4139.910    slow_vdd1v0   worst 
ADDFX2              9     70.794    slow_vdd1v0   worst 
ADDHX1             24     90.288    slow_vdd1v0   worst 
ADDHX2             16     82.080    slow_vdd1v0   worst 
ADDHX4              3     21.546    slow_vdd1v0   worst 
AND2X1            195    266.760    slow_vdd1v0   worst 
AND2X2             36     61.560    slow_vdd1v0   worst 
AND2X4             28     76.608    slow_vdd1v0   worst 
AND2X6              6     22.572    slow_vdd1v0   worst 
AND2X8              1      4.446    slow_vdd1v0   worst 
AO21X1              1      2.394    slow_vdd1v0   worst 
AO21X4             19     64.980    slow_vdd1v0   worst 
AOI21X1             6     10.260    slow_vdd1v0   worst 
AOI21X2             3      8.208    slow_vdd1v0   worst 
AOI21X4            19     97.470    slow_vdd1v0   worst 
AOI21XL             1      1.710    slow_vdd1v0   worst 
AOI221X4           15    117.990    slow_vdd1v0   worst 
AOI22X4            28    172.368    slow_vdd1v0   worst 
AOI2BB1X1           1      2.052    slow_vdd1v0   worst 
AOI2BB1X2           7     21.546    slow_vdd1v0   worst 
AOI2BB1X4          12     49.248    slow_vdd1v0   worst 
AOI2BB2X4           3     22.572    slow_vdd1v0   worst 
BUFX12              8     41.040    slow_vdd1v0   worst 
BUFX16              2     13.680    slow_vdd1v0   worst 
BUFX2               1      1.710    slow_vdd1v0   worst 
BUFX3               7     14.364    slow_vdd1v0   worst 
BUFX4               1      2.394    slow_vdd1v0   worst 
BUFX6              82    252.396    slow_vdd1v0   worst 
BUFX8               1      3.762    slow_vdd1v0   worst 
CLKAND2X12         41    308.484    slow_vdd1v0   worst 
CLKAND2X2          92    188.784    slow_vdd1v0   worst 
CLKAND2X3          44    135.432    slow_vdd1v0   worst 
CLKAND2X4           3     10.260    slow_vdd1v0   worst 
CLKAND2X6          45    215.460    slow_vdd1v0   worst 
CLKAND2X8           4     23.256    slow_vdd1v0   worst 
CLKBUFX12           5     25.650    slow_vdd1v0   worst 
CLKBUFX16          12     82.080    slow_vdd1v0   worst 
CLKBUFX20           1      8.208    slow_vdd1v0   worst 
CLKBUFX4            1      2.394    slow_vdd1v0   worst 
CLKBUFX6            1      3.078    slow_vdd1v0   worst 
CLKINVX12          57    233.928    slow_vdd1v0   worst 
CLKINVX16          22    120.384    slow_vdd1v0   worst 
CLKINVX2            6      8.208    slow_vdd1v0   worst 
CLKINVX20          15     97.470    slow_vdd1v0   worst 
CLKINVX3            4      6.840    slow_vdd1v0   worst 
CLKINVX4           42     71.820    slow_vdd1v0   worst 
CLKINVX6           40     95.760    slow_vdd1v0   worst 
CLKINVX8           44    135.432    slow_vdd1v0   worst 
CLKMX2X2            2      6.156    slow_vdd1v0   worst 
CLKMX2X3            1      4.104    slow_vdd1v0   worst 
CLKMX2X4            3     12.312    slow_vdd1v0   worst 
CLKMX2X6            2      8.892    slow_vdd1v0   worst 
CLKXOR2X1          30     82.080    slow_vdd1v0   worst 
CLKXOR2X2           3     10.260    slow_vdd1v0   worst 
INVX1              57     38.988    slow_vdd1v0   worst 
INVX12              3     12.312    slow_vdd1v0   worst 
INVX16              4     21.888    slow_vdd1v0   worst 
INVX2              15     15.390    slow_vdd1v0   worst 
INVX20              2     12.996    slow_vdd1v0   worst 
INVX3              11     15.048    slow_vdd1v0   worst 
INVX6               2      4.788    slow_vdd1v0   worst 
INVXL               2      1.368    slow_vdd1v0   worst 
MXI2X2              2      8.892    slow_vdd1v0   worst 
MXI2X4              2     10.260    slow_vdd1v0   worst 
MXI2X6              5     25.650    slow_vdd1v0   worst 
MXI2X8              1      6.156    slow_vdd1v0   worst 
NAND2BX1            6      8.208    slow_vdd1v0   worst 
NAND2BX2            5     11.970    slow_vdd1v0   worst 
NAND2BX4            7     26.334    slow_vdd1v0   worst 
NAND2X1            10     10.260    slow_vdd1v0   worst 
NAND2X2            26     44.460    slow_vdd1v0   worst 
NAND2X4            58    198.360    slow_vdd1v0   worst 
NAND2X6            33    158.004    slow_vdd1v0   worst 
NAND2X8            23    125.856    slow_vdd1v0   worst 
NAND2XL             1      1.026    slow_vdd1v0   worst 
NAND3X4             1      4.788    slow_vdd1v0   worst 
NAND3X8             1      8.208    slow_vdd1v0   worst 
NOR2BX1            42     57.456    slow_vdd1v0   worst 
NOR2BX2             9     24.624    slow_vdd1v0   worst 
NOR2BX4            14     52.668    slow_vdd1v0   worst 
NOR2BXL             1      1.710    slow_vdd1v0   worst 
NOR2X1            228    233.928    slow_vdd1v0   worst 
NOR2X2            402    687.420    slow_vdd1v0   worst 
NOR2X4            147    452.466    slow_vdd1v0   worst 
NOR2X6             66    270.864    slow_vdd1v0   worst 
NOR2X8             37    202.464    slow_vdd1v0   worst 
NOR2XL              3      3.078    slow_vdd1v0   worst 
NOR3BX4             1      5.814    slow_vdd1v0   worst 
NOR3X4              3     15.390    slow_vdd1v0   worst 
NOR3X8              6     53.352    slow_vdd1v0   worst 
OA21X1              1      2.052    slow_vdd1v0   worst 
OAI21X2             7     21.546    slow_vdd1v0   worst 
OAI21X4            18     86.184    slow_vdd1v0   worst 
OAI22X2             2      6.840    slow_vdd1v0   worst 
OAI2BB1X2           1      3.078    slow_vdd1v0   worst 
OAI2BB1X4           6     26.676    slow_vdd1v0   worst 
OAI2BB2X2           5     27.360    slow_vdd1v0   worst 
OAI2BB2X4          13    111.150    slow_vdd1v0   worst 
OAI31X2             1      3.762    slow_vdd1v0   worst 
OR2X1              14     19.152    slow_vdd1v0   worst 
OR2X4               5     13.680    slow_vdd1v0   worst 
OR2X6              11     41.382    slow_vdd1v0   worst 
OR2X8               1      4.446    slow_vdd1v0   worst 
OR3X6               2      9.576    slow_vdd1v0   worst 
XNOR2X1            33     79.002    slow_vdd1v0   worst 
XNOR2X2            22     67.716    slow_vdd1v0   worst 
--------------------------------------------------------
total            3821  15568.182                


                                          
     Type      Instances    Area   Area % 
------------------------------------------
inverter             326   892.620    5.7 
buffer               122   450.756    2.9 
logic               3373 14224.806   91.4 
physical_cells         0     0.000    0.0 
------------------------------------------
total               3821 15568.182  100.0 

