============================================================
  Generated by:           Genus(TM) Synthesis Solution 21.18-s082_1
  Generated on:           Oct 29 2025  12:52:58 am
  Module:                 biriscv_multiplier
  Operating conditions:   PVT_0P9V_125C 
  Operating conditions:   PVT_1P32V_0C 
  Interconnect mode:      global
  Area mode:              physical library
============================================================

                                                Library 
   Gate     Instances    Area        Library     Domain 
--------------------------------------------------------
ADDFHX1           264   1986.336    fast_vdd1v2    best 
ADDFHX2           114    935.712    fast_vdd1v2    best 
ADDFHX4             1      9.576    fast_vdd1v2    best 
ADDFX1           1006   5160.780    fast_vdd1v2    best 
ADDFX2             16    125.856    fast_vdd1v2    best 
ADDHX1             28    105.336    fast_vdd1v2    best 
ADDHX2             12     61.560    fast_vdd1v2    best 
ADDHX4              9     64.638    fast_vdd1v2    best 
AND2X1            625    855.000    fast_vdd1v2    best 
AND2X2              4      6.840    fast_vdd1v2    best 
AND2X4              9     24.624    fast_vdd1v2    best 
AND2X6              9     33.858    fast_vdd1v2    best 
AND2X8              5     22.230    fast_vdd1v2    best 
AO21X1              1      2.394    fast_vdd1v2    best 
AO21X4              1      3.420    fast_vdd1v2    best 
AO22X1             11     30.096    fast_vdd1v2    best 
AOI211X4            2     12.996    fast_vdd1v2    best 
AOI21X1             8     13.680    fast_vdd1v2    best 
AOI21X2            13     35.568    fast_vdd1v2    best 
AOI21X4            14     71.820    fast_vdd1v2    best 
AOI221X4            3     23.598    fast_vdd1v2    best 
AOI22X4            15     92.340    fast_vdd1v2    best 
AOI2BB1X1           3      6.156    fast_vdd1v2    best 
AOI2BB1X2           2      6.156    fast_vdd1v2    best 
AOI2BB1X4           5     20.520    fast_vdd1v2    best 
AOI2BB2X2           1      5.130    fast_vdd1v2    best 
AOI2BB2X4           4     30.096    fast_vdd1v2    best 
AOI31X4             2     12.996    fast_vdd1v2    best 
BUFX12             17     87.210    fast_vdd1v2    best 
BUFX2              75    128.250    fast_vdd1v2    best 
BUFX3               5     10.260    fast_vdd1v2    best 
BUFX6              14     43.092    fast_vdd1v2    best 
BUFX8               2      7.524    fast_vdd1v2    best 
CLKAND2X12         26    195.624    fast_vdd1v2    best 
CLKAND2X2          13     26.676    fast_vdd1v2    best 
CLKAND2X3           8     24.624    fast_vdd1v2    best 
CLKAND2X4           1      3.420    fast_vdd1v2    best 
CLKAND2X6           7     33.516    fast_vdd1v2    best 
CLKAND2X8           4     23.256    fast_vdd1v2    best 
CLKBUFX12           4     20.520    fast_vdd1v2    best 
CLKBUFX16           1      6.840    fast_vdd1v2    best 
CLKBUFX3           26     53.352    fast_vdd1v2    best 
CLKBUFX4            1      2.394    fast_vdd1v2    best 
CLKINVX12          42    172.368    fast_vdd1v2    best 
CLKINVX16          15     82.080    fast_vdd1v2    best 
CLKINVX2            9     12.312    fast_vdd1v2    best 
CLKINVX20           3     19.494    fast_vdd1v2    best 
CLKINVX3           22     37.620    fast_vdd1v2    best 
CLKINVX4          104    177.840    fast_vdd1v2    best 
CLKINVX6           90    215.460    fast_vdd1v2    best 
CLKINVX8           87    267.786    fast_vdd1v2    best 
CLKMX2X2            4     12.312    fast_vdd1v2    best 
CLKMX2X3            4     16.416    fast_vdd1v2    best 
CLKMX2X4            1      4.104    fast_vdd1v2    best 
CLKMX2X6            1      4.446    fast_vdd1v2    best 
CLKXOR2X1          32     87.552    fast_vdd1v2    best 
CLKXOR2X2           9     30.780    fast_vdd1v2    best 
INVX1              53     36.252    fast_vdd1v2    best 
INVX2              19     19.494    fast_vdd1v2    best 
INVX3              21     28.728    fast_vdd1v2    best 
INVX8               1      3.078    fast_vdd1v2    best 
INVXL               1      0.684    fast_vdd1v2    best 
MX2X1               6     14.364    fast_vdd1v2    best 
MXI2X4              3     15.390    fast_vdd1v2    best 
MXI2X6              7     35.910    fast_vdd1v2    best 
MXI2X8             16     98.496    fast_vdd1v2    best 
NAND2BX1           10     13.680    fast_vdd1v2    best 
NAND2BX2            8     19.152    fast_vdd1v2    best 
NAND2BX4           10     37.620    fast_vdd1v2    best 
NAND2X1            37     37.962    fast_vdd1v2    best 
NAND2X2            43     73.530    fast_vdd1v2    best 
NAND2X4            57    194.940    fast_vdd1v2    best 
NAND2X6            23    110.124    fast_vdd1v2    best 
NAND2X8            39    213.408    fast_vdd1v2    best 
NAND3X4             1      4.788    fast_vdd1v2    best 
NAND3X6             2     14.364    fast_vdd1v2    best 
NOR2BX1            22     30.096    fast_vdd1v2    best 
NOR2BX2            10     27.360    fast_vdd1v2    best 
NOR2BX4             4     15.048    fast_vdd1v2    best 
NOR2X1            299    306.774    fast_vdd1v2    best 
NOR2X2            112    191.520    fast_vdd1v2    best 
NOR2X4             67    206.226    fast_vdd1v2    best 
NOR2X6             37    151.848    fast_vdd1v2    best 
NOR2X8             27    147.744    fast_vdd1v2    best 
NOR2XL              1      1.026    fast_vdd1v2    best 
NOR3BX4             2     11.628    fast_vdd1v2    best 
NOR3X4              1      5.130    fast_vdd1v2    best 
NOR3X6              3     21.546    fast_vdd1v2    best 
NOR3X8              2     17.784    fast_vdd1v2    best 
OA21X1              3      6.156    fast_vdd1v2    best 
OAI211X4            2     12.996    fast_vdd1v2    best 
OAI21X1             5      8.550    fast_vdd1v2    best 
OAI21X2             4     12.312    fast_vdd1v2    best 
OAI21X4            38    181.944    fast_vdd1v2    best 
OAI22X4             2     12.996    fast_vdd1v2    best 
OAI2BB1X1           1      1.710    fast_vdd1v2    best 
OAI2BB1X2           1      3.078    fast_vdd1v2    best 
OAI2BB1X4           5     22.230    fast_vdd1v2    best 
OR2X1               6      8.208    fast_vdd1v2    best 
OR2X2               1      1.710    fast_vdd1v2    best 
OR2X4               4     10.944    fast_vdd1v2    best 
OR2X6               4     15.048    fast_vdd1v2    best 
XNOR2X1            48    114.912    fast_vdd1v2    best 
XNOR2X2            18     55.404    fast_vdd1v2    best 
XNOR2X4             3     11.286    fast_vdd1v2    best 
--------------------------------------------------------
total            3903  14151.618                


                                          
     Type      Instances    Area   Area % 
------------------------------------------
inverter             467  1073.196    7.6 
buffer               145   359.442    2.5 
logic               3291 12718.980   89.9 
physical_cells         0     0.000    0.0 
------------------------------------------
total               3903 14151.618  100.0 

