============================================================
  Generated by:           Genus(TM) Synthesis Solution 21.18-s082_1
  Generated on:           Oct 29 2025  01:25:59 am
  Module:                 biriscv_multiplier
  Operating conditions:   PVT_0P9V_125C 
  Operating conditions:   PVT_1P32V_0C 
  Interconnect mode:      global
  Area mode:              physical library
============================================================


Path 1: MET (0 ps) Late External Delay Assertion at pin writeback_value_o[13]
          Group: clk_i
     Startpoint: (R) opcode_opcode_i[14]
          Clock: (R) clk_i
       Endpoint: (F) writeback_value_o[13]
          Clock: (R) clk_i

                     Capture       Launch     
        Clock Edge:+    1640            0     
        Drv Adjust:+       0            0     
       Src Latency:+       0            0     
       Net Latency:+     100 (I)      100 (I) 
           Arrival:=    1740          100     
                                              
      Output Delay:-     300                  
       Uncertainty:-      50                  
     Required Time:=    1390                  
      Launch Clock:-     100                  
       Input Delay:-     300                  
         Data Path:-     990                  
             Slack:=       0                  

Exceptions/Constraints:
  input_delay              300             biriscv_multiplier.s_line_30_19_1  
  output_delay             300             biriscv_multiplier.s_line_35_115_1 

#----------------------------------------------------------------------------------------------------------------
#             Timing Point              Flags    Arc   Edge    Cell     Fanout Load Trans Delay Arrival Instance 
#                                                                              (fF)  (ps)  (ps)   (ps)  Location 
#----------------------------------------------------------------------------------------------------------------
  opcode_opcode_i[14]                   -       -      R     (arrival)       1  9.0   264     0     400    (-,-) 
  g10970/Y                              -       A->Y   F     CLKINVX12       1  5.7    37    29     429    (-,-) 
  g10969/Y                              -       A->Y   R     CLKINVX6        2  6.7    13    11     440    (-,-) 
  g21350/Y                              -       A->Y   F     CLKINVX4        1  4.7    10     9     449    (-,-) 
  g21349/Y                              -       A->Y   R     CLKINVX4        2  8.8    15    12     461    (-,-) 
  g21284/Y                              -       A->Y   F     NOR2X8          3 11.9    16    13     474    (-,-) 
  g21278/Y                              -       A->Y   F     CLKAND2X12     13 31.1    22    32     506    (-,-) 
  g21175/Y                              -       S0->Y  F     MXI2X8         19 42.4    38    62     568    (-,-) 
  g21145/Y                              -       A->Y   R     CLKINVX6       14 26.2    31    21     590    (-,-) 
  g21645/CO                             -       A->CO  R     ADDHX2          2  5.3    20    36     625    (-,-) 
  WALLACE_CSA_DUMMY_OP_groupi_g21637/CO -       A->CO  R     ADDHX2          2  5.7    22    35     660    (-,-) 
  WALLACE_CSA_DUMMY_OP_groupi_g5447/CO  -       CI->CO R     ADDFX2          1  4.1    19    41     701    (-,-) 
  WALLACE_CSA_DUMMY_OP_groupi_g5446/CO  -       A->CO  R     ADDFX2          1  3.7    18    41     742    (-,-) 
  WALLACE_CSA_DUMMY_OP_groupi_g5445/CO  -       CI->CO R     ADDFX1          1  4.1    27    40     783    (-,-) 
  WALLACE_CSA_DUMMY_OP_groupi_g5444/CO  -       A->CO  R     ADDFX2          1  4.0    18    43     826    (-,-) 
  WALLACE_CSA_DUMMY_OP_groupi_g5443/CO  -       CI->CO R     ADDFHX2         1  4.2    18    38     863    (-,-) 
  WALLACE_CSA_DUMMY_OP_groupi_g5438/CO  -       CI->CO R     ADDFHX4         3  8.6    22    43     906    (-,-) 
  WALLACE_CSA_DUMMY_OP_groupi_g5430/Y   -       A2->Y  F     AOI31X4         2  6.5    42    32     938    (-,-) 
  WALLACE_CSA_DUMMY_OP_groupi_g5425/Y   -       A1->Y  R     OAI21X4         1  4.2    25    20     958    (-,-) 
  WALLACE_CSA_DUMMY_OP_groupi_g5409/CO  -       CI->CO R     ADDFHX4         3  8.7    22    44    1002    (-,-) 
  WALLACE_CSA_DUMMY_OP_groupi_g5407/Y   -       A1->Y  F     AOI21X4         2  6.8    30    23    1026    (-,-) 
  WALLACE_CSA_DUMMY_OP_groupi_g5402/Y   -       A1->Y  R     OAI21X4         2  7.0    30    23    1048    (-,-) 
  WALLACE_CSA_DUMMY_OP_groupi_g5392/Y   -       A1->Y  F     AOI21X4         2  8.3    35    27    1075    (-,-) 
  WALLACE_CSA_DUMMY_OP_groupi_g5377/Y   -       C->Y   R     NOR3X8          1  7.1    27    20    1095    (-,-) 
  WALLACE_CSA_DUMMY_OP_groupi_g5352/Y   -       C->Y   F     NOR3X8          4 10.6    20    13    1107    (-,-) 
  WALLACE_CSA_DUMMY_OP_groupi_g5323/Y   -       A1->Y  R     OAI22X4         2  8.8    41    26    1134    (-,-) 
  WALLACE_CSA_DUMMY_OP_groupi_g5273/Y   -       C->Y   F     NAND3X8         1  5.7    28    22    1156    (-,-) 
  WALLACE_CSA_DUMMY_OP_groupi_g5154/Y   -       B->Y   R     NAND2X6         2  8.4    15    12    1168    (-,-) 
  WALLACE_CSA_DUMMY_OP_groupi_g5134/Y   -       B->Y   F     NAND2X6         1  6.6    19    15    1183    (-,-) 
  WALLACE_CSA_DUMMY_OP_groupi_g5132/Y   -       C->Y   R     NAND3X8         3 11.9    21    12    1195    (-,-) 
  WALLACE_CSA_DUMMY_OP_groupi_g5106/Y   -       A1->Y  F     AOI21X4         2 11.1    40    30    1225    (-,-) 
  WALLACE_CSA_DUMMY_OP_groupi_g5099/Y   -       A->Y   R     CLKINVX8        5 15.2    18    14    1238    (-,-) 
  WALLACE_CSA_DUMMY_OP_groupi_g5076/Y   -       A1->Y  F     AOI21X4         3 10.0    38    27    1266    (-,-) 
  WALLACE_CSA_DUMMY_OP_groupi_g5053/Y   -       A1->Y  R     OAI21X4         1  3.5    22    19    1285    (-,-) 
  WALLACE_CSA_DUMMY_OP_groupi_g5044/Y   -       B->Y   F     CLKXOR2X1       1  3.4    21    37    1322    (-,-) 
  g11511/Y                              -       B1->Y  F     AO22X4          1  4.8    17    39    1361    (-,-) 
  fopt11528/Y                           -       A->Y   F     CLKBUFX16       1 47.9    25    29    1390    (-,-) 
  writeback_value_o[13]                 <<<     -      F     (port)          -    -     -     0    1390    (-,-) 
#----------------------------------------------------------------------------------------------------------------

