============================================================
  Generated by:           Genus(TM) Synthesis Solution 21.18-s082_1
  Generated on:           Oct 29 2025  01:25:59 am
  Module:                 biriscv_multiplier
  Operating conditions:   PVT_0P9V_125C 
  Operating conditions:   PVT_1P32V_0C 
  Interconnect mode:      global
  Area mode:              physical library
============================================================

Timing
--------

Clock Period 
-------------
clk_i 1640.0 


  Cost    Critical         Violating 
 Group   Path Slack  TNS     Paths   
-------------------------------------
clk_i           0.0   0.0          0 
default    No paths   0.0            
-------------------------------------
Total                 0.0          0 

Instance Count
--------------
Leaf Instance Count             3920 
Physical Instance count            0 
Sequential Instance Count          0 
Combinational Instance Count    3920 
Hierarchical Instance Count        0 

Area
----
Cell Area                          14189.922
Physical Cell Area                 0.000
Total Cell Area (Cell+Physical)    14189.922
Net Area                           5230.931
Total Area (Cell+Physical+Net)     19420.853

Max Fanout                         32 (n_5)
Min Fanout                         1 (SUB_UNS_OP1_n_742)
Average Fanout                     1.6
Terms to net ratio                 2.6257
Terms to instance ratio            3.6097
Runtime                            221.5045170000002 seconds
Elapsed Runtime                    222 seconds
Genus peak memory usage            2213.89 
Innovus peak memory usage          no_value 
Hostname                           gmicro02
