============================================================
  Generated by:           Genus(TM) Synthesis Solution 21.18-s082_1
  Generated on:           Oct 29 2025  01:25:59 am
  Module:                 biriscv_multiplier
  Operating conditions:   PVT_0P9V_125C 
  Operating conditions:   PVT_1P32V_0C 
  Interconnect mode:      global
  Area mode:              physical library
============================================================

                                                Library 
   Gate     Instances    Area        Library     Domain 
--------------------------------------------------------
ADDFHX1           289   2174.436    fast_vdd1v2    best 
ADDFHX2            97    796.176    fast_vdd1v2    best 
ADDFHX4             2     19.152    fast_vdd1v2    best 
ADDFX1            999   5124.870    fast_vdd1v2    best 
ADDFX2             15    117.990    fast_vdd1v2    best 
ADDHX1             30    112.860    fast_vdd1v2    best 
ADDHX2             11     56.430    fast_vdd1v2    best 
ADDHX4              6     43.092    fast_vdd1v2    best 
AND2X1            448    612.864    fast_vdd1v2    best 
AND2X2              9     15.390    fast_vdd1v2    best 
AND2X4             14     38.304    fast_vdd1v2    best 
AND2X6              4     15.048    fast_vdd1v2    best 
AND2X8              4     17.784    fast_vdd1v2    best 
AO21X4              4     13.680    fast_vdd1v2    best 
AO22X1              6     16.416    fast_vdd1v2    best 
AO22X4              4     15.048    fast_vdd1v2    best 
AOI211X4            1      6.498    fast_vdd1v2    best 
AOI21X1             5      8.550    fast_vdd1v2    best 
AOI21X2             8     21.888    fast_vdd1v2    best 
AOI21X4            18     92.340    fast_vdd1v2    best 
AOI221X4            2     15.732    fast_vdd1v2    best 
AOI222X4            1      9.576    fast_vdd1v2    best 
AOI22X4            13     80.028    fast_vdd1v2    best 
AOI2BB1X1           1      2.052    fast_vdd1v2    best 
AOI2BB1X2           2      6.156    fast_vdd1v2    best 
AOI2BB1X4           6     24.624    fast_vdd1v2    best 
AOI2BB2X4           1      7.524    fast_vdd1v2    best 
AOI31X4             1      6.498    fast_vdd1v2    best 
BUFX12             13     66.690    fast_vdd1v2    best 
BUFX16              1      6.840    fast_vdd1v2    best 
BUFX2              83    141.930    fast_vdd1v2    best 
BUFX20              1      8.208    fast_vdd1v2    best 
BUFX3              10     20.520    fast_vdd1v2    best 
BUFX6              70    215.460    fast_vdd1v2    best 
BUFX8               2      7.524    fast_vdd1v2    best 
CLKAND2X12         20    150.480    fast_vdd1v2    best 
CLKAND2X2          22     45.144    fast_vdd1v2    best 
CLKAND2X3          11     33.858    fast_vdd1v2    best 
CLKAND2X6          16     76.608    fast_vdd1v2    best 
CLKAND2X8           2     11.628    fast_vdd1v2    best 
CLKBUFX12           5     25.650    fast_vdd1v2    best 
CLKBUFX16           4     27.360    fast_vdd1v2    best 
CLKBUFX3           28     57.456    fast_vdd1v2    best 
CLKINVX1            1      1.026    fast_vdd1v2    best 
CLKINVX12          60    246.240    fast_vdd1v2    best 
CLKINVX16          18     98.496    fast_vdd1v2    best 
CLKINVX2           11     15.048    fast_vdd1v2    best 
CLKINVX20           3     19.494    fast_vdd1v2    best 
CLKINVX3           16     27.360    fast_vdd1v2    best 
CLKINVX4           82    140.220    fast_vdd1v2    best 
CLKINVX6          106    253.764    fast_vdd1v2    best 
CLKINVX8           79    243.162    fast_vdd1v2    best 
CLKMX2X4            5     20.520    fast_vdd1v2    best 
CLKMX2X6            1      4.446    fast_vdd1v2    best 
CLKXOR2X1          30     82.080    fast_vdd1v2    best 
CLKXOR2X2          10     34.200    fast_vdd1v2    best 
CLKXOR2X4           2      8.892    fast_vdd1v2    best 
INVX1              34     23.256    fast_vdd1v2    best 
INVX2              28     28.728    fast_vdd1v2    best 
INVX3              17     23.256    fast_vdd1v2    best 
MX2X1               4      9.576    fast_vdd1v2    best 
MXI2X4              1      5.130    fast_vdd1v2    best 
MXI2X6              5     25.650    fast_vdd1v2    best 
MXI2X8             24    147.744    fast_vdd1v2    best 
NAND2BX1           14     19.152    fast_vdd1v2    best 
NAND2BX2            7     16.758    fast_vdd1v2    best 
NAND2BX4            8     30.096    fast_vdd1v2    best 
NAND2X1            38     38.988    fast_vdd1v2    best 
NAND2X2            40     68.400    fast_vdd1v2    best 
NAND2X4            54    184.680    fast_vdd1v2    best 
NAND2X6            26    124.488    fast_vdd1v2    best 
NAND2X8            34    186.048    fast_vdd1v2    best 
NAND3X4             1      4.788    fast_vdd1v2    best 
NAND3X8             3     24.624    fast_vdd1v2    best 
NOR2BX1            38     51.984    fast_vdd1v2    best 
NOR2BX2             5     13.680    fast_vdd1v2    best 
NOR2BX4             3     11.286    fast_vdd1v2    best 
NOR2X1            435    446.310    fast_vdd1v2    best 
NOR2X2            133    227.430    fast_vdd1v2    best 
NOR2X4             44    135.432    fast_vdd1v2    best 
NOR2X6             48    196.992    fast_vdd1v2    best 
NOR2X8             21    114.912    fast_vdd1v2    best 
NOR3X1              1      1.710    fast_vdd1v2    best 
NOR3X2              1      2.736    fast_vdd1v2    best 
NOR3X4              2     10.260    fast_vdd1v2    best 
NOR3X8              5     44.460    fast_vdd1v2    best 
OA21X1              2      4.104    fast_vdd1v2    best 
OAI21X1             6     10.260    fast_vdd1v2    best 
OAI21X2             5     15.390    fast_vdd1v2    best 
OAI21X4            31    148.428    fast_vdd1v2    best 
OAI22X4             1      6.498    fast_vdd1v2    best 
OAI2BB1X1           3      5.130    fast_vdd1v2    best 
OAI2BB1X4           3     13.338    fast_vdd1v2    best 
OR2X1               4      5.472    fast_vdd1v2    best 
OR2X2               2      3.420    fast_vdd1v2    best 
OR2X4               3      8.208    fast_vdd1v2    best 
OR2X6               3     11.286    fast_vdd1v2    best 
XNOR2X1            54    129.276    fast_vdd1v2    best 
XNOR2X2            16     49.248    fast_vdd1v2    best 
--------------------------------------------------------
total            3920  14189.922                


                                          
     Type      Instances    Area   Area % 
------------------------------------------
inverter             455  1120.050    7.9 
buffer               217   577.638    4.1 
logic               3248 12492.234   88.0 
physical_cells         0     0.000    0.0 
------------------------------------------
total               3920 14189.922  100.0 

