============================================================
  Generated by:           Genus(TM) Synthesis Solution 21.18-s082_1
  Generated on:           Oct 29 2025  05:08:09 pm
  Module:                 biriscv_multiplier
  Operating conditions:   PVT_0P9V_125C 
  Operating conditions:   PVT_1P32V_0C 
  Interconnect mode:      global
  Area mode:              physical library
============================================================

                                                Library 
   Gate     Instances    Area        Library     Domain 
--------------------------------------------------------
ADDFHX1            49    368.676    fast_vdd1v2    best 
ADDFHX2            13    106.704    fast_vdd1v2    best 
ADDFHX4             1      9.576    fast_vdd1v2    best 
ADDFX1           1154   5920.020    fast_vdd1v2    best 
ADDHX1             29    109.098    fast_vdd1v2    best 
AND2X1            153    209.304    fast_vdd1v2    best 
AND2X2              6     10.260    fast_vdd1v2    best 
AND2X4              4     10.944    fast_vdd1v2    best 
AND3X1              1      2.394    fast_vdd1v2    best 
AND3XL              5     10.260    fast_vdd1v2    best 
AND4X1              1      2.394    fast_vdd1v2    best 
AO21X1             18     43.092    fast_vdd1v2    best 
AO21X2              1      2.736    fast_vdd1v2    best 
AO21X4              4     13.680    fast_vdd1v2    best 
AO22X1           1025   2804.400    fast_vdd1v2    best 
AO22X4             30    112.860    fast_vdd1v2    best 
AOI211X4            4     25.992    fast_vdd1v2    best 
AOI21X1            91    155.610    fast_vdd1v2    best 
AOI21X2            41    112.176    fast_vdd1v2    best 
AOI21X4            31    159.030    fast_vdd1v2    best 
AOI221X1            5     11.970    fast_vdd1v2    best 
AOI221X2            1      4.446    fast_vdd1v2    best 
AOI222X4            1      9.576    fast_vdd1v2    best 
AOI22X2             1      3.762    fast_vdd1v2    best 
AOI22X4            31    190.836    fast_vdd1v2    best 
AOI2BB1X1          14     28.728    fast_vdd1v2    best 
AOI2BB1X2           8     24.624    fast_vdd1v2    best 
AOI2BB1X4          10     41.040    fast_vdd1v2    best 
AOI31X1            12     24.624    fast_vdd1v2    best 
AOI31X4             9     58.482    fast_vdd1v2    best 
BUFX12              2     10.260    fast_vdd1v2    best 
BUFX2              71    121.410    fast_vdd1v2    best 
BUFX20              1      8.208    fast_vdd1v2    best 
BUFX3               7     14.364    fast_vdd1v2    best 
BUFX6              15     46.170    fast_vdd1v2    best 
CLKAND2X12          3     22.572    fast_vdd1v2    best 
CLKAND2X2          10     20.520    fast_vdd1v2    best 
CLKAND2X3           5     15.390    fast_vdd1v2    best 
CLKAND2X6          15     71.820    fast_vdd1v2    best 
CLKBUFX16           1      6.840    fast_vdd1v2    best 
CLKBUFX3           26     53.352    fast_vdd1v2    best 
CLKBUFX4            1      2.394    fast_vdd1v2    best 
CLKINVX12          38    155.952    fast_vdd1v2    best 
CLKINVX2            2      2.736    fast_vdd1v2    best 
CLKINVX20           2     12.996    fast_vdd1v2    best 
CLKINVX3            1      1.710    fast_vdd1v2    best 
CLKINVX4          145    247.950    fast_vdd1v2    best 
CLKINVX6           77    184.338    fast_vdd1v2    best 
CLKINVX8           68    209.304    fast_vdd1v2    best 
CLKMX2X2           16     49.248    fast_vdd1v2    best 
CLKMX2X4           14     57.456    fast_vdd1v2    best 
CLKXOR2X1          38    103.968    fast_vdd1v2    best 
CLKXOR2X2           1      3.420    fast_vdd1v2    best 
DFFRHQX1         1601   9855.756    fast_vdd1v2    best 
DFFRHQX2            3     23.598    fast_vdd1v2    best 
DFFRHQX4          127   1216.152    fast_vdd1v2    best 
DFFRHQX8            4     45.144    fast_vdd1v2    best 
DFFRX2             61    458.964    fast_vdd1v2    best 
INVX1             154    105.336    fast_vdd1v2    best 
INVX2              44     45.144    fast_vdd1v2    best 
INVX3              20     27.360    fast_vdd1v2    best 
INVX4               1      1.710    fast_vdd1v2    best 
INVXL               5      3.420    fast_vdd1v2    best 
MX2X1             208    497.952    fast_vdd1v2    best 
NAND2BX1           47     64.296    fast_vdd1v2    best 
NAND2BX2            3      7.182    fast_vdd1v2    best 
NAND2BX4            6     22.572    fast_vdd1v2    best 
NAND2X1           176    180.576    fast_vdd1v2    best 
NAND2X2            37     63.270    fast_vdd1v2    best 
NAND2X4            27     92.340    fast_vdd1v2    best 
NAND2X6            19     90.972    fast_vdd1v2    best 
NAND2X8            10     54.720    fast_vdd1v2    best 
NAND3BX1            8     16.416    fast_vdd1v2    best 
NAND3BX2            3      9.234    fast_vdd1v2    best 
NAND3BX4            1      5.130    fast_vdd1v2    best 
NAND3X1             8     13.680    fast_vdd1v2    best 
NAND3X2             4     10.944    fast_vdd1v2    best 
NAND3X4             5     23.940    fast_vdd1v2    best 
NAND3X6             1      7.182    fast_vdd1v2    best 
NAND4X1             1      2.052    fast_vdd1v2    best 
NAND4X2             4     15.048    fast_vdd1v2    best 
NOR2BX1           122    166.896    fast_vdd1v2    best 
NOR2BX2             2      5.472    fast_vdd1v2    best 
NOR2X1            133    136.458    fast_vdd1v2    best 
NOR2X2             94    160.740    fast_vdd1v2    best 
NOR2X4             45    138.510    fast_vdd1v2    best 
NOR2X6             39    160.056    fast_vdd1v2    best 
NOR2X8             14     76.608    fast_vdd1v2    best 
NOR3BX1             6     12.312    fast_vdd1v2    best 
NOR3BX2             2      6.840    fast_vdd1v2    best 
NOR3BX4             1      5.814    fast_vdd1v2    best 
NOR3X1              3      5.130    fast_vdd1v2    best 
NOR3X2              2      5.472    fast_vdd1v2    best 
NOR3X4              5     25.650    fast_vdd1v2    best 
NOR3X6              1      7.182    fast_vdd1v2    best 
NOR3X8              1      8.892    fast_vdd1v2    best 
NOR4BX1             4      9.576    fast_vdd1v2    best 
NOR4BX2             1      4.788    fast_vdd1v2    best 
NOR4X1              1      1.710    fast_vdd1v2    best 
OA21X1              7     14.364    fast_vdd1v2    best 
OA21X2              3      9.234    fast_vdd1v2    best 
OAI211X1            2      3.420    fast_vdd1v2    best 
OAI21X1            56     95.760    fast_vdd1v2    best 
OAI21X2            36    110.808    fast_vdd1v2    best 
OAI21X4            45    215.460    fast_vdd1v2    best 
OAI221X2            1      4.788    fast_vdd1v2    best 
OAI221X4            3     23.598    fast_vdd1v2    best 
OAI22X1            28     57.456    fast_vdd1v2    best 
OAI2BB1X1         562    961.020    fast_vdd1v2    best 
OAI2BB1X2          10     30.780    fast_vdd1v2    best 
OAI2BB1X4          10     44.460    fast_vdd1v2    best 
OAI31X1             2      4.104    fast_vdd1v2    best 
OR2X1             108    147.744    fast_vdd1v2    best 
OR2X2              12     20.520    fast_vdd1v2    best 
OR2X4              22     60.192    fast_vdd1v2    best 
OR2X6              14     52.668    fast_vdd1v2    best 
OR2X8              10     44.460    fast_vdd1v2    best 
OR3X6               1      4.788    fast_vdd1v2    best 
OR4X1               2      4.104    fast_vdd1v2    best 
XNOR2X1           229    548.226    fast_vdd1v2    best 
XNOR2X2            31     95.418    fast_vdd1v2    best 
XOR2X2              1      3.420    fast_vdd1v2    best 
--------------------------------------------------------
total            7571  28464.660                


                                          
     Type      Instances    Area   Area % 
------------------------------------------
sequential          1796 11599.614   40.8 
inverter             557   997.956    3.5 
buffer               124   262.998    0.9 
logic               5094 15604.092   54.8 
physical_cells         0     0.000    0.0 
------------------------------------------
total               7571 28464.660  100.0 

