============================================================
  Generated by:           Genus(TM) Synthesis Solution 21.18-s082_1
  Generated on:           Oct 29 2025  05:08:09 pm
  Module:                 biriscv_multiplier
  Operating conditions:   PVT_0P9V_125C 
  Operating conditions:   PVT_1P32V_0C 
  Interconnect mode:      global
  Area mode:              physical library
============================================================

Timing
--------

Clock Period 
-------------
clk_i  770.0 


  Cost    Critical            Violating 
 Group   Path Slack    TNS      Paths   
----------------------------------------
clk_i         -14.4   -302.3         29 
default    No paths      0.0            
----------------------------------------
Total                 -302.3         29 

Instance Count
--------------
Leaf Instance Count             7571 
Physical Instance count            0 
Sequential Instance Count       1796 
Combinational Instance Count    5775 
Hierarchical Instance Count        0 

Area
----
Cell Area                          28464.660
Physical Cell Area                 0.000
Total Cell Area (Cell+Physical)    28464.660
Net Area                           9688.055
Total Area (Cell+Physical+Net)     38152.715

Max Fanout                         1796 (clk_i)
Min Fanout                         0 (n_53)
Average Fanout                     2.2
Terms to net ratio                 3.3924
Terms to instance ratio            3.9552
Runtime                            216.47401 seconds
Elapsed Runtime                    213 seconds
Genus peak memory usage            2115.64 
Innovus peak memory usage          no_value 
Hostname                           gmicro02
