============================================================
  Generated by:           Genus(TM) Synthesis Solution 21.18-s082_1
  Generated on:           Oct 29 2025  12:24:59 am
  Module:                 biriscv_multiplier
  Operating conditions:   PVT_0P9V_125C 
  Operating conditions:   PVT_1P32V_0C 
  Interconnect mode:      global
  Area mode:              physical library
============================================================


Path 1: MET (0 ps) Late External Delay Assertion at pin writeback_value_o[31]
          Group: clk_i
     Startpoint: (R) opcode_ra_operand_i[31]
          Clock: (R) clk_i
       Endpoint: (F) writeback_value_o[31]
          Clock: (R) clk_i

                     Capture       Launch     
        Clock Edge:+    1820            0     
        Drv Adjust:+       0            0     
       Src Latency:+       0            0     
       Net Latency:+     100 (I)      100 (I) 
           Arrival:=    1920          100     
                                              
      Output Delay:-     300                  
       Uncertainty:-      50                  
     Required Time:=    1570                  
      Launch Clock:-     100                  
       Input Delay:-     300                  
         Data Path:-    1170                  
             Slack:=       0                  

Exceptions/Constraints:
  input_delay              300             biriscv_multiplier.s_line_30_34_1 
  output_delay             300             biriscv_multiplier.s_line_35      

#-----------------------------------------------------------------------------------------------------------------------
#                 Timing Point                  Flags    Arc   Edge   Cell     Fanout Load Trans Delay Arrival Instance 
#                                                                                     (fF)  (ps)  (ps)   (ps)  Location 
#-----------------------------------------------------------------------------------------------------------------------
  opcode_ra_operand_i[31]                       -       -      R     (arrival)      1  4.4   264     0     400    (-,-) 
  g11002/Y                                      -       A->Y   F     INVX3          2  5.8    55    47     447    (-,-) 
  g11001/Y                                      -       A->Y   R     INVX2          1  4.9    24    19     466    (-,-) 
  SUB_UNS_OP1_g1106/Y                           -       A->Y   F     CLKINVX4       4 13.6    25    18     485    (-,-) 
  SUB_UNS_OP1_g958/Y                            -       A->Y   R     NOR3X4         1  4.9    29    26     511    (-,-) 
  SUB_UNS_OP1_g948/Y                            -       B->Y   F     NAND2X4        1  5.8    24    19     530    (-,-) 
  SUB_UNS_OP1_g926/Y                            -       B->Y   R     NOR3X6         1  4.9    24    21     551    (-,-) 
  SUB_UNS_OP1_g906/Y                            -       B0->Y  F     AOI2BB1X4      1  4.7    15    13     564    (-,-) 
  SUB_UNS_OP1_g897/Y                            -       B->Y   R     NAND2X4        1  4.9    16    10     574    (-,-) 
  g21252/Y                                      -       B0->Y  F     AOI2BB2X4      2 10.3    45    25     599    (-,-) 
  fopt21600/Y                                   -       A->Y   R     CLKINVX12     31 56.4    35    25     625    (-,-) 
  g20578__2398/Y                                -       A->Y   R     AND2X1         2  6.2    37    39     664    (-,-) 
  g20049__5526/Y                                -       B->Y   R     AND2X6        25 64.8    68    61     725    (-,-) 
  WALLACE_CSA_DUMMY_OP_groupi_cdnfadd_039_0/CO  -       CI->CO R     ADDFX1         1  3.7    25    47     772    (-,-) 
  WALLACE_CSA_DUMMY_OP_groupi_cdnfadd_040_10/S  -       CI->S  F     ADDFX1         1  3.7    25    57     829    (-,-) 
  WALLACE_CSA_DUMMY_OP_groupi_cdnfadd_040_17/S  -       CI->S  R     ADDFX1         1  3.7    25    59     888    (-,-) 
  WALLACE_CSA_DUMMY_OP_groupi_cdnfadd_040_23/S  -       CI->S  F     ADDFX1         1  3.7    25    57     945    (-,-) 
  WALLACE_CSA_DUMMY_OP_groupi_cdnfadd_040_26/CO -       CI->CO F     ADDFX1         1  3.7    25    44     988    (-,-) 
  WALLACE_CSA_DUMMY_OP_groupi_cdnfadd_041_27/S  -       CI->S  R     ADDFX1         1  3.7    25    59    1047    (-,-) 
  WALLACE_CSA_DUMMY_OP_groupi_cdnfadd_041_28/S  -       CI->S  F     ADDFX1         1  4.0    27    58    1105    (-,-) 
  WALLACE_CSA_DUMMY_OP_groupi_cdnfadd_041_29/S  -       B->S   R     ADDFX1         2  5.0    32    66    1171    (-,-) 
  WALLACE_CSA_DUMMY_OP_groupi_g4234/Y           -       B->Y   R     OR2X2          3  7.4    24    29    1200    (-,-) 
  WALLACE_CSA_DUMMY_OP_groupi_g3975/Y           -       A->Y   R     AND2X1         2  6.9    41    40    1240    (-,-) 
  WALLACE_CSA_DUMMY_OP_groupi_g3924/Y           -       B->Y   F     NAND2X4        4  9.7    37    27    1267    (-,-) 
  WALLACE_CSA_DUMMY_OP_groupi_g3900/Y           -       B->Y   R     NOR2BX2        1  3.2    26    21    1288    (-,-) 
  WALLACE_CSA_DUMMY_OP_groupi_g3895/Y           -       A->Y   R     AND2X1         1  4.0    25    32    1320    (-,-) 
  WALLACE_CSA_DUMMY_OP_groupi_g3871/Y           -       A->Y   F     NAND2X2        1  4.3    32    23    1343    (-,-) 
  WALLACE_CSA_DUMMY_OP_groupi_g3862/Y           -       A->Y   F     CLKAND2X6      9 18.0    23    33    1375    (-,-) 
  WALLACE_CSA_DUMMY_OP_groupi_g3840/Y           -       A1->Y  F     OA21X4         5 11.4    25    44    1419    (-,-) 
  WALLACE_CSA_DUMMY_OP_groupi_g3826/Y           -       B->Y   F     OR2X1          1  3.8    23    32    1452    (-,-) 
  WALLACE_CSA_DUMMY_OP_groupi_g3811/Y           -       B->Y   R     NAND2X2        1  3.5    22    13    1465    (-,-) 
  WALLACE_CSA_DUMMY_OP_groupi_g3800/Y           -       B->Y   F     XNOR2X1        1  3.2    20    32    1497    (-,-) 
  g11477/Y                                      -       A->Y   F     MX2X1          1  4.3    26    40    1536    (-,-) 
  fopt11517/Y                                   -       A->Y   F     BUFX12         1 47.9    30    33    1569    (-,-) 
  writeback_value_o[31]                         <<<     -      F     (port)         -    -     -     0    1570    (-,-) 
#-----------------------------------------------------------------------------------------------------------------------

