============================================================
  Generated by:           Genus(TM) Synthesis Solution 21.18-s082_1
  Generated on:           Oct 29 2025  12:24:59 am
  Module:                 biriscv_multiplier
  Operating conditions:   PVT_0P9V_125C 
  Operating conditions:   PVT_1P32V_0C 
  Interconnect mode:      global
  Area mode:              physical library
============================================================

Timing
--------

Clock Period 
-------------
clk_i 1820.0 


  Cost    Critical         Violating 
 Group   Path Slack  TNS     Paths   
-------------------------------------
clk_i           0.2   0.0          0 
default    No paths   0.0            
-------------------------------------
Total                 0.0          0 

Instance Count
--------------
Leaf Instance Count             3696 
Physical Instance count            0 
Sequential Instance Count          0 
Combinational Instance Count    3696 
Hierarchical Instance Count        0 

Area
----
Cell Area                          11735.730
Physical Cell Area                 0.000
Total Cell Area (Cell+Physical)    11735.730
Net Area                           5053.701
Total Area (Cell+Physical+Net)     16789.431

Max Fanout                         32 (n_170)
Min Fanout                         1 (SUB_UNS_OP1_n_776)
Average Fanout                     1.7
Terms to net ratio                 2.6457
Terms to instance ratio            3.6972
Runtime                            211.213987 seconds
Elapsed Runtime                    212 seconds
Genus peak memory usage            2180.52 
Innovus peak memory usage          no_value 
Hostname                           gmicro02
