============================================================
  Generated by:           Genus(TM) Synthesis Solution 21.18-s082_1
  Generated on:           Oct 29 2025  12:24:59 am
  Module:                 biriscv_multiplier
  Operating conditions:   PVT_0P9V_125C 
  Operating conditions:   PVT_1P32V_0C 
  Interconnect mode:      global
  Area mode:              physical library
============================================================

                                                Library 
   Gate     Instances    Area        Library     Domain 
--------------------------------------------------------
ADDFHX1             5     37.620    fast_vdd1v2    best 
ADDFHX2             3     24.624    fast_vdd1v2    best 
ADDFHX4             1      9.576    fast_vdd1v2    best 
ADDFX1           1392   7140.960    fast_vdd1v2    best 
ADDHX1             34    127.908    fast_vdd1v2    best 
ADDHX2              6     30.780    fast_vdd1v2    best 
ADDHX4              2     14.364    fast_vdd1v2    best 
AND2X1            526    719.568    fast_vdd1v2    best 
AND2X2              4      6.840    fast_vdd1v2    best 
AND2X4              7     19.152    fast_vdd1v2    best 
AND2X6              5     18.810    fast_vdd1v2    best 
AND2X8              1      4.446    fast_vdd1v2    best 
AND3X1              1      2.394    fast_vdd1v2    best 
AND3X4              4     12.312    fast_vdd1v2    best 
AO21X4              4     13.680    fast_vdd1v2    best 
AOI21X1            14     23.940    fast_vdd1v2    best 
AOI21X2             5     13.680    fast_vdd1v2    best 
AOI21X4             6     30.780    fast_vdd1v2    best 
AOI221X4            2     15.732    fast_vdd1v2    best 
AOI2BB1X1           1      2.052    fast_vdd1v2    best 
AOI2BB1X2           3      9.234    fast_vdd1v2    best 
AOI2BB1X4           2      8.208    fast_vdd1v2    best 
AOI2BB2X4           1      7.524    fast_vdd1v2    best 
BUFX12             16     82.080    fast_vdd1v2    best 
BUFX16              1      6.840    fast_vdd1v2    best 
BUFX2              74    126.540    fast_vdd1v2    best 
BUFX20              1      8.208    fast_vdd1v2    best 
BUFX3               2      4.104    fast_vdd1v2    best 
BUFX6               5     15.390    fast_vdd1v2    best 
BUFX8               1      3.762    fast_vdd1v2    best 
CLKAND2X12          6     45.144    fast_vdd1v2    best 
CLKAND2X2           7     14.364    fast_vdd1v2    best 
CLKAND2X3           6     18.468    fast_vdd1v2    best 
CLKAND2X6           9     43.092    fast_vdd1v2    best 
CLKAND2X8           3     17.442    fast_vdd1v2    best 
CLKBUFX12           2     10.260    fast_vdd1v2    best 
CLKBUFX16           1      6.840    fast_vdd1v2    best 
CLKBUFX3            3      6.156    fast_vdd1v2    best 
CLKINVX12          30    123.120    fast_vdd1v2    best 
CLKINVX16           5     27.360    fast_vdd1v2    best 
CLKINVX20           1      6.498    fast_vdd1v2    best 
CLKINVX4          114    194.940    fast_vdd1v2    best 
CLKINVX6           91    217.854    fast_vdd1v2    best 
CLKINVX8           60    184.680    fast_vdd1v2    best 
CLKMX2X2            7     21.546    fast_vdd1v2    best 
CLKMX2X3            2      8.208    fast_vdd1v2    best 
CLKMX2X4            9     36.936    fast_vdd1v2    best 
CLKXOR2X1          26     71.136    fast_vdd1v2    best 
CLKXOR2X2           6     20.520    fast_vdd1v2    best 
INVX1              42     28.728    fast_vdd1v2    best 
INVX2              24     24.624    fast_vdd1v2    best 
INVX3              23     31.464    fast_vdd1v2    best 
MX2X1              18     43.092    fast_vdd1v2    best 
MXI2X2              1      4.446    fast_vdd1v2    best 
MXI2X4              5     25.650    fast_vdd1v2    best 
MXI2X6             18     92.340    fast_vdd1v2    best 
MXI2X8             22    135.432    fast_vdd1v2    best 
NAND2BX1           30     41.040    fast_vdd1v2    best 
NAND2BX2            4      9.576    fast_vdd1v2    best 
NAND2BX4            9     33.858    fast_vdd1v2    best 
NAND2X1            42     43.092    fast_vdd1v2    best 
NAND2X2            48     82.080    fast_vdd1v2    best 
NAND2X4            23     78.660    fast_vdd1v2    best 
NAND2X6            12     57.456    fast_vdd1v2    best 
NAND2X8             9     49.248    fast_vdd1v2    best 
NAND3BX2            1      3.078    fast_vdd1v2    best 
NAND3BXL            1      1.710    fast_vdd1v2    best 
NAND3X2             1      2.736    fast_vdd1v2    best 
NAND3X4             1      4.788    fast_vdd1v2    best 
NAND3X6             1      7.182    fast_vdd1v2    best 
NAND4X2             1      3.762    fast_vdd1v2    best 
NAND4X4             1      6.840    fast_vdd1v2    best 
NAND4X6             1      8.550    fast_vdd1v2    best 
NOR2BX1            23     31.464    fast_vdd1v2    best 
NOR2BX2             4     10.944    fast_vdd1v2    best 
NOR2BX4             2      7.524    fast_vdd1v2    best 
NOR2X1            527    540.702    fast_vdd1v2    best 
NOR2X2             58     99.180    fast_vdd1v2    best 
NOR2X4             19     58.482    fast_vdd1v2    best 
NOR2X6             13     53.352    fast_vdd1v2    best 
NOR2X8              8     43.776    fast_vdd1v2    best 
NOR3BX1             1      2.052    fast_vdd1v2    best 
NOR3BX2             2      6.840    fast_vdd1v2    best 
NOR3X1              1      1.710    fast_vdd1v2    best 
NOR3X4              1      5.130    fast_vdd1v2    best 
NOR3X6              1      7.182    fast_vdd1v2    best 
OA21X1             13     26.676    fast_vdd1v2    best 
OA21X2              1      3.078    fast_vdd1v2    best 
OA21X4              1      3.762    fast_vdd1v2    best 
OAI211X1            3      5.130    fast_vdd1v2    best 
OAI211X2            2      8.208    fast_vdd1v2    best 
OAI21X1            13     22.230    fast_vdd1v2    best 
OAI21X2            10     30.780    fast_vdd1v2    best 
OAI21X4            12     57.456    fast_vdd1v2    best 
OAI2BB1X1          10     17.100    fast_vdd1v2    best 
OAI2BB1X2           1      3.078    fast_vdd1v2    best 
OAI2BB1X4           1      4.446    fast_vdd1v2    best 
OR2X1              22     30.096    fast_vdd1v2    best 
OR2X2               8     13.680    fast_vdd1v2    best 
OR2X4               2      5.472    fast_vdd1v2    best 
OR2X6               1      3.762    fast_vdd1v2    best 
OR4X1               5     10.260    fast_vdd1v2    best 
XNOR2X1            70    167.580    fast_vdd1v2    best 
XNOR2X2             5     15.390    fast_vdd1v2    best 
XOR2X4              1      4.104    fast_vdd1v2    best 
--------------------------------------------------------
total            3696  11735.730                


                                          
     Type      Instances    Area   Area % 
------------------------------------------
inverter             390   839.268    7.2 
buffer               106   270.180    2.3 
logic               3200 10626.282   90.5 
physical_cells         0     0.000    0.0 
------------------------------------------
total               3696 11735.730  100.0 

