============================================================
  Generated by:           Genus(TM) Synthesis Solution 21.18-s082_1
  Generated on:           Oct 28 2025  10:17:43 pm
  Module:                 biriscv_multiplier
  Operating conditions:   PVT_0P9V_125C 
  Operating conditions:   PVT_1P32V_0C 
  Interconnect mode:      global
  Area mode:              physical library
============================================================

Timing
--------

Clock Period 
-------------
clk_i 5130.0 


  Cost    Critical         Violating 
 Group   Path Slack  TNS     Paths   
-------------------------------------
clk_i           0.0   0.0          0 
default    No paths   0.0            
-------------------------------------
Total                 0.0          0 

Instance Count
--------------
Leaf Instance Count             2823 
Physical Instance count            0 
Sequential Instance Count          0 
Combinational Instance Count    2823 
Hierarchical Instance Count        0 

Area
----
Cell Area                          8922.780
Physical Cell Area                 0.000
Total Cell Area (Cell+Physical)    8922.780
Net Area                           3772.305
Total Area (Cell+Physical+Net)     12695.085

Max Fanout                         40 (opcode_ra_operand_i[0])
Min Fanout                         0 (opcode_opcode_i[24])
Average Fanout                     2.0
Terms to net ratio                 2.9682
Terms to instance ratio            3.5990
Runtime                            67.87437200000006 seconds
Elapsed Runtime                    70 seconds
Genus peak memory usage            1506.28 
Innovus peak memory usage          no_value 
Hostname                           gmicro02
