============================================================
  Generated by:           Genus(TM) Synthesis Solution 21.18-s082_1
  Generated on:           Oct 28 2025  10:17:43 pm
  Module:                 biriscv_multiplier
  Operating conditions:   PVT_0P9V_125C 
  Operating conditions:   PVT_1P32V_0C 
  Interconnect mode:      global
  Area mode:              physical library
============================================================

                                               Library 
   Gate     Instances    Area       Library     Domain 
-------------------------------------------------------
ADDFHX1            62   466.488    slow_vdd1v0   worst 
ADDFHX2            52   426.816    slow_vdd1v0   worst 
ADDFHX4             2    19.152    slow_vdd1v0   worst 
ADDFHXL             9    67.716    slow_vdd1v0   worst 
ADDFX1            355  1821.150    slow_vdd1v0   worst 
ADDFX2              2    15.732    slow_vdd1v0   worst 
ADDHX1             23    86.526    slow_vdd1v0   worst 
ADDHX2              4    20.520    slow_vdd1v0   worst 
ADDHX4              1     7.182    slow_vdd1v0   worst 
AND2X1             44    60.192    slow_vdd1v0   worst 
AND2X2              5     8.550    slow_vdd1v0   worst 
AND2X4              2     5.472    slow_vdd1v0   worst 
AND2X6              2     7.524    slow_vdd1v0   worst 
AO21X1             17    40.698    slow_vdd1v0   worst 
AO21X2              1     2.736    slow_vdd1v0   worst 
AO21X4              2     6.840    slow_vdd1v0   worst 
AO22X1            206   563.616    slow_vdd1v0   worst 
AOI21X1             8    13.680    slow_vdd1v0   worst 
AOI21X2             5    13.680    slow_vdd1v0   worst 
AOI21X4            19    97.470    slow_vdd1v0   worst 
AOI22X1             1     2.052    slow_vdd1v0   worst 
AOI22X2             2     7.524    slow_vdd1v0   worst 
AOI22X4            16    98.496    slow_vdd1v0   worst 
AOI2BB1X2           4    12.312    slow_vdd1v0   worst 
AOI2BB1X4          10    41.040    slow_vdd1v0   worst 
AOI2BB2X4           3    22.572    slow_vdd1v0   worst 
BUFX12              5    25.650    slow_vdd1v0   worst 
BUFX3               2     4.104    slow_vdd1v0   worst 
BUFX4               1     2.394    slow_vdd1v0   worst 
BUFX6              65   200.070    slow_vdd1v0   worst 
CLKAND2X12         12    90.288    slow_vdd1v0   worst 
CLKAND2X2           5    10.260    slow_vdd1v0   worst 
CLKAND2X3           7    21.546    slow_vdd1v0   worst 
CLKAND2X6           9    43.092    slow_vdd1v0   worst 
CLKAND2X8           3    17.442    slow_vdd1v0   worst 
CLKBUFX12           4    20.520    slow_vdd1v0   worst 
CLKBUFX16           6    41.040    slow_vdd1v0   worst 
CLKBUFX2            3     5.130    slow_vdd1v0   worst 
CLKBUFX6            4    12.312    slow_vdd1v0   worst 
CLKINVX12          27   110.808    slow_vdd1v0   worst 
CLKINVX16          21   114.912    slow_vdd1v0   worst 
CLKINVX2           12    16.416    slow_vdd1v0   worst 
CLKINVX20           6    38.988    slow_vdd1v0   worst 
CLKINVX3           20    34.200    slow_vdd1v0   worst 
CLKINVX4           66   112.860    slow_vdd1v0   worst 
CLKINVX6           44   105.336    slow_vdd1v0   worst 
CLKINVX8           35   107.730    slow_vdd1v0   worst 
CLKMX2X2            1     3.078    slow_vdd1v0   worst 
CLKMX2X3            3    12.312    slow_vdd1v0   worst 
CLKMX2X4           10    41.040    slow_vdd1v0   worst 
CLKMX2X6            7    31.122    slow_vdd1v0   worst 
CLKXOR2X1         142   388.512    slow_vdd1v0   worst 
INVX1             205   140.220    slow_vdd1v0   worst 
INVX2              10    10.260    slow_vdd1v0   worst 
INVX20              2    12.996    slow_vdd1v0   worst 
INVX3               5     6.840    slow_vdd1v0   worst 
INVX6               1     2.394    slow_vdd1v0   worst 
INVX8               1     3.078    slow_vdd1v0   worst 
INVXL              28    19.152    slow_vdd1v0   worst 
MX2X1              17    40.698    slow_vdd1v0   worst 
MXI2X4              2    10.260    slow_vdd1v0   worst 
NAND2BX1           12    16.416    slow_vdd1v0   worst 
NAND2BX2            2     4.788    slow_vdd1v0   worst 
NAND2BX4            4    15.048    slow_vdd1v0   worst 
NAND2X1            17    17.442    slow_vdd1v0   worst 
NAND2X2            27    46.170    slow_vdd1v0   worst 
NAND2X4            27    92.340    slow_vdd1v0   worst 
NAND2X6            12    57.456    slow_vdd1v0   worst 
NAND2X8            10    54.720    slow_vdd1v0   worst 
NAND3BX4            1     5.130    slow_vdd1v0   worst 
NAND3X2             1     2.736    slow_vdd1v0   worst 
NAND3X6             1     7.182    slow_vdd1v0   worst 
NAND3X8             1     8.208    slow_vdd1v0   worst 
NOR2BX1            32    43.776    slow_vdd1v0   worst 
NOR2BX4             2     7.524    slow_vdd1v0   worst 
NOR2X1             43    44.118    slow_vdd1v0   worst 
NOR2X2             29    49.590    slow_vdd1v0   worst 
NOR2X4             50   153.900    slow_vdd1v0   worst 
NOR2X6             25   102.600    slow_vdd1v0   worst 
NOR2X8             26   142.272    slow_vdd1v0   worst 
NOR3X2              1     2.736    slow_vdd1v0   worst 
NOR3X6              1     7.182    slow_vdd1v0   worst 
NOR3X8              1     8.892    slow_vdd1v0   worst 
OA21X1              5    10.260    slow_vdd1v0   worst 
OA21X4              2     7.524    slow_vdd1v0   worst 
OA22X1              4     9.576    slow_vdd1v0   worst 
OAI21X1             2     3.420    slow_vdd1v0   worst 
OAI21X2             8    24.624    slow_vdd1v0   worst 
OAI21X4            36   172.368    slow_vdd1v0   worst 
OAI22X1           168   344.736    slow_vdd1v0   worst 
OAI22X2           103   352.260    slow_vdd1v0   worst 
OAI22X4             7    45.486    slow_vdd1v0   worst 
OAI2BB1X1          17    29.070    slow_vdd1v0   worst 
OAI2BB1X2          11    33.858    slow_vdd1v0   worst 
OAI2BB1X4           6    26.676    slow_vdd1v0   worst 
OAI2BB2X1           3    12.312    slow_vdd1v0   worst 
OAI2BB2X2           1     5.472    slow_vdd1v0   worst 
OAI31X2             1     3.762    slow_vdd1v0   worst 
OAI31X4             5    34.200    slow_vdd1v0   worst 
OAI32X2            10    44.460    slow_vdd1v0   worst 
OR2X1              37    50.616    slow_vdd1v0   worst 
OR2X2              10    17.100    slow_vdd1v0   worst 
OR2X4               8    21.888    slow_vdd1v0   worst 
OR2X6               6    22.572    slow_vdd1v0   worst 
OR2X8               2     8.892    slow_vdd1v0   worst 
OR4X8               1     6.156    slow_vdd1v0   worst 
XNOR2X1           394   943.236    slow_vdd1v0   worst 
XNOR2X2             3     9.234    slow_vdd1v0   worst 
-------------------------------------------------------
total            2823  8922.780                


                                         
     Type      Instances   Area   Area % 
-----------------------------------------
inverter             483  836.190    9.4 
buffer                90  311.220    3.5 
logic               2250 7775.370   87.1 
physical_cells         0    0.000    0.0 
-----------------------------------------
total               2823 8922.780  100.0 

