============================================================
  Generated by:           Genus(TM) Synthesis Solution 21.18-s082_1
  Generated on:           Oct 29 2025  03:36:34 pm
  Module:                 biriscv_multiplier
  Operating conditions:   PVT_0P9V_125C 
  Operating conditions:   PVT_1P32V_0C 
  Interconnect mode:      global
  Area mode:              physical library
============================================================


Path 1: VIOLATED (-67 ps) Setup Check with Pin Stage2_s_reg[0][45]/CK->D
          Group: clk_i
     Startpoint: (R) Stage1_s_reg[0][36]/CK
          Clock: (R) clk_i
       Endpoint: (R) Stage2_s_reg[0][45]/D
          Clock: (R) clk_i

                     Capture       Launch     
        Clock Edge:+    3120            0     
       Src Latency:+       0            0     
       Net Latency:+     100 (I)      100 (I) 
           Arrival:=    3220          100     
                                              
             Setup:-     145                  
       Uncertainty:-      50                  
     Required Time:=    3025                  
      Launch Clock:-     100                  
         Data Path:-    2992                  
             Slack:=     -67                  

#-------------------------------------------------------------------------------------------------------------------------
#                  Timing Point                    Flags   Arc   Edge   Cell     Fanout Load Trans Delay Arrival Instance 
#                                                                                       (fF)  (ps)  (ps)   (ps)  Location 
#-------------------------------------------------------------------------------------------------------------------------
  Stage1_s_reg[0][36]/CK                           -       -     R     (arrival)   1760    -     0     0     100    (-,-) 
  Stage1_s_reg[0][36]/Q                            -       CK->Q R     DFFRHQX4       2  5.8    58   275     375    (-,-) 
  WALLACE_CSA_DUMMY_OP_groupi3047_cdnfadd_036_0/S  -       A->S  F     ADDFHX1        1  4.0   122   331     706    (-,-) 
  WALLACE_CSA_DUMMY_OP_groupi3047_cdnfadd_036_3/CO -       B->CO F     ADDFHX2        1  3.7    85   240     945    (-,-) 
  WALLACE_CSA_DUMMY_OP_groupi3047_cdnfadd_037_4/S  -       CI->S R     ADDFHX1        1  3.7   100   314    1260    (-,-) 
  WALLACE_CSA_DUMMY_OP_groupi3047_cdnfadd_037_5/S  -       CI->S F     ADDFHX2        2  5.4   108   356    1615    (-,-) 
  WALLACE_CSA_DUMMY_OP_groupi3047_g5644/Y          -       B->Y  F     OR2X6          3 10.0    74   178    1793    (-,-) 
  WALLACE_CSA_DUMMY_OP_groupi3047_g5382/Y          -       B->Y  R     NAND2X8        1  6.1    41    53    1846    (-,-) 
  WALLACE_CSA_DUMMY_OP_groupi3047_g5356/Y          -       B->Y  F     NAND2X8        2  6.1    83    74    1920    (-,-) 
  WALLACE_CSA_DUMMY_OP_groupi3047_g5294/Y          -       A1->Y R     AOI21X4        1  5.3    90   105    2025    (-,-) 
  WALLACE_CSA_DUMMY_OP_groupi3047_g5244/Y          -       B->Y  F     NOR2X6         1  5.8    64    69    2094    (-,-) 
  WALLACE_CSA_DUMMY_OP_groupi3047_g5226/Y          -       B->Y  R     NOR2X8         1  6.1    64    66    2160    (-,-) 
  WALLACE_CSA_DUMMY_OP_groupi3047_g5205/Y          -       B->Y  F     NAND2X8        2  8.8   104    94    2255    (-,-) 
  WALLACE_CSA_DUMMY_OP_groupi3047_g5195/Y          -       A->Y  R     CLKINVX6       4 14.0    72    80    2335    (-,-) 
  WALLACE_CSA_DUMMY_OP_groupi3047_g5167/Y          -       B->Y  F     NOR2X6         1  5.8    54    61    2396    (-,-) 
  WALLACE_CSA_DUMMY_OP_groupi3047_g5153/Y          -       B->Y  R     NOR2X8         2  7.2    72    66    2462    (-,-) 
  WALLACE_CSA_DUMMY_OP_groupi3047_g5145/Y          -       A->Y  F     CLKINVX6       2  7.3    53    62    2524    (-,-) 
  WALLACE_CSA_DUMMY_OP_groupi3047_g5107/Y          -       A1->Y R     AOI21X4        1  3.7    75    81    2605    (-,-) 
  WALLACE_CSA_DUMMY_OP_groupi3047_g5092/Y          -       B0->Y F     OAI21X2        1  3.3   142   134    2740    (-,-) 
  WALLACE_CSA_DUMMY_OP_groupi3047_g5037/Y          -       S0->Y R     MXI2X2         1  4.5    62   225    2964    (-,-) 
  g63330/Y                                         -       A->Y  F     CLKINVX4       1  4.4    46    56    3021    (-,-) 
  g62923/Y                                         -       A1->Y R     OAI21X4        1  3.2    74    72    3092    (-,-) 
  Stage2_s_reg[0][45]/D                            <<<     -     R     DFFRHQX1       1    -     -     0    3092    (-,-) 
#-------------------------------------------------------------------------------------------------------------------------

