============================================================
  Generated by:           Genus(TM) Synthesis Solution 21.18-s082_1
  Generated on:           Oct 29 2025  03:36:34 pm
  Module:                 biriscv_multiplier
  Operating conditions:   PVT_0P9V_125C 
  Operating conditions:   PVT_1P32V_0C 
  Interconnect mode:      global
  Area mode:              physical library
============================================================

Timing
--------

Clock Period 
-------------
clk_i 3120.0 


  Cost    Critical             Violating 
 Group   Path Slack    TNS       Paths   
-----------------------------------------
clk_i         -67.3   -3083.0         88 
default    No paths       0.0            
-----------------------------------------
Total                 -3083.0         88 

Instance Count
--------------
Leaf Instance Count             8051 
Physical Instance count            0 
Sequential Instance Count       1760 
Combinational Instance Count    6291 
Hierarchical Instance Count        0 

Area
----
Cell Area                          35525.250
Physical Cell Area                 0.000
Total Cell Area (Cell+Physical)    35525.250
Net Area                           10216.780
Total Area (Cell+Physical+Net)     45742.030

Max Fanout                         1760 (clk_i)
Min Fanout                         0 (n_24)
Average Fanout                     2.2
Terms to net ratio                 3.4053
Terms to instance ratio            3.9437
Runtime                            226.60500899999977 seconds
Elapsed Runtime                    224 seconds
Genus peak memory usage            2074.71 
Innovus peak memory usage          no_value 
Hostname                           gmicro02
