============================================================
  Generated by:           Genus(TM) Synthesis Solution 21.18-s082_1
  Generated on:           Oct 29 2025  03:36:34 pm
  Module:                 biriscv_multiplier
  Operating conditions:   PVT_0P9V_125C 
  Operating conditions:   PVT_1P32V_0C 
  Interconnect mode:      global
  Area mode:              physical library
============================================================

                                                Library 
   Gate     Instances    Area        Library     Domain 
--------------------------------------------------------
ADDFHX1           327   2460.348    slow_vdd1v0   worst 
ADDFHX2           286   2347.488    slow_vdd1v0   worst 
ADDFHX4             1      9.576    slow_vdd1v0   worst 
ADDFHXL             2     15.048    slow_vdd1v0   worst 
ADDFX1            583   2990.790    slow_vdd1v0   worst 
ADDFX2              9     70.794    slow_vdd1v0   worst 
ADDHX1             14     52.668    slow_vdd1v0   worst 
ADDHX2              4     20.520    slow_vdd1v0   worst 
ADDHX4              1      7.182    slow_vdd1v0   worst 
AND2X1            121    165.528    slow_vdd1v0   worst 
AND2X2              6     10.260    slow_vdd1v0   worst 
AND2X4             51    139.536    slow_vdd1v0   worst 
AND2X6             16     60.192    slow_vdd1v0   worst 
AND2X8              1      4.446    slow_vdd1v0   worst 
AND4X1              1      2.394    slow_vdd1v0   worst 
AO21X1             16     38.304    slow_vdd1v0   worst 
AO21X4              2      6.840    slow_vdd1v0   worst 
AO22X1           1028   2812.608    slow_vdd1v0   worst 
AOI211X4            9     58.482    slow_vdd1v0   worst 
AOI21X1            22     37.620    slow_vdd1v0   worst 
AOI21X2            17     46.512    slow_vdd1v0   worst 
AOI21X4           122    625.860    slow_vdd1v0   worst 
AOI221X4           12     94.392    slow_vdd1v0   worst 
AOI22X2             1      3.762    slow_vdd1v0   worst 
AOI2BB1X1          12     24.624    slow_vdd1v0   worst 
AOI2BB1X2           7     21.546    slow_vdd1v0   worst 
AOI2BB1X4          32    131.328    slow_vdd1v0   worst 
AOI2BB2X4           1      7.524    slow_vdd1v0   worst 
AOI31X2             1      3.420    slow_vdd1v0   worst 
AOI31X4             4     25.992    slow_vdd1v0   worst 
BUFX2               6     10.260    slow_vdd1v0   worst 
BUFX20              1      8.208    slow_vdd1v0   worst 
BUFX3              12     24.624    slow_vdd1v0   worst 
BUFX6              14     43.092    slow_vdd1v0   worst 
CLKAND2X12         16    120.384    slow_vdd1v0   worst 
CLKAND2X2          35     71.820    slow_vdd1v0   worst 
CLKAND2X3          44    135.432    slow_vdd1v0   worst 
CLKAND2X4           3     10.260    slow_vdd1v0   worst 
CLKAND2X6         120    574.560    slow_vdd1v0   worst 
CLKAND2X8           3     17.442    slow_vdd1v0   worst 
CLKBUFX12           2     10.260    slow_vdd1v0   worst 
CLKBUFX2            1      1.710    slow_vdd1v0   worst 
CLKBUFX20           3     24.624    slow_vdd1v0   worst 
CLKBUFX4            1      2.394    slow_vdd1v0   worst 
CLKBUFX6            1      3.078    slow_vdd1v0   worst 
CLKINVX12          15     61.560    slow_vdd1v0   worst 
CLKINVX16          11     60.192    slow_vdd1v0   worst 
CLKINVX2            4      5.472    slow_vdd1v0   worst 
CLKINVX20           7     45.486    slow_vdd1v0   worst 
CLKINVX3           13     22.230    slow_vdd1v0   worst 
CLKINVX4          116    198.360    slow_vdd1v0   worst 
CLKINVX6           52    124.488    slow_vdd1v0   worst 
CLKINVX8           11     33.858    slow_vdd1v0   worst 
CLKMX2X3           18     73.872    slow_vdd1v0   worst 
CLKMX2X6           32    142.272    slow_vdd1v0   worst 
CLKMX2X8           30    174.420    slow_vdd1v0   worst 
CLKXOR2X1         130    355.680    slow_vdd1v0   worst 
CLKXOR2X2           2      6.840    slow_vdd1v0   worst 
DFFRHQX1          649   3995.244    slow_vdd1v0   worst 
DFFRHQX2          157   1234.962    slow_vdd1v0   worst 
DFFRHQX4          450   4309.200    slow_vdd1v0   worst 
DFFRHQX8            1     11.286    slow_vdd1v0   worst 
DFFRX1              5     34.200    slow_vdd1v0   worst 
DFFRX2            494   3716.856    slow_vdd1v0   worst 
DFFRX4              3     28.728    slow_vdd1v0   worst 
DFFRXL              1      8.550    slow_vdd1v0   worst 
INVX1             199    136.116    slow_vdd1v0   worst 
INVX2              81     83.106    slow_vdd1v0   worst 
INVX20              8     51.984    slow_vdd1v0   worst 
INVX3              48     65.664    slow_vdd1v0   worst 
INVX4               2      3.420    slow_vdd1v0   worst 
INVX6               5     11.970    slow_vdd1v0   worst 
INVXL               3      2.052    slow_vdd1v0   worst 
MX2X1              75    179.550    slow_vdd1v0   worst 
MXI2X2              6     26.676    slow_vdd1v0   worst 
NAND2BX1           25     34.200    slow_vdd1v0   worst 
NAND2BX2            9     21.546    slow_vdd1v0   worst 
NAND2BX4           11     41.382    slow_vdd1v0   worst 
NAND2BXL            1      1.368    slow_vdd1v0   worst 
NAND2X1           141    144.666    slow_vdd1v0   worst 
NAND2X2            59    100.890    slow_vdd1v0   worst 
NAND2X4            75    256.500    slow_vdd1v0   worst 
NAND2X6            62    296.856    slow_vdd1v0   worst 
NAND2X8            49    268.128    slow_vdd1v0   worst 
NAND3BX2            2      6.156    slow_vdd1v0   worst 
NAND3X2             1      2.736    slow_vdd1v0   worst 
NAND3X6             1      7.182    slow_vdd1v0   worst 
NOR2BX1            73     99.864    slow_vdd1v0   worst 
NOR2BX2            16     43.776    slow_vdd1v0   worst 
NOR2BX4             9     33.858    slow_vdd1v0   worst 
NOR2BXL             2      3.420    slow_vdd1v0   worst 
NOR2X1             86     88.236    slow_vdd1v0   worst 
NOR2X2             76    129.960    slow_vdd1v0   worst 
NOR2X4            234    720.252    slow_vdd1v0   worst 
NOR2X6            190    779.760    slow_vdd1v0   worst 
NOR2X8             64    350.208    slow_vdd1v0   worst 
NOR2XL              6      6.156    slow_vdd1v0   worst 
NOR3BX4             2     11.628    slow_vdd1v0   worst 
NOR3X1              2      3.420    slow_vdd1v0   worst 
NOR3X2              1      2.736    slow_vdd1v0   worst 
NOR3X4              4     20.520    slow_vdd1v0   worst 
NOR3X6              8     57.456    slow_vdd1v0   worst 
NOR3X8              6     53.352    slow_vdd1v0   worst 
NOR4X2              1      3.420    slow_vdd1v0   worst 
OA21X1              7     14.364    slow_vdd1v0   worst 
OA21X2              1      3.078    slow_vdd1v0   worst 
OA21X4              3     11.286    slow_vdd1v0   worst 
OAI211X4            2     12.996    slow_vdd1v0   worst 
OAI21X1             9     15.390    slow_vdd1v0   worst 
OAI21X2            45    138.510    slow_vdd1v0   worst 
OAI21X4           236   1129.968    slow_vdd1v0   worst 
OAI21XL             1      1.710    slow_vdd1v0   worst 
OAI22X1            24     49.248    slow_vdd1v0   worst 
OAI22X2             7     23.940    slow_vdd1v0   worst 
OAI22X4             3     19.494    slow_vdd1v0   worst 
OAI2BB1X1         527    901.170    slow_vdd1v0   worst 
OAI2BB1X2           6     18.468    slow_vdd1v0   worst 
OAI2BB1X4          10     44.460    slow_vdd1v0   worst 
OAI2BB2X2           2     10.944    slow_vdd1v0   worst 
OAI2BB2X4          16    136.800    slow_vdd1v0   worst 
OAI31X4             2     13.680    slow_vdd1v0   worst 
OR2X1              83    113.544    slow_vdd1v0   worst 
OR2X2              11     18.810    slow_vdd1v0   worst 
OR2X4              21     57.456    slow_vdd1v0   worst 
OR2X6              67    252.054    slow_vdd1v0   worst 
OR2X8               6     26.676    slow_vdd1v0   worst 
OR3X1               7     14.364    slow_vdd1v0   worst 
OR3X4               1      3.078    slow_vdd1v0   worst 
OR3X6               1      4.788    slow_vdd1v0   worst 
OR4X1               2      4.104    slow_vdd1v0   worst 
XNOR2X1           117    280.098    slow_vdd1v0   worst 
XNOR2X2            15     46.170    slow_vdd1v0   worst 
XOR2X1              4     10.944    slow_vdd1v0   worst 
--------------------------------------------------------
total            8051  35525.250                


                                          
     Type      Instances    Area   Area % 
------------------------------------------
sequential          1760 13339.026   37.5 
inverter             575   905.958    2.6 
buffer                41   128.250    0.4 
logic               5675 21152.016   59.5 
physical_cells         0     0.000    0.0 
------------------------------------------
total               8051 35525.250  100.0 

