============================================================
  Generated by:           Genus(TM) Synthesis Solution 21.18-s082_1
  Generated on:           Oct 29 2025  01:18:03 am
  Module:                 biriscv_multiplier
  Operating conditions:   PVT_0P9V_125C 
  Operating conditions:   PVT_1P32V_0C 
  Interconnect mode:      global
  Area mode:              physical library
============================================================


Path 1: MET (-0 ps) Late External Delay Assertion at pin writeback_value_o[31]
          Group: clk_i
     Startpoint: (F) opcode_ra_operand_i[0]
          Clock: (R) clk_i
       Endpoint: (F) writeback_value_o[31]
          Clock: (R) clk_i

                     Capture       Launch     
        Clock Edge:+    1630            0     
        Drv Adjust:+       0            0     
       Src Latency:+       0            0     
       Net Latency:+     100 (I)      100 (I) 
           Arrival:=    1730          100     
                                              
      Output Delay:-     300                  
       Uncertainty:-      50                  
     Required Time:=    1380                  
      Launch Clock:-     100                  
       Input Delay:-     300                  
         Data Path:-     980                  
             Slack:=      -0                  

Exceptions/Constraints:
  input_delay              300             biriscv_multiplier.s_line_30_65_1 
  output_delay             300             biriscv_multiplier.s_line_35      

#------------------------------------------------------------------------------------------------------------------------
#                 Timing Point                  Flags    Arc   Edge    Cell     Fanout Load Trans Delay Arrival Instance 
#                                                                                      (fF)  (ps)  (ps)   (ps)  Location 
#------------------------------------------------------------------------------------------------------------------------
  opcode_ra_operand_i[0]                        -       -      F     (arrival)       1  6.6   252     0     400    (-,-) 
  g11034/Y                                      -       A->Y   R     CLKINVX8        1  7.0    39    23     423    (-,-) 
  g11033/Y                                      -       A->Y   F     CLKINVX8        4 13.7    17    14     438    (-,-) 
  SUB_UNS_OP1_g12/Y                             -       A->Y   R     NOR3X8          1  4.2    19    21     458    (-,-) 
  SUB_UNS_OP1_g11/Y                             -       B->Y   R     CLKAND2X6       3 12.3    16    23     482    (-,-) 
  SUB_UNS_OP1_g944/Y                            -       B->Y   F     NAND2X8         7 19.4    34    24     505    (-,-) 
  SUB_UNS_OP1_g943/Y                            -       A->Y   R     CLKINVX6        4 13.1    18    14     519    (-,-) 
  SUB_UNS_OP1_g934/Y                            -       B->Y   R     CLKAND2X12     15 35.7    23    29     548    (-,-) 
  SUB_UNS_OP1_g931/Y                            -       B->Y   F     NAND2X2         1  3.4    24    20     568    (-,-) 
  SUB_UNS_OP1_g1145/Y                           -       B->Y   F     XNOR2X2         1  4.7    20    38     606    (-,-) 
  g21192/Y                                      -       B->Y   R     NAND2X4         1  6.9    15    12     618    (-,-) 
  g21141/Y                                      -       B->Y   F     NAND2X8        22 42.9    68    41     660    (-,-) 
  g21103/Y                                      -       A->Y   R     CLKINVX8       11 25.2    28    20     680    (-,-) 
  g20691__9315/Y                                -       B->Y   F     NOR2X1          1  3.7    29    21     700    (-,-) 
  WALLACE_CSA_DUMMY_OP_groupi_cdnfadd_050_4/CO  -       CI->CO F     ADDFX1          1  4.0    27    45     745    (-,-) 
  WALLACE_CSA_DUMMY_OP_groupi_cdnfadd_051_12/CO -       CI->CO F     ADDFHX2         1  4.0    20    42     787    (-,-) 
  WALLACE_CSA_DUMMY_OP_groupi_cdnfadd_052_18/CO -       CI->CO F     ADDFHX2         1  4.4    20    41     828    (-,-) 
  WALLACE_CSA_DUMMY_OP_groupi_cdnfadd_053_22/S  -       B->S   R     ADDFHX1         1  4.0    26    58     886    (-,-) 
  WALLACE_CSA_DUMMY_OP_groupi_cdnfadd_053_25/S  -       CI->S  F     ADDFHX1         1  4.0    26    54     941    (-,-) 
  WALLACE_CSA_DUMMY_OP_groupi_cdnfadd_053_27/CO -       CI->CO F     ADDFHX2         1  4.0    20    41     982    (-,-) 
  WALLACE_CSA_DUMMY_OP_groupi_cdnfadd_054_28/S  -       CI->S  R     ADDFHX1         1  4.0    26    55    1037    (-,-) 
  WALLACE_CSA_DUMMY_OP_groupi_cdnfadd_054_29/S  -       CI->S  F     ADDFHX2         2  8.0    31    66    1103    (-,-) 
  WALLACE_CSA_DUMMY_OP_groupi_g6350/Y           -       B->Y   R     NAND2X4         3  9.2    21    15    1118    (-,-) 
  WALLACE_CSA_DUMMY_OP_groupi_g6260/Y           -       B->Y   R     AND2X6          2  7.9    14    29    1146    (-,-) 
  WALLACE_CSA_DUMMY_OP_groupi_g6177/Y           -       A1->Y  F     AOI21X4         1  4.7    27    19    1165    (-,-) 
  WALLACE_CSA_DUMMY_OP_groupi_g6164/Y           -       B0->Y  R     OAI21X4         2  8.5    33    14    1180    (-,-) 
  WALLACE_CSA_DUMMY_OP_groupi_g6138/Y           -       B0->Y  F     OAI2BB1X4       1  6.6    27    23    1202    (-,-) 
  WALLACE_CSA_DUMMY_OP_groupi_g6117/Y           -       B->Y   R     NAND2X8         3 13.0    17    13    1215    (-,-) 
  WALLACE_CSA_DUMMY_OP_groupi_g6108/Y           -       A->Y   F     CLKINVX6        3 10.8    15    12    1227    (-,-) 
  WALLACE_CSA_DUMMY_OP_groupi_g6033/Y           -       A1->Y  R     AOI221X4        1  5.0    41    32    1259    (-,-) 
  WALLACE_CSA_DUMMY_OP_groupi_g6024/Y           -       B0->Y  F     OAI2BB1X4       1  4.7    23    21    1280    (-,-) 
  WALLACE_CSA_DUMMY_OP_groupi_g6017/Y           -       B0->Y  R     AOI21X4         1  3.5    19    16    1296    (-,-) 
  WALLACE_CSA_DUMMY_OP_groupi_g6016/Y           -       B->Y   F     XNOR2X2         1  4.7    20    35    1331    (-,-) 
  g11486/Y                                      -       B1->Y  R     AOI22X4         1  9.0    51    24    1355    (-,-) 
  fopt21516/Y                                   -       A->Y   F     CLKINVX12       1 47.9    33    25    1380    (-,-) 
  writeback_value_o[31]                         <<<     -      F     (port)          -    -     -     0    1380    (-,-) 
#------------------------------------------------------------------------------------------------------------------------

