============================================================
  Generated by:           Genus(TM) Synthesis Solution 21.18-s082_1
  Generated on:           Oct 28 2025  10:00:23 pm
  Module:                 riscv_core
  Operating conditions:   PVT_0P9V_125C 
  Operating conditions:   PVT_1P32V_0C 
  Interconnect mode:      global
  Area mode:              physical library
============================================================


Path 1: MET (1130 ps) Setup Check with Pin u_issue_pc_x_q_reg[31]/CK->D
          Group: clk
     Startpoint: (R) mem_d_ack_i
          Clock: (R) clk
       Endpoint: (F) u_issue_pc_x_q_reg[31]/D
          Clock: (R) clk

                     Capture       Launch     
        Clock Edge:+    5990            0     
        Drv Adjust:+       0            0     
       Src Latency:+       0            0     
       Net Latency:+     100 (I)      100 (I) 
           Arrival:=    6090          100     
                                              
             Setup:-      17                  
       Uncertainty:-      50                  
     Required Time:=    6023                  
      Launch Clock:-     100                  
       Input Delay:-     300                  
         Data Path:-    4493                  
             Slack:=    1130                  

Exceptions/Constraints:
  input_delay             300             riscv_core.sdc_line_30_34_1 

#----------------------------------------------------------------------------------------------------------------------------
#                   Timing Point                     Flags    Arc   Edge   Cell     Fanout Load Trans Delay Arrival Instance 
#                                                                                          (fF)  (ps)  (ps)   (ps)  Location 
#----------------------------------------------------------------------------------------------------------------------------
  mem_d_ack_i                                        -       -      R     (arrival)      1  3.2   264     0     400    (-,-) 
  g171111/Y                                          -       A->Y   R     BUFX2          2  5.0    20    52     452    (-,-) 
  g360804/Y                                          -       A->Y   R     BUFX2          3  7.1    23    27     478    (-,-) 
  g360733/Y                                          -       A->Y   R     OR2X1          4  9.0    52    42     520    (-,-) 
  g360621/Y                                          -       C->Y   F     NAND3X1        9 17.9   248   154     674    (-,-) 
  g360569/Y                                          -       B->Y   R     NOR2X1         3  6.7   110   103     777    (-,-) 
  g360514/Y                                          -       A1->Y  R     AO22X1         2  5.0    32    58     834    (-,-) 
  g360368/Y                                          -       C->Y   R     OR4X1          3  6.9    41    38     872    (-,-) 
  g360304/Y                                          -       B->Y   R     OR2X1          2  8.0    46    38     911    (-,-) 
  g360243/Y                                          -       C->Y   F     NOR3X1         2  6.2    44    32     943    (-,-) 
  g360225/Y                                          -       A->Y   R     INVX2          7 18.0    58    38     981    (-,-) 
  g360067/Y                                          -       A->Y   F     NOR2X1         1  3.4    32    28    1009    (-,-) 
  g360065/Y                                          -       B->Y   F     AND2X4        34 66.0   103    75    1084    (-,-) 
  g360015/Y                                          -       B1->Y  R     AOI22X1       12 25.2   274   174    1258    (-,-) 
  g359861/Y                                          -       B->Y   F     NAND2X1        4  9.2   132   120    1378    (-,-) 
  g359725/Y                                          -       A->Y   R     NOR2X1         7 14.4   163   110    1488    (-,-) 
  g359595/Y                                          -       B->Y   F     NAND2X1        5 10.8   129   101    1590    (-,-) 
  g359255/Y                                          -       A->Y   R     NAND2X1        2  5.2    56    48    1638    (-,-) 
  g359236/Y                                          -       A->Y   F     INVX1          2  5.0    37    30    1668    (-,-) 
  g359219/Y                                          -       C->Y   R     NAND3BXL       2  5.4    65    41    1709    (-,-) 
  g359068/Y                                          -       B->Y   F     NOR2X1         3  6.9    56    38    1747    (-,-) 
  g359009/Y                                          -       A->Y   R     INVX1          1  3.2    29    24    1771    (-,-) 
  g358882/Y                                          -       C->Y   R     OR3X1          6 15.2    86    60    1831    (-,-) 
  g358840/Y                                          -       A->Y   F     INVX2         15 27.4    91    61    1892    (-,-) 
  g358744/Y                                          -       B->Y   F     AND2X2        32 60.0   170   118    2010    (-,-) 
  g358128/Y                                          -       B1->Y  R     AOI22X1        1  3.2    67    68    2078    (-,-) 
  g356443/Y                                          -       B->Y   F     NAND4XL        1  3.3   112    81    2160    (-,-) 
  g356259/Y                                          -       C0->Y  R     AOI221X1       1  3.2    77    68    2228    (-,-) 
  g355913/Y                                          -       D->Y   F     NAND4XL        1  3.3   112    83    2311    (-,-) 
  g355908/Y                                          -       C0->Y  R     AOI221X1       1  3.2    77    68    2380    (-,-) 
  g355820/Y                                          -       D->Y   F     NAND4XL        1  3.3   112    83    2463    (-,-) 
  g355771/Y                                          -       C0->Y  R     AOI221X1       1  3.4    80    70    2533    (-,-) 
  g355601/Y                                          -       B0->Y  F     OAI2BB1X1      1  3.3    44    40    2573    (-,-) 
  g355505/Y                                          -       C0->Y  R     AOI221X1       3  7.8   140    88    2661    (-,-) 
  g355453/Y                                          -       A->Y   F     INVX2         13 25.4    95    68    2728    (-,-) 
  u_exec0_less_than_signed_341_25:sub_263_12_g2059/Y -       B0->Y  R     AOI222X1       1  3.4    89    73    2801    (-,-) 
  u_exec0_less_than_signed_341_25:sub_263_12_g2053/Y -       C0->Y  F     AOI221X1       1  3.3    58    33    2835    (-,-) 
  u_exec0_less_than_signed_341_25:sub_263_12_g2048/Y -       C0->Y  R     AOI221X1       1  3.2    72    54    2889    (-,-) 
  u_exec0_less_than_signed_341_25:sub_263_12_g2043/Y -       A2->Y  F     AOI33XL        1  3.4   113    83    2972    (-,-) 
  u_exec0_less_than_signed_341_25:sub_263_12_g2041/Y -       A2->Y  R     AOI32X1        1  3.4    70    53    3025    (-,-) 
  u_exec0_less_than_signed_341_25:sub_263_12_g2040/Y -       A2->Y  F     AOI31X1        1  3.3    66    56    3081    (-,-) 
  u_exec0_less_than_signed_341_25:sub_263_12_g2039/Y -       D->Y   R     NOR4X1         1  3.4    87    62    3143    (-,-) 
  u_exec0_less_than_signed_341_25:sub_263_12_g2038/Y -       B1->Y  F     OAI222X1       1  3.4    80    68    3211    (-,-) 
  u_exec0_less_than_signed_341_25:sub_263_12_g2037/Y -       A2->Y  R     OAI31X1        1  3.4    74    60    3271    (-,-) 
  u_exec0_less_than_signed_341_25:sub_263_12_g2036/Y -       C0->Y  F     OAI211X1       1  3.4    68    58    3328    (-,-) 
  u_exec0_less_than_signed_341_25:sub_263_12_g2035/Y -       A2->Y  R     OAI32X1        1  3.4    85    60    3389    (-,-) 
  u_exec0_less_than_signed_341_25:sub_263_12_g2034/Y -       C0->Y  F     AOI221X1       1  3.5    70    33    3422    (-,-) 
  u_exec0_less_than_signed_341_25:sub_263_12_g2033/Y -       B->Y   F     XNOR2X1        1  3.2    20    38    3460    (-,-) 
  g360932/Y                                          -       A->Y   F     MX2X1          1  3.4    22    37    3497    (-,-) 
  g360931/Y                                          -       B1->Y  R     AOI221X1       1  3.4    73    48    3545    (-,-) 
  g360930/Y                                          -       A1->Y  F     OAI211X1       1  3.2    64    49    3594    (-,-) 
  g360929/Y                                          -       C->Y   R     NAND3BXL       4 10.4   112    74    3668    (-,-) 
  g360928/Y                                          -       C->Y   F     NAND3BXL       2  6.7   161   118    3787    (-,-) 
  g171023/Y                                          -       A->Y   R     INVX1          1  3.8    52    48    3835    (-,-) 
  u_issue_add_213_22_Y_u_issue_add_211_22_g1015/CO   -       B->CO  R     ADDHX1         1  3.7    23    34    3869    (-,-) 
  u_issue_add_213_22_Y_u_issue_add_211_22_g1014/CO   -       CI->CO R     ADDFX1         1  3.8    26    40    3909    (-,-) 
  u_issue_add_213_22_Y_u_issue_add_211_22_g1013/CO   -       B->CO  R     ADDHX1         1  3.8    24    31    3940    (-,-) 
  u_issue_add_213_22_Y_u_issue_add_211_22_g1012/CO   -       B->CO  R     ADDHX1         1  3.8    24    31    3971    (-,-) 
  u_issue_add_213_22_Y_u_issue_add_211_22_g1011/CO   -       B->CO  R     ADDHX1         1  3.8    24    31    4002    (-,-) 
  u_issue_add_213_22_Y_u_issue_add_211_22_g1010/CO   -       B->CO  R     ADDHX1         1  3.8    24    31    4033    (-,-) 
  u_issue_add_213_22_Y_u_issue_add_211_22_g1009/CO   -       B->CO  R     ADDHX1         1  3.8    24    31    4064    (-,-) 
  u_issue_add_213_22_Y_u_issue_add_211_22_g1008/CO   -       B->CO  R     ADDHX1         1  3.8    24    31    4095    (-,-) 
  u_issue_add_213_22_Y_u_issue_add_211_22_g1007/CO   -       B->CO  R     ADDHX1         1  3.8    24    31    4126    (-,-) 
  u_issue_add_213_22_Y_u_issue_add_211_22_g1006/CO   -       B->CO  R     ADDHX1         1  3.8    24    31    4157    (-,-) 
  u_issue_add_213_22_Y_u_issue_add_211_22_g1005/CO   -       B->CO  R     ADDHX1         1  3.8    24    31    4188    (-,-) 
  u_issue_add_213_22_Y_u_issue_add_211_22_g1004/CO   -       B->CO  R     ADDHX1         1  3.8    24    31    4218    (-,-) 
  u_issue_add_213_22_Y_u_issue_add_211_22_g1003/CO   -       B->CO  R     ADDHX1         1  3.8    24    31    4249    (-,-) 
  u_issue_add_213_22_Y_u_issue_add_211_22_g1002/CO   -       B->CO  R     ADDHX1         1  3.8    24    31    4280    (-,-) 
  u_issue_add_213_22_Y_u_issue_add_211_22_g1001/CO   -       B->CO  R     ADDHX1         1  3.8    24    31    4311    (-,-) 
  u_issue_add_213_22_Y_u_issue_add_211_22_g1000/CO   -       B->CO  R     ADDHX1         1  3.8    24    31    4342    (-,-) 
  u_issue_add_213_22_Y_u_issue_add_211_22_g999/CO    -       B->CO  R     ADDHX1         1  3.8    24    31    4373    (-,-) 
  u_issue_add_213_22_Y_u_issue_add_211_22_g998/CO    -       B->CO  R     ADDHX1         1  3.8    24    31    4404    (-,-) 
  u_issue_add_213_22_Y_u_issue_add_211_22_g997/CO    -       B->CO  R     ADDHX1         1  3.8    24    31    4435    (-,-) 
  u_issue_add_213_22_Y_u_issue_add_211_22_g996/CO    -       B->CO  R     ADDHX1         1  3.8    24    31    4466    (-,-) 
  u_issue_add_213_22_Y_u_issue_add_211_22_g995/CO    -       B->CO  R     ADDHX1         1  3.8    24    31    4496    (-,-) 
  u_issue_add_213_22_Y_u_issue_add_211_22_g994/CO    -       B->CO  R     ADDHX1         1  3.8    24    31    4527    (-,-) 
  u_issue_add_213_22_Y_u_issue_add_211_22_g993/CO    -       B->CO  R     ADDHX1         1  3.8    24    31    4558    (-,-) 
  u_issue_add_213_22_Y_u_issue_add_211_22_g992/CO    -       B->CO  R     ADDHX1         1  3.8    24    31    4589    (-,-) 
  u_issue_add_213_22_Y_u_issue_add_211_22_g991/CO    -       B->CO  R     ADDHX1         1  3.8    24    31    4620    (-,-) 
  u_issue_add_213_22_Y_u_issue_add_211_22_g990/CO    -       B->CO  R     ADDHX1         1  3.8    24    31    4651    (-,-) 
  u_issue_add_213_22_Y_u_issue_add_211_22_g989/CO    -       B->CO  R     ADDHX1         1  3.8    24    31    4682    (-,-) 
  u_issue_add_213_22_Y_u_issue_add_211_22_g988/CO    -       B->CO  R     ADDHX1         1  3.8    24    31    4713    (-,-) 
  u_issue_add_213_22_Y_u_issue_add_211_22_g987/CO    -       B->CO  R     ADDHX1         1  3.5    22    30    4743    (-,-) 
  u_issue_add_213_22_Y_u_issue_add_211_22_g986/Y     -       B->Y   F     CLKXOR2X1      1  3.4    22    37    4780    (-,-) 
  g241867/Y                                          -       A1->Y  R     AOI22X1        1  3.2    61    34    4814    (-,-) 
  g239549/Y                                          -       D->Y   F     NAND4XL        1  3.3   111    79    4893    (-,-) 
  u_issue_pc_x_q_reg[31]/D                           <<<     -      F     DFFRHQX1       1    -     -     0    4893    (-,-) 
#----------------------------------------------------------------------------------------------------------------------------

