============================================================
  Generated by:           Genus(TM) Synthesis Solution 21.18-s082_1
  Generated on:           Oct 28 2025  10:00:23 pm
  Module:                 riscv_core
  Operating conditions:   PVT_0P9V_125C 
  Operating conditions:   PVT_1P32V_0C 
  Interconnect mode:      global
  Area mode:              physical library
============================================================

Timing
--------

Clock Period 
-------------
clk   5990.0 


  Cost    Critical         Violating 
 Group   Path Slack  TNS     Paths   
-------------------------------------
clk          1129.5   0.0          0 
default    No paths   0.0            
-------------------------------------
Total                 0.0          0 

Instance Count
--------------
Leaf Instance Count             18561 
Physical Instance count             0 
Sequential Instance Count        2870 
Combinational Instance Count    15691 
Hierarchical Instance Count         3 

Area
----
Cell Area                          50644.728
Physical Cell Area                 0.000
Total Cell Area (Cell+Physical)    50644.728
Net Area                           27199.785
Total Area (Cell+Physical+Net)     77844.513

Max Fanout                         2870 (clk)
Min Fanout                         0 (n_4695)
Average Fanout                     2.8
Terms to net ratio                 3.9145
Terms to instance ratio            4.2490
Runtime                            506.226225 seconds
Elapsed Runtime                    534 seconds
Genus peak memory usage            1760.72 
Innovus peak memory usage          no_value 
Hostname                           gmicro02
