============================================================
  Generated by:           Genus(TM) Synthesis Solution 21.18-s082_1
  Generated on:           Oct 28 2025  10:00:23 pm
  Module:                 riscv_core
  Operating conditions:   PVT_0P9V_125C 
  Operating conditions:   PVT_1P32V_0C 
  Interconnect mode:      global
  Area mode:              physical library
============================================================

                                               Library 
   Gate    Instances    Area        Library     Domain 
-------------------------------------------------------
ADDFX1           650   3334.500    fast_vdd1v2    best 
ADDHX1           190    714.780    fast_vdd1v2    best 
ADDHX2             1      5.130    fast_vdd1v2    best 
AND2X1           246    336.528    fast_vdd1v2    best 
AND2X2           171    292.410    fast_vdd1v2    best 
AND2X4             6     16.416    fast_vdd1v2    best 
AND3X1             2      4.788    fast_vdd1v2    best 
AND3X2            16     43.776    fast_vdd1v2    best 
AND3X6             1      4.446    fast_vdd1v2    best 
AND3XL            14     28.728    fast_vdd1v2    best 
AND4X1            20     47.880    fast_vdd1v2    best 
AND4X2             4     12.312    fast_vdd1v2    best 
AND4X4             1      3.762    fast_vdd1v2    best 
AO21X1            39     93.366    fast_vdd1v2    best 
AO21X2             7     19.152    fast_vdd1v2    best 
AO21X4             1      3.420    fast_vdd1v2    best 
AO22X1           822   2248.992    fast_vdd1v2    best 
AO22X2             1      3.078    fast_vdd1v2    best 
AOI211XL         100    205.200    fast_vdd1v2    best 
AOI21X1          117    200.070    fast_vdd1v2    best 
AOI221X1         913   2185.722    fast_vdd1v2    best 
AOI222X1         186    572.508    fast_vdd1v2    best 
AOI22X1         2416   4957.632    fast_vdd1v2    best 
AOI22X2            4     15.048    fast_vdd1v2    best 
AOI2BB1X1         17     34.884    fast_vdd1v2    best 
AOI2BB2X1         13     44.460    fast_vdd1v2    best 
AOI31X1           16     32.832    fast_vdd1v2    best 
AOI32X1           17     40.698    fast_vdd1v2    best 
AOI33XL            7     16.758    fast_vdd1v2    best 
BUFX2            350    598.500    fast_vdd1v2    best 
BUFX3              3      6.156    fast_vdd1v2    best 
BUFX6              3      9.234    fast_vdd1v2    best 
CLKBUFX2           1      1.710    fast_vdd1v2    best 
CLKINVX4          41     70.110    fast_vdd1v2    best 
CLKINVX6           3      7.182    fast_vdd1v2    best 
CLKINVX8           1      3.078    fast_vdd1v2    best 
CLKMX2X2          46    141.588    fast_vdd1v2    best 
CLKMX2X4           2      8.208    fast_vdd1v2    best 
CLKXOR2X1         19     51.984    fast_vdd1v2    best 
DFFHQX1          544   2976.768    fast_vdd1v2    best 
DFFRHQX1        1643  10114.308    fast_vdd1v2    best 
DFFRHQX2          17    133.722    fast_vdd1v2    best 
DFFRHQX4           3     28.728    fast_vdd1v2    best 
DFFRX1            83    567.720    fast_vdd1v2    best 
DFFRX2           132    993.168    fast_vdd1v2    best 
DFFX1            448   3217.536    fast_vdd1v2    best 
INVX1            876    599.184    fast_vdd1v2    best 
INVX2            163    167.238    fast_vdd1v2    best 
INVX3             33     45.144    fast_vdd1v2    best 
INVXL              4      2.736    fast_vdd1v2    best 
MX2X1           1075   2573.550    fast_vdd1v2    best 
MX3XL              1      4.788    fast_vdd1v2    best 
MXI2X1            20     54.720    fast_vdd1v2    best 
MXI2XL           115    275.310    fast_vdd1v2    best 
MXI4X1             2     14.364    fast_vdd1v2    best 
NAND2BX1         229    313.272    fast_vdd1v2    best 
NAND2BX2           2      4.788    fast_vdd1v2    best 
NAND2BX4          32    120.384    fast_vdd1v2    best 
NAND2X1         1487   1525.662    fast_vdd1v2    best 
NAND2X2            5      8.550    fast_vdd1v2    best 
NAND3BX1           1      2.052    fast_vdd1v2    best 
NAND3BX4           1      5.130    fast_vdd1v2    best 
NAND3BXL          89    152.190    fast_vdd1v2    best 
NAND3X1           31     53.010    fast_vdd1v2    best 
NAND3X2            6     16.416    fast_vdd1v2    best 
NAND4BBXL          7     21.546    fast_vdd1v2    best 
NAND4BX1          21     50.274    fast_vdd1v2    best 
NAND4X1            1      2.052    fast_vdd1v2    best 
NAND4XL          652   1114.920    fast_vdd1v2    best 
NOR2BX1          151    206.568    fast_vdd1v2    best 
NOR2BX2            1      2.736    fast_vdd1v2    best 
NOR2BX4           22     82.764    fast_vdd1v2    best 
NOR2X1           404    414.504    fast_vdd1v2    best 
NOR2X2             5      8.550    fast_vdd1v2    best 
NOR2X4            21     64.638    fast_vdd1v2    best 
NOR2X6             1      4.104    fast_vdd1v2    best 
NOR2X8             1      5.472    fast_vdd1v2    best 
NOR3BX1           19     38.988    fast_vdd1v2    best 
NOR3X1            20     34.200    fast_vdd1v2    best 
NOR4BBX1           5     13.680    fast_vdd1v2    best 
NOR4BX1           26     62.244    fast_vdd1v2    best 
NOR4X1            52     88.920    fast_vdd1v2    best 
OA21X1            61    125.172    fast_vdd1v2    best 
OA21X2             3      9.234    fast_vdd1v2    best 
OA22X1            35     83.790    fast_vdd1v2    best 
OAI211X1         136    232.560    fast_vdd1v2    best 
OAI21X1          128    218.880    fast_vdd1v2    best 
OAI21X4            1      4.788    fast_vdd1v2    best 
OAI221X1         932   2231.208    fast_vdd1v2    best 
OAI222X1         520   1422.720    fast_vdd1v2    best 
OAI22X1          453    929.556    fast_vdd1v2    best 
OAI22X2            1      3.420    fast_vdd1v2    best 
OAI2BB1X1        480    820.800    fast_vdd1v2    best 
OAI2BB2XL          1      3.762    fast_vdd1v2    best 
OAI31X1           20     41.040    fast_vdd1v2    best 
OAI31X2            1      3.762    fast_vdd1v2    best 
OAI32X1           17     40.698    fast_vdd1v2    best 
OR2X1            101    138.168    fast_vdd1v2    best 
OR2X2             65    111.150    fast_vdd1v2    best 
OR2X4              4     10.944    fast_vdd1v2    best 
OR2X6              2      7.524    fast_vdd1v2    best 
OR3X1             20     41.040    fast_vdd1v2    best 
OR3X2              6     14.364    fast_vdd1v2    best 
OR4X1             83    170.316    fast_vdd1v2    best 
OR4X2              3     10.260    fast_vdd1v2    best 
OR4X4              1      3.762    fast_vdd1v2    best 
XNOR2X1          569   1362.186    fast_vdd1v2    best 
-------------------------------------------------------
total          18561  50644.728                


                                          
     Type      Instances    Area   Area % 
------------------------------------------
sequential          2870 18031.950   35.6 
inverter            1121   894.672    1.8 
buffer               357   615.600    1.2 
logic              14213 31102.506   61.4 
physical_cells         0     0.000    0.0 
------------------------------------------
total              18561 50644.728  100.0 

