============================================================
  Generated by:           Genus(TM) Synthesis Solution 21.18-s082_1
  Generated on:           Oct 28 2025  10:15:38 pm
  Module:                 biriscv_multiplier
  Operating conditions:   PVT_0P9V_125C 
  Operating conditions:   PVT_1P32V_0C 
  Interconnect mode:      global
  Area mode:              physical library
============================================================


Path 1: MET (0 ps) Late External Delay Assertion at pin writeback_value_o[17]
          Group: clk_i
     Startpoint: (R) opcode_rb_operand_i[17]
          Clock: (R) clk_i
       Endpoint: (F) writeback_value_o[17]
          Clock: (R) clk_i

                     Capture       Launch     
        Clock Edge:+    5260            0     
        Drv Adjust:+       0            0     
       Src Latency:+       0            0     
       Net Latency:+     100 (I)      100 (I) 
           Arrival:=    5360          100     
                                              
      Output Delay:-     300                  
       Uncertainty:-      50                  
     Required Time:=    5010                  
      Launch Clock:-     100                  
       Input Delay:-     300                  
         Data Path:-    4610                  
             Slack:=       0                  

Exceptions/Constraints:
  input_delay              300             biriscv_multiplier.s_line_30_128_1 
  output_delay             300             biriscv_multiplier.s_line_35_159_1 

#-----------------------------------------------------------------------------------------------------------
#           Timing Point            Flags   Arc   Edge    Cell     Fanout Load Trans Delay Arrival Instance 
#                                                                         (fF)  (ps)  (ps)   (ps)  Location 
#-----------------------------------------------------------------------------------------------------------
  opcode_rb_operand_i[17]           -       -     R     (arrival)      34 65.9   264     0     400    (-,-) 
  mul_125_62_g15886/Y               -       A->Y  F     CLKINVX12       9 19.8   105   150     550    (-,-) 
  mul_125_62_g15804/Y               -       B->Y  R     NOR2X4          1  6.1   103   104     654    (-,-) 
  mul_125_62_g15306/Y               -       B->Y  F     NOR2X8         17 33.5   142   122     777    (-,-) 
  mul_125_62_g14783/Y               -       A->Y  F     CLKAND2X12     18 34.9   104   193     970    (-,-) 
  mul_125_62_g14772/Y               -       A->Y  R     CLKINVX12      16 31.8    81    85    1054    (-,-) 
  mul_125_62_g14511/Y               -       A1->Y F     OAI22X1         1  3.7   280   223    1277    (-,-) 
  mul_125_62_cdnfadd_035_1__4319/S  -       CI->S R     ADDFHX1         1  4.1   108   408    1685    (-,-) 
  mul_125_62_cdnfadd_035_7__2802/CO -       A->CO R     ADDFHX2         1  3.7    76   259    1944    (-,-) 
  mul_125_62_cdnfadd_036_8__7410/S  -       CI->S F     ADDFHX2         1  3.7    87   332    2275    (-,-) 
  mul_125_62_cdnfadd_036_10__5477/S -       CI->S R     ADDFHX2         1  4.1    84   353    2628    (-,-) 
  mul_125_62_cdnfadd_036_12__5107/S -       A->S  F     ADDFHX1         1  3.7   115   340    2968    (-,-) 
  mul_125_62_cdnfadd_036_13__6260/S -       CI->S R     ADDFHX2         2  7.6   120   386    3354    (-,-) 
  mul_125_62_g13917__6783/Y         -       B->Y  F     NAND2X6         3  8.2   125   127    3481    (-,-) 
  mul_125_62_g13840__5477/Y         -       A1->Y R     OAI21X4         2  6.8   120   130    3611    (-,-) 
  mul_125_62_g13792__4733/Y         -       A1->Y F     AOI21X4         1  4.4   119   138    3750    (-,-) 
  mul_125_62_g13769__6417/Y         -       A1->Y R     OAI21X4         1  5.3   103   118    3867    (-,-) 
  mul_125_62_g13757__5115/Y         -       A->Y  F     NOR2X6          2  6.6    62    85    3953    (-,-) 
  mul_125_62_g13756/Y               -       A->Y  R     INVX3           1  4.5    46    55    4008    (-,-) 
  mul_125_62_g13744__6783/Y         -       A1->Y F     AOI21X4         1  4.5   116   104    4112    (-,-) 
  mul_125_62_g13741__4319/Y         -       B->Y  F     CLKAND2X12     16 47.3   132   186    4298    (-,-) 
  mul_125_62_g13708__2398/Y         -       A1->Y R     OAI21X4         1  3.3    84   112    4410    (-,-) 
  mul_125_62_g13693__7098/Y         -       B->Y  F     CLKXOR2X1       1  3.2    97   208    4618    (-,-) 
  g1191__6783/Y                     -       A->Y  F     CLKMX2X4        1 47.9   350   391    5010    (-,-) 
  writeback_value_o[17]             <<<     -     F     (port)          -    -     -     0    5010    (-,-) 
#-----------------------------------------------------------------------------------------------------------

