============================================================
  Generated by:           Genus(TM) Synthesis Solution 21.18-s082_1
  Generated on:           Oct 28 2025  10:15:38 pm
  Module:                 biriscv_multiplier
  Operating conditions:   PVT_0P9V_125C 
  Operating conditions:   PVT_1P32V_0C 
  Interconnect mode:      global
  Area mode:              physical library
============================================================

                                               Library 
   Gate     Instances    Area       Library     Domain 
-------------------------------------------------------
ADDFHX1            47   353.628    slow_vdd1v0   worst 
ADDFHX2            59   484.272    slow_vdd1v0   worst 
ADDFHX4             6    57.456    slow_vdd1v0   worst 
ADDFHXL             8    60.192    slow_vdd1v0   worst 
ADDFX1            357  1831.410    slow_vdd1v0   worst 
ADDFX2              5    39.330    slow_vdd1v0   worst 
ADDHX1             24    90.288    slow_vdd1v0   worst 
ADDHX2              2    10.260    slow_vdd1v0   worst 
AND2X1             36    49.248    slow_vdd1v0   worst 
AND2X2              6    10.260    slow_vdd1v0   worst 
AND2X4              5    13.680    slow_vdd1v0   worst 
AND2X6              3    11.286    slow_vdd1v0   worst 
AND3X8              1     5.130    slow_vdd1v0   worst 
AND4X1              1     2.394    slow_vdd1v0   worst 
AO21X1             21    50.274    slow_vdd1v0   worst 
AO21X2              2     5.472    slow_vdd1v0   worst 
AO21X4              1     3.420    slow_vdd1v0   worst 
AO22X1            245   670.320    slow_vdd1v0   worst 
AO22X2              1     3.078    slow_vdd1v0   worst 
AOI21X1            10    17.100    slow_vdd1v0   worst 
AOI21X2             6    16.416    slow_vdd1v0   worst 
AOI21X4             8    41.040    slow_vdd1v0   worst 
AOI22X2             4    15.048    slow_vdd1v0   worst 
AOI2BB1X1           1     2.052    slow_vdd1v0   worst 
AOI2BB1X2           3     9.234    slow_vdd1v0   worst 
AOI2BB1X4          13    53.352    slow_vdd1v0   worst 
AOI2BB2X4           1     7.524    slow_vdd1v0   worst 
AOI31X4             1     6.498    slow_vdd1v0   worst 
BUFX16              1     6.840    slow_vdd1v0   worst 
BUFX6               1     3.078    slow_vdd1v0   worst 
CLKAND2X12         20   150.480    slow_vdd1v0   worst 
CLKAND2X2           7    14.364    slow_vdd1v0   worst 
CLKAND2X3           8    24.624    slow_vdd1v0   worst 
CLKAND2X4           1     3.420    slow_vdd1v0   worst 
CLKAND2X6           7    33.516    slow_vdd1v0   worst 
CLKAND2X8           2    11.628    slow_vdd1v0   worst 
CLKBUFX12           1     5.130    slow_vdd1v0   worst 
CLKBUFX2            3     5.130    slow_vdd1v0   worst 
CLKBUFX6            1     3.078    slow_vdd1v0   worst 
CLKINVX12          14    57.456    slow_vdd1v0   worst 
CLKINVX16          12    65.664    slow_vdd1v0   worst 
CLKINVX2            2     2.736    slow_vdd1v0   worst 
CLKINVX20           9    58.482    slow_vdd1v0   worst 
CLKINVX4           17    29.070    slow_vdd1v0   worst 
CLKINVX6           15    35.910    slow_vdd1v0   worst 
CLKINVX8            3     9.234    slow_vdd1v0   worst 
CLKMX2X2            6    18.468    slow_vdd1v0   worst 
CLKMX2X3            4    16.416    slow_vdd1v0   worst 
CLKMX2X4           12    49.248    slow_vdd1v0   worst 
CLKMX2X6           23   102.258    slow_vdd1v0   worst 
CLKXOR2X1         151   413.136    slow_vdd1v0   worst 
INVX1             198   135.432    slow_vdd1v0   worst 
INVX2              14    14.364    slow_vdd1v0   worst 
INVX3               6     8.208    slow_vdd1v0   worst 
INVXL              29    19.836    slow_vdd1v0   worst 
MX2X1               7    16.758    slow_vdd1v0   worst 
NAND2BX1           11    15.048    slow_vdd1v0   worst 
NAND2BX2            7    16.758    slow_vdd1v0   worst 
NAND2BX4            4    15.048    slow_vdd1v0   worst 
NAND2X1            13    13.338    slow_vdd1v0   worst 
NAND2X2            27    46.170    slow_vdd1v0   worst 
NAND2X4            35   119.700    slow_vdd1v0   worst 
NAND2X6            14    67.032    slow_vdd1v0   worst 
NAND2X8             5    27.360    slow_vdd1v0   worst 
NAND3X6             1     7.182    slow_vdd1v0   worst 
NOR2BX1            30    41.040    slow_vdd1v0   worst 
NOR2BX2             4    10.944    slow_vdd1v0   worst 
NOR2BX4             1     3.762    slow_vdd1v0   worst 
NOR2X1             44    45.144    slow_vdd1v0   worst 
NOR2X2             26    44.460    slow_vdd1v0   worst 
NOR2X4             46   141.588    slow_vdd1v0   worst 
NOR2X6             20    82.080    slow_vdd1v0   worst 
NOR2X8             14    76.608    slow_vdd1v0   worst 
NOR3X2              1     2.736    slow_vdd1v0   worst 
NOR3X4              1     5.130    slow_vdd1v0   worst 
NOR3X6              2    14.364    slow_vdd1v0   worst 
OA21X1              6    12.312    slow_vdd1v0   worst 
OA22X1              4     9.576    slow_vdd1v0   worst 
OAI21X1             5     8.550    slow_vdd1v0   worst 
OAI21X2             8    24.624    slow_vdd1v0   worst 
OAI21X4            41   196.308    slow_vdd1v0   worst 
OAI22X1           148   303.696    slow_vdd1v0   worst 
OAI22X2            86   294.120    slow_vdd1v0   worst 
OAI22X4            18   116.964    slow_vdd1v0   worst 
OAI2BB1X1           6    10.260    slow_vdd1v0   worst 
OAI2BB1X2          14    43.092    slow_vdd1v0   worst 
OAI2BB1X4           6    26.676    slow_vdd1v0   worst 
OAI2BB2X1           2     8.208    slow_vdd1v0   worst 
OAI32X2            14    62.244    slow_vdd1v0   worst 
OR2X1              45    61.560    slow_vdd1v0   worst 
OR2X2               7    11.970    slow_vdd1v0   worst 
OR2X4               5    13.680    slow_vdd1v0   worst 
OR2X6               7    26.334    slow_vdd1v0   worst 
OR2X8               1     4.446    slow_vdd1v0   worst 
XNOR2X1           386   924.084    slow_vdd1v0   worst 
XNOR2X2             1     3.078    slow_vdd1v0   worst 
XNOR2X4             1     3.762    slow_vdd1v0   worst 
XOR2X4              1     4.104    slow_vdd1v0   worst 
-------------------------------------------------------
total            2569  8198.766                


                                         
     Type      Instances   Area   Area % 
-----------------------------------------
inverter             319  436.392    5.3 
buffer                 7   23.256    0.3 
logic               2243 7739.118   94.4 
physical_cells         0    0.000    0.0 
-----------------------------------------
total               2569 8198.766  100.0 

