============================================================
  Generated by:           Genus(TM) Synthesis Solution 21.18-s082_1
  Generated on:           Oct 28 2025  10:15:38 pm
  Module:                 biriscv_multiplier
  Operating conditions:   PVT_0P9V_125C 
  Operating conditions:   PVT_1P32V_0C 
  Interconnect mode:      global
  Area mode:              physical library
============================================================

Timing
--------

Clock Period 
-------------
clk_i 5260.0 


  Cost    Critical         Violating 
 Group   Path Slack  TNS     Paths   
-------------------------------------
clk_i           0.0   0.0          0 
default    No paths   0.0            
-------------------------------------
Total                 0.0          0 

Instance Count
--------------
Leaf Instance Count             2569 
Physical Instance count            0 
Sequential Instance Count          0 
Combinational Instance Count    2569 
Hierarchical Instance Count        0 

Area
----
Cell Area                          8198.766
Physical Cell Area                 0.000
Total Cell Area (Cell+Physical)    8198.766
Net Area                           3582.627
Total Area (Cell+Physical+Net)     11781.393

Max Fanout                         40 (opcode_ra_operand_i[0])
Min Fanout                         0 (opcode_opcode_i[24])
Average Fanout                     2.1
Terms to net ratio                 3.0413
Terms to instance ratio            3.7540
Runtime                            66.1583060000001 seconds
Elapsed Runtime                    67 seconds
Genus peak memory usage            1509.98 
Innovus peak memory usage          no_value 
Hostname                           gmicro02
