============================================================
  Generated by:           Genus(TM) Synthesis Solution 21.18-s082_1
  Generated on:           Oct 29 2025  05:02:11 pm
  Module:                 biriscv_multiplier
  Operating conditions:   PVT_0P9V_125C 
  Operating conditions:   PVT_1P32V_0C 
  Interconnect mode:      global
  Area mode:              physical library
============================================================

                                                Library 
   Gate     Instances    Area        Library     Domain 
--------------------------------------------------------
ADDFHX1            12     90.288    fast_vdd1v2    best 
ADDFHX2             1      8.208    fast_vdd1v2    best 
ADDFHX4             2     19.152    fast_vdd1v2    best 
ADDFX1           1208   6197.040    fast_vdd1v2    best 
ADDHX1             45    169.290    fast_vdd1v2    best 
AND2X1            137    187.416    fast_vdd1v2    best 
AND2X2              4      6.840    fast_vdd1v2    best 
AND2X4              4     10.944    fast_vdd1v2    best 
AND2X6              1      3.762    fast_vdd1v2    best 
AND3X1              3      7.182    fast_vdd1v2    best 
AND3XL              3      6.156    fast_vdd1v2    best 
AND4X1              1      2.394    fast_vdd1v2    best 
AND4X2              1      3.078    fast_vdd1v2    best 
AND4X6              1      5.814    fast_vdd1v2    best 
AO21X1             22     52.668    fast_vdd1v2    best 
AO21X2              2      5.472    fast_vdd1v2    best 
AO22X1           1025   2804.400    fast_vdd1v2    best 
AO22X2             28     86.184    fast_vdd1v2    best 
AO22X4              2      7.524    fast_vdd1v2    best 
AOI211X2            2      6.840    fast_vdd1v2    best 
AOI211X4            1      6.498    fast_vdd1v2    best 
AOI21X1            89    152.190    fast_vdd1v2    best 
AOI21X2            10     27.360    fast_vdd1v2    best 
AOI21X4             8     41.040    fast_vdd1v2    best 
AOI221X1            5     11.970    fast_vdd1v2    best 
AOI221X4            3     23.598    fast_vdd1v2    best 
AOI22X4             1      6.156    fast_vdd1v2    best 
AOI2BB1X1          12     24.624    fast_vdd1v2    best 
AOI2BB1X2           9     27.702    fast_vdd1v2    best 
AOI2BB1X4           6     24.624    fast_vdd1v2    best 
AOI2BB2X2           1      5.130    fast_vdd1v2    best 
AOI31X1            11     22.572    fast_vdd1v2    best 
AOI31X2             1      3.420    fast_vdd1v2    best 
AOI32X2             1      4.446    fast_vdd1v2    best 
BUFX2              99    169.290    fast_vdd1v2    best 
BUFX3               2      4.104    fast_vdd1v2    best 
BUFX6               9     27.702    fast_vdd1v2    best 
CLKAND2X12          1      7.524    fast_vdd1v2    best 
CLKAND2X2           3      6.156    fast_vdd1v2    best 
CLKAND2X3           9     27.702    fast_vdd1v2    best 
CLKAND2X6           8     38.304    fast_vdd1v2    best 
CLKBUFX2            1      1.710    fast_vdd1v2    best 
CLKBUFX20           4     32.832    fast_vdd1v2    best 
CLKBUFX3            1      2.052    fast_vdd1v2    best 
CLKINVX12           8     32.832    fast_vdd1v2    best 
CLKINVX4           94    160.740    fast_vdd1v2    best 
CLKINVX6           32     76.608    fast_vdd1v2    best 
CLKINVX8           29     89.262    fast_vdd1v2    best 
CLKMX2X2           35    107.730    fast_vdd1v2    best 
CLKMX2X4           27    110.808    fast_vdd1v2    best 
CLKXOR2X1          16     43.776    fast_vdd1v2    best 
DFFRHQX1         1757  10816.092    fast_vdd1v2    best 
DFFRX2              3     22.572    fast_vdd1v2    best 
INVX1             120     82.080    fast_vdd1v2    best 
INVX2              47     48.222    fast_vdd1v2    best 
INVX3              23     31.464    fast_vdd1v2    best 
INVXL               1      0.684    fast_vdd1v2    best 
MX2X1             208    497.952    fast_vdd1v2    best 
NAND2BX1          117    160.056    fast_vdd1v2    best 
NAND2BX2            5     11.970    fast_vdd1v2    best 
NAND2BX4            2      7.524    fast_vdd1v2    best 
NAND2X1           193    198.018    fast_vdd1v2    best 
NAND2X2            25     42.750    fast_vdd1v2    best 
NAND2X4            17     58.140    fast_vdd1v2    best 
NAND2X6             1      4.788    fast_vdd1v2    best 
NAND2X8             2     10.944    fast_vdd1v2    best 
NAND3BX1            3      6.156    fast_vdd1v2    best 
NAND3BXL            7     11.970    fast_vdd1v2    best 
NAND3X1             7     11.970    fast_vdd1v2    best 
NAND3X2             1      2.736    fast_vdd1v2    best 
NAND3X6             1      7.182    fast_vdd1v2    best 
NAND4BX1            1      2.394    fast_vdd1v2    best 
NOR2BX1            85    116.280    fast_vdd1v2    best 
NOR2BX2             4     10.944    fast_vdd1v2    best 
NOR2BX4             1      3.762    fast_vdd1v2    best 
NOR2X1            131    134.406    fast_vdd1v2    best 
NOR2X2             45     76.950    fast_vdd1v2    best 
NOR2X4             31     95.418    fast_vdd1v2    best 
NOR2X6              7     28.728    fast_vdd1v2    best 
NOR2X8              2     10.944    fast_vdd1v2    best 
NOR3BX1             7     14.364    fast_vdd1v2    best 
NOR3BX2             1      3.420    fast_vdd1v2    best 
NOR3X1              5      8.550    fast_vdd1v2    best 
NOR3X2              1      2.736    fast_vdd1v2    best 
NOR3X4              2     10.260    fast_vdd1v2    best 
NOR4BBX1            1      2.736    fast_vdd1v2    best 
NOR4BX1             2      4.788    fast_vdd1v2    best 
NOR4X1              2      3.420    fast_vdd1v2    best 
NOR4X4              1      6.498    fast_vdd1v2    best 
OA21X1             47     96.444    fast_vdd1v2    best 
OA21X4              1      3.762    fast_vdd1v2    best 
OA22X1              2      4.788    fast_vdd1v2    best 
OAI211X1            5      8.550    fast_vdd1v2    best 
OAI211X4            1      6.498    fast_vdd1v2    best 
OAI21X1            78    133.380    fast_vdd1v2    best 
OAI21X2            19     58.482    fast_vdd1v2    best 
OAI21X4            14     67.032    fast_vdd1v2    best 
OAI221X1           28     67.032    fast_vdd1v2    best 
OAI221X4            2     15.732    fast_vdd1v2    best 
OAI22X1             9     18.468    fast_vdd1v2    best 
OAI2BB1X1         584    998.640    fast_vdd1v2    best 
OAI2BB1X2           4     12.312    fast_vdd1v2    best 
OAI2BB1X4           2      8.892    fast_vdd1v2    best 
OAI31X1             3      6.156    fast_vdd1v2    best 
OAI31X2             2      7.524    fast_vdd1v2    best 
OAI32X2             1      4.446    fast_vdd1v2    best 
OR2X1             138    188.784    fast_vdd1v2    best 
OR2X2              19     32.490    fast_vdd1v2    best 
OR2X4              22     60.192    fast_vdd1v2    best 
OR2X6               1      3.762    fast_vdd1v2    best 
OR2X8               1      4.446    fast_vdd1v2    best 
OR3X1               5     10.260    fast_vdd1v2    best 
OR4X1               2      4.104    fast_vdd1v2    best 
OR4X6               1      5.472    fast_vdd1v2    best 
XNOR2X1           265    634.410    fast_vdd1v2    best 
--------------------------------------------------------
total            7165  26033.040                


                                          
     Type      Instances    Area   Area % 
------------------------------------------
sequential          1760 10838.664   41.6 
inverter             354   521.892    2.0 
buffer               116   237.690    0.9 
logic               4935 14434.794   55.4 
physical_cells         0     0.000    0.0 
------------------------------------------
total               7165 26033.040  100.0 

