============================================================
  Generated by:           Genus(TM) Synthesis Solution 21.18-s082_1
  Generated on:           Oct 29 2025  05:02:11 pm
  Module:                 biriscv_multiplier
  Operating conditions:   PVT_0P9V_125C 
  Operating conditions:   PVT_1P32V_0C 
  Interconnect mode:      global
  Area mode:              physical library
============================================================

Timing
--------

Clock Period 
-------------
clk_i  910.0 


  Cost    Critical         Violating 
 Group   Path Slack  TNS     Paths   
-------------------------------------
clk_i           1.5   0.0          0 
default    No paths   0.0            
-------------------------------------
Total                 0.0          0 

Instance Count
--------------
Leaf Instance Count             7165 
Physical Instance count            0 
Sequential Instance Count       1760 
Combinational Instance Count    5405 
Hierarchical Instance Count        0 

Area
----
Cell Area                          26033.040
Physical Cell Area                 0.000
Total Cell Area (Cell+Physical)    26033.040
Net Area                           9327.875
Total Area (Cell+Physical+Net)     35360.915

Max Fanout                         1760 (clk_i)
Min Fanout                         0 (n_21)
Average Fanout                     2.2
Terms to net ratio                 3.4017
Terms to instance ratio            4.0246
Runtime                            197.341185 seconds
Elapsed Runtime                    195 seconds
Genus peak memory usage            2106.72 
Innovus peak memory usage          no_value 
Hostname                           gmicro02
