============================================================
  Generated by:           Genus(TM) Synthesis Solution 21.18-s082_1
  Generated on:           Oct 29 2025  05:11:51 pm
  Module:                 biriscv_multiplier
  Operating conditions:   PVT_0P9V_125C 
  Operating conditions:   PVT_1P32V_0C 
  Interconnect mode:      global
  Area mode:              physical library
============================================================

Timing
--------

Clock Period 
-------------
clk_i  830.0 


  Cost    Critical         Violating 
 Group   Path Slack  TNS     Paths   
-------------------------------------
clk_i           1.5   0.0          0 
default    No paths   0.0            
-------------------------------------
Total                 0.0          0 

Instance Count
--------------
Leaf Instance Count             7359 
Physical Instance count            0 
Sequential Instance Count       1796 
Combinational Instance Count    5563 
Hierarchical Instance Count        0 

Area
----
Cell Area                          27148.986
Physical Cell Area                 0.000
Total Cell Area (Cell+Physical)    27148.986
Net Area                           9531.276
Total Area (Cell+Physical+Net)     36680.262

Max Fanout                         1796 (clk_i)
Min Fanout                         0 (n_58)
Average Fanout                     2.2
Terms to net ratio                 3.4231
Terms to instance ratio            4.0162
Runtime                            204.92191900000006 seconds
Elapsed Runtime                    204 seconds
Genus peak memory usage            2109.76 
Innovus peak memory usage          no_value 
Hostname                           gmicro02
