============================================================
  Generated by:           Genus(TM) Synthesis Solution 21.18-s082_1
  Generated on:           Oct 29 2025  05:11:51 pm
  Module:                 biriscv_multiplier
  Operating conditions:   PVT_0P9V_125C 
  Operating conditions:   PVT_1P32V_0C 
  Interconnect mode:      global
  Area mode:              physical library
============================================================

                                                Library 
   Gate     Instances    Area        Library     Domain 
--------------------------------------------------------
ADDFHX1            35    263.340    fast_vdd1v2    best 
ADDFHX2             7     57.456    fast_vdd1v2    best 
ADDFHX4             1      9.576    fast_vdd1v2    best 
ADDFX1           1180   6053.400    fast_vdd1v2    best 
ADDHX1             43    161.766    fast_vdd1v2    best 
AND2X1            144    196.992    fast_vdd1v2    best 
AND2X2              4      6.840    fast_vdd1v2    best 
AND2X4              5     13.680    fast_vdd1v2    best 
AND2X6              1      3.762    fast_vdd1v2    best 
AND3X6              1      4.446    fast_vdd1v2    best 
AND3X8              1      5.130    fast_vdd1v2    best 
AND3XL              4      8.208    fast_vdd1v2    best 
AND4X1              1      2.394    fast_vdd1v2    best 
AO21X1             22     52.668    fast_vdd1v2    best 
AO21X2              2      5.472    fast_vdd1v2    best 
AO21X4              3     10.260    fast_vdd1v2    best 
AO22X1           1025   2804.400    fast_vdd1v2    best 
AO22X2             30     92.340    fast_vdd1v2    best 
AO22X4             28    105.336    fast_vdd1v2    best 
AOI211X2            1      3.420    fast_vdd1v2    best 
AOI211X4            1      6.498    fast_vdd1v2    best 
AOI21X1            84    143.640    fast_vdd1v2    best 
AOI21X2            16     43.776    fast_vdd1v2    best 
AOI21X4            15     76.950    fast_vdd1v2    best 
AOI221X1            6     14.364    fast_vdd1v2    best 
AOI221X2            2      8.892    fast_vdd1v2    best 
AOI221X4            1      7.866    fast_vdd1v2    best 
AOI22X2             1      3.762    fast_vdd1v2    best 
AOI22X4             1      6.156    fast_vdd1v2    best 
AOI2BB1X1          18     36.936    fast_vdd1v2    best 
AOI2BB1X2           7     21.546    fast_vdd1v2    best 
AOI2BB1X4          17     69.768    fast_vdd1v2    best 
AOI2BB2X2           1      5.130    fast_vdd1v2    best 
AOI31X1             7     14.364    fast_vdd1v2    best 
AOI31X4             2     12.996    fast_vdd1v2    best 
BUFX12              1      5.130    fast_vdd1v2    best 
BUFX2              79    135.090    fast_vdd1v2    best 
BUFX3               1      2.052    fast_vdd1v2    best 
BUFX6               6     18.468    fast_vdd1v2    best 
BUFX8               1      3.762    fast_vdd1v2    best 
CLKAND2X12          1      7.524    fast_vdd1v2    best 
CLKAND2X2           6     12.312    fast_vdd1v2    best 
CLKAND2X3           6     18.468    fast_vdd1v2    best 
CLKAND2X6          13     62.244    fast_vdd1v2    best 
CLKBUFX2            1      1.710    fast_vdd1v2    best 
CLKBUFX20           1      8.208    fast_vdd1v2    best 
CLKBUFX3            1      2.052    fast_vdd1v2    best 
CLKINVX12           4     16.416    fast_vdd1v2    best 
CLKINVX20           1      6.498    fast_vdd1v2    best 
CLKINVX4          121    206.910    fast_vdd1v2    best 
CLKINVX6           46    110.124    fast_vdd1v2    best 
CLKINVX8           47    144.666    fast_vdd1v2    best 
CLKMX2X2           27     83.106    fast_vdd1v2    best 
CLKMX2X4            4     16.416    fast_vdd1v2    best 
CLKXOR2X1          15     41.040    fast_vdd1v2    best 
DFFRHQX1         1666  10255.896    fast_vdd1v2    best 
DFFRHQX2           17    133.722    fast_vdd1v2    best 
DFFRHQX4           19    181.944    fast_vdd1v2    best 
DFFRX2             94    707.256    fast_vdd1v2    best 
INVX1             136     93.024    fast_vdd1v2    best 
INVX2              32     32.832    fast_vdd1v2    best 
INVX3              33     45.144    fast_vdd1v2    best 
INVXL               1      0.684    fast_vdd1v2    best 
MX2X1             208    497.952    fast_vdd1v2    best 
NAND2BX1           96    131.328    fast_vdd1v2    best 
NAND2BX2            2      4.788    fast_vdd1v2    best 
NAND2BX4            2      7.524    fast_vdd1v2    best 
NAND2X1           161    165.186    fast_vdd1v2    best 
NAND2X2            37     63.270    fast_vdd1v2    best 
NAND2X4            22     75.240    fast_vdd1v2    best 
NAND2X6            15     71.820    fast_vdd1v2    best 
NAND2X8             5     27.360    fast_vdd1v2    best 
NAND3BX1            6     12.312    fast_vdd1v2    best 
NAND3BXL            3      5.130    fast_vdd1v2    best 
NAND3X1             8     13.680    fast_vdd1v2    best 
NAND3X2             4     10.944    fast_vdd1v2    best 
NAND3X4             1      4.788    fast_vdd1v2    best 
NAND4BX1            1      2.394    fast_vdd1v2    best 
NAND4BX4            1      7.524    fast_vdd1v2    best 
NAND4X1             1      2.052    fast_vdd1v2    best 
NAND4X2             1      3.762    fast_vdd1v2    best 
NOR2BX1            86    117.648    fast_vdd1v2    best 
NOR2BX2             2      5.472    fast_vdd1v2    best 
NOR2X1            156    160.056    fast_vdd1v2    best 
NOR2X2             54     92.340    fast_vdd1v2    best 
NOR2X4             48    147.744    fast_vdd1v2    best 
NOR2X6             21     86.184    fast_vdd1v2    best 
NOR2X8              4     21.888    fast_vdd1v2    best 
NOR3BX1             6     12.312    fast_vdd1v2    best 
NOR3BX2             1      3.420    fast_vdd1v2    best 
NOR3BX4             3     17.442    fast_vdd1v2    best 
NOR3X1              4      6.840    fast_vdd1v2    best 
NOR3X2              1      2.736    fast_vdd1v2    best 
NOR3X4              2     10.260    fast_vdd1v2    best 
NOR3X6              4     28.728    fast_vdd1v2    best 
NOR4BX1             3      7.182    fast_vdd1v2    best 
NOR4X4              1      6.498    fast_vdd1v2    best 
OA21X1             68    139.536    fast_vdd1v2    best 
OA21X2              1      3.078    fast_vdd1v2    best 
OA21X4              1      3.762    fast_vdd1v2    best 
OAI211X1            2      3.420    fast_vdd1v2    best 
OAI21X1            88    150.480    fast_vdd1v2    best 
OAI21X2            28     86.184    fast_vdd1v2    best 
OAI21X4            29    138.852    fast_vdd1v2    best 
OAI221X1            1      2.394    fast_vdd1v2    best 
OAI22X1            26     53.352    fast_vdd1v2    best 
OAI22X4             1      6.498    fast_vdd1v2    best 
OAI2BB1X1         562    961.020    fast_vdd1v2    best 
OAI2BB1X2           6     18.468    fast_vdd1v2    best 
OAI2BB1X4           1      4.446    fast_vdd1v2    best 
OAI31X1            14     28.728    fast_vdd1v2    best 
OAI31X4            10     68.400    fast_vdd1v2    best 
OR2X1             139    190.152    fast_vdd1v2    best 
OR2X2              11     18.810    fast_vdd1v2    best 
OR2X4              21     57.456    fast_vdd1v2    best 
OR2X6               9     33.858    fast_vdd1v2    best 
OR2X8               2      8.892    fast_vdd1v2    best 
OR3X1               5     10.260    fast_vdd1v2    best 
OR4X1               1      2.052    fast_vdd1v2    best 
XNOR2X1           262    627.228    fast_vdd1v2    best 
XNOR2X2             2      6.156    fast_vdd1v2    best 
XOR2X1              2      5.472    fast_vdd1v2    best 
--------------------------------------------------------
total            7359  27148.986                


                                          
     Type      Instances    Area   Area % 
------------------------------------------
sequential          1796 11278.818   41.5 
inverter             421   656.298    2.4 
buffer                91   176.472    0.7 
logic               5051 15037.398   55.4 
physical_cells         0     0.000    0.0 
------------------------------------------
total               7359 27148.986  100.0 

