============================================================
  Generated by:           Genus(TM) Synthesis Solution 21.18-s082_1
  Generated on:           Oct 29 2025  02:17:10 pm
  Module:                 biriscv_multiplier
  Operating conditions:   PVT_0P9V_125C 
  Operating conditions:   PVT_1P32V_0C 
  Interconnect mode:      global
  Area mode:              physical library
============================================================

Timing
--------

Clock Period 
-------------
clk_i 3850.0 


  Cost    Critical         Violating 
 Group   Path Slack  TNS     Paths   
-------------------------------------
clk_i           0.0   0.0          0 
default    No paths   0.0            
-------------------------------------
Total                 0.0          0 

Instance Count
--------------
Leaf Instance Count             8726 
Physical Instance count            0 
Sequential Instance Count        661 
Combinational Instance Count    8065 
Hierarchical Instance Count        0 

Area
----
Cell Area                          25625.034
Physical Cell Area                 0.000
Total Cell Area (Cell+Physical)    25625.034
Net Area                           10029.249
Total Area (Cell+Physical+Net)     35654.283

Max Fanout                         661 (clk_i)
Min Fanout                         0 (n_13)
Average Fanout                     2.0
Terms to net ratio                 3.1026
Terms to instance ratio            3.2860
Runtime                            206.08067200000028 seconds
Elapsed Runtime                    206 seconds
Genus peak memory usage            1883.44 
Innovus peak memory usage          no_value 
Hostname                           gmicro02
