============================================================
  Generated by:           Genus(TM) Synthesis Solution 21.18-s082_1
  Generated on:           Oct 29 2025  02:17:10 pm
  Module:                 biriscv_multiplier
  Operating conditions:   PVT_0P9V_125C 
  Operating conditions:   PVT_1P32V_0C 
  Interconnect mode:      global
  Area mode:              physical library
============================================================

                                                Library 
   Gate     Instances    Area        Library     Domain 
--------------------------------------------------------
ACHCONX2            1     12.654    slow_vdd1v0   worst 
ADDFHX1            13     97.812    slow_vdd1v0   worst 
ADDFHX2            16    131.328    slow_vdd1v0   worst 
ADDFHX4             2     19.152    slow_vdd1v0   worst 
ADDFX1            395   2026.350    slow_vdd1v0   worst 
ADDHX1             27    101.574    slow_vdd1v0   worst 
ADDHX2             58    297.540    slow_vdd1v0   worst 
ADDHX4             34    244.188    slow_vdd1v0   worst 
AND2X1            538    735.984    slow_vdd1v0   worst 
AND2X2             59    100.890    slow_vdd1v0   worst 
AND2X4             25     68.400    slow_vdd1v0   worst 
AND2X6             17     63.954    slow_vdd1v0   worst 
AND2X8              5     22.230    slow_vdd1v0   worst 
AO21X1             37     88.578    slow_vdd1v0   worst 
AO21X2              8     21.888    slow_vdd1v0   worst 
AO21X4             13     44.460    slow_vdd1v0   worst 
AO22X1              2      5.472    slow_vdd1v0   worst 
AOI211X4            3     19.494    slow_vdd1v0   worst 
AOI21X1             6     10.260    slow_vdd1v0   worst 
AOI21X2            82    224.352    slow_vdd1v0   worst 
AOI21X4            68    348.840    slow_vdd1v0   worst 
AOI221X2            1      4.446    slow_vdd1v0   worst 
AOI221X4            2     15.732    slow_vdd1v0   worst 
AOI22X4             2     12.312    slow_vdd1v0   worst 
AOI2BB1X1          30     61.560    slow_vdd1v0   worst 
AOI2BB1X2          19     58.482    slow_vdd1v0   worst 
AOI2BB1X4          90    369.360    slow_vdd1v0   worst 
AOI2BB2X4           5     37.620    slow_vdd1v0   worst 
BMXIX2              1      7.524    slow_vdd1v0   worst 
BUFX12              9     46.170    slow_vdd1v0   worst 
BUFX16              7     47.880    slow_vdd1v0   worst 
BUFX2               6     10.260    slow_vdd1v0   worst 
BUFX20              3     24.624    slow_vdd1v0   worst 
BUFX3              12     24.624    slow_vdd1v0   worst 
BUFX4               1      2.394    slow_vdd1v0   worst 
BUFX6             228    701.784    slow_vdd1v0   worst 
BUFX8               1      3.762    slow_vdd1v0   worst 
CLKAND2X12         36    270.864    slow_vdd1v0   worst 
CLKAND2X2         153    313.956    slow_vdd1v0   worst 
CLKAND2X3          67    206.226    slow_vdd1v0   worst 
CLKAND2X4           8     27.360    slow_vdd1v0   worst 
CLKAND2X6          42    201.096    slow_vdd1v0   worst 
CLKAND2X8           5     29.070    slow_vdd1v0   worst 
CLKBUFX12          15     76.950    slow_vdd1v0   worst 
CLKBUFX16          17    116.280    slow_vdd1v0   worst 
CLKBUFX20           1      8.208    slow_vdd1v0   worst 
CLKBUFX6            2      6.156    slow_vdd1v0   worst 
CLKINVX1            1      1.026    slow_vdd1v0   worst 
CLKINVX12          41    168.264    slow_vdd1v0   worst 
CLKINVX16          11     60.192    slow_vdd1v0   worst 
CLKINVX2           44     60.192    slow_vdd1v0   worst 
CLKINVX20           7     45.486    slow_vdd1v0   worst 
CLKINVX3           28     47.880    slow_vdd1v0   worst 
CLKINVX4          119    203.490    slow_vdd1v0   worst 
CLKINVX6           91    217.854    slow_vdd1v0   worst 
CLKINVX8           53    163.134    slow_vdd1v0   worst 
CLKMX2X2            3      9.234    slow_vdd1v0   worst 
CLKMX2X3           37    151.848    slow_vdd1v0   worst 
CLKMX2X6           34    151.164    slow_vdd1v0   worst 
CLKXOR2X1         100    273.600    slow_vdd1v0   worst 
CLKXOR2X2           7     23.940    slow_vdd1v0   worst 
DFFRHQX1          638   3927.528    slow_vdd1v0   worst 
DFFRHQX2            1      7.866    slow_vdd1v0   worst 
DFFRHQX4            4     38.304    slow_vdd1v0   worst 
DFFRX2             18    135.432    slow_vdd1v0   worst 
INVX1             219    149.796    slow_vdd1v0   worst 
INVX2              38     38.988    slow_vdd1v0   worst 
INVX20              2     12.996    slow_vdd1v0   worst 
INVX3              19     25.992    slow_vdd1v0   worst 
INVX4               2      3.420    slow_vdd1v0   worst 
INVXL               1      0.684    slow_vdd1v0   worst 
MX2X1             629   1505.826    slow_vdd1v0   worst 
MXI2X2              5     22.230    slow_vdd1v0   worst 
MXI2X4              6     30.780    slow_vdd1v0   worst 
MXI2X6              2     10.260    slow_vdd1v0   worst 
NAND2BX1           90    123.120    slow_vdd1v0   worst 
NAND2BX2           28     67.032    slow_vdd1v0   worst 
NAND2BX4           17     63.954    slow_vdd1v0   worst 
NAND2X1            88     90.288    slow_vdd1v0   worst 
NAND2X2           332    567.720    slow_vdd1v0   worst 
NAND2X4           111    379.620    slow_vdd1v0   worst 
NAND2X6            66    316.008    slow_vdd1v0   worst 
NAND2X8            61    333.792    slow_vdd1v0   worst 
NAND3BX2            1      3.078    slow_vdd1v0   worst 
NAND3BX4            2     10.260    slow_vdd1v0   worst 
NAND3X4             1      4.788    slow_vdd1v0   worst 
NOR2BX1           308    421.344    slow_vdd1v0   worst 
NOR2BX2            23     62.928    slow_vdd1v0   worst 
NOR2BX4            19     71.478    slow_vdd1v0   worst 
NOR2X1            248    254.448    slow_vdd1v0   worst 
NOR2X2            758   1296.180    slow_vdd1v0   worst 
NOR2X4            353   1086.534    slow_vdd1v0   worst 
NOR2X6            195    800.280    slow_vdd1v0   worst 
NOR2X8            139    760.608    slow_vdd1v0   worst 
NOR2XL              7      7.182    slow_vdd1v0   worst 
NOR3BX2             3     10.260    slow_vdd1v0   worst 
NOR3BX4             1      5.814    slow_vdd1v0   worst 
NOR3X2              3      8.208    slow_vdd1v0   worst 
NOR3X4              3     15.390    slow_vdd1v0   worst 
NOR3X6              4     28.728    slow_vdd1v0   worst 
NOR3X8             11     97.812    slow_vdd1v0   worst 
NOR4X4              1      6.498    slow_vdd1v0   worst 
NOR4X8              1     10.602    slow_vdd1v0   worst 
OA21X1            205    420.660    slow_vdd1v0   worst 
OA21X2             16     49.248    slow_vdd1v0   worst 
OA21X4             17     63.954    slow_vdd1v0   worst 
OA22X1              1      2.394    slow_vdd1v0   worst 
OAI21X1            73    124.830    slow_vdd1v0   worst 
OAI21X2            60    184.680    slow_vdd1v0   worst 
OAI21X4           129    617.652    slow_vdd1v0   worst 
OAI22X1             1      2.052    slow_vdd1v0   worst 
OAI2BB1X1          31     53.010    slow_vdd1v0   worst 
OAI2BB1X2           6     18.468    slow_vdd1v0   worst 
OAI2BB1X4           9     40.014    slow_vdd1v0   worst 
OAI2BB2X2           1      5.472    slow_vdd1v0   worst 
OAI2BB2X4          15    128.250    slow_vdd1v0   worst 
OAI31X4             3     20.520    slow_vdd1v0   worst 
OR2X1             189    258.552    slow_vdd1v0   worst 
OR2X2              28     47.880    slow_vdd1v0   worst 
OR2X4              31     84.816    slow_vdd1v0   worst 
OR2X6              13     48.906    slow_vdd1v0   worst 
OR2X8               4     17.784    slow_vdd1v0   worst 
OR3X1              18     36.936    slow_vdd1v0   worst 
OR3X2               3      7.182    slow_vdd1v0   worst 
OR3X4               6     18.468    slow_vdd1v0   worst 
OR3X6               1      4.788    slow_vdd1v0   worst 
OR3X8               1      5.472    slow_vdd1v0   worst 
OR4X1              27     55.404    slow_vdd1v0   worst 
OR4X4               1      3.762    slow_vdd1v0   worst 
OR4X6               5     27.360    slow_vdd1v0   worst 
XNOR2X1           615   1472.310    slow_vdd1v0   worst 
XNOR2X2             9     27.702    slow_vdd1v0   worst 
XNOR3X1             1      7.524    slow_vdd1v0   worst 
XOR3XL              1      7.524    slow_vdd1v0   worst 
--------------------------------------------------------
total            8726  25625.034                


                                          
     Type      Instances    Area   Area % 
------------------------------------------
sequential           661  4109.130   16.0 
inverter             676  1199.394    4.7 
buffer               302  1069.092    4.2 
logic               7087 19247.418   75.1 
physical_cells         0     0.000    0.0 
------------------------------------------
total               8726 25625.034  100.0 

