============================================================
  Generated by:           Genus(TM) Synthesis Solution 21.18-s082_1
  Generated on:           Oct 29 2025  02:17:10 pm
  Module:                 biriscv_multiplier
  Operating conditions:   PVT_0P9V_125C 
  Operating conditions:   PVT_1P32V_0C 
  Interconnect mode:      global
  Area mode:              physical library
============================================================


Path 1: MET (0 ps) Setup Check with Pin Stage1_s_reg[13][59]/CK->D
          Group: clk_i
     Startpoint: (R) opcode_rb_operand_i[2]
          Clock: (R) clk_i
       Endpoint: (R) Stage1_s_reg[13][59]/D
          Clock: (R) clk_i

                     Capture       Launch     
        Clock Edge:+    3850            0     
        Drv Adjust:+       0            0     
       Src Latency:+       0            0     
       Net Latency:+     100 (I)      100 (I) 
           Arrival:=    3950          100     
                                              
             Setup:-     135                  
       Uncertainty:-      50                  
     Required Time:=    3765                  
      Launch Clock:-     100                  
       Input Delay:-     300                  
         Data Path:-    3365                  
             Slack:=       0                  

Exceptions/Constraints:
  input_delay             300             biriscv_multiplier.s_line_30_95_1 

#------------------------------------------------------------------------------------------------
#     Timing Point       Flags   Arc   Edge    Cell     Fanout Load Trans Delay Arrival Instance 
#                                                              (fF)  (ps)  (ps)   (ps)  Location 
#------------------------------------------------------------------------------------------------
  opcode_rb_operand_i[2] -       -     R     (arrival)       2  8.4   264     0     400    (-,-) 
  SUB_UNS_OP_g857/Y      -       A->Y  F     NOR2X8          1  4.0    74   152     552    (-,-) 
  SUB_UNS_OP_g820/Y      -       A->Y  F     CLKAND2X6       2  5.8    45   121     674    (-,-) 
  SUB_UNS_OP_g813/Y      -       A->Y  F     CLKAND2X6      10 23.9   124   150     824    (-,-) 
  SUB_UNS_OP_g803/Y      -       B->Y  F     CLKAND2X12     17 49.6   136   193    1017    (-,-) 
  SUB_UNS_OP_g797/Y      -       B->Y  R     NAND2X4         1  3.3    49    84    1101    (-,-) 
  SUB_UNS_OP_g760/Y      -       B->Y  F     CLKXOR2X1       1  3.4   102   196    1296    (-,-) 
  g23313/Y               -       B->Y  F     CLKAND2X3       1  3.6    48   130    1426    (-,-) 
  g23312/Y               -       B->Y  F     OR2X8          15 33.1   146   205    1632    (-,-) 
  g22787/Y               -       A->Y  R     CLKINVX16      18 47.2    97   108    1740    (-,-) 
  g21747__9315/Y         -       B->Y  F     NOR2X6          2  6.3    59    74    1814    (-,-) 
  add_178_53_I14_g1806/Y -       A->Y  F     OR2X4           2  7.6    84   192    2005    (-,-) 
  add_178_53_I14_g1706/Y -       A->Y  R     NAND2X8         2  7.2    46    62    2067    (-,-) 
  add_178_53_I14_g1695/Y -       B->Y  F     NOR2X6          1  5.1    56    47    2115    (-,-) 
  add_178_53_I14_g1693/Y -       B->Y  R     NOR2X6          2  7.2    81    73    2188    (-,-) 
  add_178_53_I14_g1684/Y -       B->Y  F     NOR2X6          1  5.1    67    63    2251    (-,-) 
  add_178_53_I14_g1682/Y -       B->Y  R     NOR2X6          2  7.2    84    78    2329    (-,-) 
  add_178_53_I14_g1678/Y -       B->Y  F     NOR2X6          1  5.8    70    67    2396    (-,-) 
  add_178_53_I14_g1676/Y -       B->Y  R     NOR2X8          4 10.4    91    82    2478    (-,-) 
  add_178_53_I14_g1675/Y -       B->Y  F     NOR2X6          1  5.8    53    70    2547    (-,-) 
  add_178_53_I14_g1671/Y -       B->Y  R     NOR2X8          3  9.2    80    71    2619    (-,-) 
  add_178_53_I14_g1668/Y -       B->Y  F     NOR2X6          1  5.8    55    65    2683    (-,-) 
  add_178_53_I14_g1657/Y -       B->Y  R     NOR2X8          3  8.6    76    70    2754    (-,-) 
  add_178_53_I14_g1652/Y -       B->Y  F     NOR2X6          1  5.8    61    63    2816    (-,-) 
  add_178_53_I14_g1644/Y -       B->Y  R     NOR2X8          2  8.0    75    71    2887    (-,-) 
  add_178_53_I14_g1636/Y -       B->Y  F     NOR2X8          3  9.7    82    65    2952    (-,-) 
  add_178_53_I14_g1630/Y -       B->Y  R     NAND2X8         1  6.1    56    56    3008    (-,-) 
  add_178_53_I14_g1626/Y -       B->Y  F     NAND2X8         3  9.3   111    93    3101    (-,-) 
  add_178_53_I14_g1621/Y -       B->Y  R     NAND2X8         2  8.8    56    72    3173    (-,-) 
  add_178_53_I14_g1613/Y -       B->Y  F     NAND2X8         2  6.3    93    81    3254    (-,-) 
  add_178_53_I14_g1608/Y -       A1->Y R     AOI21X4         1  3.3    86    98    3351    (-,-) 
  add_178_53_I14_g1606/Y -       B->Y  R     CLKXOR2X1       1  3.3    86   199    3551    (-,-) 
  g13299/Y               -       B->Y  R     CLKMX2X3        1  3.2    54   214    3765    (-,-) 
  Stage1_s_reg[13][59]/D <<<     -     R     DFFRHQX1        1    -     -     0    3765    (-,-) 
#------------------------------------------------------------------------------------------------

