============================================================
  Generated by:           Genus(TM) Synthesis Solution 21.18-s082_1
  Generated on:           Oct 29 2025  12:47:12 am
  Module:                 biriscv_multiplier
  Operating conditions:   PVT_0P9V_125C 
  Operating conditions:   PVT_1P32V_0C 
  Interconnect mode:      global
  Area mode:              physical library
============================================================


Path 1: VIOLATED (-2 ps) Late External Delay Assertion at pin writeback_value_o[25]
          Group: clk_i
     Startpoint: (F) opcode_ra_operand_i[22]
          Clock: (R) clk_i
       Endpoint: (F) writeback_value_o[25]
          Clock: (R) clk_i

                     Capture       Launch     
        Clock Edge:+    1610            0     
        Drv Adjust:+       0            0     
       Src Latency:+       0            0     
       Net Latency:+     100 (I)      100 (I) 
           Arrival:=    1710          100     
                                              
      Output Delay:-     300                  
       Uncertainty:-      50                  
     Required Time:=    1360                  
      Launch Clock:-     100                  
       Input Delay:-     300                  
         Data Path:-     962                  
             Slack:=      -2                  

Exceptions/Constraints:
  input_delay              300             biriscv_multiplier.s_line_30_43_1  
  output_delay             300             biriscv_multiplier.s_line_35_103_1 

#-----------------------------------------------------------------------------------------------------------------------
#                 Timing Point                  Flags   Arc   Edge    Cell     Fanout Load Trans Delay Arrival Instance 
#                                                                                     (fF)  (ps)  (ps)   (ps)  Location 
#-----------------------------------------------------------------------------------------------------------------------
  opcode_ra_operand_i[22]                       -       -     F     (arrival)       1  6.6   252     0     400    (-,-) 
  g10886/Y                                      -       A->Y  R     CLKINVX8        1  6.0    38    23     423    (-,-) 
  g10885/Y                                      -       A->Y  F     CLKINVX6        2  7.5    14    12     435    (-,-) 
  SUB_UNS_OP1_g1079/Y                           -       A->Y  R     CLKINVX6        3  9.7    13    11     446    (-,-) 
  SUB_UNS_OP1_g21943/Y                          -       A->Y  F     CLKINVX6        2  7.7    11    10     456    (-,-) 
  SUB_UNS_OP1_g1034/Y                           -       A->Y  R     NOR2X6          1  4.2    13    13     469    (-,-) 
  SUB_UNS_OP1_g1007/Y                           -       B->Y  R     CLKAND2X6       2  8.9    13    21     490    (-,-) 
  SUB_UNS_OP1_g981/Y                            -       A->Y  F     NAND2X8         8 28.2    46    31     521    (-,-) 
  SUB_UNS_OP1_g975/Y                            -       A->Y  R     CLKINVX6        2 10.6    18    14     534    (-,-) 
  SUB_UNS_OP1_g932/Y                            -       B->Y  F     NAND4X8         1  5.7    36    32     566    (-,-) 
  SUB_UNS_OP1_g898/Y                            -       C->Y  R     NAND3X6         1  5.9    15    12     578    (-,-) 
  g21188/Y                                      -       B->Y  F     NAND2X6         1  6.6    19    15     593    (-,-) 
  g21103/Y                                      -       B->Y  R     NAND2X8         9 29.7    30    19     612    (-,-) 
  fopt21468/Y                                   -       A->Y  F     CLKINVX8       10 33.2    31    22     634    (-,-) 
  g20498__7482/Y                                -       B->Y  R     NOR2X4          2  7.1    27    20     654    (-,-) 
  g19996__5107/Y                                -       B->Y  R     CLKAND2X12     22 55.0    33    35     689    (-,-) 
  WALLACE_CSA_DUMMY_OP_groupi_cdnfadd_051_1/CO  -       B->CO R     ADDFX1          1  4.1    27    45     734    (-,-) 
  WALLACE_CSA_DUMMY_OP_groupi_cdnfadd_052_11/S  -       B->S  F     ADDFX1          1  4.4    29    62     796    (-,-) 
  WALLACE_CSA_DUMMY_OP_groupi_cdnfadd_052_19/S  -       B->S  R     ADDFHX1         1  4.1    26    60     856    (-,-) 
  WALLACE_CSA_DUMMY_OP_groupi_cdnfadd_052_24/CO -       B->CO R     ADDFX2          1  4.5    20    45     901    (-,-) 
  WALLACE_CSA_DUMMY_OP_groupi_cdnfadd_053_26/CO -       B->CO R     ADDFHX2         1  4.0    18    40     941    (-,-) 
  WALLACE_CSA_DUMMY_OP_groupi_cdnfadd_054_27/S  -       CI->S F     ADDFHX1         1  4.0    26    53     994    (-,-) 
  WALLACE_CSA_DUMMY_OP_groupi_cdnfadd_054_28/S  -       CI->S R     ADDFHX1         1  4.0    26    56    1050    (-,-) 
  WALLACE_CSA_DUMMY_OP_groupi_cdnfadd_054_29/S  -       CI->S F     ADDFHX2         2  7.1    28    64    1114    (-,-) 
  WALLACE_CSA_DUMMY_OP_groupi_g5779/Y           -       A->Y  F     BUFX6           1  6.4    11    21    1135    (-,-) 
  WALLACE_CSA_DUMMY_OP_groupi_g5730/Y           -       B->Y  R     NOR2X8          5 15.8    28    19    1154    (-,-) 
  WALLACE_CSA_DUMMY_OP_groupi_g5698/Y           -       A->Y  F     INVX3           1  4.9    15    13    1167    (-,-) 
  WALLACE_CSA_DUMMY_OP_groupi_g5574/Y           -       A1->Y R     AOI31X4         1  4.9    26    20    1187    (-,-) 
  WALLACE_CSA_DUMMY_OP_groupi_g5478/Y           -       B0->Y F     OAI21X4         5 15.1    51    36    1223    (-,-) 
  WALLACE_CSA_DUMMY_OP_groupi_g5469/Y           -       A->Y  R     CLKINVX8        4 15.6    19    15    1238    (-,-) 
  WALLACE_CSA_DUMMY_OP_groupi_g5454/Y           -       A1->Y F     OAI21X4         1  3.8    24    17    1254    (-,-) 
  WALLACE_CSA_DUMMY_OP_groupi_g5448/Y           -       B0->Y R     AOI21X2         1  3.5    28    22    1276    (-,-) 
  WALLACE_CSA_DUMMY_OP_groupi_g5439/Y           -       B->Y  F     XNOR2X2         1  4.7    20    36    1312    (-,-) 
  g11493/Y                                      -       B1->Y R     AOI22X4         1  9.0    52    24    1336    (-,-) 
  fopt21543/Y                                   -       A->Y  F     CLKINVX12       1 47.9    33    25    1361    (-,-) 
  writeback_value_o[25]                         <<<     -     F     (port)          -    -     -     0    1362    (-,-) 
#-----------------------------------------------------------------------------------------------------------------------

