============================================================
  Generated by:           Genus(TM) Synthesis Solution 21.18-s082_1
  Generated on:           Oct 29 2025  12:47:12 am
  Module:                 biriscv_multiplier
  Operating conditions:   PVT_0P9V_125C 
  Operating conditions:   PVT_1P32V_0C 
  Interconnect mode:      global
  Area mode:              physical library
============================================================

                                                Library 
   Gate     Instances    Area        Library     Domain 
--------------------------------------------------------
ADDFHX1           307   2309.868    fast_vdd1v2    best 
ADDFHX2            98    804.384    fast_vdd1v2    best 
ADDFHX4             1      9.576    fast_vdd1v2    best 
ADDFX1            973   4991.490    fast_vdd1v2    best 
ADDFX2             22    173.052    fast_vdd1v2    best 
ADDHX1             29    109.098    fast_vdd1v2    best 
ADDHX2             13     66.690    fast_vdd1v2    best 
ADDHX4              2     14.364    fast_vdd1v2    best 
AND2X1            552    755.136    fast_vdd1v2    best 
AND2X2              7     11.970    fast_vdd1v2    best 
AND2X4             12     32.832    fast_vdd1v2    best 
AND2X6              3     11.286    fast_vdd1v2    best 
AND2X8              3     13.338    fast_vdd1v2    best 
AO21X4              1      3.420    fast_vdd1v2    best 
AO22X1              4     10.944    fast_vdd1v2    best 
AO22X4              8     30.096    fast_vdd1v2    best 
AOI21X1             8     13.680    fast_vdd1v2    best 
AOI21X2            17     46.512    fast_vdd1v2    best 
AOI21X4            12     61.560    fast_vdd1v2    best 
AOI22X4            17    104.652    fast_vdd1v2    best 
AOI2BB1X1           1      2.052    fast_vdd1v2    best 
AOI2BB1X2           1      3.078    fast_vdd1v2    best 
AOI2BB1X4          11     45.144    fast_vdd1v2    best 
AOI2BB2X4           2     15.048    fast_vdd1v2    best 
AOI31X4             2     12.996    fast_vdd1v2    best 
BUFX12              7     35.910    fast_vdd1v2    best 
BUFX2              82    140.220    fast_vdd1v2    best 
BUFX20              1      8.208    fast_vdd1v2    best 
BUFX3              11     22.572    fast_vdd1v2    best 
BUFX6              52    160.056    fast_vdd1v2    best 
BUFX8               1      3.762    fast_vdd1v2    best 
CLKAND2X12         23    173.052    fast_vdd1v2    best 
CLKAND2X2          14     28.728    fast_vdd1v2    best 
CLKAND2X3           9     27.702    fast_vdd1v2    best 
CLKAND2X4           1      3.420    fast_vdd1v2    best 
CLKAND2X6          12     57.456    fast_vdd1v2    best 
CLKAND2X8           3     17.442    fast_vdd1v2    best 
CLKBUFX12           6     30.780    fast_vdd1v2    best 
CLKBUFX16          14     95.760    fast_vdd1v2    best 
CLKBUFX3           65    133.380    fast_vdd1v2    best 
CLKINVX1            1      1.026    fast_vdd1v2    best 
CLKINVX12          58    238.032    fast_vdd1v2    best 
CLKINVX16          10     54.720    fast_vdd1v2    best 
CLKINVX2           44     60.192    fast_vdd1v2    best 
CLKINVX20           1      6.498    fast_vdd1v2    best 
CLKINVX3           89    152.190    fast_vdd1v2    best 
CLKINVX4          118    201.780    fast_vdd1v2    best 
CLKINVX6          126    301.644    fast_vdd1v2    best 
CLKINVX8          110    338.580    fast_vdd1v2    best 
CLKMX2X2            3      9.234    fast_vdd1v2    best 
CLKMX2X3            4     16.416    fast_vdd1v2    best 
CLKMX2X4            4     16.416    fast_vdd1v2    best 
CLKXOR2X1          23     62.928    fast_vdd1v2    best 
CLKXOR2X2           6     20.520    fast_vdd1v2    best 
INVX1              39     26.676    fast_vdd1v2    best 
INVX2              25     25.650    fast_vdd1v2    best 
INVX3              25     34.200    fast_vdd1v2    best 
INVX6               2      4.788    fast_vdd1v2    best 
INVX8               1      3.078    fast_vdd1v2    best 
INVXL               1      0.684    fast_vdd1v2    best 
MX2X1               2      4.788    fast_vdd1v2    best 
MXI2X6              2     10.260    fast_vdd1v2    best 
MXI2X8             31    190.836    fast_vdd1v2    best 
NAND2BX1            9     12.312    fast_vdd1v2    best 
NAND2BX2           10     23.940    fast_vdd1v2    best 
NAND2BX4           12     45.144    fast_vdd1v2    best 
NAND2X1            36     36.936    fast_vdd1v2    best 
NAND2X2            40     68.400    fast_vdd1v2    best 
NAND2X4            64    218.880    fast_vdd1v2    best 
NAND2X6            17     81.396    fast_vdd1v2    best 
NAND2X8            40    218.880    fast_vdd1v2    best 
NAND3BX4            2     10.260    fast_vdd1v2    best 
NAND3X2             2      5.472    fast_vdd1v2    best 
NAND3X6             2     14.364    fast_vdd1v2    best 
NAND3X8             1      8.208    fast_vdd1v2    best 
NAND4X4             1      6.840    fast_vdd1v2    best 
NAND4X8             2     20.520    fast_vdd1v2    best 
NOR2BX1            25     34.200    fast_vdd1v2    best 
NOR2BX2             6     16.416    fast_vdd1v2    best 
NOR2BX4             3     11.286    fast_vdd1v2    best 
NOR2X1            387    397.062    fast_vdd1v2    best 
NOR2X2             78    133.380    fast_vdd1v2    best 
NOR2X4             70    215.460    fast_vdd1v2    best 
NOR2X6             38    155.952    fast_vdd1v2    best 
NOR2X8             30    164.160    fast_vdd1v2    best 
NOR2XL              3      3.078    fast_vdd1v2    best 
NOR3BX4             3     17.442    fast_vdd1v2    best 
NOR3X6              1      7.182    fast_vdd1v2    best 
NOR3X8              1      8.892    fast_vdd1v2    best 
OA21X1              3      6.156    fast_vdd1v2    best 
OA21X2              1      3.078    fast_vdd1v2    best 
OA21X4              1      3.762    fast_vdd1v2    best 
OAI211X2            1      4.104    fast_vdd1v2    best 
OAI21X1             2      3.420    fast_vdd1v2    best 
OAI21X2            11     33.858    fast_vdd1v2    best 
OAI21X4            25    119.700    fast_vdd1v2    best 
OAI2BB1X1           6     10.260    fast_vdd1v2    best 
OAI2BB1X2           1      3.078    fast_vdd1v2    best 
OAI2BB1X4           4     17.784    fast_vdd1v2    best 
OAI2BB2X4           1      8.550    fast_vdd1v2    best 
OAI31X2             1      3.762    fast_vdd1v2    best 
OAI31X4             1      6.840    fast_vdd1v2    best 
OR2X1               4      5.472    fast_vdd1v2    best 
OR2X2               1      1.710    fast_vdd1v2    best 
OR2X4               3      8.208    fast_vdd1v2    best 
OR2X6               5     18.810    fast_vdd1v2    best 
XNOR2X1            61    146.034    fast_vdd1v2    best 
XNOR2X2            16     49.248    fast_vdd1v2    best 
--------------------------------------------------------
total            4163  14761.746                


                                          
     Type      Instances    Area   Area % 
------------------------------------------
inverter             650  1449.738    9.8 
buffer               239   630.648    4.3 
logic               3274 12681.360   85.9 
physical_cells         0     0.000    0.0 
------------------------------------------
total               4163 14761.746  100.0 

