============================================================
  Generated by:           Genus(TM) Synthesis Solution 21.18-s082_1
  Generated on:           Oct 29 2025  12:47:12 am
  Module:                 biriscv_multiplier
  Operating conditions:   PVT_0P9V_125C 
  Operating conditions:   PVT_1P32V_0C 
  Interconnect mode:      global
  Area mode:              physical library
============================================================

Timing
--------

Clock Period 
-------------
clk_i 1610.0 


  Cost    Critical           Violating 
 Group   Path Slack   TNS      Paths   
---------------------------------------
clk_i          -1.5   -13.1         10 
default    No paths     0.0            
---------------------------------------
Total                 -13.1         10 

Instance Count
--------------
Leaf Instance Count             4163 
Physical Instance count            0 
Sequential Instance Count          0 
Combinational Instance Count    4163 
Hierarchical Instance Count        0 

Area
----
Cell Area                          14761.746
Physical Cell Area                 0.000
Total Cell Area (Cell+Physical)    14761.746
Net Area                           5431.252
Total Area (Cell+Physical+Net)     20192.998

Max Fanout                         32 (n_5)
Min Fanout                         1 (SUB_UNS_OP1_n_790)
Average Fanout                     1.6
Terms to net ratio                 2.6086
Terms to instance ratio            3.5285
Runtime                            218.27399000000014 seconds
Elapsed Runtime                    219 seconds
Genus peak memory usage            2197.57 
Innovus peak memory usage          no_value 
Hostname                           gmicro02
