============================================================
  Generated by:           Genus(TM) Synthesis Solution 21.18-s082_1
  Generated on:           Oct 29 2025  04:46:09 pm
  Module:                 biriscv_multiplier
  Operating conditions:   PVT_0P9V_125C 
  Operating conditions:   PVT_1P32V_0C 
  Interconnect mode:      global
  Area mode:              physical library
============================================================

Timing
--------

Clock Period 
-------------
clk_i 1000.0 


  Cost    Critical         Violating 
 Group   Path Slack  TNS     Paths   
-------------------------------------
clk_i           3.6   0.0          0 
default    No paths   0.0            
-------------------------------------
Total                 0.0          0 

Instance Count
--------------
Leaf Instance Count             6978 
Physical Instance count            0 
Sequential Instance Count       1760 
Combinational Instance Count    5218 
Hierarchical Instance Count        0 

Area
----
Cell Area                          25587.072
Physical Cell Area                 0.000
Total Cell Area (Cell+Physical)    25587.072
Net Area                           9089.884
Total Area (Cell+Physical+Net)     34676.956

Max Fanout                         1760 (clk_i)
Min Fanout                         0 (n_15)
Average Fanout                     2.2
Terms to net ratio                 3.3935
Terms to instance ratio            4.0388
Runtime                            205.45736999999997 seconds
Elapsed Runtime                    202 seconds
Genus peak memory usage            2080.81 
Innovus peak memory usage          no_value 
Hostname                           gmicro02
