============================================================
  Generated by:           Genus(TM) Synthesis Solution 21.18-s082_1
  Generated on:           Oct 29 2025  04:46:09 pm
  Module:                 biriscv_multiplier
  Operating conditions:   PVT_0P9V_125C 
  Operating conditions:   PVT_1P32V_0C 
  Interconnect mode:      global
  Area mode:              physical library
============================================================

                                               Library 
   Gate    Instances    Area        Library     Domain 
-------------------------------------------------------
ADDFHX1            2     15.048    fast_vdd1v2    best 
ADDFHX2            1      8.208    fast_vdd1v2    best 
ADDFHX4            3     28.728    fast_vdd1v2    best 
ADDFX1          1225   6284.250    fast_vdd1v2    best 
ADDFX2             1      7.866    fast_vdd1v2    best 
ADDHX1            51    191.862    fast_vdd1v2    best 
AND2X1            97    132.696    fast_vdd1v2    best 
AND2X2             1      1.710    fast_vdd1v2    best 
AND3XL             7     14.364    fast_vdd1v2    best 
AND4X1             2      4.788    fast_vdd1v2    best 
AND4X4             1      3.762    fast_vdd1v2    best 
AO21X1            16     38.304    fast_vdd1v2    best 
AO22X1          1025   2804.400    fast_vdd1v2    best 
AO22X2            29     89.262    fast_vdd1v2    best 
AO22X4             1      3.762    fast_vdd1v2    best 
AOI211X1           1      2.394    fast_vdd1v2    best 
AOI211X2           1      3.420    fast_vdd1v2    best 
AOI211X4           1      6.498    fast_vdd1v2    best 
AOI21X1           81    138.510    fast_vdd1v2    best 
AOI21X2           14     38.304    fast_vdd1v2    best 
AOI21X4            7     35.910    fast_vdd1v2    best 
AOI221X4           3     23.598    fast_vdd1v2    best 
AOI2BB1X1          7     14.364    fast_vdd1v2    best 
AOI2BB1X2          5     15.390    fast_vdd1v2    best 
AOI2BB1X4          6     24.624    fast_vdd1v2    best 
AOI31X2            2      6.840    fast_vdd1v2    best 
AOI31X4            1      6.498    fast_vdd1v2    best 
BUFX12             1      5.130    fast_vdd1v2    best 
BUFX2             94    160.740    fast_vdd1v2    best 
BUFX20             1      8.208    fast_vdd1v2    best 
BUFX6              6     18.468    fast_vdd1v2    best 
CLKAND2X2          7     14.364    fast_vdd1v2    best 
CLKAND2X6          2      9.576    fast_vdd1v2    best 
CLKBUFX2           1      1.710    fast_vdd1v2    best 
CLKBUFX20          1      8.208    fast_vdd1v2    best 
CLKBUFX3           1      2.052    fast_vdd1v2    best 
CLKINVX12         11     45.144    fast_vdd1v2    best 
CLKINVX20          1      6.498    fast_vdd1v2    best 
CLKINVX4          72    123.120    fast_vdd1v2    best 
CLKINVX6          57    136.458    fast_vdd1v2    best 
CLKINVX8          33    101.574    fast_vdd1v2    best 
CLKMX2X2          54    166.212    fast_vdd1v2    best 
CLKXOR2X1         10     27.360    fast_vdd1v2    best 
DFFRHQX1        1760  10834.560    fast_vdd1v2    best 
INVX1            122     83.448    fast_vdd1v2    best 
INVX2             30     30.780    fast_vdd1v2    best 
INVX3             11     15.048    fast_vdd1v2    best 
INVXL              1      0.684    fast_vdd1v2    best 
MX2X1            216    517.104    fast_vdd1v2    best 
MXI2X2             1      4.446    fast_vdd1v2    best 
NAND2BX1          90    123.120    fast_vdd1v2    best 
NAND2BX2           5     11.970    fast_vdd1v2    best 
NAND2BX4           1      3.762    fast_vdd1v2    best 
NAND2X1          235    241.110    fast_vdd1v2    best 
NAND2X2           21     35.910    fast_vdd1v2    best 
NAND2X4           15     51.300    fast_vdd1v2    best 
NAND2X6            2      9.576    fast_vdd1v2    best 
NAND2X8            2     10.944    fast_vdd1v2    best 
NAND3BX1           6     12.312    fast_vdd1v2    best 
NAND3BX2           1      3.078    fast_vdd1v2    best 
NAND3BXL           4      6.840    fast_vdd1v2    best 
NAND3X1            2      3.420    fast_vdd1v2    best 
NAND3X2            2      5.472    fast_vdd1v2    best 
NAND3X4            1      4.788    fast_vdd1v2    best 
NAND3X6            1      7.182    fast_vdd1v2    best 
NAND3X8            1      8.208    fast_vdd1v2    best 
NAND4X6            1      8.550    fast_vdd1v2    best 
NOR2BX1          106    145.008    fast_vdd1v2    best 
NOR2X1           163    167.238    fast_vdd1v2    best 
NOR2X2            41     70.110    fast_vdd1v2    best 
NOR2X4            23     70.794    fast_vdd1v2    best 
NOR2X6             7     28.728    fast_vdd1v2    best 
NOR2X8             4     21.888    fast_vdd1v2    best 
NOR3BX1            1      2.052    fast_vdd1v2    best 
NOR3BX4            1      5.814    fast_vdd1v2    best 
NOR3X4             2     10.260    fast_vdd1v2    best 
NOR4X1             1      1.710    fast_vdd1v2    best 
OA21X1            23     47.196    fast_vdd1v2    best 
OA21X2             1      3.078    fast_vdd1v2    best 
OAI211X1           3      5.130    fast_vdd1v2    best 
OAI211X4           1      6.498    fast_vdd1v2    best 
OAI21X1           82    140.220    fast_vdd1v2    best 
OAI21X2           17     52.326    fast_vdd1v2    best 
OAI21X4           14     67.032    fast_vdd1v2    best 
OAI221X1          28     67.032    fast_vdd1v2    best 
OAI221X4           2     15.732    fast_vdd1v2    best 
OAI22X1            3      6.156    fast_vdd1v2    best 
OAI2BB1X1        579    990.090    fast_vdd1v2    best 
OAI2BB1X2          5     15.390    fast_vdd1v2    best 
OAI2BB1X4          2      8.892    fast_vdd1v2    best 
OAI31X1            1      2.052    fast_vdd1v2    best 
OAI31X2            1      3.762    fast_vdd1v2    best 
OR2X1            108    147.744    fast_vdd1v2    best 
OR2X2             20     34.200    fast_vdd1v2    best 
OR2X4              1      2.736    fast_vdd1v2    best 
OR2X6              3     11.286    fast_vdd1v2    best 
OR3X1              1      2.052    fast_vdd1v2    best 
OR4X1              4      8.208    fast_vdd1v2    best 
XNOR2X1          256    612.864    fast_vdd1v2    best 
-------------------------------------------------------
total           6978  25587.072                


                                          
     Type      Instances    Area   Area % 
------------------------------------------
sequential          1760 10834.560   42.3 
inverter             338   542.754    2.1 
buffer               105   204.516    0.8 
logic               4775 14005.242   54.7 
physical_cells         0     0.000    0.0 
------------------------------------------
total               6978 25587.072  100.0 

