============================================================
  Generated by:           Genus(TM) Synthesis Solution 21.18-s082_1
  Generated on:           Oct 29 2025  12:29:36 am
  Module:                 biriscv_multiplier
  Operating conditions:   PVT_0P9V_125C 
  Operating conditions:   PVT_1P32V_0C 
  Interconnect mode:      global
  Area mode:              physical library
============================================================

Timing
--------

Clock Period 
-------------
clk_i 1670.0 


  Cost    Critical         Violating 
 Group   Path Slack  TNS     Paths   
-------------------------------------
clk_i           0.0   0.0          0 
default    No paths   0.0            
-------------------------------------
Total                 0.0          0 

Instance Count
--------------
Leaf Instance Count             3952 
Physical Instance count            0 
Sequential Instance Count          0 
Combinational Instance Count    3952 
Hierarchical Instance Count        0 

Area
----
Cell Area                          13712.490
Physical Cell Area                 0.000
Total Cell Area (Cell+Physical)    13712.490
Net Area                           5279.947
Total Area (Cell+Physical+Net)     18992.437

Max Fanout                         33 (n_6)
Min Fanout                         1 (SUB_UNS_OP1_n_755)
Average Fanout                     1.6
Terms to net ratio                 2.6341
Terms to instance ratio            3.6139
Runtime                            224.67137700000018 seconds
Elapsed Runtime                    225 seconds
Genus peak memory usage            2209.44 
Innovus peak memory usage          no_value 
Hostname                           gmicro02
