============================================================
  Generated by:           Genus(TM) Synthesis Solution 21.18-s082_1
  Generated on:           Oct 29 2025  12:29:36 am
  Module:                 biriscv_multiplier
  Operating conditions:   PVT_0P9V_125C 
  Operating conditions:   PVT_1P32V_0C 
  Interconnect mode:      global
  Area mode:              physical library
============================================================

                                                Library 
   Gate     Instances    Area        Library     Domain 
--------------------------------------------------------
ADDFHX1           245   1843.380    fast_vdd1v2    best 
ADDFHX2            57    467.856    fast_vdd1v2    best 
ADDFHX4             3     28.728    fast_vdd1v2    best 
ADDFX1           1084   5560.920    fast_vdd1v2    best 
ADDFX2             14    110.124    fast_vdd1v2    best 
ADDHX1             31    116.622    fast_vdd1v2    best 
ADDHX2             10     51.300    fast_vdd1v2    best 
ADDHX4              4     28.728    fast_vdd1v2    best 
AND2X1            593    811.224    fast_vdd1v2    best 
AND2X2              8     13.680    fast_vdd1v2    best 
AND2X4             13     35.568    fast_vdd1v2    best 
AND2X6              1      3.762    fast_vdd1v2    best 
AND2X8              4     17.784    fast_vdd1v2    best 
AND3X6              2      8.892    fast_vdd1v2    best 
AND3X8              1      5.130    fast_vdd1v2    best 
AO21X4              3     10.260    fast_vdd1v2    best 
AO22X1              2      5.472    fast_vdd1v2    best 
AO22X2              1      3.078    fast_vdd1v2    best 
AO22X4             14     52.668    fast_vdd1v2    best 
AOI21X1             7     11.970    fast_vdd1v2    best 
AOI21X2            14     38.304    fast_vdd1v2    best 
AOI21X4            16     82.080    fast_vdd1v2    best 
AOI221X4            5     39.330    fast_vdd1v2    best 
AOI22X4             1      6.156    fast_vdd1v2    best 
AOI2BB1X1           2      4.104    fast_vdd1v2    best 
AOI2BB1X4          11     45.144    fast_vdd1v2    best 
AOI2BB2X2           1      5.130    fast_vdd1v2    best 
AOI2BB2X4           2     15.048    fast_vdd1v2    best 
AOI31X4             2     12.996    fast_vdd1v2    best 
BUFX12             15     76.950    fast_vdd1v2    best 
BUFX16              1      6.840    fast_vdd1v2    best 
BUFX2              68    116.280    fast_vdd1v2    best 
BUFX3              10     20.520    fast_vdd1v2    best 
BUFX6              29     89.262    fast_vdd1v2    best 
BUFX8               3     11.286    fast_vdd1v2    best 
CLKAND2X12         14    105.336    fast_vdd1v2    best 
CLKAND2X2          13     26.676    fast_vdd1v2    best 
CLKAND2X3           7     21.546    fast_vdd1v2    best 
CLKAND2X6          16     76.608    fast_vdd1v2    best 
CLKAND2X8           3     17.442    fast_vdd1v2    best 
CLKBUFX12           4     20.520    fast_vdd1v2    best 
CLKBUFX16          14     95.760    fast_vdd1v2    best 
CLKBUFX3           26     53.352    fast_vdd1v2    best 
CLKINVX12          32    131.328    fast_vdd1v2    best 
CLKINVX16          12     65.664    fast_vdd1v2    best 
CLKINVX2           13     17.784    fast_vdd1v2    best 
CLKINVX20           6     38.988    fast_vdd1v2    best 
CLKINVX3           23     39.330    fast_vdd1v2    best 
CLKINVX4          130    222.300    fast_vdd1v2    best 
CLKINVX6          107    256.158    fast_vdd1v2    best 
CLKINVX8           74    227.772    fast_vdd1v2    best 
CLKMX2X2            1      3.078    fast_vdd1v2    best 
CLKMX2X3            5     20.520    fast_vdd1v2    best 
CLKMX2X4            6     24.624    fast_vdd1v2    best 
CLKMX2X6            2      8.892    fast_vdd1v2    best 
CLKXOR2X1          39    106.704    fast_vdd1v2    best 
CLKXOR2X2           1      3.420    fast_vdd1v2    best 
INVX1              48     32.832    fast_vdd1v2    best 
INVX2              36     36.936    fast_vdd1v2    best 
INVX3              24     32.832    fast_vdd1v2    best 
INVXL               1      0.684    fast_vdd1v2    best 
MX2X1               8     19.152    fast_vdd1v2    best 
MXI2X2              1      4.446    fast_vdd1v2    best 
MXI2X4              3     15.390    fast_vdd1v2    best 
MXI2X6              9     46.170    fast_vdd1v2    best 
MXI2X8             17    104.652    fast_vdd1v2    best 
NAND2BX1           16     21.888    fast_vdd1v2    best 
NAND2BX2            9     21.546    fast_vdd1v2    best 
NAND2BX4            4     15.048    fast_vdd1v2    best 
NAND2X1            36     36.936    fast_vdd1v2    best 
NAND2X2            53     90.630    fast_vdd1v2    best 
NAND2X4            47    160.740    fast_vdd1v2    best 
NAND2X6            13     62.244    fast_vdd1v2    best 
NAND2X8            25    136.800    fast_vdd1v2    best 
NAND3BX4            1      5.130    fast_vdd1v2    best 
NAND3X2             1      2.736    fast_vdd1v2    best 
NAND3X8             1      8.208    fast_vdd1v2    best 
NAND4X4             1      6.840    fast_vdd1v2    best 
NOR2BX1            33     45.144    fast_vdd1v2    best 
NOR2BX2             6     16.416    fast_vdd1v2    best 
NOR2BX4             4     15.048    fast_vdd1v2    best 
NOR2X1            397    407.322    fast_vdd1v2    best 
NOR2X2             57     97.470    fast_vdd1v2    best 
NOR2X4             61    187.758    fast_vdd1v2    best 
NOR2X6             47    192.888    fast_vdd1v2    best 
NOR2X8             12     65.664    fast_vdd1v2    best 
NOR3BX1             1      2.052    fast_vdd1v2    best 
NOR3BX4             1      5.814    fast_vdd1v2    best 
NOR3X4              1      5.130    fast_vdd1v2    best 
NOR3X6              2     14.364    fast_vdd1v2    best 
NOR4BBX4            1      7.866    fast_vdd1v2    best 
OA21X1              3      6.156    fast_vdd1v2    best 
OA21X4              1      3.762    fast_vdd1v2    best 
OAI211X2            1      4.104    fast_vdd1v2    best 
OAI21X1             4      6.840    fast_vdd1v2    best 
OAI21X2             8     24.624    fast_vdd1v2    best 
OAI21X4            31    148.428    fast_vdd1v2    best 
OAI221X2            2      9.576    fast_vdd1v2    best 
OAI2BB1X1           7     11.970    fast_vdd1v2    best 
OAI2BB1X4           2      8.892    fast_vdd1v2    best 
OAI31X4             3     20.520    fast_vdd1v2    best 
OR2X1              11     15.048    fast_vdd1v2    best 
OR2X2               4      6.840    fast_vdd1v2    best 
OR2X4               3      8.208    fast_vdd1v2    best 
OR2X6               1      3.762    fast_vdd1v2    best 
XNOR2X1            65    155.610    fast_vdd1v2    best 
XNOR2X2             3      9.234    fast_vdd1v2    best 
XNOR2X4             1      3.762    fast_vdd1v2    best 
--------------------------------------------------------
total            3952  13712.490                


                                          
     Type      Instances    Area   Area % 
------------------------------------------
inverter             506  1102.608    8.0 
buffer               170   490.770    3.6 
logic               3276 12119.112   88.4 
physical_cells         0     0.000    0.0 
------------------------------------------
total               3952 13712.490  100.0 

