============================================================
  Generated by:           Genus(TM) Synthesis Solution 21.18-s082_1
  Generated on:           Oct 29 2025  12:29:36 am
  Module:                 biriscv_multiplier
  Operating conditions:   PVT_0P9V_125C 
  Operating conditions:   PVT_1P32V_0C 
  Interconnect mode:      global
  Area mode:              physical library
============================================================


Path 1: MET (0 ps) Late External Delay Assertion at pin writeback_value_o[19]
          Group: clk_i
     Startpoint: (R) opcode_ra_operand_i[2]
          Clock: (R) clk_i
       Endpoint: (F) writeback_value_o[19]
          Clock: (R) clk_i

                     Capture       Launch     
        Clock Edge:+    1670            0     
        Drv Adjust:+       0            0     
       Src Latency:+       0            0     
       Net Latency:+     100 (I)      100 (I) 
           Arrival:=    1770          100     
                                              
      Output Delay:-     300                  
       Uncertainty:-      50                  
     Required Time:=    1420                  
      Launch Clock:-     100                  
       Input Delay:-     300                  
         Data Path:-    1020                  
             Slack:=       0                  

Exceptions/Constraints:
  input_delay              300             biriscv_multiplier.s_line_30_63_1  
  output_delay             300             biriscv_multiplier.s_line_35_109_1 

#---------------------------------------------------------------------------------------------------------------------
#                Timing Point                 Flags    Arc   Edge   Cell     Fanout Load Trans Delay Arrival Instance 
#                                                                                   (fF)  (ps)  (ps)   (ps)  Location 
#---------------------------------------------------------------------------------------------------------------------
  opcode_ra_operand_i[2]                      -       -      R     (arrival)      1  7.0   264     0     400    (-,-) 
  g11020/Y                                    -       A->Y   F     CLKINVX8       1 10.2    44    35     435    (-,-) 
  g11019/Y                                    -       A->Y   R     CLKINVX16      3 10.5    13    12     447    (-,-) 
  SUB_UNS_OP1_fopt1096/Y                      -       A->Y   R     BUFX2          1  4.9    16    23     470    (-,-) 
  SUB_UNS_OP1_fopt1095/Y                      -       A->Y   F     CLKINVX4       2  6.9    14    12     482    (-,-) 
  SUB_UNS_OP1_g938/Y                          -       B->Y   R     NAND2X4        1  3.5    11     9     491    (-,-) 
  SUB_UNS_OP1_g892/Y                          -       B->Y   F     CLKXOR2X1      1  3.2    20    36     527    (-,-) 
  g21270/Y                                    -       B->Y   R     MXI2X6        14 33.6    36    61     588    (-,-) 
  fopt21742/Y                                 -       A->Y   F     CLKINVX4      17 31.5    53    34     622    (-,-) 
  g20209__5122/Y                              -       A->Y   F     AND2X8         1  3.4     9    27     649    (-,-) 
  WALLACE_CSA_DUMMY_OP_groupi_g5107/S         -       A->S   R     ADDHX2         1  4.6    18    43     692    (-,-) 
  WALLACE_CSA_DUMMY_OP_groupi_cdnfadd_006_2/S -       A->S   F     ADDFHX1        1  4.0    26    56     748    (-,-) 
  WALLACE_CSA_DUMMY_OP_groupi_cdnfadd_006_3/S -       CI->S  R     ADDFHX1        1  4.5    29    57     806    (-,-) 
  WALLACE_CSA_DUMMY_OP_groupi_g5082/CO        -       B->CO  R     ADDFHX2        1  4.2    18    42     848    (-,-) 
  WALLACE_CSA_DUMMY_OP_groupi_g5077/CO        -       CI->CO R     ADDFHX4        3  8.6    22    43     890    (-,-) 
  WALLACE_CSA_DUMMY_OP_groupi_g5069/Y         -       A2->Y  F     AOI31X4        2  6.5    42    32     922    (-,-) 
  WALLACE_CSA_DUMMY_OP_groupi_g5064/Y         -       A1->Y  R     OAI21X4        1  4.2    25    20     942    (-,-) 
  WALLACE_CSA_DUMMY_OP_groupi_g5051/CO        -       CI->CO R     ADDFHX4        3  8.7    22    44     986    (-,-) 
  WALLACE_CSA_DUMMY_OP_groupi_g5049/Y         -       A1->Y  F     AOI21X4        2  6.8    30    23    1010    (-,-) 
  WALLACE_CSA_DUMMY_OP_groupi_g5044/Y         -       A1->Y  R     OAI21X4        1  4.2    23    19    1028    (-,-) 
  WALLACE_CSA_DUMMY_OP_groupi_g5026/CO        -       CI->CO R     ADDFHX4        4  8.9    22    44    1072    (-,-) 
  WALLACE_CSA_DUMMY_OP_groupi_g5019/Y         -       BN->Y  R     NOR4BBX4       1  6.0    49    49    1121    (-,-) 
  WALLACE_CSA_DUMMY_OP_groupi_g4976/Y         -       B->Y   F     NOR2X6         4 10.6    20    16    1137    (-,-) 
  WALLACE_CSA_DUMMY_OP_groupi_g4966/Y         -       A1->Y  R     OAI21X4        1  7.0    29    21    1158    (-,-) 
  WALLACE_CSA_DUMMY_OP_groupi_g4963/Y         -       B->Y   F     NOR2X8         5 13.7    19    14    1172    (-,-) 
  WALLACE_CSA_DUMMY_OP_groupi_g4719/Y         -       A->Y   R     NOR3X6         1  4.9    25    23    1194    (-,-) 
  WALLACE_CSA_DUMMY_OP_groupi_g4712/Y         -       B0->Y  F     AOI2BB1X4      1  6.5    18    15    1209    (-,-) 
  WALLACE_CSA_DUMMY_OP_groupi_g4699/Y         -       A->Y   R     NAND2X8        2  6.5    11    11    1220    (-,-) 
  WALLACE_CSA_DUMMY_OP_groupi_g4686/Y         -       A->Y   R     AND3X6         6 28.2    36    50    1270    (-,-) 
  WALLACE_CSA_DUMMY_OP_groupi_g4685/Y         -       A->Y   F     CLKINVX16     11 34.3    20    17    1287    (-,-) 
  WALLACE_CSA_DUMMY_OP_groupi_g4671/Y         -       A1->Y  R     OAI21X4        1  5.0    23    18    1306    (-,-) 
  WALLACE_CSA_DUMMY_OP_groupi_g4632/Y         -       B0->Y  F     AOI21X4        1  3.5    23    10    1316    (-,-) 
  WALLACE_CSA_DUMMY_OP_groupi_g4608/Y         -       B->Y   F     XNOR2X1        1  3.4    21    33    1349    (-,-) 
  g11479/Y                                    -       B1->Y  F     AO22X4         1  4.3    17    38    1388    (-,-) 
  fopt11519/Y                                 -       A->Y   F     BUFX12         1 47.9    30    32    1420    (-,-) 
  writeback_value_o[19]                       <<<     -      F     (port)         -    -     -     0    1420    (-,-) 
#---------------------------------------------------------------------------------------------------------------------

