============================================================
  Generated by:           Genus(TM) Synthesis Solution 21.18-s082_1
  Generated on:           Oct 25 2025  02:04:10 pm
  Module:                 biriscv_multiplier
  Operating conditions:   PVT_0P9V_125C 
  Operating conditions:   PVT_1P32V_0C 
  Interconnect mode:      global
  Area mode:              physical library
============================================================

Timing
--------

Clock Period 
-------------
clk_i 5990.0 


  Cost    Critical            Violating 
 Group   Path Slack    TNS      Paths   
----------------------------------------
clk_i         -35.2   -535.7         20 
default    No paths      0.0            
----------------------------------------
Total                 -535.7         20 

Instance Count
--------------
Leaf Instance Count             3856 
Physical Instance count            0 
Sequential Instance Count          0 
Combinational Instance Count    3856 
Hierarchical Instance Count        0 

Area
----
Cell Area                          14664.618
Physical Cell Area                 0.000
Total Cell Area (Cell+Physical)    14664.618
Net Area                           5227.452
Total Area (Cell+Physical+Net)     19892.070

Max Fanout                         31 (n_1405)
Min Fanout                         1 (SUB_UNS_OP_n_1088)
Average Fanout                     1.7
Terms to net ratio                 2.6583
Terms to instance ratio            3.6675
Runtime                            227.37068300000013 seconds
Elapsed Runtime                    227 seconds
Genus peak memory usage            2219.34 
Innovus peak memory usage          no_value 
Hostname                           gmicro02
