============================================================
  Generated by:           Genus(TM) Synthesis Solution 21.18-s082_1
  Generated on:           Oct 25 2025  02:04:10 pm
  Module:                 biriscv_multiplier
  Operating conditions:   PVT_0P9V_125C 
  Operating conditions:   PVT_1P32V_0C 
  Interconnect mode:      global
  Area mode:              physical library
============================================================

                                                Library 
   Gate     Instances    Area        Library     Domain 
--------------------------------------------------------
ADDFHX1           232   1745.568    slow_vdd1v0   worst 
ADDFHX2           166   1362.528    slow_vdd1v0   worst 
ADDFHX4             4     38.304    slow_vdd1v0   worst 
ADDFHXL            11     82.764    slow_vdd1v0   worst 
ADDFX1            979   5022.270    slow_vdd1v0   worst 
ADDFX2              6     47.196    slow_vdd1v0   worst 
ADDHX1             28    105.336    slow_vdd1v0   worst 
ADDHX2             14     71.820    slow_vdd1v0   worst 
ADDHX4              2     14.364    slow_vdd1v0   worst 
AND2X1            309    422.712    slow_vdd1v0   worst 
AND2X2             26     44.460    slow_vdd1v0   worst 
AND2X4             19     51.984    slow_vdd1v0   worst 
AND2X6              5     18.810    slow_vdd1v0   worst 
AND2X8              2      8.892    slow_vdd1v0   worst 
AO21X1              1      2.394    slow_vdd1v0   worst 
AO21X4             18     61.560    slow_vdd1v0   worst 
AOI211X4            4     25.992    slow_vdd1v0   worst 
AOI21X1             7     11.970    slow_vdd1v0   worst 
AOI21X2             3      8.208    slow_vdd1v0   worst 
AOI21X4            21    107.730    slow_vdd1v0   worst 
AOI22X4            24    147.744    slow_vdd1v0   worst 
AOI2BB1X2           3      9.234    slow_vdd1v0   worst 
AOI2BB1X4           7     28.728    slow_vdd1v0   worst 
AOI2BB2X4           1      7.524    slow_vdd1v0   worst 
BUFX12              1      5.130    slow_vdd1v0   worst 
BUFX16              1      6.840    slow_vdd1v0   worst 
BUFX2               5      8.550    slow_vdd1v0   worst 
BUFX3               6     12.312    slow_vdd1v0   worst 
BUFX6             112    344.736    slow_vdd1v0   worst 
BUFX8               1      3.762    slow_vdd1v0   worst 
CLKAND2X12         29    218.196    slow_vdd1v0   worst 
CLKAND2X2          58    119.016    slow_vdd1v0   worst 
CLKAND2X3          40    123.120    slow_vdd1v0   worst 
CLKAND2X4           1      3.420    slow_vdd1v0   worst 
CLKAND2X6          44    210.672    slow_vdd1v0   worst 
CLKAND2X8           9     52.326    slow_vdd1v0   worst 
CLKBUFX12           3     15.390    slow_vdd1v0   worst 
CLKBUFX16           8     54.720    slow_vdd1v0   worst 
CLKBUFX20           1      8.208    slow_vdd1v0   worst 
CLKBUFX3            1      2.052    slow_vdd1v0   worst 
CLKBUFX4            5     11.970    slow_vdd1v0   worst 
CLKBUFX6            3      9.234    slow_vdd1v0   worst 
CLKINVX1            1      1.026    slow_vdd1v0   worst 
CLKINVX12          70    287.280    slow_vdd1v0   worst 
CLKINVX16          24    131.328    slow_vdd1v0   worst 
CLKINVX2           10     13.680    slow_vdd1v0   worst 
CLKINVX20           8     51.984    slow_vdd1v0   worst 
CLKINVX3           14     23.940    slow_vdd1v0   worst 
CLKINVX4           44     75.240    slow_vdd1v0   worst 
CLKINVX6           40     95.760    slow_vdd1v0   worst 
CLKINVX8           48    147.744    slow_vdd1v0   worst 
CLKMX2X2            3      9.234    slow_vdd1v0   worst 
CLKMX2X3            1      4.104    slow_vdd1v0   worst 
CLKMX2X4            2      8.208    slow_vdd1v0   worst 
CLKMX2X6            6     26.676    slow_vdd1v0   worst 
CLKXOR2X1          28     76.608    slow_vdd1v0   worst 
INVX1              46     31.464    slow_vdd1v0   worst 
INVX12              2      8.208    slow_vdd1v0   worst 
INVX16              5     27.360    slow_vdd1v0   worst 
INVX2              11     11.286    slow_vdd1v0   worst 
INVX3              13     17.784    slow_vdd1v0   worst 
INVX4               2      3.420    slow_vdd1v0   worst 
INVX6               4      9.576    slow_vdd1v0   worst 
INVX8               1      3.078    slow_vdd1v0   worst 
INVXL               3      2.052    slow_vdd1v0   worst 
MXI2X4              1      5.130    slow_vdd1v0   worst 
MXI2X6              2     10.260    slow_vdd1v0   worst 
MXI2X8              2     12.312    slow_vdd1v0   worst 
NAND2BX1            8     10.944    slow_vdd1v0   worst 
NAND2BX2            3      7.182    slow_vdd1v0   worst 
NAND2BX4            6     22.572    slow_vdd1v0   worst 
NAND2X1            12     12.312    slow_vdd1v0   worst 
NAND2X2            31     53.010    slow_vdd1v0   worst 
NAND2X4            54    184.680    slow_vdd1v0   worst 
NAND2X6            26    124.488    slow_vdd1v0   worst 
NAND2X8            19    103.968    slow_vdd1v0   worst 
NOR2BX1            53     72.504    slow_vdd1v0   worst 
NOR2BX2            13     35.568    slow_vdd1v0   worst 
NOR2BX4             7     26.334    slow_vdd1v0   worst 
NOR2X1            401    411.426    slow_vdd1v0   worst 
NOR2X2            251    429.210    slow_vdd1v0   worst 
NOR2X4            104    320.112    slow_vdd1v0   worst 
NOR2X6             66    270.864    slow_vdd1v0   worst 
NOR2X8             37    202.464    slow_vdd1v0   worst 
NOR2XL              1      1.026    slow_vdd1v0   worst 
NOR3BX4             1      5.814    slow_vdd1v0   worst 
NOR3X6              2     14.364    slow_vdd1v0   worst 
NOR3X8              6     53.352    slow_vdd1v0   worst 
OA21X1              1      2.052    slow_vdd1v0   worst 
OAI21X1             1      1.710    slow_vdd1v0   worst 
OAI21X2             1      3.078    slow_vdd1v0   worst 
OAI21X4            37    177.156    slow_vdd1v0   worst 
OAI22X2             1      3.420    slow_vdd1v0   worst 
OAI22X4             1      6.498    slow_vdd1v0   worst 
OAI2BB1X2           2      6.156    slow_vdd1v0   worst 
OAI2BB1X4           1      4.446    slow_vdd1v0   worst 
OAI2BB2X2           7     38.304    slow_vdd1v0   worst 
OAI2BB2X4          11     94.050    slow_vdd1v0   worst 
OR2X1               8     10.944    slow_vdd1v0   worst 
OR2X2               2      3.420    slow_vdd1v0   worst 
OR2X4               2      5.472    slow_vdd1v0   worst 
OR2X6              11     41.382    slow_vdd1v0   worst 
OR2X8               3     13.338    slow_vdd1v0   worst 
XNOR2X1            45    107.730    slow_vdd1v0   worst 
XNOR2X2            10     30.780    slow_vdd1v0   worst 
--------------------------------------------------------
total            3856  14664.618                


                                          
     Type      Instances    Area   Area % 
------------------------------------------
inverter             346   942.210    6.4 
buffer               147   482.904    3.3 
logic               3363 13239.504   90.3 
physical_cells         0     0.000    0.0 
------------------------------------------
total               3856 14664.618  100.0 

