============================================================
  Generated by:           Genus(TM) Synthesis Solution 21.18-s082_1
  Generated on:           Oct 25 2025  02:04:10 pm
  Module:                 biriscv_multiplier
  Operating conditions:   PVT_0P9V_125C 
  Operating conditions:   PVT_1P32V_0C 
  Interconnect mode:      global
  Area mode:              physical library
============================================================


Path 1: VIOLATED (-35 ps) Late External Delay Assertion at pin writeback_value_o[29]
          Group: clk_i
     Startpoint: (F) opcode_ra_operand_i[28]
          Clock: (R) clk_i
       Endpoint: (R) writeback_value_o[29]
          Clock: (R) clk_i

                     Capture       Launch     
        Clock Edge:+    5990            0     
        Drv Adjust:+       0            0     
       Src Latency:+       0            0     
       Net Latency:+     100 (I)      100 (I) 
           Arrival:=    6090          100     
                                              
      Output Delay:-     300                  
       Uncertainty:-      50                  
     Required Time:=    5740                  
      Launch Clock:-     100                  
       Input Delay:-     300                  
         Data Path:-    5375                  
             Slack:=     -35                  

Exceptions/Constraints:
  input_delay              300             biriscv_multiplier.s_line_30_37_1 
  output_delay             300             biriscv_multiplier.s_line_35_99_1 

#-----------------------------------------------------------------------------------------------------------------------
#                 Timing Point                  Flags    Arc   Edge   Cell     Fanout Load Trans Delay Arrival Instance 
#                                                                                     (fF)  (ps)  (ps)   (ps)  Location 
#-----------------------------------------------------------------------------------------------------------------------
  opcode_ra_operand_i[28]                       -       -      F     (arrival)      2  8.0   252     0     400    (-,-) 
  SUB_UNS_OP1_g1040/Y                           -       A->Y   R     NOR2X8         2  4.8    84   156     556    (-,-) 
  SUB_UNS_OP1_g1075/Y                           -       AN->Y  R     NOR2BX2        2  7.6   221   227     783    (-,-) 
  SUB_UNS_OP1_g1002/Y                           -       B->Y   F     NAND2X4        1  5.1   131   173     956    (-,-) 
  SUB_UNS_OP1_g986/Y                            -       B->Y   R     NOR2X6         1  3.9    66    92    1048    (-,-) 
  SUB_UNS_OP1_g942/Y                            -       B->Y   R     CLKAND2X6      1  6.1    41   114    1161    (-,-) 
  SUB_UNS_OP1_g933/Y                            -       C->Y   F     NOR3X8         1  5.8    65    45    1206    (-,-) 
  SUB_UNS_OP1_g924/Y                            -       B->Y   R     NAND2X8        1  4.5    44    47    1253    (-,-) 
  g21260/Y                                      -       B0->Y  F     AOI2BB2X4      1  7.2   172   110    1363    (-,-) 
  fopt19/Y                                      -       A->Y   R     CLKINVX12      6 24.6    82   104    1467    (-,-) 
  fopt18/Y                                      -       A->Y   F     CLKINVX12      3 12.3    53    62    1529    (-,-) 
  fopt17/Y                                      -       A->Y   R     CLKINVX6       2  6.4    38    44    1574    (-,-) 
  g20105__6131/Y                                -       B->Y   R     CLKAND2X6      3 12.7    62   113    1687    (-,-) 
  fopt21631/Y                                   -       A->Y   F     CLKINVX12      4 16.6    59    60    1746    (-,-) 
  fopt2/Y                                       -       A->Y   R     CLKINVX8       4 10.5    45    50    1796    (-,-) 
  WALLACE_CSA_DUMMY_OP_groupi_cdnfadd_045_0/CO  -       B->CO  R     ADDFHX2        1  3.7    76   223    2019    (-,-) 
  WALLACE_CSA_DUMMY_OP_groupi_cdnfadd_046_10/CO -       CI->CO R     ADDFHX1        1  4.1   106   226    2246    (-,-) 
  WALLACE_CSA_DUMMY_OP_groupi_cdnfadd_047_17/S  -       B->S   F     ADDFHX1        1  4.0   123   348    2593    (-,-) 
  WALLACE_CSA_DUMMY_OP_groupi_cdnfadd_047_22/S  -       B->S   R     ADDFHX1        1  3.7   100   339    2932    (-,-) 
  WALLACE_CSA_DUMMY_OP_groupi_cdnfadd_047_25/S  -       CI->S  F     ADDFHX1        1  3.7   115   314    3246    (-,-) 
  WALLACE_CSA_DUMMY_OP_groupi_cdnfadd_047_27/CO -       CI->CO F     ADDFHX2        1  3.7    85   235    3481    (-,-) 
  WALLACE_CSA_DUMMY_OP_groupi_cdnfadd_048_28/S  -       CI->S  R     ADDFHX1        1  4.1   108   319    3800    (-,-) 
  WALLACE_CSA_DUMMY_OP_groupi_cdnfadd_048_29/S  -       B->S   F     ADDFHX1        2  5.8   167   373    4173    (-,-) 
  WALLACE_CSA_DUMMY_OP_groupi_g4275/Y           -       B->Y   F     CLKAND2X6      3  7.8    55   162    4335    (-,-) 
  WALLACE_CSA_DUMMY_OP_groupi_g4114/Y           -       A1->Y  R     AOI21X4        2  6.4   106    99    4434    (-,-) 
  WALLACE_CSA_DUMMY_OP_groupi_g4078/Y           -       A1N->Y R     AOI2BB1X4      2  7.2   107   174    4608    (-,-) 
  WALLACE_CSA_DUMMY_OP_groupi_g4055/Y           -       B->Y   F     NOR2X6         1  5.8    66    78    4685    (-,-) 
  WALLACE_CSA_DUMMY_OP_groupi_g4051/Y           -       B->Y   R     NOR2X8         3 11.8    94    85    4770    (-,-) 
  WALLACE_CSA_DUMMY_OP_groupi_g4031/Y           -       B->Y   F     NOR2X8         1  5.8    49    67    4836    (-,-) 
  WALLACE_CSA_DUMMY_OP_groupi_g4027/Y           -       B->Y   R     NOR2X8         5 14.6   109    86    4923    (-,-) 
  WALLACE_CSA_DUMMY_OP_groupi_g4006/Y           -       A1->Y  F     OAI21X4        3 10.2   198   174    5097    (-,-) 
  WALLACE_CSA_DUMMY_OP_groupi_g3963/Y           -       A1->Y  R     AOI211X4       1  3.3   114   191    5288    (-,-) 
  WALLACE_CSA_DUMMY_OP_groupi_g3944/Y           -       B->Y   R     XNOR2X2        1  4.5    80   226    5514    (-,-) 
  g11508/Y                                      -       B1->Y  F     AOI22X4        1  7.2   179   128    5642    (-,-) 
  g11493/Y                                      -       A->Y   R     CLKINVX12      1 47.9   121   133    5775    (-,-) 
  writeback_value_o[29]                         <<<     -      R     (port)         -    -     -     0    5775    (-,-) 
#-----------------------------------------------------------------------------------------------------------------------

