============================================================
  Generated by:           Genus(TM) Synthesis Solution 21.18-s082_1
  Generated on:           Oct 28 2025  09:08:42 pm
  Module:                 riscv_core
  Operating conditions:   PVT_0P9V_125C 
  Operating conditions:   PVT_1P32V_0C 
  Interconnect mode:      global
  Area mode:              physical library
============================================================

Timing
--------

Clock Period 
-------------
clk   5990.0 


  Cost    Critical         Violating 
 Group   Path Slack  TNS     Paths   
-------------------------------------
clk             0.0   0.0          0 
default    No paths   0.0            
-------------------------------------
Total                 0.0          0 

Instance Count
--------------
Leaf Instance Count             25619 
Physical Instance count             0 
Sequential Instance Count        2870 
Combinational Instance Count    22749 
Hierarchical Instance Count         6 

Area
----
Cell Area                          79488.324
Physical Cell Area                 0.000
Total Cell Area (Cell+Physical)    79488.324
Net Area                           32983.254
Total Area (Cell+Physical+Net)     112471.578

Max Fanout                         2870 (clk)
Min Fanout                         0 (fetch0_instr_branch_w)
Average Fanout                     2.5
Terms to net ratio                 3.5701
Terms to instance ratio            3.6968
Runtime                            585.8442930000001 seconds
Elapsed Runtime                    614 seconds
Genus peak memory usage            1791.52 
Innovus peak memory usage          no_value 
Hostname                           gmicro02
