============================================================
  Generated by:           Genus(TM) Synthesis Solution 21.18-s082_1
  Generated on:           Oct 20 2025  11:21:56 pm
  Module:                 riscv_core
  Operating conditions:   PVT_0P9V_125C 
  Operating conditions:   PVT_1P32V_0C 
  Interconnect mode:      global
  Area mode:              physical library
============================================================


Path 1: MET (0 ps) Setup Check with Pin u_issue_pc_x_q_reg[30]/CK->D
          Group: clk
     Startpoint: (R) u_frontend_u_decode_genblk1.u_fifo_rd_ptr_q_reg[0]/CK
          Clock: (R) clk
       Endpoint: (R) u_issue_pc_x_q_reg[30]/D
          Clock: (R) clk

                     Capture       Launch     
        Clock Edge:+    5990            0     
       Src Latency:+       0            0     
       Net Latency:+     100 (I)      100 (I) 
           Arrival:=    6090          100     
                                              
             Setup:-     155                  
       Uncertainty:-      50                  
     Required Time:=    5885                  
      Launch Clock:-     100                  
         Data Path:-    5785                  
             Slack:=       0                  

#-------------------------------------------------------------------------------------------------------------------------------
#                     Timing Point                      Flags   Arc   Edge    Cell     Fanout Load Trans Delay Arrival Instance 
#                                                                                             (fF)  (ps)  (ps)   (ps)  Location 
#-------------------------------------------------------------------------------------------------------------------------------
  u_frontend_u_decode_genblk1.u_fifo_rd_ptr_q_reg[0]/CK -       -     R     (arrival)    2870    -     0     0     100    (-,-) 
  u_frontend_u_decode_genblk1.u_fifo_rd_ptr_q_reg[0]/Q  -       CK->Q R     DFFRHQX8       11 37.0   126   342     442    (-,-) 
  g312012/Y                                             -       A->Y  F     CLKINVX8        3 17.2    89    99     542    (-,-) 
  g312005/Y                                             -       A->Y  R     CLKINVX16       5 23.9    57    68     610    (-,-) 
  g311770/Y                                             -       B->Y  F     NOR2X6          1  5.8    54    54     664    (-,-) 
  g311705/Y                                             -       A->Y  R     NOR2X8          4 14.5   108   100     764    (-,-) 
  g311643/Y                                             -       A->Y  F     CLKINVX12       5 10.9    55    72     836    (-,-) 
  g311482/Y                                             -       A1->Y R     AOI22X4         1  3.9    94   101     937    (-,-) 
  g311386/Y                                             -       A->Y  R     CLKAND2X6       2  8.6    49   141    1078    (-,-) 
  g311301/Y                                             -       B->Y  F     NAND2X8         1  5.8    82    76    1153    (-,-) 
  g311238/Y                                             -       A->Y  R     NOR2X8          1  6.1    66    86    1239    (-,-) 
  g311137/Y                                             -       A->Y  F     NAND2X8         1  5.8    81    94    1333    (-,-) 
  g311099/Y                                             -       A->Y  R     NOR2X8          2  7.4    74    90    1423    (-,-) 
  g311026/Y                                             -       B->Y  R     CLKAND2X12      9 29.2    75   146    1569    (-,-) 
  g310866/Y                                             -       B->Y  R     CLKAND2X12     17 36.7    88   154    1723    (-,-) 
  g310409/Y                                             -       B1->Y F     OAI2BB2X4       1  5.1   150   132    1856    (-,-) 
  g310189/Y                                             -       B->Y  R     NOR2X6          1  6.1    84   109    1965    (-,-) 
  g309984/Y                                             -       B->Y  F     NAND2X8         1  5.8    86    91    2056    (-,-) 
  g309729/Y                                             -       B->Y  R     NOR2X8          2  9.2    83    85    2141    (-,-) 
  g309663/Y                                             -       A->Y  F     CLKINVX6        3 10.1    67    74    2215    (-,-) 
  g309662/Y                                             -       A->Y  R     CLKINVX6        2 10.0    52    57    2272    (-,-) 
  g309513/Y                                             -       B->Y  F     NOR2X8          2  8.7    69    53    2325    (-,-) 
  g309454/Y                                             -       A->Y  R     CLKINVX4        1  5.3    44    55    2380    (-,-) 
  g309381/Y                                             -       B->Y  F     NOR2X6          1  4.5    43    45    2425    (-,-) 
  g309124/Y                                             -       B->Y  F     CLKAND2X12      4 13.6    55   109    2534    (-,-) 
  g308715/Y                                             -       B->Y  F     CLKAND2X12      8 26.7    86   131    2666    (-,-) 
  g312554/Y                                             -       B->Y  F     CLKAND2X12     32 61.6   163   189    2855    (-,-) 
  g306849/Y                                             -       B1->Y R     AOI22X1         1  3.1   198   200    3055    (-,-) 
  g305221/Y                                             -       B->Y  R     AND2X1          1  4.5   109   262    3317    (-,-) 
  g304842/Y                                             -       B->Y  F     NAND2X4         1  4.3   106   114    3431    (-,-) 
  g304089/Y                                             -       B->Y  R     NOR2X4          1  3.9    76    91    3522    (-,-) 
  g303870/Y                                             -       A->Y  R     CLKAND2X6       1  7.8    46   131    3653    (-,-) 
  g303815/Y                                             -       A->Y  F     CLKINVX12       8 16.5    56    53    3706    (-,-) 
  u_exec1_greater_than_signed_346_25:sub_281_12_g872/Y  -       AN->Y F     NOR2BX4         2  5.0    63   146    3852    (-,-) 
  u_exec1_greater_than_signed_346_25:sub_281_12_g753/Y  -       B->Y  F     OR2X4           2  7.0    80   181    4033    (-,-) 
  u_exec1_greater_than_signed_346_25:sub_281_12_g748/Y  -       A->Y  R     INVX3           1  4.5    49    64    4097    (-,-) 
  u_exec1_greater_than_signed_346_25:sub_281_12_g744/Y  -       B->Y  F     NAND2X4         1  5.1   114    92    4189    (-,-) 
  u_exec1_greater_than_signed_346_25:sub_281_12_g722/Y  -       B->Y  R     NOR2X6          2  8.0    93   101    4290    (-,-) 
  u_exec1_greater_than_signed_346_25:sub_281_12_g711/Y  -       B->Y  F     NAND2X6         1  5.1    93    99    4389    (-,-) 
  u_exec1_greater_than_signed_346_25:sub_281_12_g702/Y  -       A->Y  R     NOR2X6          1  4.5    60    90    4478    (-,-) 
  u_exec1_greater_than_signed_346_25:sub_281_12_g701/Y  -       A->Y  F     NOR2X4          1  3.3    48    61    4539    (-,-) 
  u_exec1_greater_than_signed_346_25:sub_281_12_g700/Y  -       B->Y  R     XNOR2X1         1  4.5   111   216    4756    (-,-) 
  g237597/Y                                             -       B->Y  F     NAND2BX4        1  4.4   109   116    4872    (-,-) 
  g231164/Y                                             -       A1->Y R     AOI21X4         1  6.1   106   122    4994    (-,-) 
  g230954/Y                                             -       D->Y  F     NOR4X8          1  5.8    69    77    5072    (-,-) 
  g230924/Y                                             -       B->Y  R     NOR2X8          2 10.8    95    83    5154    (-,-) 
  g230883/Y                                             -       B->Y  F     NOR2X8          3 10.5    78    76    5230    (-,-) 
  g230816/Y                                             -       B->Y  F     CLKAND2X12     31 56.4   151   179    5409    (-,-) 
  g240069/Y                                             -       B->Y  R     NOR2BX4         1  3.9    83   111    5521    (-,-) 
  g230725/Y                                             -       A->Y  R     CLKAND2X6       1 10.9    56   140    5661    (-,-) 
  g230675/Y                                             -       A->Y  F     CLKINVX20      30 89.3   144   108    5768    (-,-) 
  g230552/Y                                             -       A1->Y R     OAI21X4         1  3.2    84   117    5885    (-,-) 
  u_issue_pc_x_q_reg[30]/D                              <<<     -     R     DFFRHQX4        1    -     -     0    5885    (-,-) 
#-------------------------------------------------------------------------------------------------------------------------------

