============================================================
  Generated by:           Genus(TM) Synthesis Solution 21.18-s082_1
  Generated on:           Oct 20 2025  11:21:56 pm
  Module:                 riscv_core
  Library domain:         worst
    Domain index:         0
    Technology library:   slow_vdd1v0 1.0
  Library domain:         best
    Domain index:         1
    Technology library:   fast_vdd1v2 1.0
  Operating conditions:   PVT_0P9V_125C 
  Operating conditions:   PVT_1P32V_0C 
  Interconnect mode:      global
  Area mode:              physical library
============================================================

              Instance                      Module         Cell Count  Cell Area  Net Area   Combinational    Buffer   Inverter     Flop     Latch   Clock-Gate   Memory   Macro   Total Area 
----------------------------------------------------------------------------------------------------------------------------------------------------------------------------------------------
riscv_core                                                      25619  79488.324 32983.254       55932.732  1233.252   3733.956  18588.384   0.000        0.000    0.000   0.000   112471.578 
  u_div                              biriscv_divider             1559   4695.318  1769.029        2849.202    19.836    112.176   1714.104   0.000        0.000    0.000   0.000     6464.347 
  u_exec0_u_alu                      biriscv_alu                 1300   3544.146  1444.352        3258.576    20.178    265.392      0.000   0.000        0.000    0.000   0.000     4988.498 
  u_exec1_u_alu                      biriscv_alu_1167            1292   3450.096  1448.533        3198.042     6.840    245.214      0.000   0.000        0.000    0.000   0.000     4898.629 
  u_frontend_u_decode_genblk1.u_dec0 biriscv_decoder              170    672.714   153.320         602.604     6.156     63.954      0.000   0.000        0.000    0.000   0.000      826.034 
  u_frontend_u_decode_genblk1.u_dec1 biriscv_decoder_2471         156    593.028   143.646         541.386     9.234     42.408      0.000   0.000        0.000    0.000   0.000      736.674 
  u_mul                              biriscv_multiplier          2813   8114.292  3792.243        6939.180    74.214    442.890    658.008   0.000        0.000    0.000   0.000    11906.535 
