============================================================
  Generated by:           Genus(TM) Synthesis Solution 21.18-s082_1
  Generated on:           Oct 20 2025  11:21:56 pm
  Module:                 riscv_core
  Operating conditions:   PVT_0P9V_125C 
  Operating conditions:   PVT_1P32V_0C 
  Interconnect mode:      global
  Area mode:              physical library
============================================================

                                                Library 
   Gate     Instances    Area        Library     Domain 
--------------------------------------------------------
ADDFHX1             3     22.572    slow_vdd1v0   worst 
ADDFHX2             5     41.040    slow_vdd1v0   worst 
ADDFX1            477   2447.010    slow_vdd1v0   worst 
ADDHX1            150    564.300    slow_vdd1v0   worst 
ADDHX2              6     30.780    slow_vdd1v0   worst 
ADDHX4              9     64.638    slow_vdd1v0   worst 
AND2X1           1040   1422.720    slow_vdd1v0   worst 
AND2X2             48     82.080    slow_vdd1v0   worst 
AND2X4             93    254.448    slow_vdd1v0   worst 
AND2X6            153    575.586    slow_vdd1v0   worst 
AND2X8             35    155.610    slow_vdd1v0   worst 
AND3X1              3      7.182    slow_vdd1v0   worst 
AND3X4              5     15.390    slow_vdd1v0   worst 
AND3X6              7     31.122    slow_vdd1v0   worst 
AND3X8              2     10.260    slow_vdd1v0   worst 
AND3XL             18     36.936    slow_vdd1v0   worst 
AND4X1             44    105.336    slow_vdd1v0   worst 
AND4X6              2     11.628    slow_vdd1v0   worst 
AND4X8              3     18.468    slow_vdd1v0   worst 
AO21X1            137    327.978    slow_vdd1v0   worst 
AO21X2             22     60.192    slow_vdd1v0   worst 
AO21X4             77    263.340    slow_vdd1v0   worst 
AO22X1           1264   3458.304    slow_vdd1v0   worst 
AO22X2             10     30.780    slow_vdd1v0   worst 
AO22X4             10     37.620    slow_vdd1v0   worst 
AOI211X1            4      9.576    slow_vdd1v0   worst 
AOI211X2           61    208.620    slow_vdd1v0   worst 
AOI211X4           40    259.920    slow_vdd1v0   worst 
AOI21X1           211    360.810    slow_vdd1v0   worst 
AOI21X2           250    684.000    slow_vdd1v0   worst 
AOI21X4           164    841.320    slow_vdd1v0   worst 
AOI221X2           79    351.234    slow_vdd1v0   worst 
AOI221X4          126    991.116    slow_vdd1v0   worst 
AOI222X2           72    393.984    slow_vdd1v0   worst 
AOI222X4           10     95.760    slow_vdd1v0   worst 
AOI22X1          2242   4600.584    slow_vdd1v0   worst 
AOI22X2           826   3107.412    slow_vdd1v0   worst 
AOI22X4           115    707.940    slow_vdd1v0   worst 
AOI2BB1X1          49    100.548    slow_vdd1v0   worst 
AOI2BB1X2         123    378.594    slow_vdd1v0   worst 
AOI2BB1X4         106    435.024    slow_vdd1v0   worst 
AOI2BB2X1           1      3.420    slow_vdd1v0   worst 
AOI2BB2X2          13     66.690    slow_vdd1v0   worst 
AOI2BB2X4          19    142.956    slow_vdd1v0   worst 
AOI31X2             5     17.100    slow_vdd1v0   worst 
AOI31X4             4     25.992    slow_vdd1v0   worst 
AOI32X4             1      7.866    slow_vdd1v0   worst 
BUFX12             17     87.210    slow_vdd1v0   worst 
BUFX16              7     47.880    slow_vdd1v0   worst 
BUFX2             163    278.730    slow_vdd1v0   worst 
BUFX20              1      8.208    slow_vdd1v0   worst 
BUFX3              48     98.496    slow_vdd1v0   worst 
BUFX4               6     14.364    slow_vdd1v0   worst 
BUFX6              93    286.254    slow_vdd1v0   worst 
BUFX8              69    259.578    slow_vdd1v0   worst 
CLKAND2X12        151   1136.124    slow_vdd1v0   worst 
CLKAND2X2         464    952.128    slow_vdd1v0   worst 
CLKAND2X3         145    446.310    slow_vdd1v0   worst 
CLKAND2X4           6     20.520    slow_vdd1v0   worst 
CLKAND2X6         211   1010.268    slow_vdd1v0   worst 
CLKAND2X8           8     46.512    slow_vdd1v0   worst 
CLKBUFX12           2     10.260    slow_vdd1v0   worst 
CLKBUFX16          10     68.400    slow_vdd1v0   worst 
CLKBUFX2            3      5.130    slow_vdd1v0   worst 
CLKBUFX20           8     65.664    slow_vdd1v0   worst 
CLKBUFX6            1      3.078    slow_vdd1v0   worst 
CLKINVX1            1      1.026    slow_vdd1v0   worst 
CLKINVX12         116    476.064    slow_vdd1v0   worst 
CLKINVX16          59    322.848    slow_vdd1v0   worst 
CLKINVX2            5      6.840    slow_vdd1v0   worst 
CLKINVX20          36    233.928    slow_vdd1v0   worst 
CLKINVX3            3      5.130    slow_vdd1v0   worst 
CLKINVX4          274    468.540    slow_vdd1v0   worst 
CLKINVX6          151    361.494    slow_vdd1v0   worst 
CLKINVX8          138    424.764    slow_vdd1v0   worst 
CLKMX2X2           40    123.120    slow_vdd1v0   worst 
CLKMX2X3           45    184.680    slow_vdd1v0   worst 
CLKMX2X6            2      8.892    slow_vdd1v0   worst 
CLKMX2X8           22    127.908    slow_vdd1v0   worst 
CLKXOR2X1         193    528.048    slow_vdd1v0   worst 
CLKXOR2X2           4     13.680    slow_vdd1v0   worst 
DFFQX2            992   6446.016    slow_vdd1v0   worst 
DFFRHQX1         1493   9190.908    slow_vdd1v0   worst 
DFFRHQX2           13    102.258    slow_vdd1v0   worst 
DFFRHQX4           31    296.856    slow_vdd1v0   worst 
DFFRHQX8            1     11.286    slow_vdd1v0   worst 
DFFRX1             28    191.520    slow_vdd1v0   worst 
DFFRX2            311   2339.964    slow_vdd1v0   worst 
DFFRX4              1      9.576    slow_vdd1v0   worst 
INVX1             946    647.064    slow_vdd1v0   worst 
INVX12              1      4.104    slow_vdd1v0   worst 
INVX16             10     54.720    slow_vdd1v0   worst 
INVX2             440    451.440    slow_vdd1v0   worst 
INVX20              2     12.996    slow_vdd1v0   worst 
INVX3             180    246.240    slow_vdd1v0   worst 
INVX4               2      3.420    slow_vdd1v0   worst 
INVX6               5     11.970    slow_vdd1v0   worst 
INVXL               2      1.368    slow_vdd1v0   worst 
MX2X1             816   1953.504    slow_vdd1v0   worst 
MX3XL               1      4.788    slow_vdd1v0   worst 
MXI2X1              4     10.944    slow_vdd1v0   worst 
MXI2X2             45    200.070    slow_vdd1v0   worst 
MXI2X4              9     46.170    slow_vdd1v0   worst 
MXI2X6              5     25.650    slow_vdd1v0   worst 
NAND2BX1          114    155.952    slow_vdd1v0   worst 
NAND2BX2          140    335.160    slow_vdd1v0   worst 
NAND2BX4           77    289.674    slow_vdd1v0   worst 
NAND2X1           242    248.292    slow_vdd1v0   worst 
NAND2X2           762   1303.020    slow_vdd1v0   worst 
NAND2X4           665   2274.300    slow_vdd1v0   worst 
NAND2X6           244   1168.272    slow_vdd1v0   worst 
NAND2X8           128    700.416    slow_vdd1v0   worst 
NAND3BX2           30     92.340    slow_vdd1v0   worst 
NAND3BX4            1      5.130    slow_vdd1v0   worst 
NAND3X2            32     87.552    slow_vdd1v0   worst 
NAND3X4            50    239.400    slow_vdd1v0   worst 
NAND3X6            11     79.002    slow_vdd1v0   worst 
NAND3X8             4     32.832    slow_vdd1v0   worst 
NOR2BX1           247    337.896    slow_vdd1v0   worst 
NOR2BX2           143    391.248    slow_vdd1v0   worst 
NOR2BX4            61    229.482    slow_vdd1v0   worst 
NOR2X1            299    306.774    slow_vdd1v0   worst 
NOR2X2            455    778.050    slow_vdd1v0   worst 
NOR2X4            501   1542.078    slow_vdd1v0   worst 
NOR2X6            286   1173.744    slow_vdd1v0   worst 
NOR2X8             94    514.368    slow_vdd1v0   worst 
NOR3BX1             6     12.312    slow_vdd1v0   worst 
NOR3BX2             6     20.520    slow_vdd1v0   worst 
NOR3BX4            13     75.582    slow_vdd1v0   worst 
NOR3X1              9     15.390    slow_vdd1v0   worst 
NOR3X2             20     54.720    slow_vdd1v0   worst 
NOR3X4             40    205.200    slow_vdd1v0   worst 
NOR3X6             38    272.916    slow_vdd1v0   worst 
NOR3X8             19    168.948    slow_vdd1v0   worst 
NOR4BBX2            1      5.130    slow_vdd1v0   worst 
NOR4BX4             1      7.524    slow_vdd1v0   worst 
NOR4X2              5     17.100    slow_vdd1v0   worst 
NOR4X4              4     25.992    slow_vdd1v0   worst 
NOR4X6              3     24.624    slow_vdd1v0   worst 
NOR4X8              5     53.010    slow_vdd1v0   worst 
OA21X1            186    381.672    slow_vdd1v0   worst 
OA21X2              1      3.078    slow_vdd1v0   worst 
OA21X4              2      7.524    slow_vdd1v0   worst 
OA22X1            306    732.564    slow_vdd1v0   worst 
OA22X2              1      3.420    slow_vdd1v0   worst 
OA22X4              3     12.312    slow_vdd1v0   worst 
OAI211X2            5     20.520    slow_vdd1v0   worst 
OAI211X4           20    129.960    slow_vdd1v0   worst 
OAI21X1           118    201.780    slow_vdd1v0   worst 
OAI21X2           173    532.494    slow_vdd1v0   worst 
OAI21X4           245   1173.060    slow_vdd1v0   worst 
OAI221X2            3     14.364    slow_vdd1v0   worst 
OAI221X4           12     94.392    slow_vdd1v0   worst 
OAI22X1           264    541.728    slow_vdd1v0   worst 
OAI22X2            83    283.860    slow_vdd1v0   worst 
OAI22X4            21    136.458    slow_vdd1v0   worst 
OAI2BB1X1        1573   2689.830    slow_vdd1v0   worst 
OAI2BB1X2         231    711.018    slow_vdd1v0   worst 
OAI2BB1X4         156    693.576    slow_vdd1v0   worst 
OAI2BB2X1           7     28.728    slow_vdd1v0   worst 
OAI2BB2X2          43    235.296    slow_vdd1v0   worst 
OAI2BB2X4           8     68.400    slow_vdd1v0   worst 
OAI31X1             2      4.104    slow_vdd1v0   worst 
OAI31X2             8     30.096    slow_vdd1v0   worst 
OAI31X4             2     13.680    slow_vdd1v0   worst 
OR2X1             264    361.152    slow_vdd1v0   worst 
OR2X2              66    112.860    slow_vdd1v0   worst 
OR2X4              54    147.744    slow_vdd1v0   worst 
OR2X6              68    255.816    slow_vdd1v0   worst 
OR2X8              10     44.460    slow_vdd1v0   worst 
OR3X1              67    137.484    slow_vdd1v0   worst 
OR3X2              14     33.516    slow_vdd1v0   worst 
OR3X4              10     30.780    slow_vdd1v0   worst 
OR3X6              25    119.700    slow_vdd1v0   worst 
OR3X8               3     16.416    slow_vdd1v0   worst 
OR4X1              68    139.536    slow_vdd1v0   worst 
OR4X6               2     10.944    slow_vdd1v0   worst 
OR4X8               4     24.624    slow_vdd1v0   worst 
XNOR2X1           744   1781.136    slow_vdd1v0   worst 
XNOR2X2             4     12.312    slow_vdd1v0   worst 
XNOR2X4             3     11.286    slow_vdd1v0   worst 
--------------------------------------------------------
total           25619  79488.324                


                                          
     Type      Instances    Area   Area % 
------------------------------------------
sequential          2870 18588.384   23.4 
inverter            2371  3733.956    4.7 
buffer               428  1233.252    1.6 
logic              19950 55932.732   70.4 
physical_cells         0     0.000    0.0 
------------------------------------------
total              25619 79488.324  100.0 

