============================================================
  Generated by:           Genus(TM) Synthesis Solution 21.18-s082_1
  Generated on:           Oct 29 2025  02:48:23 pm
  Module:                 biriscv_multiplier
  Operating conditions:   PVT_0P9V_125C 
  Operating conditions:   PVT_1P32V_0C 
  Interconnect mode:      global
  Area mode:              physical library
============================================================

                                                Library 
   Gate     Instances    Area        Library     Domain 
--------------------------------------------------------
ADDFHX2             4     32.832    slow_vdd1v0   worst 
ADDFHX4             2     19.152    slow_vdd1v0   worst 
ADDFX1            395   2026.350    slow_vdd1v0   worst 
ADDFX2              1      7.866    slow_vdd1v0   worst 
ADDHX1             11     41.382    slow_vdd1v0   worst 
ADDHX2             57    292.410    slow_vdd1v0   worst 
ADDHX4             30    215.460    slow_vdd1v0   worst 
AND2X1            455    622.440    slow_vdd1v0   worst 
AND2X2             91    155.610    slow_vdd1v0   worst 
AND2X4             30     82.080    slow_vdd1v0   worst 
AND2X6             28    105.336    slow_vdd1v0   worst 
AND2X8             15     66.690    slow_vdd1v0   worst 
AND3X1              5     11.970    slow_vdd1v0   worst 
AND3X8              1      5.130    slow_vdd1v0   worst 
AND3XL              1      2.052    slow_vdd1v0   worst 
AO21X1             44    105.336    slow_vdd1v0   worst 
AO21X2             13     35.568    slow_vdd1v0   worst 
AO21X4             28     95.760    slow_vdd1v0   worst 
AO22X1              2      5.472    slow_vdd1v0   worst 
AOI211X2            4     13.680    slow_vdd1v0   worst 
AOI211X4            4     25.992    slow_vdd1v0   worst 
AOI21X1            63    107.730    slow_vdd1v0   worst 
AOI21X2            73    199.728    slow_vdd1v0   worst 
AOI21X4            96    492.480    slow_vdd1v0   worst 
AOI221X2           10     44.460    slow_vdd1v0   worst 
AOI221X4           11     86.526    slow_vdd1v0   worst 
AOI22X1             1      2.052    slow_vdd1v0   worst 
AOI22X4             1      6.156    slow_vdd1v0   worst 
AOI2BB1X1          44     90.288    slow_vdd1v0   worst 
AOI2BB1X2          40    123.120    slow_vdd1v0   worst 
AOI2BB1X4         105    430.920    slow_vdd1v0   worst 
AOI2BB2X1           1      3.420    slow_vdd1v0   worst 
AOI2BB2X2           1      5.130    slow_vdd1v0   worst 
AOI2BB2X4           3     22.572    slow_vdd1v0   worst 
AOI31X2             1      3.420    slow_vdd1v0   worst 
AOI31X4             4     25.992    slow_vdd1v0   worst 
AOI32X2             5     22.230    slow_vdd1v0   worst 
BUFX12             10     51.300    slow_vdd1v0   worst 
BUFX16              3     20.520    slow_vdd1v0   worst 
BUFX2               6     10.260    slow_vdd1v0   worst 
BUFX20              3     24.624    slow_vdd1v0   worst 
BUFX3              34     69.768    slow_vdd1v0   worst 
BUFX6             275    846.450    slow_vdd1v0   worst 
BUFX8               6     22.572    slow_vdd1v0   worst 
CLKAND2X12         44    331.056    slow_vdd1v0   worst 
CLKAND2X2         256    525.312    slow_vdd1v0   worst 
CLKAND2X3          99    304.722    slow_vdd1v0   worst 
CLKAND2X4          21     71.820    slow_vdd1v0   worst 
CLKAND2X6          69    330.372    slow_vdd1v0   worst 
CLKAND2X8           8     46.512    slow_vdd1v0   worst 
CLKBUFX12           9     46.170    slow_vdd1v0   worst 
CLKBUFX16           8     54.720    slow_vdd1v0   worst 
CLKBUFX20           1      8.208    slow_vdd1v0   worst 
CLKBUFX3           13     26.676    slow_vdd1v0   worst 
CLKBUFX4           13     31.122    slow_vdd1v0   worst 
CLKBUFX6            6     18.468    slow_vdd1v0   worst 
CLKINVX1            4      4.104    slow_vdd1v0   worst 
CLKINVX12          53    217.512    slow_vdd1v0   worst 
CLKINVX16          25    136.800    slow_vdd1v0   worst 
CLKINVX2           37     50.616    slow_vdd1v0   worst 
CLKINVX20          10     64.980    slow_vdd1v0   worst 
CLKINVX3           34     58.140    slow_vdd1v0   worst 
CLKINVX4          128    218.880    slow_vdd1v0   worst 
CLKINVX6          100    239.400    slow_vdd1v0   worst 
CLKINVX8           85    261.630    slow_vdd1v0   worst 
CLKMX2X2            5     15.390    slow_vdd1v0   worst 
CLKMX2X3           70    287.280    slow_vdd1v0   worst 
CLKMX2X4            1      4.104    slow_vdd1v0   worst 
CLKMX2X6           32    142.272    slow_vdd1v0   worst 
CLKXOR2X1          70    191.520    slow_vdd1v0   worst 
CLKXOR2X2           9     30.780    slow_vdd1v0   worst 
DFFRHQX1          745   4586.220    slow_vdd1v0   worst 
DFFRHQX2            1      7.866    slow_vdd1v0   worst 
DFFRHQX4            2     19.152    slow_vdd1v0   worst 
DFFRX1              1      6.840    slow_vdd1v0   worst 
DFFRX2             12     90.288    slow_vdd1v0   worst 
INVX1             292    199.728    slow_vdd1v0   worst 
INVX12              2      8.208    slow_vdd1v0   worst 
INVX2              55     56.430    slow_vdd1v0   worst 
INVX20              1      6.498    slow_vdd1v0   worst 
INVX3              35     47.880    slow_vdd1v0   worst 
INVX4               4      6.840    slow_vdd1v0   worst 
INVX6               8     19.152    slow_vdd1v0   worst 
INVX8               2      6.156    slow_vdd1v0   worst 
INVXL               5      3.420    slow_vdd1v0   worst 
MX2X1             696   1666.224    slow_vdd1v0   worst 
MXI2X2              2      8.892    slow_vdd1v0   worst 
MXI2X4             10     51.300    slow_vdd1v0   worst 
MXI2X8              1      6.156    slow_vdd1v0   worst 
NAND2BX1          130    177.840    slow_vdd1v0   worst 
NAND2BX2           20     47.880    slow_vdd1v0   worst 
NAND2BX4           23     86.526    slow_vdd1v0   worst 
NAND2X1           107    109.782    slow_vdd1v0   worst 
NAND2X2           313    535.230    slow_vdd1v0   worst 
NAND2X4           176    601.920    slow_vdd1v0   worst 
NAND2X6            84    402.192    slow_vdd1v0   worst 
NAND2X8            50    273.600    slow_vdd1v0   worst 
NAND3BX4            2     10.260    slow_vdd1v0   worst 
NAND3X2             4     10.944    slow_vdd1v0   worst 
NAND3X4             1      4.788    slow_vdd1v0   worst 
NAND3X6             1      7.182    slow_vdd1v0   worst 
NOR2BX1           321    439.128    slow_vdd1v0   worst 
NOR2BX2            28     76.608    slow_vdd1v0   worst 
NOR2BX4            22     82.764    slow_vdd1v0   worst 
NOR2BXL             2      3.420    slow_vdd1v0   worst 
NOR2X1            215    220.590    slow_vdd1v0   worst 
NOR2X2            613   1048.230    slow_vdd1v0   worst 
NOR2X4            551   1695.978    slow_vdd1v0   worst 
NOR2X6            190    779.760    slow_vdd1v0   worst 
NOR2X8            125    684.000    slow_vdd1v0   worst 
NOR2XL              2      2.052    slow_vdd1v0   worst 
NOR3BX2             1      3.420    slow_vdd1v0   worst 
NOR3BX4             3     17.442    slow_vdd1v0   worst 
NOR3X1              2      3.420    slow_vdd1v0   worst 
NOR3X2              4     10.944    slow_vdd1v0   worst 
NOR3X4              4     20.520    slow_vdd1v0   worst 
NOR3X6             10     71.820    slow_vdd1v0   worst 
NOR3X8              8     71.136    slow_vdd1v0   worst 
NOR4X4              1      6.498    slow_vdd1v0   worst 
NOR4X6              2     16.416    slow_vdd1v0   worst 
OA21X1            144    295.488    slow_vdd1v0   worst 
OA21X2             18     55.404    slow_vdd1v0   worst 
OA21X4             17     63.954    slow_vdd1v0   worst 
OA22X1              4      9.576    slow_vdd1v0   worst 
OA22X4              1      4.104    slow_vdd1v0   worst 
OAI211X2            1      4.104    slow_vdd1v0   worst 
OAI211X4            2     12.996    slow_vdd1v0   worst 
OAI21X1            75    128.250    slow_vdd1v0   worst 
OAI21X2            91    280.098    slow_vdd1v0   worst 
OAI21X4           168    804.384    slow_vdd1v0   worst 
OAI221X2            1      4.788    slow_vdd1v0   worst 
OAI22X1             1      2.052    slow_vdd1v0   worst 
OAI22X2             1      3.420    slow_vdd1v0   worst 
OAI22X4             2     12.996    slow_vdd1v0   worst 
OAI2BB1X1          38     64.980    slow_vdd1v0   worst 
OAI2BB1X2          19     58.482    slow_vdd1v0   worst 
OAI2BB1X4           9     40.014    slow_vdd1v0   worst 
OAI2BB2X2           1      5.472    slow_vdd1v0   worst 
OAI2BB2X4          23    196.650    slow_vdd1v0   worst 
OAI31X2            10     37.620    slow_vdd1v0   worst 
OAI31X4             4     27.360    slow_vdd1v0   worst 
OAI32X2             1      4.446    slow_vdd1v0   worst 
OR2X1             245    335.160    slow_vdd1v0   worst 
OR2X2              46     78.660    slow_vdd1v0   worst 
OR2X4              29     79.344    slow_vdd1v0   worst 
OR2X6              19     71.478    slow_vdd1v0   worst 
OR2X8               6     26.676    slow_vdd1v0   worst 
OR3X1              25     51.300    slow_vdd1v0   worst 
OR3X2               4      9.576    slow_vdd1v0   worst 
OR3X4               6     18.468    slow_vdd1v0   worst 
OR3X6               2      9.576    slow_vdd1v0   worst 
OR4X1               7     14.364    slow_vdd1v0   worst 
OR4X4               5     18.810    slow_vdd1v0   worst 
OR4X6               2     10.944    slow_vdd1v0   worst 
OR4X8               2     12.312    slow_vdd1v0   worst 
XNOR2X1           679   1625.526    slow_vdd1v0   worst 
XNOR2X2             2      6.156    slow_vdd1v0   worst 
XNOR2X4             1      3.762    slow_vdd1v0   worst 
XOR2X1              1      2.736    slow_vdd1v0   worst 
XOR2X2              1      3.420    slow_vdd1v0   worst 
--------------------------------------------------------
total            9829  29213.298                


                                          
     Type      Instances    Area   Area % 
------------------------------------------
sequential           761  4710.366   16.1 
inverter             880  1606.374    5.5 
buffer               387  1230.858    4.2 
logic               7801 21665.700   74.2 
physical_cells         0     0.000    0.0 
------------------------------------------
total               9829 29213.298  100.0 

