============================================================
  Generated by:           Genus(TM) Synthesis Solution 21.18-s082_1
  Generated on:           Oct 29 2025  02:48:23 pm
  Module:                 biriscv_multiplier
  Operating conditions:   PVT_0P9V_125C 
  Operating conditions:   PVT_1P32V_0C 
  Interconnect mode:      global
  Area mode:              physical library
============================================================

Timing
--------

Clock Period 
-------------
clk_i 3570.0 


  Cost    Critical            Violating 
 Group   Path Slack    TNS      Paths   
----------------------------------------
clk_i         -23.8   -233.2         18 
default    No paths      0.0            
----------------------------------------
Total                 -233.2         18 

Instance Count
--------------
Leaf Instance Count             9829 
Physical Instance count            0 
Sequential Instance Count        761 
Combinational Instance Count    9068 
Hierarchical Instance Count        0 

Area
----
Cell Area                          29213.298
Physical Cell Area                 0.000
Total Cell Area (Cell+Physical)    29213.298
Net Area                           11225.593
Total Area (Cell+Physical+Net)     40438.891

Max Fanout                         761 (clk_i)
Min Fanout                         0 (n_20)
Average Fanout                     2.0
Terms to net ratio                 3.1197
Terms to instance ratio            3.2707
Runtime                            217.89056899999997 seconds
Elapsed Runtime                    217 seconds
Genus peak memory usage            1867.12 
Innovus peak memory usage          no_value 
Hostname                           gmicro02
