============================================================
  Generated by:           Genus(TM) Synthesis Solution 21.18-s082_1
  Generated on:           Oct 25 2025  04:02:29 pm
  Module:                 riscv_core
  Operating conditions:   PVT_0P9V_125C 
  Operating conditions:   PVT_1P32V_0C 
  Interconnect mode:      global
  Area mode:              physical library
============================================================

Timing
--------

Clock Period 
-------------
clk   2000.0 


  Cost    Critical         Violating 
 Group   Path Slack  TNS     Paths   
-------------------------------------
clk             0.0   0.0          0 
default    No paths   0.0            
-------------------------------------
Total                 0.0          0 

Instance Count
--------------
Leaf Instance Count             21050 
Physical Instance count             0 
Sequential Instance Count        2870 
Combinational Instance Count    18180 
Hierarchical Instance Count         6 

Area
----
Cell Area                          59792.886
Physical Cell Area                 0.000
Total Cell Area (Cell+Physical)    59792.886
Net Area                           29364.516
Total Area (Cell+Physical+Net)     89157.402

Max Fanout                         2870 (clk)
Min Fanout                         0 (fetch0_instr_branch_w)
Average Fanout                     2.7
Terms to net ratio                 3.7465
Terms to instance ratio            4.0245
Runtime                            514.6986320000001 seconds
Elapsed Runtime                    546 seconds
Genus peak memory usage            1729.70 
Innovus peak memory usage          no_value 
Hostname                           gmicro02
