============================================================
  Generated by:           Genus(TM) Synthesis Solution 21.18-s082_1
  Generated on:           Oct 25 2025  04:02:29 pm
  Module:                 riscv_core
  Operating conditions:   PVT_0P9V_125C 
  Operating conditions:   PVT_1P32V_0C 
  Interconnect mode:      global
  Area mode:              physical library
============================================================

                                                Library 
   Gate     Instances    Area        Library     Domain 
--------------------------------------------------------
ACHCONX2            1     12.654    fast_vdd1v2    best 
ADDFHX1             1      7.524    fast_vdd1v2    best 
ADDFHX2             5     41.040    fast_vdd1v2    best 
ADDFHX4             1      9.576    fast_vdd1v2    best 
ADDFX1            516   2647.080    fast_vdd1v2    best 
ADDHX1            159    598.158    fast_vdd1v2    best 
ADDHX2              2     10.260    fast_vdd1v2    best 
ADDHX4              2     14.364    fast_vdd1v2    best 
AND2X1            479    655.272    fast_vdd1v2    best 
AND2X2             58     99.180    fast_vdd1v2    best 
AND2X4             42    114.912    fast_vdd1v2    best 
AND2X6             18     67.716    fast_vdd1v2    best 
AND2X8              8     35.568    fast_vdd1v2    best 
AND3X1             14     33.516    fast_vdd1v2    best 
AND3X2             11     30.096    fast_vdd1v2    best 
AND3X4              3      9.234    fast_vdd1v2    best 
AND3X6              3     13.338    fast_vdd1v2    best 
AND3X8              5     25.650    fast_vdd1v2    best 
AND3XL             88    180.576    fast_vdd1v2    best 
AND4X1             88    210.672    fast_vdd1v2    best 
AND4X2              5     15.390    fast_vdd1v2    best 
AND4X4              1      3.762    fast_vdd1v2    best 
AND4X8              1      6.156    fast_vdd1v2    best 
AO21X1            102    244.188    fast_vdd1v2    best 
AO21X2             11     30.096    fast_vdd1v2    best 
AO21X4              4     13.680    fast_vdd1v2    best 
AO22X1           1156   3162.816    fast_vdd1v2    best 
AO22X2              9     27.702    fast_vdd1v2    best 
AO22X4              6     22.572    fast_vdd1v2    best 
AOI211X1            5     11.970    fast_vdd1v2    best 
AOI211X2           25     85.500    fast_vdd1v2    best 
AOI211X4            7     45.486    fast_vdd1v2    best 
AOI211XL           27     55.404    fast_vdd1v2    best 
AOI21X1           160    273.600    fast_vdd1v2    best 
AOI21X2            46    125.856    fast_vdd1v2    best 
AOI21X4            30    153.900    fast_vdd1v2    best 
AOI221X1          370    885.780    fast_vdd1v2    best 
AOI221X2          193    858.078    fast_vdd1v2    best 
AOI221X4           21    165.186    fast_vdd1v2    best 
AOI222X1          287    883.386    fast_vdd1v2    best 
AOI222X2           35    191.520    fast_vdd1v2    best 
AOI222X4            2     19.152    fast_vdd1v2    best 
AOI22X1          1656   3398.112    fast_vdd1v2    best 
AOI22X2            71    267.102    fast_vdd1v2    best 
AOI22X4            19    116.964    fast_vdd1v2    best 
AOI2BB1X1          43     88.236    fast_vdd1v2    best 
AOI2BB1X2          62    190.836    fast_vdd1v2    best 
AOI2BB1X4          13     53.352    fast_vdd1v2    best 
AOI2BB2X1           6     20.520    fast_vdd1v2    best 
AOI2BB2X2          10     51.300    fast_vdd1v2    best 
AOI2BB2X4          15    112.860    fast_vdd1v2    best 
AOI31X1            16     32.832    fast_vdd1v2    best 
AOI31X2             9     30.780    fast_vdd1v2    best 
AOI32X1            11     26.334    fast_vdd1v2    best 
AOI33XL             1      2.394    fast_vdd1v2    best 
BUFX12              6     30.780    fast_vdd1v2    best 
BUFX2             382    653.220    fast_vdd1v2    best 
BUFX20              1      8.208    fast_vdd1v2    best 
BUFX3               9     18.468    fast_vdd1v2    best 
BUFX4              10     23.940    fast_vdd1v2    best 
BUFX6              24     73.872    fast_vdd1v2    best 
BUFX8               2      7.524    fast_vdd1v2    best 
CLKAND2X12         47    353.628    fast_vdd1v2    best 
CLKAND2X2          37     75.924    fast_vdd1v2    best 
CLKAND2X3          19     58.482    fast_vdd1v2    best 
CLKAND2X4           3     10.260    fast_vdd1v2    best 
CLKAND2X6          21    100.548    fast_vdd1v2    best 
CLKAND2X8          16     93.024    fast_vdd1v2    best 
CLKBUFX12           4     20.520    fast_vdd1v2    best 
CLKBUFX16           4     27.360    fast_vdd1v2    best 
CLKBUFX2            2      3.420    fast_vdd1v2    best 
CLKBUFX20           1      8.208    fast_vdd1v2    best 
CLKBUFX3           14     28.728    fast_vdd1v2    best 
CLKINVX12          47    192.888    fast_vdd1v2    best 
CLKINVX16           7     38.304    fast_vdd1v2    best 
CLKINVX20           2     12.996    fast_vdd1v2    best 
CLKINVX4          100    171.000    fast_vdd1v2    best 
CLKINVX6           46    110.124    fast_vdd1v2    best 
CLKINVX8           46    141.588    fast_vdd1v2    best 
CLKMX2X2           53    163.134    fast_vdd1v2    best 
CLKMX2X3            4     16.416    fast_vdd1v2    best 
CLKMX2X6            1      4.446    fast_vdd1v2    best 
CLKXOR2X1          81    221.616    fast_vdd1v2    best 
CLKXOR2X2           4     13.680    fast_vdd1v2    best 
DFFHQX1           448   2451.456    fast_vdd1v2    best 
DFFRHQX1         1598   9837.288    fast_vdd1v2    best 
DFFRHQX2           26    204.516    fast_vdd1v2    best 
DFFRHQX4           17    162.792    fast_vdd1v2    best 
DFFRHQX8            1     11.286    fast_vdd1v2    best 
DFFRX1             97    663.480    fast_vdd1v2    best 
DFFRX2            138   1038.312    fast_vdd1v2    best 
DFFRX4              1      9.576    fast_vdd1v2    best 
DFFX1             544   3907.008    fast_vdd1v2    best 
INVX1             735    502.740    fast_vdd1v2    best 
INVX2             197    202.122    fast_vdd1v2    best 
INVX3              79    108.072    fast_vdd1v2    best 
INVXL               6      4.104    fast_vdd1v2    best 
MX2X1            1006   2408.364    fast_vdd1v2    best 
MX3XL               1      4.788    fast_vdd1v2    best 
MXI2X1              5     13.680    fast_vdd1v2    best 
MXI2X2              5     22.230    fast_vdd1v2    best 
MXI2X4              2     10.260    fast_vdd1v2    best 
MXI2X6              1      5.130    fast_vdd1v2    best 
MXI2XL             78    186.732    fast_vdd1v2    best 
MXI4X1              1      7.182    fast_vdd1v2    best 
NAND2BX1          367    502.056    fast_vdd1v2    best 
NAND2BX2           33     79.002    fast_vdd1v2    best 
NAND2BX4           50    188.100    fast_vdd1v2    best 
NAND2X1          1541   1581.066    fast_vdd1v2    best 
NAND2X2           224    383.040    fast_vdd1v2    best 
NAND2X4           171    584.820    fast_vdd1v2    best 
NAND2X6            63    301.644    fast_vdd1v2    best 
NAND2X8            37    202.464    fast_vdd1v2    best 
NAND3BX1            3      6.156    fast_vdd1v2    best 
NAND3BX2            4     12.312    fast_vdd1v2    best 
NAND3BX4            2     10.260    fast_vdd1v2    best 
NAND3BXL           42     71.820    fast_vdd1v2    best 
NAND3X1            71    121.410    fast_vdd1v2    best 
NAND3X2            78    213.408    fast_vdd1v2    best 
NAND3X4            45    215.460    fast_vdd1v2    best 
NAND3X6            13     93.366    fast_vdd1v2    best 
NAND3X8             6     49.248    fast_vdd1v2    best 
NAND4BBX1           1      3.420    fast_vdd1v2    best 
NAND4BBXL           3      9.234    fast_vdd1v2    best 
NAND4BX1           17     40.698    fast_vdd1v2    best 
NAND4BX2            2      8.892    fast_vdd1v2    best 
NAND4X1            14     28.728    fast_vdd1v2    best 
NAND4X2            46    173.052    fast_vdd1v2    best 
NAND4X4            15    102.600    fast_vdd1v2    best 
NAND4X6             8     68.400    fast_vdd1v2    best 
NAND4X8             3     30.780    fast_vdd1v2    best 
NAND4XL           116    198.360    fast_vdd1v2    best 
NOR2BX1           486    664.848    fast_vdd1v2    best 
NOR2BX2            32     87.552    fast_vdd1v2    best 
NOR2BX4            25     94.050    fast_vdd1v2    best 
NOR2X1            524    537.624    fast_vdd1v2    best 
NOR2X2            150    256.500    fast_vdd1v2    best 
NOR2X4            148    455.544    fast_vdd1v2    best 
NOR2X6             40    164.160    fast_vdd1v2    best 
NOR2X8             41    224.352    fast_vdd1v2    best 
NOR3BX1            27     55.404    fast_vdd1v2    best 
NOR3BX2             5     17.100    fast_vdd1v2    best 
NOR3BX4             9     52.326    fast_vdd1v2    best 
NOR3X1             17     29.070    fast_vdd1v2    best 
NOR3X2             11     30.096    fast_vdd1v2    best 
NOR3X4             34    174.420    fast_vdd1v2    best 
NOR3X6              9     64.638    fast_vdd1v2    best 
NOR3X8              9     80.028    fast_vdd1v2    best 
NOR4BBX1            4     10.944    fast_vdd1v2    best 
NOR4BBX2            3     15.390    fast_vdd1v2    best 
NOR4BBX4            1      7.866    fast_vdd1v2    best 
NOR4BX1            11     26.334    fast_vdd1v2    best 
NOR4BX2             1      4.788    fast_vdd1v2    best 
NOR4BX4             1      7.524    fast_vdd1v2    best 
NOR4X1             46     78.660    fast_vdd1v2    best 
NOR4X2              5     17.100    fast_vdd1v2    best 
NOR4X4              5     32.490    fast_vdd1v2    best 
NOR4X6              3     24.624    fast_vdd1v2    best 
NOR4X8              2     21.204    fast_vdd1v2    best 
OA21X1            120    246.240    fast_vdd1v2    best 
OA21X2              5     15.390    fast_vdd1v2    best 
OA21X4              2      7.524    fast_vdd1v2    best 
OA22X1             89    213.066    fast_vdd1v2    best 
OAI211X1          163    278.730    fast_vdd1v2    best 
OAI211X2           20     82.080    fast_vdd1v2    best 
OAI211X4           10     64.980    fast_vdd1v2    best 
OAI21X1           180    307.800    fast_vdd1v2    best 
OAI21X2            15     46.170    fast_vdd1v2    best 
OAI21X4            39    186.732    fast_vdd1v2    best 
OAI221X1          585   1400.490    fast_vdd1v2    best 
OAI221X2           29    138.852    fast_vdd1v2    best 
OAI221X4            9     70.794    fast_vdd1v2    best 
OAI222X1          577   1578.672    fast_vdd1v2    best 
OAI222X2            2     11.628    fast_vdd1v2    best 
OAI22X1           629   1290.708    fast_vdd1v2    best 
OAI22X2            15     51.300    fast_vdd1v2    best 
OAI22X4             7     45.486    fast_vdd1v2    best 
OAI2BB1X1         654   1118.340    fast_vdd1v2    best 
OAI2BB1X2          25     76.950    fast_vdd1v2    best 
OAI2BB1X4          35    155.610    fast_vdd1v2    best 
OAI2BB2X1           2      8.208    fast_vdd1v2    best 
OAI2BB2X2           5     27.360    fast_vdd1v2    best 
OAI2BB2X4           2     17.100    fast_vdd1v2    best 
OAI2BB2XL           4     15.048    fast_vdd1v2    best 
OAI31X1             7     14.364    fast_vdd1v2    best 
OAI31X2             1      3.762    fast_vdd1v2    best 
OAI32X1             3      7.182    fast_vdd1v2    best 
OAI32X2             1      4.446    fast_vdd1v2    best 
OAI33X1             1      2.736    fast_vdd1v2    best 
OR2X1             191    261.288    fast_vdd1v2    best 
OR2X2              70    119.700    fast_vdd1v2    best 
OR2X4              17     46.512    fast_vdd1v2    best 
OR2X6              15     56.430    fast_vdd1v2    best 
OR2X8               8     35.568    fast_vdd1v2    best 
OR3X1              19     38.988    fast_vdd1v2    best 
OR3X2               5     11.970    fast_vdd1v2    best 
OR3X4               7     21.546    fast_vdd1v2    best 
OR3X6               3     14.364    fast_vdd1v2    best 
OR4X1              42     86.184    fast_vdd1v2    best 
OR4X2               2      6.840    fast_vdd1v2    best 
OR4X6               5     27.360    fast_vdd1v2    best 
XNOR2X1           880   2106.720    fast_vdd1v2    best 
XNOR2X2             8     24.624    fast_vdd1v2    best 
--------------------------------------------------------
total           21050  59792.886                


                                          
     Type      Instances    Area   Area % 
------------------------------------------
sequential          2870 18285.714   30.6 
inverter            1265  1483.938    2.5 
buffer               459   904.248    1.5 
logic              16456 39118.986   65.4 
physical_cells         0     0.000    0.0 
------------------------------------------
total              21050 59792.886  100.0 

