============================================================
  Generated by:           Genus(TM) Synthesis Solution 21.18-s082_1
  Generated on:           Oct 25 2025  04:02:28 pm
  Module:                 riscv_core
  Operating conditions:   PVT_0P9V_125C 
  Operating conditions:   PVT_1P32V_0C 
  Interconnect mode:      global
  Area mode:              physical library
============================================================


Path 1: MET (0 ps) Setup Check with Pin u_exec0_result_q_reg[31]/CK->D
          Group: clk
     Startpoint: (R) mem_d_ack_i
          Clock: (R) clk
       Endpoint: (F) u_exec0_result_q_reg[31]/D
          Clock: (R) clk

                     Capture       Launch     
        Clock Edge:+    2000            0     
        Drv Adjust:+       0            0     
       Src Latency:+       0            0     
       Net Latency:+     100 (I)      100 (I) 
           Arrival:=    2100          100     
                                              
             Setup:-       9                  
       Uncertainty:-      50                  
     Required Time:=    2041                  
      Launch Clock:-     100                  
       Input Delay:-     300                  
         Data Path:-    1641                  
             Slack:=       0                  

Exceptions/Constraints:
  input_delay             300             riscv_core.sdc_line_30_34_1 

#-------------------------------------------------------------------------------------------------------
#        Timing Point          Flags    Arc   Edge    Cell     Fanout Load Trans Delay Arrival Instance 
#                                                                     (fF)  (ps)  (ps)   (ps)  Location 
#-------------------------------------------------------------------------------------------------------
  mem_d_ack_i                  -       -      R     (arrival)       1  9.0   264     0     400    (-,-) 
  g139845/Y                    -       A->Y   F     CLKINVX12       2  7.7    38    30     430    (-,-) 
  g139844/Y                    -       A->Y   R     CLKINVX6        1  7.0    13    11     441    (-,-) 
  g259610/Y                    -       A->Y   F     CLKINVX8        2  9.9    11    10     451    (-,-) 
  g259609/Y                    -       A->Y   R     CLKINVX8        1  7.0     8     8     460    (-,-) 
  g259485/Y                    -       B->Y   F     NOR2X8          1  8.4    18     9     469    (-,-) 
  g259454/Y                    -       A->Y   R     CLKINVX12       7 21.4    15    13     482    (-,-) 
  g259232/Y                    -       B->Y   F     NAND2X8         5 16.0    31    21     503    (-,-) 
  g259200/Y                    -       A->Y   R     CLKINVX4        2  8.7    18    14     517    (-,-) 
  g259121/Y                    -       B->Y   F     NAND2X8         4 12.4    24    18     536    (-,-) 
  g259095/Y                    -       A->Y   R     INVX3           2  6.9    18    14     549    (-,-) 
  g258969/Y                    -       A->Y   F     NOR2X4          1  4.9    14    12     562    (-,-) 
  g258697/Y                    -       A->Y   F     CLKAND2X12      9 31.4    22    31     593    (-,-) 
  g258667/Y                    -       A->Y   R     CLKINVX6        3 14.1    18    14     607    (-,-) 
  g258486/Y                    -       B->Y   F     NOR2X4          1  6.4    19    12     619    (-,-) 
  g258437/Y                    -       B->Y   R     NOR2X8         12 32.3    48    32     650    (-,-) 
  g258364/Y                    -       A->Y   F     CLKINVX12      15 32.7    25    19     670    (-,-) 
  g257902/Y                    -       A1N->Y F     OAI2BB2X4       1  6.8    38    38     708    (-,-) 
  g257339/Y                    -       A->Y   R     NOR3X8          3 10.8    34    29     737    (-,-) 
  g257282/Y                    -       A->Y   F     CLKINVX4        1  4.7    13    12     749    (-,-) 
  g257004/Y                    -       A->Y   R     NAND2X4         1  7.0    15    12     762    (-,-) 
  g256650/Y                    -       C->Y   F     NOR4X8          2  8.2    19    13     775    (-,-) 
  g256528/Y                    -       A->Y   F     CLKBUFX16      18 56.2    28    31     806    (-,-) 
  g259795/Y                    -       B->Y   F     AND2X6         32 59.4    64    51     857    (-,-) 
  g254813/Y                    -       B1->Y  R     AOI22X1         1  3.2    52    42     898    (-,-) 
  g253520/Y                    -       A->Y   R     AND2X1          1  4.9    30    38     936    (-,-) 
  g252841/Y                    -       D->Y   F     NAND4X4         1  4.7    44    32     968    (-,-) 
  g252724/Y                    -       B->Y   R     NOR2X4          2  8.5    32    24     991    (-,-) 
  g252671/Y                    -       A->Y   F     CLKINVX6       12 23.7    30    21    1012    (-,-) 
  g252332/Y                    -       A1->Y  F     AO21X4         14 29.4    52    58    1070    (-,-) 
  u_exec0_u_alu/g27383/Y       -       A->Y   R     INVX3           8 17.8    42    28    1099    (-,-) 
  u_exec0_u_alu/g27093/Y       -       B1->Y  F     OAI22X2         2  5.2    41    33    1131    (-,-) 
  u_exec0_u_alu/g26937/Y       -       A1N->Y F     OAI2BB1X4       2  7.0    30    34    1166    (-,-) 
  u_exec0_u_alu/g26832/Y       -       A1->Y  R     AOI21X4         2  7.0    28    22    1187    (-,-) 
  u_exec0_u_alu/g26754/Y       -       A1->Y  F     OAI21X4         2  5.5    28    20    1208    (-,-) 
  u_exec0_u_alu/g26706/Y       -       A1N->Y F     OAI2BB1X4       2  6.8    30    33    1240    (-,-) 
  u_exec0_u_alu/g26677/Y       -       B0->Y  R     OAI2BB1X4       1  5.0    16    13    1253    (-,-) 
  u_exec0_u_alu/g26672/Y       -       B0->Y  F     OAI2BB1X4       3  7.6    27    22    1275    (-,-) 
  u_exec0_u_alu/g26654/Y       -       B->Y   R     NAND2X2         1  5.0    21    16    1291    (-,-) 
  u_exec0_u_alu/g26653/Y       -       B0->Y  F     OAI2BB1X4       3  8.7    31    24    1315    (-,-) 
  u_exec0_u_alu/g26645/Y       -       A1->Y  R     AOI21X4         2  7.1    33    22    1337    (-,-) 
  u_exec0_u_alu/g26638/Y       -       A1->Y  F     OAI21X4         3  7.5    38    24    1361    (-,-) 
  u_exec0_u_alu/g26637/Y       -       A->Y   R     INVX2           1  5.0    21    17    1378    (-,-) 
  u_exec0_u_alu/g26628/Y       -       A1->Y  F     OAI21X4         2  6.8    37    21    1399    (-,-) 
  u_exec0_u_alu/g26621/Y       -       B0->Y  R     OAI21X4         1  5.0    31    12    1412    (-,-) 
  u_exec0_u_alu/g26619/Y       -       B0->Y  F     OAI2BB1X4       3  7.3    28    24    1435    (-,-) 
  u_exec0_u_alu/g26605/Y       -       A1N->Y F     OAI2BB1X4       2  7.0    31    33    1468    (-,-) 
  u_exec0_u_alu/g26599/Y       -       A1->Y  R     AOI21X4         3  8.5    36    24    1492    (-,-) 
  u_exec0_u_alu/g26590/Y       -       A1->Y  F     OAI21X4         2  5.9    34    22    1514    (-,-) 
  u_exec0_u_alu/g26587/Y       -       A->Y   R     INVX2           1  5.0    20    16    1530    (-,-) 
  u_exec0_u_alu/g26583/Y       -       A1->Y  F     OAI21X4         4 10.6    46    27    1557    (-,-) 
  u_exec0_u_alu/g26572/Y       -       B1->Y  R     AOI221X4        2  7.1    48    37    1594    (-,-) 
  u_exec0_u_alu/g26558/Y       -       A1->Y  F     OAI21X4         3  7.7    38    26    1620    (-,-) 
  u_exec0_u_alu/g26556/Y       -       A->Y   R     INVX2           1  5.0    21    17    1637    (-,-) 
  u_exec0_u_alu/g26549/Y       -       A1->Y  F     OAI21X4         2  6.8    37    21    1658    (-,-) 
  u_exec0_u_alu/g26545/Y       -       B0->Y  R     OAI2BB1X4       1  5.0    16    13    1671    (-,-) 
  u_exec0_u_alu/g26541/Y       -       B0->Y  F     OAI2BB1X4       3  7.5    28    22    1693    (-,-) 
  u_exec0_u_alu/g26537/Y       -       B->Y   R     NAND2X2         1  5.0    21    16    1709    (-,-) 
  u_exec0_u_alu/g26533/Y       -       B0->Y  F     OAI2BB1X4       2  7.0    26    22    1731    (-,-) 
  u_exec0_u_alu/g26525/Y       -       A1->Y  R     AOI22X4         2  7.1    45    26    1756    (-,-) 
  u_exec0_u_alu/g26517/Y       -       A1->Y  F     OAI21X4         4  9.6    44    29    1785    (-,-) 
  u_exec0_u_alu/g26514/Y       -       B->Y   R     NAND2X2         1  4.9    23    18    1803    (-,-) 
  u_exec0_u_alu/g26510/Y       -       B->Y   F     NAND2X4         2  7.0    31    20    1823    (-,-) 
  u_exec0_u_alu/g26500/Y       -       A1->Y  R     AOI21X4         3  8.5    33    24    1847    (-,-) 
  u_exec0_u_alu/g26495/Y       -       A1->Y  F     OAI21X4         3  6.9    37    23    1870    (-,-) 
  u_exec0_u_alu/g26488/Y       -       A1N->Y F     OAI2BB1X4       2  5.6    27    32    1902    (-,-) 
  u_exec0_u_alu/g26481__4733/Y -       A1N->Y F     OAI2BB1X2       1  3.5    29    31    1933    (-,-) 
  u_exec0_u_alu/g26477__6131/Y -       B->Y   R     CLKXOR2X1       1  5.0    30    36    1969    (-,-) 
  u_exec0_u_alu/g26474__5122/Y -       A1->Y  F     OAI221X4        1  3.2    47    32    2001    (-,-) 
  g216684/Y                    -       B->Y   F     MX2X1           1  3.3    21    40    2041    (-,-) 
  u_exec0_result_q_reg[31]/D   <<<     -      F     DFFRHQX1        1    -     -     0    2041    (-,-) 
#-------------------------------------------------------------------------------------------------------

