============================================================
  Generated by:           Genus(TM) Synthesis Solution 21.18-s082_1
  Generated on:           Oct 25 2025  04:02:28 pm
  Module:                 riscv_core
  Library domain:         worst
    Domain index:         0
    Technology library:   slow_vdd1v0 1.0
  Library domain:         best
    Domain index:         1
    Technology library:   fast_vdd1v2 1.0
  Operating conditions:   PVT_0P9V_125C 
  Operating conditions:   PVT_1P32V_0C 
  Interconnect mode:      global
  Area mode:              physical library
============================================================

              Instance                      Module         Cell Count  Cell Area  Net Area   Combinational   Buffer   Inverter     Flop     Latch   Clock-Gate   Memory   Macro   Total Area 
---------------------------------------------------------------------------------------------------------------------------------------------------------------------------------------------
riscv_core                                                      21050  59792.886 29364.516       39118.986  904.248   1483.938  18285.714   0.000        0.000    0.000   0.000    89157.402 
  u_div                              biriscv_divider             1324   3750.714  1548.542        2056.788    5.814     54.720   1633.392   0.000        0.000    0.000   0.000     5299.256 
  u_exec0_u_alu                      biriscv_alu                  910   1674.774  1082.347        1587.222    0.000     87.552      0.000   0.000        0.000    0.000   0.000     2757.121 
  u_exec1_u_alu                      biriscv_alu_1167             909   1679.562  1078.355        1605.690    0.000     73.872      0.000   0.000        0.000    0.000   0.000     2757.917 
  u_frontend_u_decode_genblk1.u_dec0 biriscv_decoder               98    152.532    90.563         137.142    1.710     13.680      0.000   0.000        0.000    0.000   0.000      243.095 
  u_frontend_u_decode_genblk1.u_dec1 biriscv_decoder_2471          95    136.458    82.904         125.514    0.000     10.944      0.000   0.000        0.000    0.000   0.000      219.362 
  u_mul                              biriscv_multiplier          2407   6922.422  3362.881        6104.358   10.602     92.682    714.780   0.000        0.000    0.000   0.000    10285.303 
