============================================================
  Generated by:           Genus(TM) Synthesis Solution 21.18-s082_1
  Generated on:           Oct 29 2025  04:42:22 pm
  Module:                 biriscv_multiplier
  Operating conditions:   PVT_0P9V_125C 
  Operating conditions:   PVT_1P32V_0C 
  Interconnect mode:      global
  Area mode:              physical library
============================================================


Path 1: MET (7 ps) Setup Check with Pin Stage1_s_reg[0][63]/CK->D
          Group: clk_i
     Startpoint: (F) opcode_ra_operand_i[7]
          Clock: (R) clk_i
       Endpoint: (R) Stage1_s_reg[0][63]/D
          Clock: (R) clk_i

                     Capture       Launch     
        Clock Edge:+    1250            0     
        Drv Adjust:+       0            0     
       Src Latency:+       0            0     
       Net Latency:+     100 (I)      100 (I) 
           Arrival:=    1350          100     
                                              
             Setup:-      18                  
       Uncertainty:-      50                  
     Required Time:=    1282                  
      Launch Clock:-     100                  
       Input Delay:-     300                  
         Data Path:-     874                  
             Slack:=       7                  

Exceptions/Constraints:
  input_delay             300             biriscv_multiplier.s_line_30_58_1 

#-----------------------------------------------------------------------------------------------
#     Timing Point       Flags   Arc   Edge   Cell     Fanout Load Trans Delay Arrival Instance 
#                                                             (fF)  (ps)  (ps)   (ps)  Location 
#-----------------------------------------------------------------------------------------------
  opcode_ra_operand_i[7] -       -     F     (arrival)      1  5.7   252     0     400    (-,-) 
  g36120/Y               -       A->Y  R     CLKINVX6       2  5.4    40    25     425    (-,-) 
  g36119/Y               -       A->Y  F     INVX1          1  3.2    25    21     447    (-,-) 
  SUB_UNS_OP1_g838/Y     -       A->Y  F     BUFX2          2  5.2    18    26     473    (-,-) 
  SUB_UNS_OP1_g813/Y     -       A->Y  R     NOR2X1         1  4.3    50    34     507    (-,-) 
  SUB_UNS_OP1_g803/Y     -       A->Y  R     CLKAND2X6      3  9.9    14    26     532    (-,-) 
  SUB_UNS_OP1_g801/Y     -       B->Y  F     NAND2X6        4 11.0    29    19     552    (-,-) 
  SUB_UNS_OP1_g797/Y     -       B->Y  R     NOR2X6         3  8.9    26    18     570    (-,-) 
  SUB_UNS_OP1_g788/Y     -       B->Y  F     NAND2X4        4 10.2    44    25     595    (-,-) 
  SUB_UNS_OP1_g786/Y     -       B->Y  R     NOR2X4         2  5.6    25    20     614    (-,-) 
  SUB_UNS_OP1_g778/Y     -       A->Y  R     AND2X1         2  5.6    34    36     651    (-,-) 
  SUB_UNS_OP1_g774/Y     -       A->Y  R     AND2X1         2  5.6    34    38     688    (-,-) 
  SUB_UNS_OP1_g770/Y     -       A->Y  R     AND2X1         1  3.8    24    32     720    (-,-) 
  SUB_UNS_OP1_g761/CO    -       B->CO R     ADDHX1         1  3.5    22    30     750    (-,-) 
  SUB_UNS_OP1_g757/Y     -       B->Y  R     XNOR2X1        1  3.3    21    28     779    (-,-) 
  g60440/Y               -       B->Y  R     CLKMX2X4      33 58.5    95    82     861    (-,-) 
  g60374/Y               -       A->Y  R     AND2X1         5 10.9    63    61     922    (-,-) 
  g60339/Y               -       B->Y  R     OR2X4         27 53.2    80    65     987    (-,-) 
  g59775/Y               -       B0->Y R     OA21X2        33 59.2   169   129    1116    (-,-) 
  g59245/Y               -       A->Y  F     INVX2          1  3.4    40    37    1153    (-,-) 
  g59220__6161/Y         -       B->Y  F     OR2X4         32 63.2   103    85    1238    (-,-) 
  g58221__4733/Y         -       B0->Y R     OAI2BB1X1      1  3.3    41    36    1274    (-,-) 
  Stage1_s_reg[0][63]/D  <<<     -     R     DFFRHQX1       1    -     -     0    1274    (-,-) 
#-----------------------------------------------------------------------------------------------

