============================================================
  Generated by:           Genus(TM) Synthesis Solution 21.18-s082_1
  Generated on:           Oct 29 2025  04:42:22 pm
  Module:                 biriscv_multiplier
  Operating conditions:   PVT_0P9V_125C 
  Operating conditions:   PVT_1P32V_0C 
  Interconnect mode:      global
  Area mode:              physical library
============================================================

Timing
--------

Clock Period 
-------------
clk_i 1250.0 


  Cost    Critical         Violating 
 Group   Path Slack  TNS     Paths   
-------------------------------------
clk_i           7.2   0.0          0 
default    No paths   0.0            
-------------------------------------
Total                 0.0          0 

Instance Count
--------------
Leaf Instance Count             6854 
Physical Instance count            0 
Sequential Instance Count       1760 
Combinational Instance Count    5094 
Hierarchical Instance Count        0 

Area
----
Cell Area                          25073.730
Physical Cell Area                 0.000
Total Cell Area (Cell+Physical)    25073.730
Net Area                           8967.353
Total Area (Cell+Physical+Net)     34041.083

Max Fanout                         1760 (clk_i)
Min Fanout                         0 (n_17)
Average Fanout                     2.2
Terms to net ratio                 3.4023
Terms to instance ratio            4.0630
Runtime                            204.22208800000004 seconds
Elapsed Runtime                    202 seconds
Genus peak memory usage            2078.35 
Innovus peak memory usage          no_value 
Hostname                           gmicro02
