============================================================
  Generated by:           Genus(TM) Synthesis Solution 21.18-s082_1
  Generated on:           Oct 29 2025  04:42:22 pm
  Module:                 biriscv_multiplier
  Operating conditions:   PVT_0P9V_125C 
  Operating conditions:   PVT_1P32V_0C 
  Interconnect mode:      global
  Area mode:              physical library
============================================================

                                               Library 
   Gate    Instances    Area        Library     Domain 
-------------------------------------------------------
ADDFHX1            3     22.572    fast_vdd1v2    best 
ADDFHX4            2     19.152    fast_vdd1v2    best 
ADDFX1          1234   6330.420    fast_vdd1v2    best 
ADDHX1            46    173.052    fast_vdd1v2    best 
AND2X1            83    113.544    fast_vdd1v2    best 
AND2X2             2      3.420    fast_vdd1v2    best 
AND2X4             1      2.736    fast_vdd1v2    best 
AND3XL             7     14.364    fast_vdd1v2    best 
AND4X2             1      3.078    fast_vdd1v2    best 
AO21X1            16     38.304    fast_vdd1v2    best 
AO21X2             1      2.736    fast_vdd1v2    best 
AO22X1          1025   2804.400    fast_vdd1v2    best 
AO22X2            30     92.340    fast_vdd1v2    best 
AOI211X4           1      6.498    fast_vdd1v2    best 
AOI21X1           77    131.670    fast_vdd1v2    best 
AOI21X2            6     16.416    fast_vdd1v2    best 
AOI21X4            7     35.910    fast_vdd1v2    best 
AOI221X1           2      4.788    fast_vdd1v2    best 
AOI2BB1X1          3      6.156    fast_vdd1v2    best 
AOI2BB1X2          3      9.234    fast_vdd1v2    best 
AOI31X2            1      3.420    fast_vdd1v2    best 
AOI31X4            1      6.498    fast_vdd1v2    best 
BUFX2            173    295.830    fast_vdd1v2    best 
BUFX3              2      4.104    fast_vdd1v2    best 
BUFX6              6     18.468    fast_vdd1v2    best 
BUFX8              1      3.762    fast_vdd1v2    best 
CLKAND2X2          2      4.104    fast_vdd1v2    best 
CLKAND2X6          1      4.788    fast_vdd1v2    best 
CLKBUFX2           1      1.710    fast_vdd1v2    best 
CLKBUFX20          3     24.624    fast_vdd1v2    best 
CLKINVX4          24     41.040    fast_vdd1v2    best 
CLKINVX6          15     35.910    fast_vdd1v2    best 
CLKINVX8           7     21.546    fast_vdd1v2    best 
CLKMX2X2          30     92.340    fast_vdd1v2    best 
CLKMX2X4           1      4.104    fast_vdd1v2    best 
CLKXOR2X1          5     13.680    fast_vdd1v2    best 
DFFRHQX1        1760  10834.560    fast_vdd1v2    best 
INVX1            125     85.500    fast_vdd1v2    best 
INVX2             21     21.546    fast_vdd1v2    best 
INVX3              2      2.736    fast_vdd1v2    best 
INVXL              1      0.684    fast_vdd1v2    best 
MX2X1            240    574.560    fast_vdd1v2    best 
NAND2BX1         123    168.264    fast_vdd1v2    best 
NAND2BX2           1      2.394    fast_vdd1v2    best 
NAND2X1          270    277.020    fast_vdd1v2    best 
NAND2X2           10     17.100    fast_vdd1v2    best 
NAND2X4            7     23.940    fast_vdd1v2    best 
NAND2X6            1      4.788    fast_vdd1v2    best 
NAND3BXL           7     11.970    fast_vdd1v2    best 
NAND3X1            6     10.260    fast_vdd1v2    best 
NAND3X2            1      2.736    fast_vdd1v2    best 
NAND4X1            1      2.052    fast_vdd1v2    best 
NOR2BX1           89    121.752    fast_vdd1v2    best 
NOR2X1           171    175.446    fast_vdd1v2    best 
NOR2X2            19     32.490    fast_vdd1v2    best 
NOR2X4             8     24.624    fast_vdd1v2    best 
NOR2X6             2      8.208    fast_vdd1v2    best 
NOR3BX1            6     12.312    fast_vdd1v2    best 
NOR3X4             2     10.260    fast_vdd1v2    best 
NOR4BBX1           3      8.208    fast_vdd1v2    best 
NOR4X1             6     10.260    fast_vdd1v2    best 
OA21X1            30     61.560    fast_vdd1v2    best 
OA21X2             1      3.078    fast_vdd1v2    best 
OA22X1             1      2.394    fast_vdd1v2    best 
OAI211X1           5      8.550    fast_vdd1v2    best 
OAI211X2           1      4.104    fast_vdd1v2    best 
OAI211X4           5     32.490    fast_vdd1v2    best 
OAI21X1           74    126.540    fast_vdd1v2    best 
OAI21X2           17     52.326    fast_vdd1v2    best 
OAI21X4            5     23.940    fast_vdd1v2    best 
OAI221X1          24     57.456    fast_vdd1v2    best 
OAI221X4           2     15.732    fast_vdd1v2    best 
OAI22X1            2      4.104    fast_vdd1v2    best 
OAI2BB1X1        586   1002.060    fast_vdd1v2    best 
OAI2BB1X4          2      8.892    fast_vdd1v2    best 
OR2X1            108    147.744    fast_vdd1v2    best 
OR2X2             18     30.780    fast_vdd1v2    best 
OR2X4              4     10.944    fast_vdd1v2    best 
OR3X1              3      6.156    fast_vdd1v2    best 
OR4X1              1      2.052    fast_vdd1v2    best 
XNOR2X1          260    622.440    fast_vdd1v2    best 
-------------------------------------------------------
total           6854  25073.730                


                                          
     Type      Instances    Area   Area % 
------------------------------------------
sequential          1760 10834.560   43.2 
inverter             195   208.962    0.8 
buffer               186   348.498    1.4 
logic               4713 13681.710   54.6 
physical_cells         0     0.000    0.0 
------------------------------------------
total               6854 25073.730  100.0 

