============================================================
  Generated by:           Genus(TM) Synthesis Solution 21.18-s082_1
  Generated on:           Oct 29 2025  03:32:35 pm
  Module:                 biriscv_multiplier
  Operating conditions:   PVT_0P9V_125C 
  Operating conditions:   PVT_1P32V_0C 
  Interconnect mode:      global
  Area mode:              physical library
============================================================

Timing
--------

Clock Period 
-------------
clk_i 3080.0 


  Cost    Critical             Violating 
 Group   Path Slack    TNS       Paths   
-----------------------------------------
clk_i         -97.5   -4918.8         95 
default    No paths       0.0            
-----------------------------------------
Total                 -4918.8         95 

Instance Count
--------------
Leaf Instance Count             8031 
Physical Instance count            0 
Sequential Instance Count       1760 
Combinational Instance Count    6271 
Hierarchical Instance Count        0 

Area
----
Cell Area                          35952.408
Physical Cell Area                 0.000
Total Cell Area (Cell+Physical)    35952.408
Net Area                           10192.680
Total Area (Cell+Physical+Net)     46145.088

Max Fanout                         1760 (clk_i)
Min Fanout                         0 (n_24)
Average Fanout                     2.2
Terms to net ratio                 3.3943
Terms to instance ratio            3.9349
Runtime                            234.58800200000016 seconds
Elapsed Runtime                    232 seconds
Genus peak memory usage            2085.29 
Innovus peak memory usage          no_value 
Hostname                           gmicro02
