============================================================
  Generated by:           Genus(TM) Synthesis Solution 21.18-s082_1
  Generated on:           Oct 29 2025  03:32:35 pm
  Module:                 biriscv_multiplier
  Operating conditions:   PVT_0P9V_125C 
  Operating conditions:   PVT_1P32V_0C 
  Interconnect mode:      global
  Area mode:              physical library
============================================================


Path 1: VIOLATED (-98 ps) Setup Check with Pin Stage2_s_reg[0][63]/CK->D
          Group: clk_i
     Startpoint: (R) Stage1_s_reg[0][28]/CK
          Clock: (R) clk_i
       Endpoint: (R) Stage2_s_reg[0][63]/D
          Clock: (R) clk_i

                     Capture       Launch     
        Clock Edge:+    3080            0     
       Src Latency:+       0            0     
       Net Latency:+     100 (I)      100 (I) 
           Arrival:=    3180          100     
                                              
             Setup:-     145                  
       Uncertainty:-      50                  
     Required Time:=    2985                  
      Launch Clock:-     100                  
         Data Path:-    2982                  
             Slack:=     -98                  

#--------------------------------------------------------------------------------------------------------------------------
#                  Timing Point                    Flags    Arc   Edge   Cell     Fanout Load Trans Delay Arrival Instance 
#                                                                                        (fF)  (ps)  (ps)   (ps)  Location 
#--------------------------------------------------------------------------------------------------------------------------
  Stage1_s_reg[0][28]/CK                           -       -      R     (arrival)   1760    -     0     0     100    (-,-) 
  Stage1_s_reg[0][28]/Q                            -       CK->Q  R     DFFRHQX4       2  5.8    58   275     375    (-,-) 
  WALLACE_CSA_DUMMY_OP_groupi3047_cdnfadd_028_0/S  -       A->S   F     ADDFHX1        1  4.0   122   331     706    (-,-) 
  WALLACE_CSA_DUMMY_OP_groupi3047_cdnfadd_028_3/CO -       B->CO  F     ADDFHX2        1  3.7    85   240     945    (-,-) 
  WALLACE_CSA_DUMMY_OP_groupi3047_cdnfadd_029_4/S  -       CI->S  R     ADDFHX1        1  3.7   100   314    1260    (-,-) 
  WALLACE_CSA_DUMMY_OP_groupi3047_cdnfadd_029_5/S  -       CI->S  F     ADDFHX2        3  8.2   143   374    1634    (-,-) 
  WALLACE_CSA_DUMMY_OP_groupi3047_g6175/Y          -       B->Y   F     OR2X6          1  4.4    50   181    1815    (-,-) 
  WALLACE_CSA_DUMMY_OP_groupi3047_g5893/Y          -       A1->Y  R     AOI21X4        2  6.4   102    97    1911    (-,-) 
  WALLACE_CSA_DUMMY_OP_groupi3047_g5813/Y          -       A1->Y  F     OAI21X4        1  4.4   115   126    2038    (-,-) 
  WALLACE_CSA_DUMMY_OP_groupi3047_g5746/Y          -       A1->Y  R     AOI21X4        1  6.1    99   125    2162    (-,-) 
  WALLACE_CSA_DUMMY_OP_groupi3047_g5709/Y          -       A->Y   F     NAND2X8        1  5.8    83   109    2272    (-,-) 
  WALLACE_CSA_DUMMY_OP_groupi3047_g5686/Y          -       A->Y   R     NOR2X8         1  6.1    62    87    2358    (-,-) 
  WALLACE_CSA_DUMMY_OP_groupi3047_g5670/Y          -       B->Y   F     NAND2X8        1 10.1   113    99    2457    (-,-) 
  WALLACE_CSA_DUMMY_OP_groupi3047_g5664/Y          -       A->Y   R     CLKINVX20     33 97.6   132   124    2582    (-,-) 
  WALLACE_CSA_DUMMY_OP_groupi3047_g5583/Y          -       A1N->Y R     AOI2BB1X4      2  6.4    98   182    2764    (-,-) 
  WALLACE_CSA_DUMMY_OP_groupi3047_g5544/Y          -       A1N->Y R     OAI2BB2X4      1  4.5   101   169    2932    (-,-) 
  g63482/Y                                         -       A->Y   F     CLKINVX4       1  4.4    52    75    3008    (-,-) 
  g63170/Y                                         -       A1->Y  R     OAI21X4        1  3.2    74    74    3082    (-,-) 
  Stage2_s_reg[0][63]/D                            <<<     -      R     DFFRHQX1       1    -     -     0    3082    (-,-) 
#--------------------------------------------------------------------------------------------------------------------------

