============================================================
  Generated by:           Genus(TM) Synthesis Solution 21.18-s082_1
  Generated on:           Oct 29 2025  03:32:35 pm
  Module:                 biriscv_multiplier
  Operating conditions:   PVT_0P9V_125C 
  Operating conditions:   PVT_1P32V_0C 
  Interconnect mode:      global
  Area mode:              physical library
============================================================

                                                Library 
   Gate     Instances    Area        Library     Domain 
--------------------------------------------------------
ADDFHX1           312   2347.488    slow_vdd1v0   worst 
ADDFHX2           305   2503.440    slow_vdd1v0   worst 
ADDFHX4             1      9.576    slow_vdd1v0   worst 
ADDFHXL             2     15.048    slow_vdd1v0   worst 
ADDFX1            582   2985.660    slow_vdd1v0   worst 
ADDFX2              5     39.330    slow_vdd1v0   worst 
ADDHX1             22     82.764    slow_vdd1v0   worst 
ADDHX2              1      5.130    slow_vdd1v0   worst 
AND2X1            118    161.424    slow_vdd1v0   worst 
AND2X2              9     15.390    slow_vdd1v0   worst 
AND2X4             38    103.968    slow_vdd1v0   worst 
AND2X6             26     97.812    slow_vdd1v0   worst 
AND2X8              1      4.446    slow_vdd1v0   worst 
AND3XL              1      2.052    slow_vdd1v0   worst 
AND4X1              1      2.394    slow_vdd1v0   worst 
AO21X1              4      9.576    slow_vdd1v0   worst 
AO22X1           1028   2812.608    slow_vdd1v0   worst 
AOI211X4           15     97.470    slow_vdd1v0   worst 
AOI21X1            13     22.230    slow_vdd1v0   worst 
AOI21X2            13     35.568    slow_vdd1v0   worst 
AOI21X4           103    528.390    slow_vdd1v0   worst 
AOI221X4           20    157.320    slow_vdd1v0   worst 
AOI22X2             1      3.762    slow_vdd1v0   worst 
AOI22X4             2     12.312    slow_vdd1v0   worst 
AOI2BB1X1           9     18.468    slow_vdd1v0   worst 
AOI2BB1X2           7     21.546    slow_vdd1v0   worst 
AOI2BB1X4          45    184.680    slow_vdd1v0   worst 
BUFX12              1      5.130    slow_vdd1v0   worst 
BUFX2              10     17.100    slow_vdd1v0   worst 
BUFX3              12     24.624    slow_vdd1v0   worst 
BUFX6              13     40.014    slow_vdd1v0   worst 
CLKAND2X12         16    120.384    slow_vdd1v0   worst 
CLKAND2X2          36     73.872    slow_vdd1v0   worst 
CLKAND2X3          44    135.432    slow_vdd1v0   worst 
CLKAND2X4           5     17.100    slow_vdd1v0   worst 
CLKAND2X6         109    521.892    slow_vdd1v0   worst 
CLKAND2X8           3     17.442    slow_vdd1v0   worst 
CLKBUFX2            1      1.710    slow_vdd1v0   worst 
CLKBUFX20           2     16.416    slow_vdd1v0   worst 
CLKBUFX4            1      2.394    slow_vdd1v0   worst 
CLKBUFX6            1      3.078    slow_vdd1v0   worst 
CLKINVX12          14     57.456    slow_vdd1v0   worst 
CLKINVX16          15     82.080    slow_vdd1v0   worst 
CLKINVX2            2      2.736    slow_vdd1v0   worst 
CLKINVX20           8     51.984    slow_vdd1v0   worst 
CLKINVX3            7     11.970    slow_vdd1v0   worst 
CLKINVX4           69    117.990    slow_vdd1v0   worst 
CLKINVX6           75    179.550    slow_vdd1v0   worst 
CLKINVX8           12     36.936    slow_vdd1v0   worst 
CLKMX2X3           58    238.032    slow_vdd1v0   worst 
CLKMX2X6           32    142.272    slow_vdd1v0   worst 
CLKMX2X8           30    174.420    slow_vdd1v0   worst 
CLKXOR2X1          96    262.656    slow_vdd1v0   worst 
CLKXOR2X2          27     92.340    slow_vdd1v0   worst 
DFFRHQX1          572   3521.232    slow_vdd1v0   worst 
DFFRHQX2          153   1203.498    slow_vdd1v0   worst 
DFFRHQX4          613   5870.088    slow_vdd1v0   worst 
DFFRX1              4     27.360    slow_vdd1v0   worst 
DFFRX2            417   3137.508    slow_vdd1v0   worst 
DFFRXL              1      8.550    slow_vdd1v0   worst 
INVX1             232    158.688    slow_vdd1v0   worst 
INVX2              73     74.898    slow_vdd1v0   worst 
INVX3              59     80.712    slow_vdd1v0   worst 
INVX6               6     14.364    slow_vdd1v0   worst 
INVX8               1      3.078    slow_vdd1v0   worst 
INVXL               5      3.420    slow_vdd1v0   worst 
MX2X1              78    186.732    slow_vdd1v0   worst 
MXI2X2              3     13.338    slow_vdd1v0   worst 
MXI2X4              6     30.780    slow_vdd1v0   worst 
NAND2BX1           25     34.200    slow_vdd1v0   worst 
NAND2BX2            8     19.152    slow_vdd1v0   worst 
NAND2BX4            6     22.572    slow_vdd1v0   worst 
NAND2BXL            1      1.368    slow_vdd1v0   worst 
NAND2X1           121    124.146    slow_vdd1v0   worst 
NAND2X2            66    112.860    slow_vdd1v0   worst 
NAND2X4            76    259.920    slow_vdd1v0   worst 
NAND2X6            75    359.100    slow_vdd1v0   worst 
NAND2X8            42    229.824    slow_vdd1v0   worst 
NAND3BX2            2      6.156    slow_vdd1v0   worst 
NAND3X2             1      2.736    slow_vdd1v0   worst 
NOR2BX1            69     94.392    slow_vdd1v0   worst 
NOR2BX2             4     10.944    slow_vdd1v0   worst 
NOR2BX4            14     52.668    slow_vdd1v0   worst 
NOR2X1            115    117.990    slow_vdd1v0   worst 
NOR2X2             67    114.570    slow_vdd1v0   worst 
NOR2X4            232    714.096    slow_vdd1v0   worst 
NOR2X6            194    796.176    slow_vdd1v0   worst 
NOR2X8             82    448.704    slow_vdd1v0   worst 
NOR2XL              5      5.130    slow_vdd1v0   worst 
NOR3BX2             1      3.420    slow_vdd1v0   worst 
NOR3BX4             1      5.814    slow_vdd1v0   worst 
NOR3X1              2      3.420    slow_vdd1v0   worst 
NOR3X2              1      2.736    slow_vdd1v0   worst 
NOR3X4              3     15.390    slow_vdd1v0   worst 
NOR3X6              7     50.274    slow_vdd1v0   worst 
NOR3X8              9     80.028    slow_vdd1v0   worst 
NOR4BX4             1      7.524    slow_vdd1v0   worst 
OA21X1              8     16.416    slow_vdd1v0   worst 
OA21X2              1      3.078    slow_vdd1v0   worst 
OAI21X1             7     11.970    slow_vdd1v0   worst 
OAI21X2            38    116.964    slow_vdd1v0   worst 
OAI21X4           245   1173.060    slow_vdd1v0   worst 
OAI22X1            25     51.300    slow_vdd1v0   worst 
OAI22X2             5     17.100    slow_vdd1v0   worst 
OAI22X4             4     25.992    slow_vdd1v0   worst 
OAI2BB1X1         532    909.720    slow_vdd1v0   worst 
OAI2BB1X4           9     40.014    slow_vdd1v0   worst 
OAI2BB2X1           1      4.104    slow_vdd1v0   worst 
OAI2BB2X4           1      8.550    slow_vdd1v0   worst 
OAI31X4             1      6.840    slow_vdd1v0   worst 
OR2X1              65     88.920    slow_vdd1v0   worst 
OR2X2              16     27.360    slow_vdd1v0   worst 
OR2X4              22     60.192    slow_vdd1v0   worst 
OR2X6              73    274.626    slow_vdd1v0   worst 
OR2X8              10     44.460    slow_vdd1v0   worst 
OR3X1               6     12.312    slow_vdd1v0   worst 
OR3X2               1      2.394    slow_vdd1v0   worst 
OR4X1               1      2.052    slow_vdd1v0   worst 
XNOR2X1           121    289.674    slow_vdd1v0   worst 
XNOR2X2             2      6.156    slow_vdd1v0   worst 
XOR2X1              1      2.736    slow_vdd1v0   worst 
--------------------------------------------------------
total            8031  35952.408                


                                          
     Type      Instances    Area   Area % 
------------------------------------------
sequential          1760 13768.236   38.3 
inverter             578   875.862    2.4 
buffer                41   110.466    0.3 
logic               5652 21197.844   59.0 
physical_cells         0     0.000    0.0 
------------------------------------------
total               8031 35952.408  100.0 

