============================================================
  Generated by:           Genus(TM) Synthesis Solution 21.18-s082_1
  Generated on:           Oct 29 2025  12:46:23 pm
  Module:                 biriscv_multiplier
  Operating conditions:   PVT_0P9V_125C 
  Operating conditions:   PVT_1P32V_0C 
  Interconnect mode:      global
  Area mode:              physical library
============================================================

Timing
--------

Clock Period 
-------------
clk_i 2500.0 


  Cost    Critical               Violating 
 Group   Path Slack     TNS        Paths   
-------------------------------------------
clk_i       -1639.9   -293040.2        530 
default    No paths         0.0            
-------------------------------------------
Total                 -293040.2        530 

Instance Count
--------------
Leaf Instance Count             10407 
Physical Instance count             0 
Sequential Instance Count         559 
Combinational Instance Count     9848 
Hierarchical Instance Count         0 

Area
----
Cell Area                          36827.928
Physical Cell Area                 0.000
Total Cell Area (Cell+Physical)    36827.928
Net Area                           11951.332
Total Area (Cell+Physical+Net)     48779.260

Max Fanout                         559 (clk_i)
Min Fanout                         0 (n_237)
Average Fanout                     2.0
Terms to net ratio                 3.0217
Terms to instance ratio            3.2334
Runtime                            224.26633299999963 seconds
Elapsed Runtime                    225 seconds
Genus peak memory usage            2051.37 
Innovus peak memory usage          no_value 
Hostname                           gmicro02
