============================================================
  Generated by:           Genus(TM) Synthesis Solution 21.18-s082_1
  Generated on:           Oct 29 2025  12:46:23 pm
  Module:                 biriscv_multiplier
  Operating conditions:   PVT_0P9V_125C 
  Operating conditions:   PVT_1P32V_0C 
  Interconnect mode:      global
  Area mode:              physical library
============================================================

                                                Library 
   Gate     Instances    Area        Library     Domain 
--------------------------------------------------------
ADDFHX1           132    993.168    slow_vdd1v0   worst 
ADDFHX2            86    705.888    slow_vdd1v0   worst 
ADDFHX4             3     28.728    slow_vdd1v0   worst 
ADDFHXL             4     30.096    slow_vdd1v0   worst 
ADDFX1            418   2144.340    slow_vdd1v0   worst 
ADDFX2              1      7.866    slow_vdd1v0   worst 
ADDHX1             14     52.668    slow_vdd1v0   worst 
ADDHX2             11     56.430    slow_vdd1v0   worst 
AND2X1            216    295.488    slow_vdd1v0   worst 
AND2X2             23     39.330    slow_vdd1v0   worst 
AND2X4             81    221.616    slow_vdd1v0   worst 
AND2X6             35    131.670    slow_vdd1v0   worst 
AND2X8              2      8.892    slow_vdd1v0   worst 
AO21X1             37     88.578    slow_vdd1v0   worst 
AO21X2              3      8.208    slow_vdd1v0   worst 
AO21X4             14     47.880    slow_vdd1v0   worst 
AO22X1              5     13.680    slow_vdd1v0   worst 
AOI211X2           12     41.040    slow_vdd1v0   worst 
AOI211X4           48    311.904    slow_vdd1v0   worst 
AOI21X1            10     17.100    slow_vdd1v0   worst 
AOI21X2            44    120.384    slow_vdd1v0   worst 
AOI21X4           249   1277.370    slow_vdd1v0   worst 
AOI221X2           11     48.906    slow_vdd1v0   worst 
AOI221X4           26    204.516    slow_vdd1v0   worst 
AOI2BB1X1          26     53.352    slow_vdd1v0   worst 
AOI2BB1X2          49    150.822    slow_vdd1v0   worst 
AOI2BB1X4         152    623.808    slow_vdd1v0   worst 
AOI2BB2X4           8     60.192    slow_vdd1v0   worst 
AOI31X2             2      6.840    slow_vdd1v0   worst 
AOI31X4             6     38.988    slow_vdd1v0   worst 
BUFX12             19     97.470    slow_vdd1v0   worst 
BUFX16              2     13.680    slow_vdd1v0   worst 
BUFX2               6     10.260    slow_vdd1v0   worst 
BUFX3              23     47.196    slow_vdd1v0   worst 
BUFX4               5     11.970    slow_vdd1v0   worst 
BUFX6              74    227.772    slow_vdd1v0   worst 
BUFX8               3     11.286    slow_vdd1v0   worst 
CLKAND2X12         73    549.252    slow_vdd1v0   worst 
CLKAND2X2         164    336.528    slow_vdd1v0   worst 
CLKAND2X3         174    535.572    slow_vdd1v0   worst 
CLKAND2X4          20     68.400    slow_vdd1v0   worst 
CLKAND2X6         492   2355.696    slow_vdd1v0   worst 
CLKAND2X8           3     17.442    slow_vdd1v0   worst 
CLKBUFX12           4     20.520    slow_vdd1v0   worst 
CLKBUFX16          19    129.960    slow_vdd1v0   worst 
CLKBUFX2            1      1.710    slow_vdd1v0   worst 
CLKBUFX20           6     49.248    slow_vdd1v0   worst 
CLKBUFX3            2      4.104    slow_vdd1v0   worst 
CLKBUFX4            4      9.576    slow_vdd1v0   worst 
CLKBUFX6            3      9.234    slow_vdd1v0   worst 
CLKBUFX8            1      3.762    slow_vdd1v0   worst 
CLKINVX1            1      1.026    slow_vdd1v0   worst 
CLKINVX12          93    381.672    slow_vdd1v0   worst 
CLKINVX16          28    153.216    slow_vdd1v0   worst 
CLKINVX2           22     30.096    slow_vdd1v0   worst 
CLKINVX20          15     97.470    slow_vdd1v0   worst 
CLKINVX3            7     11.970    slow_vdd1v0   worst 
CLKINVX4          462    790.020    slow_vdd1v0   worst 
CLKINVX6           81    193.914    slow_vdd1v0   worst 
CLKINVX8           65    200.070    slow_vdd1v0   worst 
CLKMX2X2            2      6.156    slow_vdd1v0   worst 
CLKMX2X3          140    574.560    slow_vdd1v0   worst 
CLKXOR2X1         320    875.520    slow_vdd1v0   worst 
CLKXOR2X2           7     23.940    slow_vdd1v0   worst 
DFFRHQX1          210   1292.760    slow_vdd1v0   worst 
DFFRHQX2           45    353.970    slow_vdd1v0   worst 
DFFRHQX4          249   2384.424    slow_vdd1v0   worst 
DFFRHQX8            2     22.572    slow_vdd1v0   worst 
DFFRX1              3     20.520    slow_vdd1v0   worst 
DFFRX2             50    376.200    slow_vdd1v0   worst 
INVX1             341    233.244    slow_vdd1v0   worst 
INVX12              4     16.416    slow_vdd1v0   worst 
INVX16              7     38.304    slow_vdd1v0   worst 
INVX2             205    210.330    slow_vdd1v0   worst 
INVX20              4     25.992    slow_vdd1v0   worst 
INVX3             114    155.952    slow_vdd1v0   worst 
INVX4              11     18.810    slow_vdd1v0   worst 
INVX6               7     16.758    slow_vdd1v0   worst 
INVX8               2      6.156    slow_vdd1v0   worst 
MX2X1              54    129.276    slow_vdd1v0   worst 
MXI2X2              6     26.676    slow_vdd1v0   worst 
MXI2X4              3     15.390    slow_vdd1v0   worst 
MXI2X6              2     10.260    slow_vdd1v0   worst 
NAND2BX1          121    165.528    slow_vdd1v0   worst 
NAND2BX2           28     67.032    slow_vdd1v0   worst 
NAND2BX4           80    300.960    slow_vdd1v0   worst 
NAND2X1           400    410.400    slow_vdd1v0   worst 
NAND2X2           202    345.420    slow_vdd1v0   worst 
NAND2X4           269    919.980    slow_vdd1v0   worst 
NAND2X6           159    761.292    slow_vdd1v0   worst 
NAND2X8            84    459.648    slow_vdd1v0   worst 
NAND2XL             1      1.026    slow_vdd1v0   worst 
NAND3BX2            2      6.156    slow_vdd1v0   worst 
NAND3X2             2      5.472    slow_vdd1v0   worst 
NAND3X4             1      4.788    slow_vdd1v0   worst 
NAND3X6             5     35.910    slow_vdd1v0   worst 
NAND3X8             1      8.208    slow_vdd1v0   worst 
NOR2BX1           157    214.776    slow_vdd1v0   worst 
NOR2BX2            39    106.704    slow_vdd1v0   worst 
NOR2BX4            24     90.288    slow_vdd1v0   worst 
NOR2X1            127    130.302    slow_vdd1v0   worst 
NOR2X2            220    376.200    slow_vdd1v0   worst 
NOR2X4           1090   3355.020    slow_vdd1v0   worst 
NOR2X6            437   1793.448    slow_vdd1v0   worst 
NOR2X8             88    481.536    slow_vdd1v0   worst 
NOR3BX2             4     13.680    slow_vdd1v0   worst 
NOR3BX4             8     46.512    slow_vdd1v0   worst 
NOR3X2              1      2.736    slow_vdd1v0   worst 
NOR3X4             35    179.550    slow_vdd1v0   worst 
NOR3X6             15    107.730    slow_vdd1v0   worst 
NOR3X8             11     97.812    slow_vdd1v0   worst 
NOR4X4              1      6.498    slow_vdd1v0   worst 
OA21X1             33     67.716    slow_vdd1v0   worst 
OA21X4              2      7.524    slow_vdd1v0   worst 
OAI211X2            3     12.312    slow_vdd1v0   worst 
OAI21X1            15     25.650    slow_vdd1v0   worst 
OAI21X2            96    295.488    slow_vdd1v0   worst 
OAI21X4           611   2925.468    slow_vdd1v0   worst 
OAI221X2            1      4.788    slow_vdd1v0   worst 
OAI22X4            18    116.964    slow_vdd1v0   worst 
OAI2BB1X1           9     15.390    slow_vdd1v0   worst 
OAI2BB1X2          25     76.950    slow_vdd1v0   worst 
OAI2BB1X4          53    235.638    slow_vdd1v0   worst 
OAI2BB2X2           4     21.888    slow_vdd1v0   worst 
OAI2BB2X4          19    162.450    slow_vdd1v0   worst 
OAI31X2             8     30.096    slow_vdd1v0   worst 
OAI31X4            15    102.600    slow_vdd1v0   worst 
OAI32X4             1      8.208    slow_vdd1v0   worst 
OR2X1             125    171.000    slow_vdd1v0   worst 
OR2X2              18     30.780    slow_vdd1v0   worst 
OR2X4              26     71.136    slow_vdd1v0   worst 
OR2X6              72    270.864    slow_vdd1v0   worst 
OR2X8               4     17.784    slow_vdd1v0   worst 
OR3X1               2      4.104    slow_vdd1v0   worst 
OR3X6               8     38.304    slow_vdd1v0   worst 
XNOR2X1           219    524.286    slow_vdd1v0   worst 
XNOR2X2            18     55.404    slow_vdd1v0   worst 
XNOR2X4             1      3.762    slow_vdd1v0   worst 
XOR2X1              1      2.736    slow_vdd1v0   worst 
--------------------------------------------------------
total           10407  36827.928                


                                          
     Type      Instances    Area   Area % 
------------------------------------------
sequential           559  4450.446   12.1 
inverter            1469  2581.416    7.0 
buffer               172   647.748    1.8 
logic               8207 29148.318   79.1 
physical_cells         0     0.000    0.0 
------------------------------------------
total              10407 36827.928  100.0 

