============================================================
  Generated by:           Genus(TM) Synthesis Solution 21.18-s082_1
  Generated on:           Oct 29 2025  12:46:22 pm
  Module:                 biriscv_multiplier
  Operating conditions:   PVT_0P9V_125C 
  Operating conditions:   PVT_1P32V_0C 
  Interconnect mode:      global
  Area mode:              physical library
============================================================


Path 1: VIOLATED (-1640 ps) Late External Delay Assertion at pin writeback_value_o[29]
          Group: clk_i
     Startpoint: (R) Stage1_s_reg[0][34]/CK
          Clock: (R) clk_i
       Endpoint: (F) writeback_value_o[29]
          Clock: (R) clk_i

                     Capture       Launch     
        Clock Edge:+    2500            0     
       Src Latency:+       0            0     
       Net Latency:+     100 (I)      100 (I) 
           Arrival:=    2600          100     
                                              
      Output Delay:-     300                  
       Uncertainty:-      50                  
     Required Time:=    2250                  
      Launch Clock:-     100                  
         Data Path:-    3790                  
             Slack:=   -1640                  

Exceptions/Constraints:
  output_delay             300             biriscv_multiplier.s_line_35_99_1 

#----------------------------------------------------------------------------------------------------------------------
#                Timing Point                  Flags    Arc   Edge   Cell     Fanout Load Trans Delay Arrival Instance 
#                                                                                    (fF)  (ps)  (ps)   (ps)  Location 
#----------------------------------------------------------------------------------------------------------------------
  Stage1_s_reg[0][34]/CK                       -       -      R     (arrival)    559    -     0     0     100    (-,-) 
  Stage1_s_reg[0][34]/Q                        -       CK->Q  R     DFFRHQX4       1  7.8    68   281     381    (-,-) 
  fopt27630/Y                                  -       A->Y   F     CLKINVX12      2 14.4    55    60     440    (-,-) 
  fopt27628/Y                                  -       A->Y   R     CLKINVX12      6 16.5    47    50     491    (-,-) 
  WALLACE_CSA_DUMMY_OP_groupi_cdnfadd_044_0/S  -       B->S   F     ADDFHX1        1  3.7   116   315     805    (-,-) 
  WALLACE_CSA_DUMMY_OP_groupi_cdnfadd_044_5/S  -       CI->S  R     ADDFHX1        1  3.7   100   328    1134    (-,-) 
  WALLACE_CSA_DUMMY_OP_groupi_cdnfadd_044_8/CO -       CI->CO R     ADDFHX1        1  3.7    98   234    1367    (-,-) 
  WALLACE_CSA_DUMMY_OP_groupi_cdnfadd_045_10/S -       CI->S  R     ADDFHX1        1  4.1   108   298    1665    (-,-) 
  WALLACE_CSA_DUMMY_OP_groupi_cdnfadd_045_12/S -       A->S   F     ADDFHX1        1  3.7   115   352    2017    (-,-) 
  WALLACE_CSA_DUMMY_OP_groupi_cdnfadd_045_13/S -       CI->S  R     ADDFHX2        2  7.1   115   383    2400    (-,-) 
  WALLACE_CSA_DUMMY_OP_groupi_g6176/Y          -       B->Y   F     NOR2X6         3  8.8    72    88    2488    (-,-) 
  WALLACE_CSA_DUMMY_OP_groupi_g6114/Y          -       A->Y   R     NOR2X6         3  9.6   100   101    2590    (-,-) 
  WALLACE_CSA_DUMMY_OP_groupi_g6091/Y          -       A->Y   F     INVX3          2  8.8    98   101    2691    (-,-) 
  WALLACE_CSA_DUMMY_OP_groupi_g6046/Y          -       A->Y   R     NOR3X8         1  6.1   100   138    2829    (-,-) 
  WALLACE_CSA_DUMMY_OP_groupi_g5973/Y          -       A->Y   F     NAND3X8        1  5.8   146   167    2996    (-,-) 
  WALLACE_CSA_DUMMY_OP_groupi_g5946/Y          -       B->Y   R     NAND2X8        2  7.6    58    85    3081    (-,-) 
  WALLACE_CSA_DUMMY_OP_groupi_g6544/Y          -       B->Y   R     AND2X6         1  6.1    52   158    3239    (-,-) 
  WALLACE_CSA_DUMMY_OP_groupi_g5889/Y          -       A->Y   F     NOR2X8         4 14.6    75    71    3311    (-,-) 
  WALLACE_CSA_DUMMY_OP_groupi_g5849/Y          -       A1->Y  R     OAI21X4        1  3.3    82    86    3396    (-,-) 
  WALLACE_CSA_DUMMY_OP_groupi_g5830/Y          -       B->Y   F     CLKXOR2X1      1  4.4   127   224    3620    (-,-) 
  g26390/Y                                     -       A1->Y  R     AOI21X4        1  7.8   126   141    3761    (-,-) 
  g26323/Y                                     -       A->Y   F     CLKINVX12      1 47.9   141   128    3889    (-,-) 
  writeback_value_o[29]                        <<<     -      F     (port)         -    -     -     0    3890    (-,-) 
#----------------------------------------------------------------------------------------------------------------------

