============================================================
  Generated by:           Genus(TM) Synthesis Solution 21.18-s082_1
  Generated on:           Oct 20 2025  06:41:09 pm
  Module:                 riscv_core
  Operating conditions:   PVT_0P9V_125C 
  Operating conditions:   PVT_1P32V_0C 
  Interconnect mode:      global
  Area mode:              physical library
============================================================


Path 1: VIOLATED (-3449 ps) Setup Check with Pin u_issue_pc_x_q_reg[28]/CK->D
          Group: clk
     Startpoint: (R) u_frontend_u_decode_genblk1.u_fifo_rd_ptr_q_reg[0]/CK
          Clock: (R) clk
       Endpoint: (R) u_issue_pc_x_q_reg[28]/D
          Clock: (R) clk

                     Capture       Launch     
        Clock Edge:+    2000            0     
       Src Latency:+       0            0     
       Net Latency:+     100 (I)      100 (I) 
           Arrival:=    2100          100     
                                              
             Setup:-     141                  
       Uncertainty:-      50                  
     Required Time:=    1909                  
      Launch Clock:-     100                  
         Data Path:-    5258                  
             Slack:=   -3449                  

#-------------------------------------------------------------------------------------------------------------------------------
#                     Timing Point                      Flags   Arc   Edge    Cell     Fanout Load Trans Delay Arrival Instance 
#                                                                                             (fF)  (ps)  (ps)   (ps)  Location 
#-------------------------------------------------------------------------------------------------------------------------------
  u_frontend_u_decode_genblk1.u_fifo_rd_ptr_q_reg[0]/CK -       -     R     (arrival)    2870    -     0     0     100    (-,-) 
  u_frontend_u_decode_genblk1.u_fifo_rd_ptr_q_reg[0]/Q  -       CK->Q R     DFFRHQX4        1 10.9    84   289     389    (-,-) 
  fopt101/Y                                             -       A->Y  F     CLKINVX20      13 51.1    98    89     479    (-,-) 
  fopt98/Y                                              -       A->Y  R     CLKINVX16       4 26.4    62    73     551    (-,-) 
  fopt92/Y                                              -       A->Y  F     CLKINVX16       8 26.1    67    64     616    (-,-) 
  g312776/Y                                             -       B->Y  R     NOR2X4          1  6.1    94    87     703    (-,-) 
  g312635/Y                                             -       B->Y  F     NOR2X8          2 10.2    64    75     778    (-,-) 
  g312597/Y                                             -       A->Y  R     CLKINVX12       7 14.9    46    52     830    (-,-) 
  g312382/Y                                             -       B1->Y F     AOI22X4         1  5.1   153    95     925    (-,-) 
  g312223/Y                                             -       A->Y  R     NAND2X6         1  6.1    59    95    1020    (-,-) 
  g312185/Y                                             -       A->Y  F     NOR2X8          2  6.6    49    60    1080    (-,-) 
  g312099/Y                                             -       A->Y  F     CLKAND2X6       2  9.5    61   118    1198    (-,-) 
  g312015/Y                                             -       B->Y  R     NAND2X8         1  6.1    39    47    1245    (-,-) 
  g312005/Y                                             -       B->Y  F     NOR2X8          2  6.2    45    43    1288    (-,-) 
  g311933/Y                                             -       B->Y  F     CLKAND2X12     11 29.2    90   129    1417    (-,-) 
  g311732/Y                                             -       B->Y  F     CLKAND2X6       1  5.8    46   121    1538    (-,-) 
  g311658/Y                                             -       B->Y  R     NOR2X8          3 11.3    88    75    1612    (-,-) 
  g311498/Y                                             -       A->Y  F     CLKINVX12       5 17.9    67    72    1685    (-,-) 
  g311496/Y                                             -       A->Y  F     CLKBUFX12       2 10.1    46   106    1791    (-,-) 
  g311100/Y                                             -       B->Y  R     NAND2X4         1  4.5    51    45    1836    (-,-) 
  g310973/Y                                             -       B->Y  F     NAND2X4         1  4.3    99    87    1924    (-,-) 
  g310656/Y                                             -       C->Y  R     NOR3X4          1  6.1   153   133    2057    (-,-) 
  g310313/Y                                             -       A->Y  F     NAND2X8         2  9.5   117   150    2207    (-,-) 
  g309840/Y                                             -       A->Y  R     NAND2X8         1  6.1    49    75    2282    (-,-) 
  g309590/Y                                             -       A->Y  F     NOR2X8          1  4.5    41    52    2333    (-,-) 
  g309435/Y                                             -       B->Y  F     CLKAND2X12      3 14.4    57   109    2442    (-,-) 
  g309277/Y                                             -       A->Y  R     CLKINVX12       3 18.0    49    52    2494    (-,-) 
  g309272/Y                                             -       A->Y  F     CLKINVX12       4 10.9    44    47    2542    (-,-) 
  g308640/Y                                             -       B->Y  F     CLKAND2X6       5 12.4    74   114    2655    (-,-) 
  g308319/Y                                             -       A->Y  F     BUFX12         10 22.8    74   126    2781    (-,-) 
  g308317/Y                                             -       A->Y  F     BUFX6           6 19.1   101   133    2914    (-,-) 
  g307620/Y                                             -       A1->Y R     AOI22X4         1  3.4   103   121    3035    (-,-) 
  g304502/Y                                             -       A->Y  R     CLKAND2X3       1  5.3    53   149    3184    (-,-) 
  g304239/Y                                             -       B->Y  F     NAND2X6         1  5.1    88    81    3265    (-,-) 
  g304119/Y                                             -       B->Y  R     NOR2X6          1  6.1    76    82    3348    (-,-) 
  g303840/Y                                             -       B->Y  F     NAND2X8         3 10.0   114   104    3452    (-,-) 
  g271554/Y                                             -       A->Y  R     CLKINVX8        5 15.6    68    80    3531    (-,-) 
  g269988/Y                                             -       B->Y  F     NOR2X6          2  6.5    54    60    3592    (-,-) 
  g269767/Y                                             -       A->Y  R     INVX2           2  4.8    64    64    3655    (-,-) 
  g272636/Y                                             -       AN->Y R     NOR2BX2         1  5.3   151   188    3843    (-,-) 
  g269006/Y                                             -       B->Y  F     NAND2X6         2  5.3   102   126    3969    (-,-) 
  g268031/Y                                             -       B->Y  F     OR2X2           1  4.3    82   196    4165    (-,-) 
  g262631/Y                                             -       B0->Y R     AOI21X4         1  4.5    86    91    4256    (-,-) 
  g262133/Y                                             -       A2->Y F     OAI31X4         1  5.1   138   127    4383    (-,-) 
  g261897/Y                                             -       B->Y  R     NAND2X6         1  6.1    60    84    4467    (-,-) 
  g261774/Y                                             -       A->Y  F     NAND2X8         2  7.7   102    98    4566    (-,-) 
  g261714/Y                                             -       B->Y  R     NOR2X6          1  3.9    63    80    4645    (-,-) 
  g261594/Y                                             -       A->Y  R     CLKAND2X6       2  7.6    45   124    4769    (-,-) 
  g261432/Y                                             -       B->Y  R     AND2X6          1  4.4    48   149    4918    (-,-) 
  g260710/Y                                             -       B->Y  R     CLKAND2X12     29 89.3   174   193    5111    (-,-) 
  g260101/Y                                             -       A1->Y F     AOI21X4         1  4.4   125   164    5276    (-,-) 
  g259936/Y                                             -       A->Y  R     NAND2X4         1  3.1    48    82    5358    (-,-) 
  u_issue_pc_x_q_reg[28]/D                              <<<     -     R     DFFRX2          1    -     -     0    5358    (-,-) 
#-------------------------------------------------------------------------------------------------------------------------------

