============================================================
  Generated by:           Genus(TM) Synthesis Solution 21.18-s082_1
  Generated on:           Oct 20 2025  06:41:10 pm
  Module:                 riscv_core
  Operating conditions:   PVT_0P9V_125C 
  Operating conditions:   PVT_1P32V_0C 
  Interconnect mode:      global
  Area mode:              physical library
============================================================

                                                 Library 
   Gate     Instances     Area        Library     Domain 
---------------------------------------------------------
ADDFHX1           150    1128.600    slow_vdd1v0   worst 
ADDFHX2           128    1050.624    slow_vdd1v0   worst 
ADDFHX4             2      19.152    slow_vdd1v0   worst 
ADDFX1            203    1041.390    slow_vdd1v0   worst 
ADDHX1             65     244.530    slow_vdd1v0   worst 
ADDHX2              6      30.780    slow_vdd1v0   worst 
ADDHX4             25     179.550    slow_vdd1v0   worst 
AND2X1            369     504.792    slow_vdd1v0   worst 
AND2X2             47      80.370    slow_vdd1v0   worst 
AND2X4            189     517.104    slow_vdd1v0   worst 
AND2X6            152     571.824    slow_vdd1v0   worst 
AND2X8             20      88.920    slow_vdd1v0   worst 
AND3X1              5      11.970    slow_vdd1v0   worst 
AND3X2              1       2.736    slow_vdd1v0   worst 
AND3X6              6      26.676    slow_vdd1v0   worst 
AND3X8              3      15.390    slow_vdd1v0   worst 
AND3XL              6      12.312    slow_vdd1v0   worst 
AND4X1             10      23.940    slow_vdd1v0   worst 
AND4X4              2       7.524    slow_vdd1v0   worst 
AND4X8              1       6.156    slow_vdd1v0   worst 
AO21X1             70     167.580    slow_vdd1v0   worst 
AO21X2             10      27.360    slow_vdd1v0   worst 
AO21X4             38     129.960    slow_vdd1v0   worst 
AO22X1            484    1324.224    slow_vdd1v0   worst 
AO22X2             47     144.666    slow_vdd1v0   worst 
AO22X4             26      97.812    slow_vdd1v0   worst 
AOI211X1            2       4.788    slow_vdd1v0   worst 
AOI211X2           22      75.240    slow_vdd1v0   worst 
AOI211X4          101     656.298    slow_vdd1v0   worst 
AOI21X1            69     117.990    slow_vdd1v0   worst 
AOI21X2           180     492.480    slow_vdd1v0   worst 
AOI21X4           425    2180.250    slow_vdd1v0   worst 
AOI221X2           51     226.746    slow_vdd1v0   worst 
AOI221X4          109     857.394    slow_vdd1v0   worst 
AOI222X2           21     114.912    slow_vdd1v0   worst 
AOI222X4           17     162.792    slow_vdd1v0   worst 
AOI22X1           417     855.684    slow_vdd1v0   worst 
AOI22X2          2323    8739.126    slow_vdd1v0   worst 
AOI22X4           746    4592.376    slow_vdd1v0   worst 
AOI2BB1X1          59     121.068    slow_vdd1v0   worst 
AOI2BB1X2         146     449.388    slow_vdd1v0   worst 
AOI2BB1X4         253    1038.312    slow_vdd1v0   worst 
AOI2BB2X1           1       3.420    slow_vdd1v0   worst 
AOI2BB2X2         102     523.260    slow_vdd1v0   worst 
AOI2BB2X4          52     391.248    slow_vdd1v0   worst 
AOI31X2             1       3.420    slow_vdd1v0   worst 
AOI31X4             5      32.490    slow_vdd1v0   worst 
AOI32X2             1       4.446    slow_vdd1v0   worst 
BUFX12             26     133.380    slow_vdd1v0   worst 
BUFX16             11      75.240    slow_vdd1v0   worst 
BUFX2             127     217.170    slow_vdd1v0   worst 
BUFX20              2      16.416    slow_vdd1v0   worst 
BUFX3              61     125.172    slow_vdd1v0   worst 
BUFX4               8      19.152    slow_vdd1v0   worst 
BUFX6             500    1539.000    slow_vdd1v0   worst 
BUFX8              73     274.626    slow_vdd1v0   worst 
CLKAND2X12        250    1881.000    slow_vdd1v0   worst 
CLKAND2X2         620    1272.240    slow_vdd1v0   worst 
CLKAND2X3         492    1514.376    slow_vdd1v0   worst 
CLKAND2X4          78     266.760    slow_vdd1v0   worst 
CLKAND2X6         339    1623.132    slow_vdd1v0   worst 
CLKAND2X8          83     482.562    slow_vdd1v0   worst 
CLKBUFX12          15      76.950    slow_vdd1v0   worst 
CLKBUFX16          38     259.920    slow_vdd1v0   worst 
CLKBUFX2            1       1.710    slow_vdd1v0   worst 
CLKBUFX20          47     385.776    slow_vdd1v0   worst 
CLKBUFX4            2       4.788    slow_vdd1v0   worst 
CLKBUFX6           12      36.936    slow_vdd1v0   worst 
CLKINVX1            2       2.052    slow_vdd1v0   worst 
CLKINVX12         246    1009.584    slow_vdd1v0   worst 
CLKINVX16         142     777.024    slow_vdd1v0   worst 
CLKINVX2           51      69.768    slow_vdd1v0   worst 
CLKINVX20          56     363.888    slow_vdd1v0   worst 
CLKINVX3           59     100.890    slow_vdd1v0   worst 
CLKINVX4          407     695.970    slow_vdd1v0   worst 
CLKINVX6          427    1022.238    slow_vdd1v0   worst 
CLKINVX8          322     991.116    slow_vdd1v0   worst 
CLKMX2X2           76     233.928    slow_vdd1v0   worst 
CLKMX2X3           94     385.776    slow_vdd1v0   worst 
CLKXOR2X1         147     402.192    slow_vdd1v0   worst 
CLKXOR2X2          14      47.880    slow_vdd1v0   worst 
DFFHQX4            27     221.616    slow_vdd1v0   worst 
DFFQX2            964    6264.072    slow_vdd1v0   worst 
DFFQX4              1       7.182    slow_vdd1v0   worst 
DFFRHQX1         1204    7411.824    slow_vdd1v0   worst 
DFFRHQX2           10      78.660    slow_vdd1v0   worst 
DFFRHQX4           26     248.976    slow_vdd1v0   worst 
DFFRX1            137     937.080    slow_vdd1v0   worst 
DFFRX2            491    3694.284    slow_vdd1v0   worst 
DFFRX4             10      95.760    slow_vdd1v0   worst 
INVX1             907     620.388    slow_vdd1v0   worst 
INVX16              8      43.776    slow_vdd1v0   worst 
INVX2             518     531.468    slow_vdd1v0   worst 
INVX20              7      45.486    slow_vdd1v0   worst 
INVX3             250     342.000    slow_vdd1v0   worst 
INVX4               6      10.260    slow_vdd1v0   worst 
INVX6               4       9.576    slow_vdd1v0   worst 
INVX8               3       9.234    slow_vdd1v0   worst 
INVXL               1       0.684    slow_vdd1v0   worst 
MX2X1             697    1668.618    slow_vdd1v0   worst 
MX3X1               1       5.130    slow_vdd1v0   worst 
MXI2X1             29      79.344    slow_vdd1v0   worst 
MXI2X2             28     124.488    slow_vdd1v0   worst 
MXI2X4              6      30.780    slow_vdd1v0   worst 
MXI2X6              1       5.130    slow_vdd1v0   worst 
MXI4X1              1       7.182    slow_vdd1v0   worst 
NAND2BX1           71      97.128    slow_vdd1v0   worst 
NAND2BX2          159     380.646    slow_vdd1v0   worst 
NAND2BX4           81     304.722    slow_vdd1v0   worst 
NAND2X1           558     572.508    slow_vdd1v0   worst 
NAND2X2           986    1686.060    slow_vdd1v0   worst 
NAND2X4           980    3351.600    slow_vdd1v0   worst 
NAND2X6           654    3131.352    slow_vdd1v0   worst 
NAND2X8           392    2145.024    slow_vdd1v0   worst 
NAND3BX2            5      15.390    slow_vdd1v0   worst 
NAND3BX4            6      30.780    slow_vdd1v0   worst 
NAND3X2            18      49.248    slow_vdd1v0   worst 
NAND3X4            56     268.128    slow_vdd1v0   worst 
NAND3X6            12      86.184    slow_vdd1v0   worst 
NAND3X8            12      98.496    slow_vdd1v0   worst 
NAND4BX4            1       7.524    slow_vdd1v0   worst 
NAND4X4             1       6.840    slow_vdd1v0   worst 
NAND4X6             3      25.650    slow_vdd1v0   worst 
NAND4X8             2      20.520    slow_vdd1v0   worst 
NOR2BX1           228     311.904    slow_vdd1v0   worst 
NOR2BX2           132     361.152    slow_vdd1v0   worst 
NOR2BX4            75     282.150    slow_vdd1v0   worst 
NOR2X1            289     296.514    slow_vdd1v0   worst 
NOR2X2            634    1084.140    slow_vdd1v0   worst 
NOR2X4           1148    3533.544    slow_vdd1v0   worst 
NOR2X6            677    2778.408    slow_vdd1v0   worst 
NOR2X8            286    1564.992    slow_vdd1v0   worst 
NOR3BX1             2       4.104    slow_vdd1v0   worst 
NOR3BX2             3      10.260    slow_vdd1v0   worst 
NOR3BX4             9      52.326    slow_vdd1v0   worst 
NOR3X1              5       8.550    slow_vdd1v0   worst 
NOR3X2             18      49.248    slow_vdd1v0   worst 
NOR3X4             37     189.810    slow_vdd1v0   worst 
NOR3X6             43     308.826    slow_vdd1v0   worst 
NOR3X8             47     417.924    slow_vdd1v0   worst 
NOR4BX2             1       4.788    slow_vdd1v0   worst 
NOR4BX4             1       7.524    slow_vdd1v0   worst 
NOR4X2             11      37.620    slow_vdd1v0   worst 
NOR4X4              4      25.992    slow_vdd1v0   worst 
NOR4X6              5      41.040    slow_vdd1v0   worst 
NOR4X8              3      31.806    slow_vdd1v0   worst 
OA21X1             87     178.524    slow_vdd1v0   worst 
OA21X2             28      86.184    slow_vdd1v0   worst 
OA21X4             21      79.002    slow_vdd1v0   worst 
OA22X1             70     167.580    slow_vdd1v0   worst 
OA22X4              7      28.728    slow_vdd1v0   worst 
OAI211X4           14      90.972    slow_vdd1v0   worst 
OAI21X1            89     152.190    slow_vdd1v0   worst 
OAI21X2           467    1437.426    slow_vdd1v0   worst 
OAI21X4           645    3088.260    slow_vdd1v0   worst 
OAI221X2            7      33.516    slow_vdd1v0   worst 
OAI222X4            3      27.702    slow_vdd1v0   worst 
OAI22X1            77     158.004    slow_vdd1v0   worst 
OAI22X2           215     735.300    slow_vdd1v0   worst 
OAI22X4           147     955.206    slow_vdd1v0   worst 
OAI2BB1X1         314     536.940    slow_vdd1v0   worst 
OAI2BB1X2        1235    3801.330    slow_vdd1v0   worst 
OAI2BB1X4         184     818.064    slow_vdd1v0   worst 
OAI2BB2X1           5      20.520    slow_vdd1v0   worst 
OAI2BB2X2          31     169.632    slow_vdd1v0   worst 
OAI2BB2X4          41     350.550    slow_vdd1v0   worst 
OAI31X2             6      22.572    slow_vdd1v0   worst 
OAI31X4             5      34.200    slow_vdd1v0   worst 
OAI32X2             8      35.568    slow_vdd1v0   worst 
OAI32X4             1       8.208    slow_vdd1v0   worst 
OR2X1             168     229.824    slow_vdd1v0   worst 
OR2X2              69     117.990    slow_vdd1v0   worst 
OR2X4              62     169.632    slow_vdd1v0   worst 
OR2X6              72     270.864    slow_vdd1v0   worst 
OR2X8              36     160.056    slow_vdd1v0   worst 
OR3X1              22      45.144    slow_vdd1v0   worst 
OR3X2              10      23.940    slow_vdd1v0   worst 
OR3X4               7      21.546    slow_vdd1v0   worst 
OR3X6               8      38.304    slow_vdd1v0   worst 
OR3X8               4      21.888    slow_vdd1v0   worst 
OR4X1              41      84.132    slow_vdd1v0   worst 
OR4X4               4      15.048    slow_vdd1v0   worst 
OR4X6               7      38.304    slow_vdd1v0   worst 
XNOR2X1           331     792.414    slow_vdd1v0   worst 
XNOR2X2            10      30.780    slow_vdd1v0   worst 
XNOR2X4             2       7.524    slow_vdd1v0   worst 
XOR2X1              6      16.416    slow_vdd1v0   worst 
XOR2X4              2       8.208    slow_vdd1v0   worst 
---------------------------------------------------------
total           29556  106689.294                


                                           
     Type      Instances    Area    Area % 
-------------------------------------------
sequential          2870  18959.454   17.8 
inverter            3416   6645.402    6.2 
buffer               923   3166.236    3.0 
logic              22347  77918.202   73.0 
physical_cells         0      0.000    0.0 
-------------------------------------------
total              29556 106689.294  100.0 

