============================================================
  Generated by:           Genus(TM) Synthesis Solution 21.18-s082_1
  Generated on:           Oct 20 2025  06:41:10 pm
  Module:                 riscv_core
  Operating conditions:   PVT_0P9V_125C 
  Operating conditions:   PVT_1P32V_0C 
  Interconnect mode:      global
  Area mode:              physical library
============================================================

Timing
--------

Clock Period 
-------------
clk   2000.0 


  Cost    Critical                Violating 
 Group   Path Slack      TNS        Paths   
--------------------------------------------
clk         -3448.6   -3238088.7       2648 
default    No paths          0.0            
--------------------------------------------
Total                 -3238088.7       2648 

Instance Count
--------------
Leaf Instance Count             29556 
Physical Instance count             0 
Sequential Instance Count        2870 
Combinational Instance Count    26686 
Hierarchical Instance Count         4 

Area
----
Cell Area                          106689.294
Physical Cell Area                 0.000
Total Cell Area (Cell+Physical)    106689.294
Net Area                           36458.992
Total Area (Cell+Physical+Net)     143148.286

Max Fanout                         2870 (clk)
Min Fanout                         0 (fetch0_instr_branch_w)
Average Fanout                     2.3
Terms to net ratio                 3.4136
Terms to instance ratio            3.5287
Runtime                            684.2311209999988 seconds
Elapsed Runtime                    704 seconds
Genus peak memory usage            2022.32 
Innovus peak memory usage          no_value 
Hostname                           gmicro02
