============================================================
  Generated by:           Genus(TM) Synthesis Solution 21.18-s082_1
  Generated on:           Oct 29 2025  03:46:55 pm
  Module:                 biriscv_multiplier
  Operating conditions:   PVT_0P9V_125C 
  Operating conditions:   PVT_1P32V_0C 
  Interconnect mode:      global
  Area mode:              physical library
============================================================

Timing
--------

Clock Period 
-------------
clk_i 3230.0 


  Cost    Critical         Violating 
 Group   Path Slack  TNS     Paths   
-------------------------------------
clk_i           0.0   0.0          0 
default    No paths   0.0            
-------------------------------------
Total                 0.0          0 

Instance Count
--------------
Leaf Instance Count             7940 
Physical Instance count            0 
Sequential Instance Count       1760 
Combinational Instance Count    6180 
Hierarchical Instance Count        0 

Area
----
Cell Area                          34036.182
Physical Cell Area                 0.000
Total Cell Area (Cell+Physical)    34036.182
Net Area                           10115.060
Total Area (Cell+Physical+Net)     44151.242

Max Fanout                         1760 (clk_i)
Min Fanout                         0 (n_30)
Average Fanout                     2.2
Terms to net ratio                 3.4252
Terms to instance ratio            3.9757
Runtime                            230.00611700000002 seconds
Elapsed Runtime                    228 seconds
Genus peak memory usage            2068.96 
Innovus peak memory usage          no_value 
Hostname                           gmicro02
