============================================================
  Generated by:           Genus(TM) Synthesis Solution 21.18-s082_1
  Generated on:           Oct 29 2025  03:46:54 pm
  Module:                 biriscv_multiplier
  Operating conditions:   PVT_0P9V_125C 
  Operating conditions:   PVT_1P32V_0C 
  Interconnect mode:      global
  Area mode:              physical library
============================================================


Path 1: MET (0 ps) Setup Check with Pin Stage2_s_reg[0][29]/CK->D
          Group: clk_i
     Startpoint: (R) Stage1_s_reg[0][8]/CK
          Clock: (R) clk_i
       Endpoint: (R) Stage2_s_reg[0][29]/D
          Clock: (R) clk_i

                     Capture       Launch     
        Clock Edge:+    3230            0     
       Src Latency:+       0            0     
       Net Latency:+     100 (I)      100 (I) 
           Arrival:=    3330          100     
                                              
             Setup:-     150                  
       Uncertainty:-      50                  
     Required Time:=    3130                  
      Launch Clock:-     100                  
         Data Path:-    3030                  
             Slack:=       0                  

#-------------------------------------------------------------------------------------------------------------------------
#                  Timing Point                    Flags   Arc   Edge   Cell     Fanout Load Trans Delay Arrival Instance 
#                                                                                       (fF)  (ps)  (ps)   (ps)  Location 
#-------------------------------------------------------------------------------------------------------------------------
  Stage1_s_reg[0][8]/CK                            -       -     R     (arrival)   1760    -     0     0     100    (-,-) 
  Stage1_s_reg[0][8]/Q                             -       CK->Q R     DFFRHQX4       2  5.8    58   275     375    (-,-) 
  WALLACE_CSA_DUMMY_OP_groupi3047_cdnfadd_008_0/CO -       A->CO R     ADDFHX2        1  3.7    75   232     608    (-,-) 
  WALLACE_CSA_DUMMY_OP_groupi3047_cdnfadd_009_2/S  -       CI->S F     ADDFHX1        1  4.0   123   306     913    (-,-) 
  WALLACE_CSA_DUMMY_OP_groupi3047_cdnfadd_009_4/S  -       B->S  R     ADDFHX1        1  3.7   100   339    1252    (-,-) 
  WALLACE_CSA_DUMMY_OP_groupi3047_cdnfadd_009_5/S  -       CI->S F     ADDFHX2        3  9.0   153   380    1632    (-,-) 
  WALLACE_CSA_DUMMY_OP_groupi3047_g5356/Y          -       A1->Y R     OAI21X4        1  6.1   116   138    1771    (-,-) 
  WALLACE_CSA_DUMMY_OP_groupi3047_g5235/Y          -       B->Y  F     NAND2X8        2  7.3   101   111    1882    (-,-) 
  WALLACE_CSA_DUMMY_OP_groupi3047_g5205/Y          -       B->Y  R     NAND2X6        1  6.1    50    67    1949    (-,-) 
  WALLACE_CSA_DUMMY_OP_groupi3047_g5194/Y          -       B->Y  F     NAND2X8        1  5.8    83    76    2025    (-,-) 
  WALLACE_CSA_DUMMY_OP_groupi3047_g5159/Y          -       B->Y  R     NOR2X8         2  6.2    67    74    2099    (-,-) 
  WALLACE_CSA_DUMMY_OP_groupi3047_g5091/Y          -       A1->Y F     OAI21X4        2 10.2   194   153    2252    (-,-) 
  WALLACE_CSA_DUMMY_OP_groupi3047_g5083/Y          -       A->Y  R     CLKINVX8       5 13.0    76   108    2361    (-,-) 
  WALLACE_CSA_DUMMY_OP_groupi3047_g5074/Y          -       B->Y  F     NOR2X4         1  5.8    62    70    2431    (-,-) 
  WALLACE_CSA_DUMMY_OP_groupi3047_g5052/Y          -       B->Y  R     NOR2X8         3  9.8    83    77    2508    (-,-) 
  WALLACE_CSA_DUMMY_OP_groupi3047_g5033/Y          -       B->Y  F     NOR2X4         1  5.8    64    74    2582    (-,-) 
  WALLACE_CSA_DUMMY_OP_groupi3047_g5017/Y          -       B->Y  R     NOR2X8         3  9.6    82    77    2659    (-,-) 
  WALLACE_CSA_DUMMY_OP_groupi3047_g4961/Y          -       A1->Y F     OAI21X4        1  3.3   100   108    2767    (-,-) 
  WALLACE_CSA_DUMMY_OP_groupi3047_g5636/Y          -       B->Y  R     XOR2X1         1  4.1   103   202    2969    (-,-) 
  g62724/Y                                         -       A->Y  F     INVX3          1  4.4    61    83    3051    (-,-) 
  g62552/Y                                         -       A1->Y R     OAI21X4        1  3.2    84    79    3130    (-,-) 
  Stage2_s_reg[0][29]/D                            <<<     -     R     DFFRHQX1       1    -     -     0    3130    (-,-) 
#-------------------------------------------------------------------------------------------------------------------------

