============================================================
  Generated by:           Genus(TM) Synthesis Solution 21.18-s082_1
  Generated on:           Oct 29 2025  03:46:55 pm
  Module:                 biriscv_multiplier
  Operating conditions:   PVT_0P9V_125C 
  Operating conditions:   PVT_1P32V_0C 
  Interconnect mode:      global
  Area mode:              physical library
============================================================

                                                Library 
   Gate     Instances    Area        Library     Domain 
--------------------------------------------------------
ADDFHX1           300   2257.200    slow_vdd1v0   worst 
ADDFHX2           259   2125.872    slow_vdd1v0   worst 
ADDFHX4             2     19.152    slow_vdd1v0   worst 
ADDFHXL             1      7.524    slow_vdd1v0   worst 
ADDFX1            624   3201.120    slow_vdd1v0   worst 
ADDFX2             21    165.186    slow_vdd1v0   worst 
ADDHX1             17     63.954    slow_vdd1v0   worst 
ADDHX2              1      5.130    slow_vdd1v0   worst 
AND2X1            125    171.000    slow_vdd1v0   worst 
AND2X2              4      6.840    slow_vdd1v0   worst 
AND2X4             46    125.856    slow_vdd1v0   worst 
AND2X6             21     79.002    slow_vdd1v0   worst 
AO21X1              7     16.758    slow_vdd1v0   worst 
AO22X1           1028   2812.608    slow_vdd1v0   worst 
AOI211X4           15     97.470    slow_vdd1v0   worst 
AOI21X1            11     18.810    slow_vdd1v0   worst 
AOI21X2            19     51.984    slow_vdd1v0   worst 
AOI21X4            98    502.740    slow_vdd1v0   worst 
AOI221X4           32    251.712    slow_vdd1v0   worst 
AOI22X2             1      3.762    slow_vdd1v0   worst 
AOI2BB1X1          17     34.884    slow_vdd1v0   worst 
AOI2BB1X2          17     52.326    slow_vdd1v0   worst 
AOI2BB1X4          24     98.496    slow_vdd1v0   worst 
AOI32X4             1      7.866    slow_vdd1v0   worst 
BUFX12              2     10.260    slow_vdd1v0   worst 
BUFX2               9     15.390    slow_vdd1v0   worst 
BUFX20              1      8.208    slow_vdd1v0   worst 
BUFX3              12     24.624    slow_vdd1v0   worst 
BUFX6              14     43.092    slow_vdd1v0   worst 
CLKAND2X12         18    135.432    slow_vdd1v0   worst 
CLKAND2X2          30     61.560    slow_vdd1v0   worst 
CLKAND2X3          43    132.354    slow_vdd1v0   worst 
CLKAND2X4           2      6.840    slow_vdd1v0   worst 
CLKAND2X6         119    569.772    slow_vdd1v0   worst 
CLKAND2X8           1      5.814    slow_vdd1v0   worst 
CLKBUFX12           1      5.130    slow_vdd1v0   worst 
CLKBUFX2            1      1.710    slow_vdd1v0   worst 
CLKBUFX20           3     24.624    slow_vdd1v0   worst 
CLKINVX12          16     65.664    slow_vdd1v0   worst 
CLKINVX16           5     27.360    slow_vdd1v0   worst 
CLKINVX2            1      1.368    slow_vdd1v0   worst 
CLKINVX20          10     64.980    slow_vdd1v0   worst 
CLKINVX3            2      3.420    slow_vdd1v0   worst 
CLKINVX4           79    135.090    slow_vdd1v0   worst 
CLKINVX6           29     69.426    slow_vdd1v0   worst 
CLKINVX8           10     30.780    slow_vdd1v0   worst 
CLKMX2X3           51    209.304    slow_vdd1v0   worst 
CLKMX2X6           33    146.718    slow_vdd1v0   worst 
CLKMX2X8           30    174.420    slow_vdd1v0   worst 
CLKXOR2X1         106    290.016    slow_vdd1v0   worst 
CLKXOR2X2           1      3.420    slow_vdd1v0   worst 
DFFRHQX1          847   5214.132    slow_vdd1v0   worst 
DFFRHQX2          148   1164.168    slow_vdd1v0   worst 
DFFRHQX4          156   1493.856    slow_vdd1v0   worst 
DFFRHQX8            9    101.574    slow_vdd1v0   worst 
DFFRX1              8     54.720    slow_vdd1v0   worst 
DFFRX2            592   4454.208    slow_vdd1v0   worst 
INVX1             268    183.312    slow_vdd1v0   worst 
INVX2              71     72.846    slow_vdd1v0   worst 
INVX20              3     19.494    slow_vdd1v0   worst 
INVX3              70     95.760    slow_vdd1v0   worst 
INVX6               3      7.182    slow_vdd1v0   worst 
MX2X1              93    222.642    slow_vdd1v0   worst 
MXI2X2              2      8.892    slow_vdd1v0   worst 
NAND2BX1           25     34.200    slow_vdd1v0   worst 
NAND2BX2           11     26.334    slow_vdd1v0   worst 
NAND2BX4           13     48.906    slow_vdd1v0   worst 
NAND2X1           112    114.912    slow_vdd1v0   worst 
NAND2X2            60    102.600    slow_vdd1v0   worst 
NAND2X4            77    263.340    slow_vdd1v0   worst 
NAND2X6            57    272.916    slow_vdd1v0   worst 
NAND2X8            45    246.240    slow_vdd1v0   worst 
NAND3X4             1      4.788    slow_vdd1v0   worst 
NAND3X6             1      7.182    slow_vdd1v0   worst 
NOR2BX1            81    110.808    slow_vdd1v0   worst 
NOR2BX2            12     32.832    slow_vdd1v0   worst 
NOR2BX4            14     52.668    slow_vdd1v0   worst 
NOR2X1            110    112.860    slow_vdd1v0   worst 
NOR2X2             62    106.020    slow_vdd1v0   worst 
NOR2X4            213    655.614    slow_vdd1v0   worst 
NOR2X6            152    623.808    slow_vdd1v0   worst 
NOR2X8             51    279.072    slow_vdd1v0   worst 
NOR3BX2             8     27.360    slow_vdd1v0   worst 
NOR3X4              9     46.170    slow_vdd1v0   worst 
NOR3X6              9     64.638    slow_vdd1v0   worst 
NOR3X8              8     71.136    slow_vdd1v0   worst 
NOR4X4              1      6.498    slow_vdd1v0   worst 
OA21X1             13     26.676    slow_vdd1v0   worst 
OA21X2              3      9.234    slow_vdd1v0   worst 
OA21X4              1      3.762    slow_vdd1v0   worst 
OAI21X1            18     30.780    slow_vdd1v0   worst 
OAI21X2            67    206.226    slow_vdd1v0   worst 
OAI21X4           186    890.568    slow_vdd1v0   worst 
OAI22X1            29     59.508    slow_vdd1v0   worst 
OAI22X2             3     10.260    slow_vdd1v0   worst 
OAI22X4             3     19.494    slow_vdd1v0   worst 
OAI2BB1X1         532    909.720    slow_vdd1v0   worst 
OAI2BB1X2           2      6.156    slow_vdd1v0   worst 
OAI2BB1X4           7     31.122    slow_vdd1v0   worst 
OAI2BB2X1           1      4.104    slow_vdd1v0   worst 
OAI2BB2X2           4     21.888    slow_vdd1v0   worst 
OAI2BB2X4          11     94.050    slow_vdd1v0   worst 
OAI31X4             2     13.680    slow_vdd1v0   worst 
OR2X1              65     88.920    slow_vdd1v0   worst 
OR2X2              20     34.200    slow_vdd1v0   worst 
OR2X4              31     84.816    slow_vdd1v0   worst 
OR2X6              77    289.674    slow_vdd1v0   worst 
OR2X8               5     22.230    slow_vdd1v0   worst 
OR3X1               3      6.156    slow_vdd1v0   worst 
XNOR2X1           130    311.220    slow_vdd1v0   worst 
XNOR2X2             1      3.078    slow_vdd1v0   worst 
XOR2X1              4     10.944    slow_vdd1v0   worst 
--------------------------------------------------------
total            7940  34036.182                


                                          
     Type      Instances    Area   Area % 
------------------------------------------
sequential          1760 12482.658   36.7 
inverter             567   776.682    2.3 
buffer                43   133.038    0.4 
logic               5570 20643.804   60.7 
physical_cells         0     0.000    0.0 
------------------------------------------
total               7940 34036.182  100.0 

