============================================================
  Generated by:           Genus(TM) Synthesis Solution 21.18-s082_1
  Generated on:           Oct 28 2025  10:25:28 pm
  Module:                 riscv_core
  Library domain:         worst
    Domain index:         0
    Technology library:   slow_vdd1v0 1.0
  Library domain:         best
    Domain index:         1
    Technology library:   fast_vdd1v2 1.0
  Operating conditions:   PVT_0P9V_125C 
  Operating conditions:   PVT_1P32V_0C 
  Interconnect mode:      global
  Area mode:              physical library
============================================================

              Instance                      Module         Cell Count  Cell Area  Net Area   Combinational    Buffer   Inverter     Flop     Latch   Clock-Gate   Memory   Macro   Total Area 
----------------------------------------------------------------------------------------------------------------------------------------------------------------------------------------------
riscv_core                                                      20552  58529.538 28967.902       37498.248  1062.936   1386.810  18581.544   0.000        0.000    0.000   0.000    87497.440 
  u_div                              biriscv_divider             1313   3680.262  1536.245        2001.726     1.710     50.958   1625.868   0.000        0.000    0.000   0.000     5216.507 
  u_exec0_u_alu                      biriscv_alu                  913   1643.994  1099.357        1558.494     0.000     85.500      0.000   0.000        0.000    0.000   0.000     2743.351 
  u_exec1_u_alu                      biriscv_alu_1167             895   1607.400  1065.450        1528.398     0.000     79.002      0.000   0.000        0.000    0.000   0.000     2672.850 
  u_frontend_u_decode_genblk1.u_dec0 biriscv_decoder              103    162.450    94.269         136.800     5.130     20.520      0.000   0.000        0.000    0.000   0.000      256.719 
  u_frontend_u_decode_genblk1.u_dec1 biriscv_decoder_2471          94    155.268    82.524         137.142     6.840     11.286      0.000   0.000        0.000    0.000   0.000      237.792 
  u_mul                              biriscv_multiplier          2375   6880.698  3337.375        6104.358     3.420     63.612    709.308   0.000        0.000    0.000   0.000    10218.073 
