============================================================
  Generated by:           Genus(TM) Synthesis Solution 21.18-s082_1
  Generated on:           Oct 28 2025  10:25:28 pm
  Module:                 riscv_core
  Operating conditions:   PVT_0P9V_125C 
  Operating conditions:   PVT_1P32V_0C 
  Interconnect mode:      global
  Area mode:              physical library
============================================================


Path 1: MET (0 ps) Setup Check with Pin u_exec0_result_q_reg[31]/CK->D
          Group: clk
     Startpoint: (R) mem_d_ack_i
          Clock: (R) clk
       Endpoint: (R) u_exec0_result_q_reg[31]/D
          Clock: (R) clk

                     Capture       Launch     
        Clock Edge:+    2130            0     
        Drv Adjust:+       0            0     
       Src Latency:+       0            0     
       Net Latency:+     100 (I)      100 (I) 
           Arrival:=    2230          100     
                                              
             Setup:-      16                  
       Uncertainty:-      50                  
     Required Time:=    2164                  
      Launch Clock:-     100                  
       Input Delay:-     300                  
         Data Path:-    1764                  
             Slack:=       0                  

Exceptions/Constraints:
  input_delay             300             riscv_core.sdc_line_30_34_1 

#-------------------------------------------------------------------------------------------------------
#        Timing Point          Flags    Arc   Edge    Cell     Fanout Load Trans Delay Arrival Instance 
#                                                                     (fF)  (ps)  (ps)   (ps)  Location 
#-------------------------------------------------------------------------------------------------------
  mem_d_ack_i                  -       -      R     (arrival)       1  9.0   264     0     400    (-,-) 
  g164535/Y                    -       A->Y   F     CLKINVX12       1  6.6    38    29     429    (-,-) 
  g164534/Y                    -       A->Y   R     CLKINVX8        2 10.8    14    12     441    (-,-) 
  g279385/Y                    -       A->Y   F     CLKINVX12       2 10.9     9     9     451    (-,-) 
  g279256/Y                    -       B->Y   R     NAND2X8         3 12.2    15    11     462    (-,-) 
  g278922/Y                    -       B->Y   F     NAND2X8         9 19.2    34    23     485    (-,-) 
  g278899/Y                    -       A->Y   R     INVX2           1  6.0    23    18     503    (-,-) 
  g278817/Y                    -       B->Y   F     NOR2X6          2  8.6    17    12     515    (-,-) 
  g278701/Y                    -       B->Y   R     NOR3X8          1  7.1    24    22     537    (-,-) 
  g278664/Y                    -       A->Y   F     NAND2X8         2  9.2    20    18     555    (-,-) 
  g278655/Y                    -       A->Y   R     CLKINVX4        1  5.9    12    11     566    (-,-) 
  g278589/Y                    -       B->Y   F     NAND2X6         2  8.8    24    17     583    (-,-) 
  g278409/Y                    -       B->Y   R     NOR3X8          2 11.5    34    27     610    (-,-) 
  g278346/Y                    -       A->Y   R     BUFX6           2  7.0    11    21     631    (-,-) 
  g278194/Y                    -       B->Y   R     CLKAND2X6       1  7.0    11    20     650    (-,-) 
  g278177/Y                    -       B->Y   F     NOR2X8          6 15.2    19    13     663    (-,-) 
  g279583/Y                    -       S0->Y  R     CLKMX2X2        1  6.0    22    41     704    (-,-) 
  g277002/Y                    -       B->Y   F     NAND3X6         1  6.4    30    25     729    (-,-) 
  g276952/Y                    -       B->Y   R     NOR2X8          3  9.8    21    16     746    (-,-) 
  g276659/Y                    -       A->Y   F     NOR2X6          2  8.0    15    13     759    (-,-) 
  g276593/Y                    -       A->Y   R     CLKINVX4        1  6.0    12    10     769    (-,-) 
  g276376/Y                    -       B->Y   F     NOR2X6          3 11.3    22    12     782    (-,-) 
  g276243/Y                    -       A->Y   R     CLKINVX4        1  3.9    10     9     791    (-,-) 
  g276241/Y                    -       B->Y   F     NOR2X2          1  5.0    19    14     804    (-,-) 
  g275510/Y                    -       B->Y   F     CLKAND2X12     15 54.3    34    36     841    (-,-) 
  g279527/Y                    -       B->Y   F     CLKAND2X12     32 63.1    39    41     882    (-,-) 
  g273750/Y                    -       A1->Y  F     AO22X1          1  3.3    21    41     922    (-,-) 
  g272887/Y                    -       C0->Y  R     AOI221X1        1  3.9    79    50     972    (-,-) 
  g272718/Y                    -       B->Y   F     NAND2X2         1  4.9    41    35    1007    (-,-) 
  g272455/Y                    -       A->Y   R     NOR2X4          1  6.9    28    22    1029    (-,-) 
  g272285/Y                    -       B->Y   F     NAND2X8        13 25.2    43    30    1059    (-,-) 
  g271620/Y                    -       A1->Y  F     AO22X4         11 22.6    43    59    1118    (-,-) 
  u_exec0_u_alu/g30621/Y       -       A->Y   R     INVX2           3  8.7    32    23    1141    (-,-) 
  u_exec0_u_alu/g30089/Y       -       A0N->Y R     OAI2BB1X2       1  5.0    23    36    1178    (-,-) 
  u_exec0_u_alu/g30063/Y       -       B0->Y  F     OAI2BB1X4       2  6.0    24    20    1198    (-,-) 
  u_exec0_u_alu/g30000/Y       -       A1->Y  R     AOI21X2         2  7.1    48    32    1230    (-,-) 
  u_exec0_u_alu/g29941/Y       -       A1->Y  F     OAI21X4         2  5.9    31    24    1253    (-,-) 
  u_exec0_u_alu/g29918/Y       -       B0->Y  R     OAI2BB1X2       1  5.0    22    18    1271    (-,-) 
  u_exec0_u_alu/g29905/Y       -       B0->Y  F     OAI2BB1X4       2  6.9    26    22    1293    (-,-) 
  u_exec0_u_alu/g29893/Y       -       A1->Y  R     AOI22X4         3  8.4    44    27    1320    (-,-) 
  u_exec0_u_alu/g29886/Y       -       B1->Y  F     OAI2BB2X4       2  7.0    42    28    1348    (-,-) 
  u_exec0_u_alu/g29878/Y       -       A1->Y  R     AOI21X4         2  6.0    27    22    1370    (-,-) 
  u_exec0_u_alu/g29871/Y       -       A1->Y  F     OAI21X2         2  5.5    43    27    1397    (-,-) 
  u_exec0_u_alu/g29862/Y       -       A1N->Y F     OAI2BB1X4       3  6.9    30    35    1432    (-,-) 
  u_exec0_u_alu/g29852/Y       -       A1->Y  F     AO21X2          3  8.6    30    45    1477    (-,-) 
  u_exec0_u_alu/g29844/Y       -       A1->Y  R     AOI21X4         3  8.4    36    24    1500    (-,-) 
  u_exec0_u_alu/g29833/Y       -       B1->Y  F     OAI2BB2X4       2  5.5    39    24    1525    (-,-) 
  u_exec0_u_alu/g29822/Y       -       A1N->Y F     OAI2BB1X4       3  8.8    35    37    1562    (-,-) 
  u_exec0_u_alu/g29813/Y       -       A1->Y  R     AOI21X4         2  7.0    30    22    1584    (-,-) 
  u_exec0_u_alu/g29808/Y       -       A1->Y  F     OAI21X4         3  7.3    36    23    1607    (-,-) 
  u_exec0_u_alu/g29797/Y       -       A1N->Y F     OAI2BB1X4       3  7.7    32    35    1642    (-,-) 
  u_exec0_u_alu/g29796/Y       -       A->Y   R     INVX2           1  5.0    20    16    1658    (-,-) 
  u_exec0_u_alu/g29791/Y       -       A1->Y  F     OAI21X4         3  7.3    38    22    1680    (-,-) 
  u_exec0_u_alu/g29785/Y       -       A1N->Y F     OAI2BB1X4       3  8.6    35    36    1716    (-,-) 
  u_exec0_u_alu/g29776/Y       -       A1->Y  R     AOI22X4         2  7.1    44    27    1743    (-,-) 
  u_exec0_u_alu/g29769/Y       -       A1->Y  F     OAI21X4         3  7.7    36    26    1769    (-,-) 
  u_exec0_u_alu/g29768/Y       -       A->Y   R     INVX2           1  3.4    16    14    1783    (-,-) 
  u_exec0_u_alu/g29761/Y       -       A1N->Y R     AOI2BB1X4       3  8.9    31    32    1814    (-,-) 
  u_exec0_u_alu/g29754/Y       -       A1->Y  F     OAI21X4         3  7.3    36    23    1838    (-,-) 
  u_exec0_u_alu/g29748/Y       -       A1N->Y F     OAI2BB1X4       3  8.8    34    36    1874    (-,-) 
  u_exec0_u_alu/g29742/Y       -       A1->Y  R     AOI22X4         3  8.5    45    28    1903    (-,-) 
  u_exec0_u_alu/g29736/Y       -       A1->Y  F     OAI22X4         3  6.9    44    30    1932    (-,-) 
  u_exec0_u_alu/g29730/Y       -       A1N->Y F     OAI2BB1X2       3  6.9    45    42    1974    (-,-) 
  u_exec0_u_alu/g29725__1881/Y -       A1->Y  F     AO22X1          3  6.9    40    52    2026    (-,-) 
  u_exec0_u_alu/g29720__1705/Y -       A1N->Y F     OAI2BB1X1       1  3.5    42    36    2061    (-,-) 
  u_exec0_u_alu/g29717__3680/Y -       B->Y   R     XNOR2X1         1  3.2    21    37    2098    (-,-) 
  u_exec0_u_alu/g29714__8428/Y -       A1N->Y R     OAI2BB1X1       1  3.2    33    29    2128    (-,-) 
  g237685/Y                    -       B->Y   R     MX2X1           1  3.3    22    36    2164    (-,-) 
  u_exec0_result_q_reg[31]/D   <<<     -      R     DFFRHQX1        1    -     -     0    2164    (-,-) 
#-------------------------------------------------------------------------------------------------------

