============================================================
  Generated by:           Genus(TM) Synthesis Solution 21.18-s082_1
  Generated on:           Oct 28 2025  10:25:28 pm
  Module:                 riscv_core
  Operating conditions:   PVT_0P9V_125C 
  Operating conditions:   PVT_1P32V_0C 
  Interconnect mode:      global
  Area mode:              physical library
============================================================

                                                Library 
   Gate     Instances    Area        Library     Domain 
--------------------------------------------------------
ADDFHX2             4     32.832    fast_vdd1v2    best 
ADDFX1            523   2682.990    fast_vdd1v2    best 
ADDHX1            159    598.158    fast_vdd1v2    best 
ADDHX2              1      5.130    fast_vdd1v2    best 
AND2X1            540    738.720    fast_vdd1v2    best 
AND2X2             44     75.240    fast_vdd1v2    best 
AND2X4             34     93.024    fast_vdd1v2    best 
AND2X6              8     30.096    fast_vdd1v2    best 
AND2X8             10     44.460    fast_vdd1v2    best 
AND3X1             17     40.698    fast_vdd1v2    best 
AND3X2             10     27.360    fast_vdd1v2    best 
AND3X4              4     12.312    fast_vdd1v2    best 
AND3X6              3     13.338    fast_vdd1v2    best 
AND3X8              5     25.650    fast_vdd1v2    best 
AND3XL            122    250.344    fast_vdd1v2    best 
AND4X1             69    165.186    fast_vdd1v2    best 
AND4X2              6     18.468    fast_vdd1v2    best 
AND4X4              2      7.524    fast_vdd1v2    best 
AND4X6              3     17.442    fast_vdd1v2    best 
AO21X1            157    375.858    fast_vdd1v2    best 
AO21X2              9     24.624    fast_vdd1v2    best 
AO21X4              4     13.680    fast_vdd1v2    best 
AO22X1           1141   3121.776    fast_vdd1v2    best 
AO22X2             13     40.014    fast_vdd1v2    best 
AO22X4              2      7.524    fast_vdd1v2    best 
AOI211X1            3      7.182    fast_vdd1v2    best 
AOI211X2           12     41.040    fast_vdd1v2    best 
AOI211X4            3     19.494    fast_vdd1v2    best 
AOI211XL           15     30.780    fast_vdd1v2    best 
AOI21X1           166    283.860    fast_vdd1v2    best 
AOI21X2            42    114.912    fast_vdd1v2    best 
AOI21X4            21    107.730    fast_vdd1v2    best 
AOI221X1          541   1295.154    fast_vdd1v2    best 
AOI221X2          116    515.736    fast_vdd1v2    best 
AOI221X4           12     94.392    fast_vdd1v2    best 
AOI222X1          274    843.372    fast_vdd1v2    best 
AOI222X2           10     54.720    fast_vdd1v2    best 
AOI22X1          1758   3607.416    fast_vdd1v2    best 
AOI22X2            44    165.528    fast_vdd1v2    best 
AOI22X4            13     80.028    fast_vdd1v2    best 
AOI2BB1X1          32     65.664    fast_vdd1v2    best 
AOI2BB1X2           8     24.624    fast_vdd1v2    best 
AOI2BB1X4          13     53.352    fast_vdd1v2    best 
AOI2BB2X1           5     17.100    fast_vdd1v2    best 
AOI2BB2X2           7     35.910    fast_vdd1v2    best 
AOI2BB2X4           6     45.144    fast_vdd1v2    best 
AOI31X1            19     38.988    fast_vdd1v2    best 
AOI31X2             1      3.420    fast_vdd1v2    best 
AOI32X1            10     23.940    fast_vdd1v2    best 
AOI33X1             1      2.736    fast_vdd1v2    best 
AOI33XL             1      2.394    fast_vdd1v2    best 
BUFX12             13     66.690    fast_vdd1v2    best 
BUFX16              2     13.680    fast_vdd1v2    best 
BUFX2             400    684.000    fast_vdd1v2    best 
BUFX20              6     49.248    fast_vdd1v2    best 
BUFX3              10     20.520    fast_vdd1v2    best 
BUFX4               1      2.394    fast_vdd1v2    best 
BUFX6              33    101.574    fast_vdd1v2    best 
BUFX8               6     22.572    fast_vdd1v2    best 
CLKAND2X12         66    496.584    fast_vdd1v2    best 
CLKAND2X2          14     28.728    fast_vdd1v2    best 
CLKAND2X3           6     18.468    fast_vdd1v2    best 
CLKAND2X6          13     62.244    fast_vdd1v2    best 
CLKAND2X8           9     52.326    fast_vdd1v2    best 
CLKBUFX12           1      5.130    fast_vdd1v2    best 
CLKBUFX16           8     54.720    fast_vdd1v2    best 
CLKBUFX2            2      3.420    fast_vdd1v2    best 
CLKBUFX3           19     38.988    fast_vdd1v2    best 
CLKINVX12          35    143.640    fast_vdd1v2    best 
CLKINVX16          18     98.496    fast_vdd1v2    best 
CLKINVX2            1      1.368    fast_vdd1v2    best 
CLKINVX20           1      6.498    fast_vdd1v2    best 
CLKINVX4          107    182.970    fast_vdd1v2    best 
CLKINVX6           52    124.488    fast_vdd1v2    best 
CLKINVX8           31     95.418    fast_vdd1v2    best 
CLKMX2X2           41    126.198    fast_vdd1v2    best 
CLKMX2X3           10     41.040    fast_vdd1v2    best 
CLKXOR2X1          72    196.992    fast_vdd1v2    best 
CLKXOR2X2           5     17.100    fast_vdd1v2    best 
CLKXOR2X4           1      4.446    fast_vdd1v2    best 
DFFHQX1           256   1400.832    fast_vdd1v2    best 
DFFRHQX1         1618   9960.408    fast_vdd1v2    best 
DFFRHQX2           26    204.516    fast_vdd1v2    best 
DFFRHQX4           14    134.064    fast_vdd1v2    best 
DFFRX1             90    615.600    fast_vdd1v2    best 
DFFRX2            129    970.596    fast_vdd1v2    best 
DFFRX4              1      9.576    fast_vdd1v2    best 
DFFX1             736   5285.952    fast_vdd1v2    best 
INVX1             670    458.280    fast_vdd1v2    best 
INVX2             174    178.524    fast_vdd1v2    best 
INVX3              67     91.656    fast_vdd1v2    best 
INVXL               8      5.472    fast_vdd1v2    best 
MX2X1             994   2379.636    fast_vdd1v2    best 
MX3XL               2      9.576    fast_vdd1v2    best 
MXI2X1              1      2.736    fast_vdd1v2    best 
MXI2X2              5     22.230    fast_vdd1v2    best 
MXI2XL             71    169.974    fast_vdd1v2    best 
NAND2BX1          343    469.224    fast_vdd1v2    best 
NAND2BX2           22     52.668    fast_vdd1v2    best 
NAND2BX4           50    188.100    fast_vdd1v2    best 
NAND2X1          1401   1437.426    fast_vdd1v2    best 
NAND2X2           222    379.620    fast_vdd1v2    best 
NAND2X4           130    444.600    fast_vdd1v2    best 
NAND2X6            64    306.432    fast_vdd1v2    best 
NAND2X8            26    142.272    fast_vdd1v2    best 
NAND3BX1            7     14.364    fast_vdd1v2    best 
NAND3BX2            6     18.468    fast_vdd1v2    best 
NAND3BX4            7     35.910    fast_vdd1v2    best 
NAND3BXL           43     73.530    fast_vdd1v2    best 
NAND3X1           104    177.840    fast_vdd1v2    best 
NAND3X2            69    188.784    fast_vdd1v2    best 
NAND3X4            31    148.428    fast_vdd1v2    best 
NAND3X6            15    107.730    fast_vdd1v2    best 
NAND3X8             4     32.832    fast_vdd1v2    best 
NAND4BBX1           3     10.260    fast_vdd1v2    best 
NAND4BBX2           1      5.472    fast_vdd1v2    best 
NAND4BBXL           5     15.390    fast_vdd1v2    best 
NAND4BX1           14     33.516    fast_vdd1v2    best 
NAND4BX2            2      8.892    fast_vdd1v2    best 
NAND4X1            17     34.884    fast_vdd1v2    best 
NAND4X2            16     60.192    fast_vdd1v2    best 
NAND4X4             5     34.200    fast_vdd1v2    best 
NAND4X6             3     25.650    fast_vdd1v2    best 
NAND4XL           155    265.050    fast_vdd1v2    best 
NOR2BX1           385    526.680    fast_vdd1v2    best 
NOR2BX2            24     65.664    fast_vdd1v2    best 
NOR2BX4            23     86.526    fast_vdd1v2    best 
NOR2X1            538    551.988    fast_vdd1v2    best 
NOR2X2            103    176.130    fast_vdd1v2    best 
NOR2X4            125    384.750    fast_vdd1v2    best 
NOR2X6             49    201.096    fast_vdd1v2    best 
NOR2X8             29    158.688    fast_vdd1v2    best 
NOR3BX1            36     73.872    fast_vdd1v2    best 
NOR3BX2             2      6.840    fast_vdd1v2    best 
NOR3BX4            10     58.140    fast_vdd1v2    best 
NOR3X1             26     44.460    fast_vdd1v2    best 
NOR3X2             12     32.832    fast_vdd1v2    best 
NOR3X4             16     82.080    fast_vdd1v2    best 
NOR3X6             10     71.820    fast_vdd1v2    best 
NOR3X8              4     35.568    fast_vdd1v2    best 
NOR4BBX1            4     10.944    fast_vdd1v2    best 
NOR4BBX2            3     15.390    fast_vdd1v2    best 
NOR4BX1            13     31.122    fast_vdd1v2    best 
NOR4BX4             1      7.524    fast_vdd1v2    best 
NOR4X1             48     82.080    fast_vdd1v2    best 
NOR4X2              4     13.680    fast_vdd1v2    best 
NOR4X4             11     71.478    fast_vdd1v2    best 
NOR4X6              8     65.664    fast_vdd1v2    best 
NOR4X8              2     21.204    fast_vdd1v2    best 
OA21X1             61    125.172    fast_vdd1v2    best 
OA21X2              3      9.234    fast_vdd1v2    best 
OA22X1             66    158.004    fast_vdd1v2    best 
OAI211X1          168    287.280    fast_vdd1v2    best 
OAI211X2           14     57.456    fast_vdd1v2    best 
OAI211X4            4     25.992    fast_vdd1v2    best 
OAI21X1           171    292.410    fast_vdd1v2    best 
OAI21X2            33    101.574    fast_vdd1v2    best 
OAI21X4            30    143.640    fast_vdd1v2    best 
OAI221X1          390    933.660    fast_vdd1v2    best 
OAI221X2           12     57.456    fast_vdd1v2    best 
OAI222X1          765   2093.040    fast_vdd1v2    best 
OAI22X1           620   1272.240    fast_vdd1v2    best 
OAI22X2            15     51.300    fast_vdd1v2    best 
OAI22X4             5     32.490    fast_vdd1v2    best 
OAI2BB1X1         670   1145.700    fast_vdd1v2    best 
OAI2BB1X2          56    172.368    fast_vdd1v2    best 
OAI2BB1X4          25    111.150    fast_vdd1v2    best 
OAI2BB2X2          14     76.608    fast_vdd1v2    best 
OAI2BB2X4          13    111.150    fast_vdd1v2    best 
OAI2BB2XL           6     22.572    fast_vdd1v2    best 
OAI31X1            17     34.884    fast_vdd1v2    best 
OAI32X1             6     14.364    fast_vdd1v2    best 
OAI32X2             1      4.446    fast_vdd1v2    best 
OR2X1             170    232.560    fast_vdd1v2    best 
OR2X2              82    140.220    fast_vdd1v2    best 
OR2X4              13     35.568    fast_vdd1v2    best 
OR2X6              18     67.716    fast_vdd1v2    best 
OR2X8               5     22.230    fast_vdd1v2    best 
OR3X1              19     38.988    fast_vdd1v2    best 
OR3X2               9     21.546    fast_vdd1v2    best 
OR3X4               6     18.468    fast_vdd1v2    best 
OR3X6              14     67.032    fast_vdd1v2    best 
OR4X1              36     73.872    fast_vdd1v2    best 
OR4X2               2      6.840    fast_vdd1v2    best 
OR4X4              15     56.430    fast_vdd1v2    best 
OR4X6               4     21.888    fast_vdd1v2    best 
XNOR2X1           858   2054.052    fast_vdd1v2    best 
XNOR2X2            16     49.248    fast_vdd1v2    best 
XOR2X4              1      4.104    fast_vdd1v2    best 
--------------------------------------------------------
total           20552  58529.538                


                                          
     Type      Instances    Area   Area % 
------------------------------------------
sequential          2870 18581.544   31.7 
inverter            1164  1386.810    2.4 
buffer               501  1062.936    1.8 
logic              16017 37498.248   64.1 
physical_cells         0     0.000    0.0 
------------------------------------------
total              20552 58529.538  100.0 

