============================================================
  Generated by:           Genus(TM) Synthesis Solution 21.18-s082_1
  Generated on:           Oct 28 2025  10:25:28 pm
  Module:                 riscv_core
  Operating conditions:   PVT_0P9V_125C 
  Operating conditions:   PVT_1P32V_0C 
  Interconnect mode:      global
  Area mode:              physical library
============================================================

Timing
--------

Clock Period 
-------------
clk   2130.0 


  Cost    Critical         Violating 
 Group   Path Slack  TNS     Paths   
-------------------------------------
clk             0.0   0.0          0 
default    No paths   0.0            
-------------------------------------
Total                 0.0          0 

Instance Count
--------------
Leaf Instance Count             20552 
Physical Instance count             0 
Sequential Instance Count        2870 
Combinational Instance Count    17682 
Hierarchical Instance Count         6 

Area
----
Cell Area                          58529.538
Physical Cell Area                 0.000
Total Cell Area (Cell+Physical)    58529.538
Net Area                           28967.902
Total Area (Cell+Physical+Net)     87497.440

Max Fanout                         2870 (clk)
Min Fanout                         0 (fetch0_instr_branch_w)
Average Fanout                     2.7
Terms to net ratio                 3.7494
Terms to instance ratio            4.0687
Runtime                            545.96613 seconds
Elapsed Runtime                    575 seconds
Genus peak memory usage            1861.14 
Innovus peak memory usage          no_value 
Hostname                           gmicro02
