============================================================
  Generated by:           Genus(TM) Synthesis Solution 21.18-s082_1
  Generated on:           Oct 29 2025  12:57:15 am
  Module:                 biriscv_multiplier
  Operating conditions:   PVT_0P9V_125C 
  Operating conditions:   PVT_1P32V_0C 
  Interconnect mode:      global
  Area mode:              physical library
============================================================

Timing
--------

Clock Period 
-------------
clk_i 1630.0 


  Cost    Critical          Violating 
 Group   Path Slack   TNS     Paths   
--------------------------------------
clk_i          -0.3   -0.4          2 
default    No paths    0.0            
--------------------------------------
Total                 -0.4          2 

Instance Count
--------------
Leaf Instance Count             3903 
Physical Instance count            0 
Sequential Instance Count          0 
Combinational Instance Count    3903 
Hierarchical Instance Count        0 

Area
----
Cell Area                          14151.618
Physical Cell Area                 0.000
Total Cell Area (Cell+Physical)    14151.618
Net Area                           5245.033
Total Area (Cell+Physical+Net)     19396.651

Max Fanout                         32 (n_5)
Min Fanout                         1 (SUB_UNS_OP1_n_776)
Average Fanout                     1.7
Terms to net ratio                 2.6423
Terms to instance ratio            3.6362
Runtime                            217.74573700000025 seconds
Elapsed Runtime                    218 seconds
Genus peak memory usage            2201.40 
Innovus peak memory usage          no_value 
Hostname                           gmicro02
