============================================================
  Generated by:           Genus(TM) Synthesis Solution 21.18-s082_1
  Generated on:           Oct 29 2025  03:28:29 pm
  Module:                 biriscv_multiplier
  Operating conditions:   PVT_0P9V_125C 
  Operating conditions:   PVT_1P32V_0C 
  Interconnect mode:      global
  Area mode:              physical library
============================================================


Path 1: VIOLATED (-355 ps) Setup Check with Pin Stage2_s_reg[1][38]/CK->D
          Group: clk_i
     Startpoint: (R) Stage1_s_reg[14][22]/CK
          Clock: (R) clk_i
       Endpoint: (F) Stage2_s_reg[1][38]/D
          Clock: (R) clk_i

                     Capture       Launch     
        Clock Edge:+    2860            0     
       Src Latency:+       0            0     
       Net Latency:+     100 (I)      100 (I) 
           Arrival:=    2960          100     
                                              
             Setup:-      98                  
       Uncertainty:-      50                  
     Required Time:=    2812                  
      Launch Clock:-     100                  
         Data Path:-    3067                  
             Slack:=    -355                  

#--------------------------------------------------------------------------------------------------------------------------
#                  Timing Point                    Flags    Arc   Edge   Cell     Fanout Load Trans Delay Arrival Instance 
#                                                                                        (fF)  (ps)  (ps)   (ps)  Location 
#--------------------------------------------------------------------------------------------------------------------------
  Stage1_s_reg[14][22]/CK                          -       -      R     (arrival)   1760    -     0     0     100    (-,-) 
  Stage1_s_reg[14][22]/Q                           -       CK->Q  R     DFFRX2         2  5.4    86   298     398    (-,-) 
  WALLACE_CSA_DUMMY_OP_groupi3046_cdnfadd_022_1/S  -       A->S   F     ADDFX1         1  3.7   119   370     768    (-,-) 
  WALLACE_CSA_DUMMY_OP_groupi3046_cdnfadd_022_3/CO -       CI->CO F     ADDFHX2        1  3.7    85   237    1004    (-,-) 
  WALLACE_CSA_DUMMY_OP_groupi3046_cdnfadd_023_4/S  -       CI->S  R     ADDFHX1        1  4.0   106   318    1322    (-,-) 
  WALLACE_CSA_DUMMY_OP_groupi3046_cdnfadd_023_5/S  -       B->S   F     ADDFHX2        2  5.6   110   386    1708    (-,-) 
  WALLACE_CSA_DUMMY_OP_groupi3046_g4665/Y          -       B->Y   F     OR2X6          4  9.0    70   177    1885    (-,-) 
  WALLACE_CSA_DUMMY_OP_groupi3046_g4423/Y          -       A1->Y  R     AOI21X2        1  4.5   135   126    2012    (-,-) 
  WALLACE_CSA_DUMMY_OP_groupi3046_g4364/Y          -       B0->Y  F     OAI21X4        1  5.8   141   156    2167    (-,-) 
  WALLACE_CSA_DUMMY_OP_groupi3046_g4278/Y          -       A->Y   R     NOR2X8         2  8.4    77   119    2286    (-,-) 
  WALLACE_CSA_DUMMY_OP_groupi3046_g4251/Y          -       B->Y   F     NOR2X8         1  5.8    46    59    2345    (-,-) 
  WALLACE_CSA_DUMMY_OP_groupi3046_g4246/Y          -       B->Y   R     NOR2X8         4 19.2   130    99    2444    (-,-) 
  WALLACE_CSA_DUMMY_OP_groupi3046_g4235/Y          -       A->Y   F     CLKINVX20     24 70.9   133   125    2570    (-,-) 
  WALLACE_CSA_DUMMY_OP_groupi3046_g4207/Y          -       B->Y   R     NAND2X8        3 10.2    62    84    2653    (-,-) 
  WALLACE_CSA_DUMMY_OP_groupi3046_g4159/Y          -       A1->Y  F     OAI21X4        2  6.1   142   119    2772    (-,-) 
  WALLACE_CSA_DUMMY_OP_groupi3046_g4126/Y          -       A1N->Y F     OAI2BB2X4      1  4.3   138   218    2990    (-,-) 
  g64271/Y                                         -       A->Y   R     CLKINVX4       1  4.5    52    85    3075    (-,-) 
  g63932/Y                                         -       A1->Y  F     OAI21X4        1  3.2   108    91    3167    (-,-) 
  Stage2_s_reg[1][38]/D                            <<<     -      F     DFFRHQX1       1    -     -     0    3167    (-,-) 
#--------------------------------------------------------------------------------------------------------------------------

