============================================================
  Generated by:           Genus(TM) Synthesis Solution 21.18-s082_1
  Generated on:           Oct 29 2025  03:28:29 pm
  Module:                 biriscv_multiplier
  Operating conditions:   PVT_0P9V_125C 
  Operating conditions:   PVT_1P32V_0C 
  Interconnect mode:      global
  Area mode:              physical library
============================================================

                                                Library 
   Gate     Instances    Area        Library     Domain 
--------------------------------------------------------
ADDFHX1           273   2054.052    slow_vdd1v0   worst 
ADDFHX2           315   2585.520    slow_vdd1v0   worst 
ADDFHX4             4     38.304    slow_vdd1v0   worst 
ADDFHXL             2     15.048    slow_vdd1v0   worst 
ADDFX1            593   3042.090    slow_vdd1v0   worst 
ADDFX2             19    149.454    slow_vdd1v0   worst 
ADDHX1             22     82.764    slow_vdd1v0   worst 
ADDHX2              2     10.260    slow_vdd1v0   worst 
ADDHX4              1      7.182    slow_vdd1v0   worst 
AND2X1            136    186.048    slow_vdd1v0   worst 
AND2X2             10     17.100    slow_vdd1v0   worst 
AND2X4             63    172.368    slow_vdd1v0   worst 
AND2X6             18     67.716    slow_vdd1v0   worst 
AND2X8              3     13.338    slow_vdd1v0   worst 
AO21X1              6     14.364    slow_vdd1v0   worst 
AO21X4              1      3.420    slow_vdd1v0   worst 
AO22X1           1027   2809.872    slow_vdd1v0   worst 
AOI211X4           16    103.968    slow_vdd1v0   worst 
AOI21X1             6     10.260    slow_vdd1v0   worst 
AOI21X2            16     43.776    slow_vdd1v0   worst 
AOI21X4           111    569.430    slow_vdd1v0   worst 
AOI221X4           13    102.258    slow_vdd1v0   worst 
AOI22X2             1      3.762    slow_vdd1v0   worst 
AOI22X4             2     12.312    slow_vdd1v0   worst 
AOI2BB1X1          14     28.728    slow_vdd1v0   worst 
AOI2BB1X2          14     43.092    slow_vdd1v0   worst 
AOI2BB1X4          49    201.096    slow_vdd1v0   worst 
AOI2BB2X4          11     82.764    slow_vdd1v0   worst 
BUFX16              2     13.680    slow_vdd1v0   worst 
BUFX2               6     10.260    slow_vdd1v0   worst 
BUFX3              10     20.520    slow_vdd1v0   worst 
BUFX6              18     55.404    slow_vdd1v0   worst 
CLKAND2X12         14    105.336    slow_vdd1v0   worst 
CLKAND2X2          43     88.236    slow_vdd1v0   worst 
CLKAND2X3          42    129.276    slow_vdd1v0   worst 
CLKAND2X4           4     13.680    slow_vdd1v0   worst 
CLKAND2X6         102    488.376    slow_vdd1v0   worst 
CLKAND2X8           2     11.628    slow_vdd1v0   worst 
CLKBUFX16           1      6.840    slow_vdd1v0   worst 
CLKBUFX2            1      1.710    slow_vdd1v0   worst 
CLKINVX1            2      2.052    slow_vdd1v0   worst 
CLKINVX12          37    151.848    slow_vdd1v0   worst 
CLKINVX16           4     21.888    slow_vdd1v0   worst 
CLKINVX2            6      8.208    slow_vdd1v0   worst 
CLKINVX20           7     45.486    slow_vdd1v0   worst 
CLKINVX3            4      6.840    slow_vdd1v0   worst 
CLKINVX4          136    232.560    slow_vdd1v0   worst 
CLKINVX6           55    131.670    slow_vdd1v0   worst 
CLKINVX8           14     43.092    slow_vdd1v0   worst 
CLKMX2X3           50    205.200    slow_vdd1v0   worst 
CLKMX2X6           18     80.028    slow_vdd1v0   worst 
CLKMX2X8           30    174.420    slow_vdd1v0   worst 
CLKXOR2X1          86    235.296    slow_vdd1v0   worst 
CLKXOR2X2          20     68.400    slow_vdd1v0   worst 
DFFRHQX1          327   2013.012    slow_vdd1v0   worst 
DFFRHQX2           64    503.424    slow_vdd1v0   worst 
DFFRHQX4          308   2949.408    slow_vdd1v0   worst 
DFFRHQX8            2     22.572    slow_vdd1v0   worst 
DFFRX2           1011   7606.764    slow_vdd1v0   worst 
DFFRX4             48    459.648    slow_vdd1v0   worst 
INVX1             232    158.688    slow_vdd1v0   worst 
INVX2              57     58.482    slow_vdd1v0   worst 
INVX20              4     25.992    slow_vdd1v0   worst 
INVX3              70     95.760    slow_vdd1v0   worst 
INVX4               3      5.130    slow_vdd1v0   worst 
INVX6               3      7.182    slow_vdd1v0   worst 
INVXL               4      2.736    slow_vdd1v0   worst 
MX2X1              51    122.094    slow_vdd1v0   worst 
MXI2X2              3     13.338    slow_vdd1v0   worst 
MXI2X4              1      5.130    slow_vdd1v0   worst 
NAND2BX1           19     25.992    slow_vdd1v0   worst 
NAND2BX2           12     28.728    slow_vdd1v0   worst 
NAND2BX4           11     41.382    slow_vdd1v0   worst 
NAND2BXL            2      2.736    slow_vdd1v0   worst 
NAND2X1           147    150.822    slow_vdd1v0   worst 
NAND2X2            48     82.080    slow_vdd1v0   worst 
NAND2X4            70    239.400    slow_vdd1v0   worst 
NAND2X6            61    292.068    slow_vdd1v0   worst 
NAND2X8            36    196.992    slow_vdd1v0   worst 
NAND3BX2            4     12.312    slow_vdd1v0   worst 
NAND3X2             3      8.208    slow_vdd1v0   worst 
NAND3X4             1      4.788    slow_vdd1v0   worst 
NAND3X6             1      7.182    slow_vdd1v0   worst 
NAND3X8             1      8.208    slow_vdd1v0   worst 
NOR2BX1            68     93.024    slow_vdd1v0   worst 
NOR2BX2            18     49.248    slow_vdd1v0   worst 
NOR2BX4            24     90.288    slow_vdd1v0   worst 
NOR2X1            115    117.990    slow_vdd1v0   worst 
NOR2X2             75    128.250    slow_vdd1v0   worst 
NOR2X4            198    609.444    slow_vdd1v0   worst 
NOR2X6            183    751.032    slow_vdd1v0   worst 
NOR2X8             89    487.008    slow_vdd1v0   worst 
NOR2XL             21     21.546    slow_vdd1v0   worst 
NOR3BX4             1      5.814    slow_vdd1v0   worst 
NOR3X1              2      3.420    slow_vdd1v0   worst 
NOR3X4              1      5.130    slow_vdd1v0   worst 
NOR3X6              9     64.638    slow_vdd1v0   worst 
NOR3X8              8     71.136    slow_vdd1v0   worst 
OA21X1              5     10.260    slow_vdd1v0   worst 
OA21X2              2      6.156    slow_vdd1v0   worst 
OA21X4              2      7.524    slow_vdd1v0   worst 
OAI21X1             1      1.710    slow_vdd1v0   worst 
OAI21X2            33    101.574    slow_vdd1v0   worst 
OAI21X4           290   1388.520    slow_vdd1v0   worst 
OAI22X1            26     53.352    slow_vdd1v0   worst 
OAI22XL             1      2.052    slow_vdd1v0   worst 
OAI2BB1X1         201    343.710    slow_vdd1v0   worst 
OAI2BB1X2         329   1012.662    slow_vdd1v0   worst 
OAI2BB1X4           6     26.676    slow_vdd1v0   worst 
OAI2BB2X4          26    222.300    slow_vdd1v0   worst 
OR2X1              33     45.144    slow_vdd1v0   worst 
OR2X2              23     39.330    slow_vdd1v0   worst 
OR2X4              40    109.440    slow_vdd1v0   worst 
OR2X6              77    289.674    slow_vdd1v0   worst 
OR2X8              11     48.906    slow_vdd1v0   worst 
OR3X1               4      8.208    slow_vdd1v0   worst 
OR4X1               1      2.052    slow_vdd1v0   worst 
XNOR2X1           105    251.370    slow_vdd1v0   worst 
XNOR2X2            27     83.106    slow_vdd1v0   worst 
XNOR2X4             1      3.762    slow_vdd1v0   worst 
XOR2X1              3      8.208    slow_vdd1v0   worst 
--------------------------------------------------------
total            8125  36536.202                


                                          
     Type      Instances    Area   Area % 
------------------------------------------
sequential          1760 13554.828   37.1 
inverter             638   997.614    2.7 
buffer                38   108.414    0.3 
logic               5689 21875.346   59.9 
physical_cells         0     0.000    0.0 
------------------------------------------
total               8125 36536.202  100.0 

