============================================================
  Generated by:           Genus(TM) Synthesis Solution 21.18-s082_1
  Generated on:           Oct 29 2025  03:28:30 pm
  Module:                 biriscv_multiplier
  Operating conditions:   PVT_0P9V_125C 
  Operating conditions:   PVT_1P32V_0C 
  Interconnect mode:      global
  Area mode:              physical library
============================================================

Timing
--------

Clock Period 
-------------
clk_i 2860.0 


  Cost    Critical              Violating 
 Group   Path Slack     TNS       Paths   
------------------------------------------
clk_i        -354.8   -39373.2        186 
default    No paths        0.0            
------------------------------------------
Total                 -39373.2        186 

Instance Count
--------------
Leaf Instance Count             8125 
Physical Instance count            0 
Sequential Instance Count       1760 
Combinational Instance Count    6365 
Hierarchical Instance Count        0 

Area
----
Cell Area                          36536.202
Physical Cell Area                 0.000
Total Cell Area (Cell+Physical)    36536.202
Net Area                           10282.445
Total Area (Cell+Physical+Net)     46818.647

Max Fanout                         1760 (clk_i)
Min Fanout                         0 (n_22)
Average Fanout                     2.2
Terms to net ratio                 3.4575
Terms to instance ratio            3.9988
Runtime                            255.91724300000033 seconds
Elapsed Runtime                    252 seconds
Genus peak memory usage            2130.55 
Innovus peak memory usage          no_value 
Hostname                           gmicro02
