============================================================
  Generated by:           Genus(TM) Synthesis Solution 21.18-s082_1
  Generated on:           Oct 20 2025  08:13:18 pm
  Module:                 riscv_core
  Operating conditions:   PVT_0P9V_125C 
  Operating conditions:   PVT_1P32V_0C 
  Interconnect mode:      global
  Area mode:              physical library
============================================================


Path 1: VIOLATED (-100 ps) Setup Check with Pin u_issue_pc_x_q_reg[7]/CK->D
          Group: clk
     Startpoint: (R) u_frontend_u_decode_genblk1.u_fifo_rd_ptr_q_reg[0]/CK
          Clock: (R) clk
       Endpoint: (R) u_issue_pc_x_q_reg[7]/D
          Clock: (R) clk

                     Capture       Launch     
        Clock Edge:+    5880            0     
       Src Latency:+       0            0     
       Net Latency:+     100 (I)      100 (I) 
           Arrival:=    5980          100     
                                              
             Setup:-     154                  
       Uncertainty:-      50                  
     Required Time:=    5776                  
      Launch Clock:-     100                  
         Data Path:-    5777                  
             Slack:=    -100                  

#--------------------------------------------------------------------------------------------------------------------------------
#                     Timing Point                      Flags    Arc   Edge    Cell     Fanout Load Trans Delay Arrival Instance 
#                                                                                              (fF)  (ps)  (ps)   (ps)  Location 
#--------------------------------------------------------------------------------------------------------------------------------
  u_frontend_u_decode_genblk1.u_fifo_rd_ptr_q_reg[0]/CK -       -      R     (arrival)    2870    -     0     0     100    (-,-) 
  u_frontend_u_decode_genblk1.u_fifo_rd_ptr_q_reg[0]/Q  -       CK->Q  R     DFFRX4          1  9.3    81   305     405    (-,-) 
  fopt192/Y                                             -       A->Y   F     CLKINVX16       5 28.0    74    74     478    (-,-) 
  fopt186/Y                                             -       A->Y   R     CLKINVX16       2 18.8    48    58     536    (-,-) 
  fopt185/Y                                             -       A->Y   F     CLKINVX20      14 35.3    69    62     598    (-,-) 
  fopt156/Y                                             -       A->Y   F     BUFX6           2  5.4    41    98     697    (-,-) 
  g304304/Y                                             -       A1N->Y F     AOI2BB1X4       2  7.3    85   174     871    (-,-) 
  g303960/Y                                             -       A1->Y  R     AOI22X4         1  6.1   117   129    1001    (-,-) 
  g303821/Y                                             -       A->Y   F     NAND2X8         1  5.8    94   118    1118    (-,-) 
  g303788/Y                                             -       A->Y   R     NOR2X8          1  6.1    67    92    1210    (-,-) 
  g303721/Y                                             -       B->Y   F     NAND2X8         3 12.3   129   110    1320    (-,-) 
  g303574/Y                                             -       B->Y   R     NOR3X8          2  7.4   115   147    1466    (-,-) 
  g303505/Y                                             -       B->Y   R     CLKAND2X12     10 29.1    76   164    1631    (-,-) 
  g303276/Y                                             -       B->Y   R     CLKAND2X6       1  6.1    40   118    1748    (-,-) 
  g303197/Y                                             -       B->Y   F     NOR2X8         11 28.9   121    84    1833    (-,-) 
  g302590/Y                                             -       A1->Y  R     AOI22X4         1  6.1   132   146    1979    (-,-) 
  g302284/Y                                             -       A->Y   F     NAND2X8         2 10.2   122   142    2122    (-,-) 
  g301960/Y                                             -       C->Y   R     NOR3X8          1  5.3   100   108    2229    (-,-) 
  g301658/Y                                             -       B->Y   F     NOR2X6          2  8.1    64    80    2309    (-,-) 
  g301319/Y                                             -       B->Y   R     NAND2X6         3 11.0    63    61    2370    (-,-) 
  fopt305458/Y                                          -       A->Y   R     CLKBUFX12       5 19.4    57   118    2488    (-,-) 
  fopt305454/Y                                          -       A->Y   R     BUFX6           4  9.6    49   102    2590    (-,-) 
  fopt305453/Y                                          -       A->Y   R     BUFX6           4 12.0    57   103    2693    (-,-) 
  g300906/Y                                             -       B->Y   F     NOR2BX2         1  4.3    78    72    2765    (-,-) 
  g298854/Y                                             -       B0->Y  R     AOI211X4        1  5.3   150   152    2918    (-,-) 
  g297513/Y                                             -       B->Y   F     NAND2X6         1  4.3    93   120    3037    (-,-) 
  g297052/Y                                             -       B0->Y  R     AOI21X4         1  3.2    72    88    3126    (-,-) 
  g296272/Y                                             -       A->Y   R     CLKAND2X2       1  4.5    64   149    3274    (-,-) 
  g296003/Y                                             -       A->Y   F     NAND2X4         1  4.3   105   102    3377    (-,-) 
  g295833/Y                                             -       A->Y   R     NOR2X4          1  3.9    73   102    3478    (-,-) 
  g295786/Y                                             -       A->Y   R     CLKAND2X6       2  7.6    45   129    3608    (-,-) 
  fopt305268/Y                                          -       A->Y   F     CLKINVX6        4 10.0    60    56    3664    (-,-) 
  g275792/Y                                             -       B->Y   R     NAND2BX4        2  7.0    59    59    3723    (-,-) 
  g273750/Y                                             -       A->Y   F     NOR2X6          2  5.4    50    61    3784    (-,-) 
  g272571/Y                                             -       A1N->Y F     AOI2BB1X4       1  4.3    66   168    3952    (-,-) 
  g272460/Y                                             -       B0->Y  R     AOI21X4         1  4.5    85    84    4036    (-,-) 
  g270750/Y                                             -       A1->Y  F     OAI21X4         1  4.3   112   116    4152    (-,-) 
  g268665/Y                                             -       B0->Y  R     AOI2BB1X4       1  4.5    80   111    4263    (-,-) 
  g266588/Y                                             -       B0->Y  F     OAI21X4         1  4.4   115   118    4381    (-,-) 
  g266298/Y                                             -       A1->Y  R     AOI21X4         1  5.3    97   120    4501    (-,-) 
  g266130/Y                                             -       B->Y   F     NOR2X6          2  7.6    62    77    4578    (-,-) 
  g266067/Y                                             -       B->Y   R     NOR2X8          1  6.1    66    65    4644    (-,-) 
  g266030/Y                                             -       B->Y   F     NOR2X8          1  5.1    58    53    4696    (-,-) 
  g265993/Y                                             -       B->Y   R     NOR2X6          2  5.2    68    66    4762    (-,-) 
  g265710/Y                                             -       A1->Y  R     AO21X4          1  4.5    62   208    4970    (-,-) 
  g265575/Y                                             -       B0->Y  F     AOI2BB1X4       1  4.3    66    65    5035    (-,-) 
  g265429/Y                                             -       B0->Y  R     AOI2BB1X4       1  6.1    96   100    5136    (-,-) 
  g265405/Y                                             -       B->Y   F     NOR2X8          2  7.6    69    71    5207    (-,-) 
  g265310/Y                                             -       B->Y   R     NOR2X8          3  9.8    84    80    5286    (-,-) 
  g265215/Y                                             -       B->Y   F     NAND2X6         2  9.2   129   116    5402    (-,-) 
  g265170/Y                                             -       A->Y   R     CLKINVX12      30 53.7   122   118    5521    (-,-) 
  g264955/Y                                             -       A1N->Y R     OAI2BB1X2       1  4.5    82   234    5754    (-,-) 
  g264885/Y                                             -       A->Y   F     NOR2X4          1  4.3    57    75    5830    (-,-) 
  g264834/Y                                             -       B0->Y  R     OAI21X4         1  3.2    82    47    5877    (-,-) 
  u_issue_pc_x_q_reg[7]/D                               <<<     -      R     DFFRHQX4        1    -     -     0    5877    (-,-) 
#--------------------------------------------------------------------------------------------------------------------------------

