============================================================
  Generated by:           Genus(TM) Synthesis Solution 21.18-s082_1
  Generated on:           Oct 20 2025  08:13:19 pm
  Module:                 riscv_core
  Operating conditions:   PVT_0P9V_125C 
  Operating conditions:   PVT_1P32V_0C 
  Interconnect mode:      global
  Area mode:              physical library
============================================================

                                                Library 
   Gate     Instances    Area        Library     Domain 
--------------------------------------------------------
ADDFHX1             3     22.572    slow_vdd1v0   worst 
ADDFHX2             6     49.248    slow_vdd1v0   worst 
ADDFHX4             1      9.576    slow_vdd1v0   worst 
ADDFX1            473   2426.490    slow_vdd1v0   worst 
ADDHX1            151    568.062    slow_vdd1v0   worst 
ADDHX2             16     82.080    slow_vdd1v0   worst 
ADDHX4             35    251.370    slow_vdd1v0   worst 
AND2X1           1066   1458.288    slow_vdd1v0   worst 
AND2X2            102    174.420    slow_vdd1v0   worst 
AND2X4             97    265.392    slow_vdd1v0   worst 
AND2X6            163    613.206    slow_vdd1v0   worst 
AND2X8             40    177.840    slow_vdd1v0   worst 
AND3X1              1      2.394    slow_vdd1v0   worst 
AND3X4              2      6.156    slow_vdd1v0   worst 
AND3X6              6     26.676    slow_vdd1v0   worst 
AND3X8              3     15.390    slow_vdd1v0   worst 
AND3XL             16     32.832    slow_vdd1v0   worst 
AND4X1             48    114.912    slow_vdd1v0   worst 
AND4X4              1      3.762    slow_vdd1v0   worst 
AND4X6              2     11.628    slow_vdd1v0   worst 
AND4X8              2     12.312    slow_vdd1v0   worst 
AO21X1            136    325.584    slow_vdd1v0   worst 
AO21X2             46    125.856    slow_vdd1v0   worst 
AO21X4             72    246.240    slow_vdd1v0   worst 
AO22X1           1012   2768.832    slow_vdd1v0   worst 
AO22X2              8     24.624    slow_vdd1v0   worst 
AO22X4             39    146.718    slow_vdd1v0   worst 
AOI211X1            3      7.182    slow_vdd1v0   worst 
AOI211X2           27     92.340    slow_vdd1v0   worst 
AOI211X4           47    305.406    slow_vdd1v0   worst 
AOI21X1           205    350.550    slow_vdd1v0   worst 
AOI21X2           141    385.776    slow_vdd1v0   worst 
AOI21X4           245   1256.850    slow_vdd1v0   worst 
AOI21XL             2      3.420    slow_vdd1v0   worst 
AOI221X2          106    471.276    slow_vdd1v0   worst 
AOI221X4          122    959.652    slow_vdd1v0   worst 
AOI222X1            1      3.078    slow_vdd1v0   worst 
AOI222X2           23    125.856    slow_vdd1v0   worst 
AOI222X4           24    229.824    slow_vdd1v0   worst 
AOI22X1          2160   4432.320    slow_vdd1v0   worst 
AOI22X2          1023   3848.526    slow_vdd1v0   worst 
AOI22X4           275   1692.900    slow_vdd1v0   worst 
AOI22XL             1      2.052    slow_vdd1v0   worst 
AOI2BB1X1          45     92.340    slow_vdd1v0   worst 
AOI2BB1X2         129    397.062    slow_vdd1v0   worst 
AOI2BB1X4         131    537.624    slow_vdd1v0   worst 
AOI2BB2X1           4     13.680    slow_vdd1v0   worst 
AOI2BB2X2          23    117.990    slow_vdd1v0   worst 
AOI2BB2X4          24    180.576    slow_vdd1v0   worst 
AOI31X2             2      6.840    slow_vdd1v0   worst 
AOI31X4             2     12.996    slow_vdd1v0   worst 
BUFX12             20    102.600    slow_vdd1v0   worst 
BUFX16              5     34.200    slow_vdd1v0   worst 
BUFX2             152    259.920    slow_vdd1v0   worst 
BUFX20              4     32.832    slow_vdd1v0   worst 
BUFX3              49    100.548    slow_vdd1v0   worst 
BUFX4               6     14.364    slow_vdd1v0   worst 
BUFX6             466   1434.348    slow_vdd1v0   worst 
BUFX8             103    387.486    slow_vdd1v0   worst 
CLKAND2X12        122    917.928    slow_vdd1v0   worst 
CLKAND2X2         465    954.180    slow_vdd1v0   worst 
CLKAND2X3         126    387.828    slow_vdd1v0   worst 
CLKAND2X4          16     54.720    slow_vdd1v0   worst 
CLKAND2X6         204    976.752    slow_vdd1v0   worst 
CLKAND2X8          21    122.094    slow_vdd1v0   worst 
CLKBUFX12          12     61.560    slow_vdd1v0   worst 
CLKBUFX16          44    300.960    slow_vdd1v0   worst 
CLKBUFX2            1      1.710    slow_vdd1v0   worst 
CLKBUFX20          12     98.496    slow_vdd1v0   worst 
CLKBUFX3            2      4.104    slow_vdd1v0   worst 
CLKBUFX4            9     21.546    slow_vdd1v0   worst 
CLKBUFX6            5     15.390    slow_vdd1v0   worst 
CLKBUFX8            1      3.762    slow_vdd1v0   worst 
CLKINVX1            4      4.104    slow_vdd1v0   worst 
CLKINVX12         168    689.472    slow_vdd1v0   worst 
CLKINVX16          87    476.064    slow_vdd1v0   worst 
CLKINVX2           37     50.616    slow_vdd1v0   worst 
CLKINVX20          26    168.948    slow_vdd1v0   worst 
CLKINVX3           48     82.080    slow_vdd1v0   worst 
CLKINVX4          374    639.540    slow_vdd1v0   worst 
CLKINVX6          240    574.560    slow_vdd1v0   worst 
CLKINVX8          257    791.046    slow_vdd1v0   worst 
CLKMX2X2           24     73.872    slow_vdd1v0   worst 
CLKMX2X3           43    176.472    slow_vdd1v0   worst 
CLKMX2X6            1      4.446    slow_vdd1v0   worst 
CLKMX2X8           16     93.024    slow_vdd1v0   worst 
CLKXOR2X1         174    476.064    slow_vdd1v0   worst 
CLKXOR2X2           6     20.520    slow_vdd1v0   worst 
DFFQX2            992   6446.016    slow_vdd1v0   worst 
DFFRHQX1         1443   8883.108    slow_vdd1v0   worst 
DFFRHQX2           17    133.722    slow_vdd1v0   worst 
DFFRHQX4           19    181.944    slow_vdd1v0   worst 
DFFRHQX8           18    203.148    slow_vdd1v0   worst 
DFFRX1             26    177.840    slow_vdd1v0   worst 
DFFRX2            349   2625.876    slow_vdd1v0   worst 
DFFRX4              2     19.152    slow_vdd1v0   worst 
DFFRXL              4     34.200    slow_vdd1v0   worst 
INVX1             961    657.324    slow_vdd1v0   worst 
INVX12              4     16.416    slow_vdd1v0   worst 
INVX16              6     32.832    slow_vdd1v0   worst 
INVX2             453    464.778    slow_vdd1v0   worst 
INVX20              8     51.984    slow_vdd1v0   worst 
INVX3             184    251.712    slow_vdd1v0   worst 
INVX4               2      3.420    slow_vdd1v0   worst 
INVX6              18     43.092    slow_vdd1v0   worst 
INVX8              12     36.936    slow_vdd1v0   worst 
INVXL              11      7.524    slow_vdd1v0   worst 
MX2X1             748   1790.712    slow_vdd1v0   worst 
MX3XL               1      4.788    slow_vdd1v0   worst 
MXI2X1              2      5.472    slow_vdd1v0   worst 
MXI2X2             35    155.610    slow_vdd1v0   worst 
MXI2X4             30    153.900    slow_vdd1v0   worst 
MXI2X6             15     76.950    slow_vdd1v0   worst 
MXI2X8              1      6.156    slow_vdd1v0   worst 
NAND2BX1          107    146.376    slow_vdd1v0   worst 
NAND2BX2           88    210.672    slow_vdd1v0   worst 
NAND2BX4           77    289.674    slow_vdd1v0   worst 
NAND2X1           303    310.878    slow_vdd1v0   worst 
NAND2X2           663   1133.730    slow_vdd1v0   worst 
NAND2X4           723   2472.660    slow_vdd1v0   worst 
NAND2X6           303   1450.764    slow_vdd1v0   worst 
NAND2X8           221   1209.312    slow_vdd1v0   worst 
NAND2XL             1      1.026    slow_vdd1v0   worst 
NAND3BX2           16     49.248    slow_vdd1v0   worst 
NAND3BX4            8     41.040    slow_vdd1v0   worst 
NAND3X2            24     65.664    slow_vdd1v0   worst 
NAND3X4            37    177.156    slow_vdd1v0   worst 
NAND3X6            10     71.820    slow_vdd1v0   worst 
NAND3X8             2     16.416    slow_vdd1v0   worst 
NAND3XL             1      1.710    slow_vdd1v0   worst 
NOR2BX1           191    261.288    slow_vdd1v0   worst 
NOR2BX2           135    369.360    slow_vdd1v0   worst 
NOR2BX4            43    161.766    slow_vdd1v0   worst 
NOR2X1            270    277.020    slow_vdd1v0   worst 
NOR2X2            420    718.200    slow_vdd1v0   worst 
NOR2X4            621   1911.438    slow_vdd1v0   worst 
NOR2X6            353   1448.712    slow_vdd1v0   worst 
NOR2X8            166    908.352    slow_vdd1v0   worst 
NOR2XL              1      1.026    slow_vdd1v0   worst 
NOR3BX1             4      8.208    slow_vdd1v0   worst 
NOR3BX2             4     13.680    slow_vdd1v0   worst 
NOR3BX4             9     52.326    slow_vdd1v0   worst 
NOR3X1              5      8.550    slow_vdd1v0   worst 
NOR3X2             15     41.040    slow_vdd1v0   worst 
NOR3X4             29    148.770    slow_vdd1v0   worst 
NOR3X6             40    287.280    slow_vdd1v0   worst 
NOR3X8             36    320.112    slow_vdd1v0   worst 
NOR4BX2             1      4.788    slow_vdd1v0   worst 
NOR4BX4             1      7.524    slow_vdd1v0   worst 
NOR4X1              1      1.710    slow_vdd1v0   worst 
NOR4X2              7     23.940    slow_vdd1v0   worst 
NOR4X4              1      6.498    slow_vdd1v0   worst 
NOR4X8              4     42.408    slow_vdd1v0   worst 
OA21X1            172    352.944    slow_vdd1v0   worst 
OA21X2              5     15.390    slow_vdd1v0   worst 
OA21X4              5     18.810    slow_vdd1v0   worst 
OA22X1            187    447.678    slow_vdd1v0   worst 
OA22X2              6     20.520    slow_vdd1v0   worst 
OA22X4             15     61.560    slow_vdd1v0   worst 
OAI211X2            1      4.104    slow_vdd1v0   worst 
OAI211X4           14     90.972    slow_vdd1v0   worst 
OAI21X1           120    205.200    slow_vdd1v0   worst 
OAI21X2           167    514.026    slow_vdd1v0   worst 
OAI21X4           352   1685.376    slow_vdd1v0   worst 
OAI21XL             5      8.550    slow_vdd1v0   worst 
OAI221X2            2      9.576    slow_vdd1v0   worst 
OAI221X4           15    117.990    slow_vdd1v0   worst 
OAI22X1           297    609.444    slow_vdd1v0   worst 
OAI22X2            75    256.500    slow_vdd1v0   worst 
OAI22X4            23    149.454    slow_vdd1v0   worst 
OAI22XL             1      2.052    slow_vdd1v0   worst 
OAI2BB1X1        1531   2618.010    slow_vdd1v0   worst 
OAI2BB1X2         177    544.806    slow_vdd1v0   worst 
OAI2BB1X4         190    844.740    slow_vdd1v0   worst 
OAI2BB2X1           4     16.416    slow_vdd1v0   worst 
OAI2BB2X2          11     60.192    slow_vdd1v0   worst 
OAI2BB2X4          31    265.050    slow_vdd1v0   worst 
OAI31X1             1      2.052    slow_vdd1v0   worst 
OAI31X2             7     26.334    slow_vdd1v0   worst 
OAI31X4             2     13.680    slow_vdd1v0   worst 
OAI32X2             2      8.892    slow_vdd1v0   worst 
OR2X1             326    445.968    slow_vdd1v0   worst 
OR2X2              63    107.730    slow_vdd1v0   worst 
OR2X4              45    123.120    slow_vdd1v0   worst 
OR2X6              76    285.912    slow_vdd1v0   worst 
OR2X8              14     62.244    slow_vdd1v0   worst 
OR3X1              67    137.484    slow_vdd1v0   worst 
OR3X2               2      4.788    slow_vdd1v0   worst 
OR3X4               8     24.624    slow_vdd1v0   worst 
OR3X6               4     19.152    slow_vdd1v0   worst 
OR3X8               3     16.416    slow_vdd1v0   worst 
OR4X1              76    155.952    slow_vdd1v0   worst 
OR4X6               5     27.360    slow_vdd1v0   worst 
OR4X8               5     30.780    slow_vdd1v0   worst 
XNOR2X1           722   1728.468    slow_vdd1v0   worst 
XNOR2X2             8     24.624    slow_vdd1v0   worst 
XNOR2X4             1      3.762    slow_vdd1v0   worst 
XOR2X4              2      8.208    slow_vdd1v0   worst 
--------------------------------------------------------
total           26809  85410.396                


                                          
     Type      Instances    Area   Area % 
------------------------------------------
sequential          2870 18705.006   21.9 
inverter            2900  5042.448    5.9 
buffer               891  2873.826    3.4 
logic              20148 58789.116   68.8 
physical_cells         0     0.000    0.0 
------------------------------------------
total              26809 85410.396  100.0 

