============================================================
  Generated by:           Genus(TM) Synthesis Solution 21.18-s082_1
  Generated on:           Oct 20 2025  08:13:19 pm
  Module:                 riscv_core
  Operating conditions:   PVT_0P9V_125C 
  Operating conditions:   PVT_1P32V_0C 
  Interconnect mode:      global
  Area mode:              physical library
============================================================

Timing
--------

Clock Period 
-------------
clk   5880.0 


  Cost    Critical             Violating 
 Group   Path Slack    TNS       Paths   
-----------------------------------------
clk          -100.4   -5138.8         84 
default    No paths       0.0            
-----------------------------------------
Total                 -5138.8         84 

Instance Count
--------------
Leaf Instance Count             26809 
Physical Instance count             0 
Sequential Instance Count        2870 
Combinational Instance Count    23939 
Hierarchical Instance Count         4 

Area
----
Cell Area                          85410.396
Physical Cell Area                 0.000
Total Cell Area (Cell+Physical)    85410.396
Net Area                           33821.451
Total Area (Cell+Physical+Net)     119231.847

Max Fanout                         2870 (clk)
Min Fanout                         0 (fetch0_instr_branch_w)
Average Fanout                     2.4
Terms to net ratio                 3.5118
Terms to instance ratio            3.6219
Runtime                            637.339285 seconds
Elapsed Runtime                    662 seconds
Genus peak memory usage            1742.62 
Innovus peak memory usage          no_value 
Hostname                           gmicro02
