============================================================
  Generated by:           Genus(TM) Synthesis Solution 21.18-s082_1
  Generated on:           Oct 28 2025  10:43:55 pm
  Module:                 riscv_core
  Operating conditions:   PVT_0P9V_125C 
  Operating conditions:   PVT_1P32V_0C 
  Interconnect mode:      global
  Area mode:              physical library
============================================================


Path 1: MET (0 ps) Setup Check with Pin u_issue_pc_x_q_reg[31]/CK->D
          Group: clk
     Startpoint: (R) mem_d_ack_i
          Clock: (R) clk
       Endpoint: (F) u_issue_pc_x_q_reg[31]/D
          Clock: (R) clk

                     Capture       Launch     
        Clock Edge:+    2060            0     
        Drv Adjust:+       0            0     
       Src Latency:+       0            0     
       Net Latency:+     100 (I)      100 (I) 
           Arrival:=    2160          100     
                                              
             Setup:-      12                  
       Uncertainty:-      50                  
     Required Time:=    2098                  
      Launch Clock:-     100                  
       Input Delay:-     300                  
         Data Path:-    1698                  
             Slack:=       0                  

Exceptions/Constraints:
  input_delay             300             riscv_core.sdc_line_30_34_1 

#--------------------------------------------------------------------------------------------------------------------------
#                  Timing Point                   Flags    Arc   Edge    Cell     Fanout Load Trans Delay Arrival Instance 
#                                                                                        (fF)  (ps)  (ps)   (ps)  Location 
#--------------------------------------------------------------------------------------------------------------------------
  mem_d_ack_i                                     -       -      R     (arrival)       1  9.0   264     0     400    (-,-) 
  g164548/Y                                       -       A->Y   F     CLKINVX12       1  6.6    38    29     429    (-,-) 
  g164547/Y                                       -       A->Y   R     CLKINVX8        2 10.8    14    12     441    (-,-) 
  g279008/Y                                       -       A->Y   F     CLKINVX12       3 11.8    10    10     451    (-,-) 
  g279006/Y                                       -       A->Y   R     CLKINVX4        1  6.0    11    10     461    (-,-) 
  g278767/Y                                       -       B->Y   F     NOR2X6          1  6.4    22    10     470    (-,-) 
  g278420/Y                                       -       B->Y   R     NOR2X8          6 20.9    37    24     494    (-,-) 
  g278293/Y                                       -       B->Y   F     NOR2X4          3 10.0    24    17     511    (-,-) 
  g278221/Y                                       -       A->Y   R     NOR2X4          1  5.9    22    18     530    (-,-) 
  g278145/Y                                       -       B->Y   F     NAND2X6         1  5.9    19    16     545    (-,-) 
  g278112/Y                                       -       A->Y   R     NOR2X6          1  6.1    18    16     561    (-,-) 
  g278046/Y                                       -       A->Y   F     NAND2X6         2  8.8    24    19     580    (-,-) 
  g277942/Y                                       -       B->Y   R     NOR3X8          1  9.0    28    24     604    (-,-) 
  g277927/Y                                       -       A->Y   F     CLKINVX12       7 27.1    20    16     620    (-,-) 
  g277926/Y                                       -       A->Y   R     CLKINVX6        4 12.7    16    13     633    (-,-) 
  g277925/Y                                       -       A->Y   F     CLKINVX6        1  5.5     9     9     642    (-,-) 
  g277812/Y                                       -       B->Y   R     NOR2X6          1  7.0    22    14     655    (-,-) 
  g277644/Y                                       -       A->Y   F     NOR2X8         10 26.2    28    20     676    (-,-) 
  g277071/Y                                       -       B->Y   F     CLKXOR2X1       1  4.9    29    36     712    (-,-) 
  g276825/Y                                       -       A->Y   R     NOR2X4          1  7.1    26    21     732    (-,-) 
  g276616/Y                                       -       A->Y   F     NAND2X8         2  9.9    21    19     751    (-,-) 
  g276581/Y                                       -       A->Y   R     CLKINVX8        4 12.9    14    12     763    (-,-) 
  g276393/Y                                       -       B->Y   F     NOR2X2          1  4.9    19    14     777    (-,-) 
  g276236/Y                                       -       A->Y   F     CLKAND2X12     21 48.0    31    37     814    (-,-) 
  g275297/Y                                       -       A1->Y  R     AOI221X1        1  3.4    72    52     866    (-,-) 
  g273894/Y                                       -       B0->Y  F     OAI2BB1X1       1  3.3    43    38     905    (-,-) 
  g273507/Y                                       -       C0->Y  R     AOI221X1        1  3.9    79    56     960    (-,-) 
  g272417/Y                                       -       C->Y   F     NAND3X2         1  4.6    54    44    1004    (-,-) 
  g272134/Y                                       -       C->Y   R     NOR3X4          1  6.0    39    28    1032    (-,-) 
  g272027/Y                                       -       B->Y   F     NAND3X6         3 10.5    47    33    1066    (-,-) 
  g271517/Y                                       -       A->Y   R     NOR2X4          2  5.7    24    21    1086    (-,-) 
  g271430/Y                                       -       A->Y   F     INVX2           1  3.2    14    12    1099    (-,-) 
  g271220/Y                                       -       A1->Y  F     OA21X1          1  3.4    21    34    1133    (-,-) 
  g271171/Y                                       -       B0->Y  R     OAI2BB1X1       1  3.2    25    19    1152    (-,-) 
  g279087/Y                                       -       A0->Y  R     OA21X1          1  4.0    25    37    1189    (-,-) 
  g271121/Y                                       -       A1->Y  F     OAI21X2         1  3.2    30    21    1210    (-,-) 
  g271078/Y                                       -       A1N->Y F     OAI2BB1X1       1  3.4    38    34    1244    (-,-) 
  g271037/Y                                       -       B->Y   R     NAND2X1         1  3.5    31    22    1266    (-,-) 
  g270995/Y                                       -       B->Y   R     CLKXOR2X1       1  3.4    22    32    1299    (-,-) 
  g270909/Y                                       -       C->Y   F     NOR3BX1         1  3.8    29    20    1319    (-,-) 
  g279174/Y                                       -       B->Y   R     NOR2BX2         1  4.0    29    22    1341    (-,-) 
  g279171/Y                                       -       B0->Y  F     OAI2BB1X2       1  3.8    27    23    1364    (-,-) 
  g279170/Y                                       -       B->Y   R     NOR2X2          1  3.5    26    20    1384    (-,-) 
  g279169/Y                                       -       A1->Y  R     OA21X4          2  6.4    17    35    1419    (-,-) 
  g279167/Y                                       -       B->Y   F     NAND2X2         2  7.1    45    28    1448    (-,-) 
  g164262/Y                                       -       A->Y   R     INVX2           1  3.8    19    16    1464    (-,-) 
  u_issue_add_213_22_Y_u_issue_add_211_22_g805/CO -       B->CO  R     ADDHX1          1  3.7    23    30    1494    (-,-) 
  u_issue_add_213_22_Y_u_issue_add_211_22_g803/CO -       CI->CO R     ADDFX1          2  5.6    35    46    1540    (-,-) 
  u_issue_add_213_22_Y_u_issue_add_211_22_g802/Y  -       C->Y   R     AND3X1          2  5.6    35    46    1586    (-,-) 
  u_issue_add_213_22_Y_u_issue_add_211_22_g801/Y  -       C->Y   R     AND3X1          2  5.6    35    46    1632    (-,-) 
  u_issue_add_213_22_Y_u_issue_add_211_22_g800/Y  -       D->Y   R     AND4X1          3  7.3    46    61    1693    (-,-) 
  u_issue_add_213_22_Y_u_issue_add_211_22_g798/Y  -       D->Y   R     AND4X1          3  7.3    46    63    1756    (-,-) 
  u_issue_add_213_22_Y_u_issue_add_211_22_g794/Y  -       D->Y   R     AND4X1          2  5.6    37    58    1814    (-,-) 
  u_issue_add_213_22_Y_u_issue_add_211_22_g790/Y  -       C->Y   R     AND3XL          2  5.6    55    54    1868    (-,-) 
  u_issue_add_213_22_Y_u_issue_add_211_22_g787/Y  -       C->Y   R     AND3X1          2  5.6    35    49    1917    (-,-) 
  u_issue_add_213_22_Y_u_issue_add_211_22_g783/Y  -       C->Y   R     AND3XL          1  3.8    38    44    1962    (-,-) 
  u_issue_add_213_22_Y_u_issue_add_211_22_g769/CO -       B->CO  R     ADDHX1          1  3.5    22    32    1993    (-,-) 
  u_issue_add_213_22_Y_u_issue_add_211_22_g766/Y  -       B->Y   F     CLKXOR2X1       1  3.8    24    39    2032    (-,-) 
  g238406/Y                                       -       B1->Y  R     AOI22X2         1  3.9    57    24    2056    (-,-) 
  g236250/Y                                       -       D->Y   F     NAND4X2         1  3.3    54    42    2098    (-,-) 
  u_issue_pc_x_q_reg[31]/D                        <<<     -      F     DFFRHQX1        1    -     -     0    2098    (-,-) 
#--------------------------------------------------------------------------------------------------------------------------

