============================================================
  Generated by:           Genus(TM) Synthesis Solution 21.18-s082_1
  Generated on:           Oct 28 2025  10:43:55 pm
  Module:                 riscv_core
  Operating conditions:   PVT_0P9V_125C 
  Operating conditions:   PVT_1P32V_0C 
  Interconnect mode:      global
  Area mode:              physical library
============================================================

Timing
--------

Clock Period 
-------------
clk   2060.0 


  Cost    Critical         Violating 
 Group   Path Slack  TNS     Paths   
-------------------------------------
clk             0.0   0.0          0 
default    No paths   0.0            
-------------------------------------
Total                 0.0          0 

Instance Count
--------------
Leaf Instance Count             21121 
Physical Instance count             0 
Sequential Instance Count        2870 
Combinational Instance Count    18251 
Hierarchical Instance Count         6 

Area
----
Cell Area                          59950.890
Physical Cell Area                 0.000
Total Cell Area (Cell+Physical)    59950.890
Net Area                           29402.775
Total Area (Cell+Physical+Net)     89353.665

Max Fanout                         2870 (clk)
Min Fanout                         0 (fetch0_instr_branch_w)
Average Fanout                     2.7
Terms to net ratio                 3.7414
Terms to instance ratio            4.0155
Runtime                            549.286966 seconds
Elapsed Runtime                    579 seconds
Genus peak memory usage            1887.05 
Innovus peak memory usage          no_value 
Hostname                           gmicro02
