============================================================
  Generated by:           Genus(TM) Synthesis Solution 21.18-s082_1
  Generated on:           Oct 28 2025  10:43:55 pm
  Module:                 riscv_core
  Operating conditions:   PVT_0P9V_125C 
  Operating conditions:   PVT_1P32V_0C 
  Interconnect mode:      global
  Area mode:              physical library
============================================================

                                                Library 
   Gate     Instances    Area        Library     Domain 
--------------------------------------------------------
ADDFHX2             4     32.832    fast_vdd1v2    best 
ADDFX1            514   2636.820    fast_vdd1v2    best 
ADDHX1            152    571.824    fast_vdd1v2    best 
ADDHX2              1      5.130    fast_vdd1v2    best 
AND2X1            627    857.736    fast_vdd1v2    best 
AND2X2             54     92.340    fast_vdd1v2    best 
AND2X4             44    120.384    fast_vdd1v2    best 
AND2X6             21     79.002    fast_vdd1v2    best 
AND2X8             24    106.704    fast_vdd1v2    best 
AND3X1             29     69.426    fast_vdd1v2    best 
AND3X2              7     19.152    fast_vdd1v2    best 
AND3X4              5     15.390    fast_vdd1v2    best 
AND3X6              5     22.230    fast_vdd1v2    best 
AND3X8              2     10.260    fast_vdd1v2    best 
AND3XL             69    141.588    fast_vdd1v2    best 
AND4X1             99    237.006    fast_vdd1v2    best 
AND4X2              5     15.390    fast_vdd1v2    best 
AND4X4              1      3.762    fast_vdd1v2    best 
AND4X6              1      5.814    fast_vdd1v2    best 
AO21X1            132    316.008    fast_vdd1v2    best 
AO21X2             10     27.360    fast_vdd1v2    best 
AO21X4              5     17.100    fast_vdd1v2    best 
AO22X1           1174   3212.064    fast_vdd1v2    best 
AO22X2             12     36.936    fast_vdd1v2    best 
AO22X4              5     18.810    fast_vdd1v2    best 
AOI211X1            5     11.970    fast_vdd1v2    best 
AOI211X2           18     61.560    fast_vdd1v2    best 
AOI211X4            6     38.988    fast_vdd1v2    best 
AOI211XL           20     41.040    fast_vdd1v2    best 
AOI21X1           152    259.920    fast_vdd1v2    best 
AOI21X2            83    227.088    fast_vdd1v2    best 
AOI21X4            41    210.330    fast_vdd1v2    best 
AOI221X1          483   1156.302    fast_vdd1v2    best 
AOI221X2          170    755.820    fast_vdd1v2    best 
AOI221X4           22    173.052    fast_vdd1v2    best 
AOI222X1          272    837.216    fast_vdd1v2    best 
AOI222X2           20    109.440    fast_vdd1v2    best 
AOI22X1          1608   3299.616    fast_vdd1v2    best 
AOI22X2            44    165.528    fast_vdd1v2    best 
AOI22X4            13     80.028    fast_vdd1v2    best 
AOI2BB1X1          30     61.560    fast_vdd1v2    best 
AOI2BB1X2          22     67.716    fast_vdd1v2    best 
AOI2BB1X4          21     86.184    fast_vdd1v2    best 
AOI2BB2X1           6     20.520    fast_vdd1v2    best 
AOI2BB2X2           9     46.170    fast_vdd1v2    best 
AOI2BB2X4          10     75.240    fast_vdd1v2    best 
AOI31X1            17     34.884    fast_vdd1v2    best 
AOI31X2             8     27.360    fast_vdd1v2    best 
AOI32X1             7     16.758    fast_vdd1v2    best 
AOI32X2             2      8.892    fast_vdd1v2    best 
AOI33X1             1      2.736    fast_vdd1v2    best 
AOI33X2             1      5.130    fast_vdd1v2    best 
BUFX12             15     76.950    fast_vdd1v2    best 
BUFX16              4     27.360    fast_vdd1v2    best 
BUFX2             393    672.030    fast_vdd1v2    best 
BUFX20              1      8.208    fast_vdd1v2    best 
BUFX3               9     18.468    fast_vdd1v2    best 
BUFX4               3      7.182    fast_vdd1v2    best 
BUFX6              33    101.574    fast_vdd1v2    best 
BUFX8               4     15.048    fast_vdd1v2    best 
CLKAND2X12         57    428.868    fast_vdd1v2    best 
CLKAND2X2          37     75.924    fast_vdd1v2    best 
CLKAND2X3          15     46.170    fast_vdd1v2    best 
CLKAND2X4           1      3.420    fast_vdd1v2    best 
CLKAND2X6          20     95.760    fast_vdd1v2    best 
CLKAND2X8          13     75.582    fast_vdd1v2    best 
CLKBUFX12           3     15.390    fast_vdd1v2    best 
CLKBUFX16           1      6.840    fast_vdd1v2    best 
CLKBUFX2            2      3.420    fast_vdd1v2    best 
CLKBUFX3           14     28.728    fast_vdd1v2    best 
CLKINVX12          42    172.368    fast_vdd1v2    best 
CLKINVX16          18     98.496    fast_vdd1v2    best 
CLKINVX2            1      1.368    fast_vdd1v2    best 
CLKINVX20           2     12.996    fast_vdd1v2    best 
CLKINVX4           99    169.290    fast_vdd1v2    best 
CLKINVX6           81    193.914    fast_vdd1v2    best 
CLKINVX8           36    110.808    fast_vdd1v2    best 
CLKMX2X2           48    147.744    fast_vdd1v2    best 
CLKMX2X3           12     49.248    fast_vdd1v2    best 
CLKXOR2X1          86    235.296    fast_vdd1v2    best 
CLKXOR2X2           3     10.260    fast_vdd1v2    best 
CLKXOR2X4           1      4.446    fast_vdd1v2    best 
DFFHQX1           448   2451.456    fast_vdd1v2    best 
DFFRHQX1         1611   9917.316    fast_vdd1v2    best 
DFFRHQX2           22    173.052    fast_vdd1v2    best 
DFFRHQX4           15    143.640    fast_vdd1v2    best 
DFFRX1             98    670.320    fast_vdd1v2    best 
DFFRX2            131    985.644    fast_vdd1v2    best 
DFFRX4              1      9.576    fast_vdd1v2    best 
DFFX1             544   3907.008    fast_vdd1v2    best 
INVX1             779    532.836    fast_vdd1v2    best 
INVX2             219    224.694    fast_vdd1v2    best 
INVX3              65     88.920    fast_vdd1v2    best 
INVXL               6      4.104    fast_vdd1v2    best 
MX2X1             984   2355.696    fast_vdd1v2    best 
MX3XL               2      9.576    fast_vdd1v2    best 
MX4X2               1      8.550    fast_vdd1v2    best 
MXI2X2              2      8.892    fast_vdd1v2    best 
MXI2X4              6     30.780    fast_vdd1v2    best 
MXI2X6              4     20.520    fast_vdd1v2    best 
MXI2XL             68    162.792    fast_vdd1v2    best 
NAND2BX1          360    492.480    fast_vdd1v2    best 
NAND2BX2           19     45.486    fast_vdd1v2    best 
NAND2BX4           58    218.196    fast_vdd1v2    best 
NAND2X1          1485   1523.610    fast_vdd1v2    best 
NAND2X2           269    459.990    fast_vdd1v2    best 
NAND2X4           120    410.400    fast_vdd1v2    best 
NAND2X6            52    248.976    fast_vdd1v2    best 
NAND2X8            52    284.544    fast_vdd1v2    best 
NAND3BX1            3      6.156    fast_vdd1v2    best 
NAND3BX2            4     12.312    fast_vdd1v2    best 
NAND3BX4            7     35.910    fast_vdd1v2    best 
NAND3BXL           40     68.400    fast_vdd1v2    best 
NAND3X1            56     95.760    fast_vdd1v2    best 
NAND3X2            74    202.464    fast_vdd1v2    best 
NAND3X4            52    248.976    fast_vdd1v2    best 
NAND3X6            16    114.912    fast_vdd1v2    best 
NAND3X8             4     32.832    fast_vdd1v2    best 
NAND4BBX2           2     10.944    fast_vdd1v2    best 
NAND4BBXL           3      9.234    fast_vdd1v2    best 
NAND4BX1           16     38.304    fast_vdd1v2    best 
NAND4BX2            1      4.446    fast_vdd1v2    best 
NAND4X1            16     32.832    fast_vdd1v2    best 
NAND4X2            30    112.860    fast_vdd1v2    best 
NAND4X4            11     75.240    fast_vdd1v2    best 
NAND4X6             5     42.750    fast_vdd1v2    best 
NAND4XL           131    224.010    fast_vdd1v2    best 
NOR2BX1           352    481.536    fast_vdd1v2    best 
NOR2BX2            46    125.856    fast_vdd1v2    best 
NOR2BX4            28    105.336    fast_vdd1v2    best 
NOR2X1            490    502.740    fast_vdd1v2    best 
NOR2X2            151    258.210    fast_vdd1v2    best 
NOR2X4            157    483.246    fast_vdd1v2    best 
NOR2X6             47    192.888    fast_vdd1v2    best 
NOR2X8             39    213.408    fast_vdd1v2    best 
NOR3BX1            28     57.456    fast_vdd1v2    best 
NOR3BX2             3     10.260    fast_vdd1v2    best 
NOR3BX4             3     17.442    fast_vdd1v2    best 
NOR3X1             28     47.880    fast_vdd1v2    best 
NOR3X2             16     43.776    fast_vdd1v2    best 
NOR3X4             30    153.900    fast_vdd1v2    best 
NOR3X6             27    193.914    fast_vdd1v2    best 
NOR3X8              6     53.352    fast_vdd1v2    best 
NOR4BBX1            6     16.416    fast_vdd1v2    best 
NOR4BBX2            1      5.130    fast_vdd1v2    best 
NOR4BX1            10     23.940    fast_vdd1v2    best 
NOR4BX4             1      7.524    fast_vdd1v2    best 
NOR4X1             39     66.690    fast_vdd1v2    best 
NOR4X2              7     23.940    fast_vdd1v2    best 
NOR4X4              7     45.486    fast_vdd1v2    best 
NOR4X6              6     49.248    fast_vdd1v2    best 
NOR4X8              2     21.204    fast_vdd1v2    best 
OA21X1            101    207.252    fast_vdd1v2    best 
OA21X2              4     12.312    fast_vdd1v2    best 
OA21X4              3     11.286    fast_vdd1v2    best 
OA22X1             66    158.004    fast_vdd1v2    best 
OAI211X1          179    306.090    fast_vdd1v2    best 
OAI211X2           21     86.184    fast_vdd1v2    best 
OAI211X4            7     45.486    fast_vdd1v2    best 
OAI21X1           203    347.130    fast_vdd1v2    best 
OAI21X2            56    172.368    fast_vdd1v2    best 
OAI21X4            41    196.308    fast_vdd1v2    best 
OAI221X1          579   1386.126    fast_vdd1v2    best 
OAI221X2           33    158.004    fast_vdd1v2    best 
OAI221X4            5     39.330    fast_vdd1v2    best 
OAI222X1          572   1564.992    fast_vdd1v2    best 
OAI22X1           640   1313.280    fast_vdd1v2    best 
OAI22X2            29     99.180    fast_vdd1v2    best 
OAI22X4             9     58.482    fast_vdd1v2    best 
OAI2BB1X1         616   1053.360    fast_vdd1v2    best 
OAI2BB1X2          69    212.382    fast_vdd1v2    best 
OAI2BB1X4          29    128.934    fast_vdd1v2    best 
OAI2BB2X1           1      4.104    fast_vdd1v2    best 
OAI2BB2X2           6     32.832    fast_vdd1v2    best 
OAI2BB2X4           5     42.750    fast_vdd1v2    best 
OAI2BB2XL           2      7.524    fast_vdd1v2    best 
OAI31X1            13     26.676    fast_vdd1v2    best 
OAI31X2             1      3.762    fast_vdd1v2    best 
OAI32X1             6     14.364    fast_vdd1v2    best 
OAI32X2             2      8.892    fast_vdd1v2    best 
OR2X1             180    246.240    fast_vdd1v2    best 
OR2X2              68    116.280    fast_vdd1v2    best 
OR2X4              21     57.456    fast_vdd1v2    best 
OR2X6              15     56.430    fast_vdd1v2    best 
OR2X8               5     22.230    fast_vdd1v2    best 
OR3X1              16     32.832    fast_vdd1v2    best 
OR3X2               5     11.970    fast_vdd1v2    best 
OR3X4               2      6.156    fast_vdd1v2    best 
OR3X6               7     33.516    fast_vdd1v2    best 
OR4X1              37     75.924    fast_vdd1v2    best 
OR4X6               4     21.888    fast_vdd1v2    best 
XNOR2X1           881   2109.114    fast_vdd1v2    best 
XNOR2X2            13     40.014    fast_vdd1v2    best 
--------------------------------------------------------
total           21121  59950.890                


                                          
     Type      Instances    Area   Area % 
------------------------------------------
sequential          2870 18258.012   30.5 
inverter            1348  1609.794    2.7 
buffer               482   981.198    1.6 
logic              16421 39101.886   65.2 
physical_cells         0     0.000    0.0 
------------------------------------------
total              21121 59950.890  100.0 

