============================================================
  Generated by:           Genus(TM) Synthesis Solution 21.18-s082_1
  Generated on:           Oct 28 2025  10:43:55 pm
  Module:                 riscv_core
  Library domain:         worst
    Domain index:         0
    Technology library:   slow_vdd1v0 1.0
  Library domain:         best
    Domain index:         1
    Technology library:   fast_vdd1v2 1.0
  Operating conditions:   PVT_0P9V_125C 
  Operating conditions:   PVT_1P32V_0C 
  Interconnect mode:      global
  Area mode:              physical library
============================================================

              Instance                      Module         Cell Count  Cell Area  Net Area   Combinational   Buffer   Inverter     Flop     Latch   Clock-Gate   Memory   Macro   Total Area 
---------------------------------------------------------------------------------------------------------------------------------------------------------------------------------------------
riscv_core                                                      21121  59950.890 29402.775       39101.886  981.198   1609.794  18258.012   0.000        0.000    0.000   0.000    89353.665 
  u_div                              biriscv_divider             1304   3699.414  1522.048        2016.774    8.550     44.802   1629.288   0.000        0.000    0.000   0.000     5221.462 
  u_exec0_u_alu                      biriscv_alu                  916   1650.492  1091.127        1567.044    0.000     83.448      0.000   0.000        0.000    0.000   0.000     2741.619 
  u_exec1_u_alu                      biriscv_alu_1167             919   1653.228  1103.462        1567.044    0.000     86.184      0.000   0.000        0.000    0.000   0.000     2756.690 
  u_frontend_u_decode_genblk1.u_dec0 biriscv_decoder              101    152.532    90.620         129.960    3.420     19.152      0.000   0.000        0.000    0.000   0.000      243.152 
  u_frontend_u_decode_genblk1.u_dec1 biriscv_decoder_2471          97    143.640    84.386         126.540    3.420     13.680      0.000   0.000        0.000    0.000   0.000      228.026 
  u_mul                              biriscv_multiplier          2388   6934.392  3350.565        6155.658    3.762     67.032    707.940   0.000        0.000    0.000   0.000    10284.957 
