============================================================
  Generated by:           Genus(TM) Synthesis Solution 21.18-s082_1
  Generated on:           Oct 25 2025  02:19:25 pm
  Module:                 biriscv_multiplier
  Operating conditions:   PVT_0P9V_125C 
  Operating conditions:   PVT_1P32V_0C 
  Interconnect mode:      global
  Area mode:              physical library
============================================================

Timing
--------

Clock Period 
-------------
clk_i 6060.0 


  Cost    Critical         Violating 
 Group   Path Slack  TNS     Paths   
-------------------------------------
clk_i           0.1   0.0          0 
default    No paths   0.0            
-------------------------------------
Total                 0.0          0 

Instance Count
--------------
Leaf Instance Count             3713 
Physical Instance count            0 
Sequential Instance Count          0 
Combinational Instance Count    3713 
Hierarchical Instance Count        0 

Area
----
Cell Area                          14433.426
Physical Cell Area                 0.000
Total Cell Area (Cell+Physical)    14433.426
Net Area                           5119.537
Total Area (Cell+Physical+Net)     19552.963

Max Fanout                         32 (n_1447)
Min Fanout                         1 (SUB_UNS_OP_n_851)
Average Fanout                     1.7
Terms to net ratio                 2.6799
Terms to instance ratio            3.7323
Runtime                            220.61069100000012 seconds
Elapsed Runtime                    222 seconds
Genus peak memory usage            2209.99 
Innovus peak memory usage          no_value 
Hostname                           gmicro02
