============================================================
  Generated by:           Genus(TM) Synthesis Solution 21.18-s082_1
  Generated on:           Oct 25 2025  02:19:25 pm
  Module:                 biriscv_multiplier
  Operating conditions:   PVT_0P9V_125C 
  Operating conditions:   PVT_1P32V_0C 
  Interconnect mode:      global
  Area mode:              physical library
============================================================


Path 1: MET (0 ps) Late External Delay Assertion at pin writeback_value_o[29]
          Group: clk_i
     Startpoint: (F) opcode_rb_operand_i[16]
          Clock: (R) clk_i
       Endpoint: (R) writeback_value_o[29]
          Clock: (R) clk_i

                     Capture       Launch     
        Clock Edge:+    6060            0     
        Drv Adjust:+       0            0     
       Src Latency:+       0            0     
       Net Latency:+     100 (I)      100 (I) 
           Arrival:=    6160          100     
                                              
      Output Delay:-     300                  
       Uncertainty:-      50                  
     Required Time:=    5810                  
      Launch Clock:-     100                  
       Input Delay:-     300                  
         Data Path:-    5410                  
             Slack:=       0                  

Exceptions/Constraints:
  input_delay              300             biriscv_multiplier.s_line_30_81_1 
  output_delay             300             biriscv_multiplier.s_line_35_99_1 

#------------------------------------------------------------------------------------------------------------------------
#                 Timing Point                  Flags    Arc   Edge    Cell     Fanout Load Trans Delay Arrival Instance 
#                                                                                      (fF)  (ps)  (ps)   (ps)  Location 
#------------------------------------------------------------------------------------------------------------------------
  opcode_rb_operand_i[16]                       -       -      F     (arrival)       4 11.9   252     0     400    (-,-) 
  SUB_UNS_OP_g1072/Y                            -       A->Y   R     NOR2X8          3  8.8   104   168     568    (-,-) 
  SUB_UNS_OP_g1048/Y                            -       B->Y   R     CLKAND2X8       4  9.9    50   144     713    (-,-) 
  SUB_UNS_OP_g1025/Y                            -       B->Y   R     CLKAND2X6       7 14.7    68   122     835    (-,-) 
  SUB_UNS_OP_g1000/Y                            -       B->Y   R     AND2X4          1  4.5    60   188    1023    (-,-) 
  SUB_UNS_OP_g987/Y                             -       A->Y   F     NAND2X4         1  3.3    89    92    1116    (-,-) 
  SUB_UNS_OP_g947/Y                             -       B->Y   R     CLKXOR2X1       1  3.1    82   186    1302    (-,-) 
  g21209/Y                                      -       B->Y   F     MXI2X4          3 12.1    97   281    1583    (-,-) 
  g21119/Y                                      -       A->Y   R     CLKINVX16      30 50.4    92    92    1674    (-,-) 
  g20815__7098/Y                                -       A->Y   R     AND2X1          1  3.7    92   189    1863    (-,-) 
  WALLACE_CSA_DUMMY_OP_groupi_cdnfadd_031_8/S   -       CI->S  F     ADDFHX2         1  3.7    87   340    2204    (-,-) 
  WALLACE_CSA_DUMMY_OP_groupi_cdnfadd_031_16/S  -       CI->S  R     ADDFHX1         1  4.1   108   320    2523    (-,-) 
  WALLACE_CSA_DUMMY_OP_groupi_cdnfadd_031_21/S  -       B->S   F     ADDFHX1         1  3.7   115   345    2868    (-,-) 
  WALLACE_CSA_DUMMY_OP_groupi_cdnfadd_031_24/S  -       CI->S  R     ADDFHX1         1  3.7   100   328    3196    (-,-) 
  WALLACE_CSA_DUMMY_OP_groupi_cdnfadd_031_26/CO -       CI->CO R     ADDFHX2         1  3.7    76   238    3434    (-,-) 
  WALLACE_CSA_DUMMY_OP_groupi_cdnfadd_032_28/S  -       CI->S  F     ADDFHX1         1  3.7   115   302    3736    (-,-) 
  WALLACE_CSA_DUMMY_OP_groupi_cdnfadd_032_29/S  -       CI->S  R     ADDFHX1         2  5.6   139   350    4086    (-,-) 
  WALLACE_CSA_DUMMY_OP_groupi_g4299/Y           -       B->Y   R     CLKAND2X6       3  8.2    48   149    4234    (-,-) 
  WALLACE_CSA_DUMMY_OP_groupi_g4256/Y           -       A0->Y  F     AOI21X4         2  7.6   153   137    4372    (-,-) 
  WALLACE_CSA_DUMMY_OP_groupi_g4124/Y           -       C->Y   R     NOR3X8          1  6.1   110   124    4496    (-,-) 
  WALLACE_CSA_DUMMY_OP_groupi_g4095/Y           -       C->Y   F     NOR3X8          2  6.5    60    78    4574    (-,-) 
  WALLACE_CSA_DUMMY_OP_groupi_g4066/Y           -       B->Y   R     NOR2X4          1  4.5    77    74    4649    (-,-) 
  WALLACE_CSA_DUMMY_OP_groupi_g4038/Y           -       C0->Y  F     AOI211X4        2  5.8   153    73    4722    (-,-) 
  WALLACE_CSA_DUMMY_OP_groupi_g4021/Y           -       A1N->Y F     AOI2BB1X4       1  4.5    68   217    4938    (-,-) 
  WALLACE_CSA_DUMMY_OP_groupi_g4016/Y           -       B->Y   F     CLKAND2X12     16 31.6    96   143    5081    (-,-) 
  WALLACE_CSA_DUMMY_OP_groupi_g4007/Y           -       C->Y   R     NOR3BX4         1  4.5   128   117    5198    (-,-) 
  WALLACE_CSA_DUMMY_OP_groupi_g3970/Y           -       C0->Y  F     AOI211X4        1  3.3   124    90    5288    (-,-) 
  WALLACE_CSA_DUMMY_OP_groupi_g3950/Y           -       B->Y   R     XNOR2X1         1  4.5   111   247    5535    (-,-) 
  g11508/Y                                      -       B1->Y  F     AOI22X4         1  7.2   179   142    5677    (-,-) 
  g11493/Y                                      -       A->Y   R     CLKINVX12       1 47.9   121   133    5809    (-,-) 
  writeback_value_o[29]                         <<<     -      R     (port)          -    -     -     0    5810    (-,-) 
#------------------------------------------------------------------------------------------------------------------------

