============================================================
  Generated by:           Genus(TM) Synthesis Solution 21.18-s082_1
  Generated on:           Oct 29 2025  11:17:52 am
  Module:                 biriscv_multiplier
  Operating conditions:   PVT_0P9V_125C 
  Operating conditions:   PVT_1P32V_0C 
  Interconnect mode:      global
  Area mode:              physical library
============================================================

                                                Library 
   Gate     Instances    Area        Library     Domain 
--------------------------------------------------------
ADDFHX1           227   1707.948    slow_vdd1v0   worst 
ADDFHX2           175   1436.400    slow_vdd1v0   worst 
ADDFHX4             3     28.728    slow_vdd1v0   worst 
ADDFHXL             6     45.144    slow_vdd1v0   worst 
ADDFX1            975   5001.750    slow_vdd1v0   worst 
ADDFX2             14    110.124    slow_vdd1v0   worst 
ADDHX1             27    101.574    slow_vdd1v0   worst 
ADDHX2              5     25.650    slow_vdd1v0   worst 
ADDHX4              5     35.910    slow_vdd1v0   worst 
AND2X1            226    309.168    slow_vdd1v0   worst 
AND2X2             17     29.070    slow_vdd1v0   worst 
AND2X4             22     60.192    slow_vdd1v0   worst 
AND2X6              5     18.810    slow_vdd1v0   worst 
AND2X8              5     22.230    slow_vdd1v0   worst 
AO21X1              1      2.394    slow_vdd1v0   worst 
AO21X4             18     61.560    slow_vdd1v0   worst 
AOI211X2            1      3.420    slow_vdd1v0   worst 
AOI211X4            2     12.996    slow_vdd1v0   worst 
AOI21X1             7     11.970    slow_vdd1v0   worst 
AOI21X2             1      2.736    slow_vdd1v0   worst 
AOI21X4            31    159.030    slow_vdd1v0   worst 
AOI21XL             1      1.710    slow_vdd1v0   worst 
AOI221X4            3     23.598    slow_vdd1v0   worst 
AOI22X2             3     11.286    slow_vdd1v0   worst 
AOI22X4            21    129.276    slow_vdd1v0   worst 
AOI2BB1X1           1      2.052    slow_vdd1v0   worst 
AOI2BB1X2           1      3.078    slow_vdd1v0   worst 
AOI2BB1X4          12     49.248    slow_vdd1v0   worst 
AOI2BB2X4           1      7.524    slow_vdd1v0   worst 
BUFX12              2     10.260    slow_vdd1v0   worst 
BUFX16              1      6.840    slow_vdd1v0   worst 
BUFX2               3      5.130    slow_vdd1v0   worst 
BUFX3               6     12.312    slow_vdd1v0   worst 
BUFX6              90    277.020    slow_vdd1v0   worst 
BUFX8               1      3.762    slow_vdd1v0   worst 
CLKAND2X12         33    248.292    slow_vdd1v0   worst 
CLKAND2X2          75    153.900    slow_vdd1v0   worst 
CLKAND2X3          33    101.574    slow_vdd1v0   worst 
CLKAND2X4           2      6.840    slow_vdd1v0   worst 
CLKAND2X6          46    220.248    slow_vdd1v0   worst 
CLKAND2X8           4     23.256    slow_vdd1v0   worst 
CLKBUFX12           4     20.520    slow_vdd1v0   worst 
CLKBUFX16          14     95.760    slow_vdd1v0   worst 
CLKBUFX2            2      3.420    slow_vdd1v0   worst 
CLKBUFX20           1      8.208    slow_vdd1v0   worst 
CLKBUFX6            1      3.078    slow_vdd1v0   worst 
CLKINVX12          49    201.096    slow_vdd1v0   worst 
CLKINVX16          23    125.856    slow_vdd1v0   worst 
CLKINVX2            7      9.576    slow_vdd1v0   worst 
CLKINVX20           8     51.984    slow_vdd1v0   worst 
CLKINVX3            6     10.260    slow_vdd1v0   worst 
CLKINVX4           49     83.790    slow_vdd1v0   worst 
CLKINVX6           53    126.882    slow_vdd1v0   worst 
CLKINVX8           69    212.382    slow_vdd1v0   worst 
CLKMX2X2            3      9.234    slow_vdd1v0   worst 
CLKMX2X3            4     16.416    slow_vdd1v0   worst 
CLKMX2X4            8     32.832    slow_vdd1v0   worst 
CLKXOR2X1          22     60.192    slow_vdd1v0   worst 
CLKXOR2X2           1      3.420    slow_vdd1v0   worst 
INVX1              50     34.200    slow_vdd1v0   worst 
INVX16              8     43.776    slow_vdd1v0   worst 
INVX2              14     14.364    slow_vdd1v0   worst 
INVX20              1      6.498    slow_vdd1v0   worst 
INVX3              10     13.680    slow_vdd1v0   worst 
INVX6               2      4.788    slow_vdd1v0   worst 
MXI2X2              1      4.446    slow_vdd1v0   worst 
MXI2X4              2     10.260    slow_vdd1v0   worst 
MXI2X6              2     10.260    slow_vdd1v0   worst 
MXI2X8              2     12.312    slow_vdd1v0   worst 
NAND2BX1           10     13.680    slow_vdd1v0   worst 
NAND2BX2            4      9.576    slow_vdd1v0   worst 
NAND2BX4            9     33.858    slow_vdd1v0   worst 
NAND2X1            20     20.520    slow_vdd1v0   worst 
NAND2X2            35     59.850    slow_vdd1v0   worst 
NAND2X4            44    150.480    slow_vdd1v0   worst 
NAND2X6            33    158.004    slow_vdd1v0   worst 
NAND2X8            30    164.160    slow_vdd1v0   worst 
NAND3X6             1      7.182    slow_vdd1v0   worst 
NAND3X8             1      8.208    slow_vdd1v0   worst 
NOR2BX1            43     58.824    slow_vdd1v0   worst 
NOR2BX2            18     49.248    slow_vdd1v0   worst 
NOR2BX4            11     41.382    slow_vdd1v0   worst 
NOR2BXL             1      1.710    slow_vdd1v0   worst 
NOR2X1            459    470.934    slow_vdd1v0   worst 
NOR2X2            251    429.210    slow_vdd1v0   worst 
NOR2X4            108    332.424    slow_vdd1v0   worst 
NOR2X6             40    164.160    slow_vdd1v0   worst 
NOR2X8             32    175.104    slow_vdd1v0   worst 
NOR3BX4             1      5.814    slow_vdd1v0   worst 
NOR3X2              1      2.736    slow_vdd1v0   worst 
NOR3X4              1      5.130    slow_vdd1v0   worst 
NOR3X8              1      8.892    slow_vdd1v0   worst 
NOR4X4              1      6.498    slow_vdd1v0   worst 
OAI21X1             3      5.130    slow_vdd1v0   worst 
OAI21X2             3      9.234    slow_vdd1v0   worst 
OAI21X4            29    138.852    slow_vdd1v0   worst 
OAI22X4             1      6.498    slow_vdd1v0   worst 
OAI2BB1X1           1      1.710    slow_vdd1v0   worst 
OAI2BB1X2           2      6.156    slow_vdd1v0   worst 
OAI2BB2X2           1      5.472    slow_vdd1v0   worst 
OAI2BB2X4           8     68.400    slow_vdd1v0   worst 
OR2X1               4      5.472    slow_vdd1v0   worst 
OR2X2               5      8.550    slow_vdd1v0   worst 
OR2X4               1      2.736    slow_vdd1v0   worst 
OR2X6              14     52.668    slow_vdd1v0   worst 
OR2X8               1      4.446    slow_vdd1v0   worst 
XNOR2X1            59    141.246    slow_vdd1v0   worst 
XNOR2X2            13     40.014    slow_vdd1v0   worst 
--------------------------------------------------------
total            3828  14587.668                


                                          
     Type      Instances    Area   Area % 
------------------------------------------
inverter             349   939.132    6.4 
buffer               125   446.310    3.1 
logic               3354 13202.226   90.5 
physical_cells         0     0.000    0.0 
------------------------------------------
total               3828 14587.668  100.0 

