============================================================
  Generated by:           Genus(TM) Synthesis Solution 21.18-s082_1
  Generated on:           Oct 20 2025  08:39:48 pm
  Module:                 riscv_core
  Operating conditions:   PVT_0P9V_125C 
  Operating conditions:   PVT_1P32V_0C 
  Interconnect mode:      global
  Area mode:              physical library
============================================================

Timing
--------

Clock Period 
-------------
clk   6020.0 


  Cost    Critical         Violating 
 Group   Path Slack  TNS     Paths   
-------------------------------------
clk             0.1   0.0          0 
default    No paths   0.0            
-------------------------------------
Total                 0.0          0 

Instance Count
--------------
Leaf Instance Count             25557 
Physical Instance count             0 
Sequential Instance Count        2870 
Combinational Instance Count    22687 
Hierarchical Instance Count         4 

Area
----
Cell Area                          80189.424
Physical Cell Area                 0.000
Total Cell Area (Cell+Physical)    80189.424
Net Area                           32913.237
Total Area (Cell+Physical+Net)     113102.661

Max Fanout                         2870 (clk)
Min Fanout                         0 (fetch0_instr_branch_w)
Average Fanout                     2.5
Terms to net ratio                 3.5735
Terms to instance ratio            3.6986
Runtime                            607.978707 seconds
Elapsed Runtime                    635 seconds
Genus peak memory usage            1722.18 
Innovus peak memory usage          no_value 
Hostname                           gmicro02
