============================================================
  Generated by:           Genus(TM) Synthesis Solution 21.18-s082_1
  Generated on:           Oct 20 2025  08:39:48 pm
  Module:                 riscv_core
  Operating conditions:   PVT_0P9V_125C 
  Operating conditions:   PVT_1P32V_0C 
  Interconnect mode:      global
  Area mode:              physical library
============================================================


Path 1: MET (0 ps) Setup Check with Pin u_exec0_result_q_reg[30]/CK->D
          Group: clk
     Startpoint: (R) u_frontend_u_decode_genblk1.u_fifo_rd_ptr_q_reg[0]/CK
          Clock: (R) clk
       Endpoint: (R) u_exec0_result_q_reg[30]/D
          Clock: (R) clk

                     Capture       Launch     
        Clock Edge:+    6020            0     
       Src Latency:+       0            0     
       Net Latency:+     100 (I)      100 (I) 
           Arrival:=    6120          100     
                                              
             Setup:-     148                  
       Uncertainty:-      50                  
     Required Time:=    5922                  
      Launch Clock:-     100                  
         Data Path:-    5821                  
             Slack:=       0                  

#--------------------------------------------------------------------------------------------------------------------------------
#                     Timing Point                      Flags    Arc   Edge    Cell     Fanout Load Trans Delay Arrival Instance 
#                                                                                              (fF)  (ps)  (ps)   (ps)  Location 
#--------------------------------------------------------------------------------------------------------------------------------
  u_frontend_u_decode_genblk1.u_fifo_rd_ptr_q_reg[0]/CK -       -      R     (arrival)    2870    -     0     0     100    (-,-) 
  u_frontend_u_decode_genblk1.u_fifo_rd_ptr_q_reg[0]/Q  -       CK->Q  R     DFFRX4          2 17.3   120   327     427    (-,-) 
  fopt104/Y                                             -       A->Y   F     CLKINVX12       2 11.6    59    78     505    (-,-) 
  fopt86/Y                                              -       A->Y   R     CLKINVX8        6 23.8    78    68     573    (-,-) 
  fopt81/Y                                              -       A->Y   F     CLKINVX12       2  4.9    36    51     624    (-,-) 
  g324512/Y                                             -       A1N->Y F     AOI2BB1X2       2  5.0    93   173     797    (-,-) 
  g324135/Y                                             -       B->Y   R     XNOR2X2         1  5.3    88   253    1051    (-,-) 
  g324022/Y                                             -       B->Y   F     NOR2X6          1  4.0    45    64    1115    (-,-) 
  g323994/Y                                             -       B->Y   F     CLKAND2X6       2  9.5    61   108    1222    (-,-) 
  g323783/Y                                             -       C->Y   R     NAND3X8         1  5.3    45    49    1272    (-,-) 
  g323744/Y                                             -       A->Y   F     NOR2X6          1  4.5    44    52    1324    (-,-) 
  g323673/Y                                             -       B->Y   F     CLKAND2X12     10 32.2    97   133    1456    (-,-) 
  g323633/Y                                             -       A->Y   R     CLKINVX8        2 14.0    60    70    1526    (-,-) 
  g323632/Y                                             -       A->Y   F     CLKINVX16       9 28.1    70    66    1592    (-,-) 
  g323505/Y                                             -       B->Y   F     CLKAND2X6       1  5.8    46   111    1703    (-,-) 
  g323373/Y                                             -       B->Y   R     NOR2X8          5 17.6   122    94    1797    (-,-) 
  g323208/Y                                             -       A->Y   F     CLKINVX16      17 43.1   108   106    1904    (-,-) 
  g322907/Y                                             -       B->Y   R     NAND2X4         1  4.5    74    74    1978    (-,-) 
  g322802/Y                                             -       B0->Y  F     OAI21X4         1  5.8   134   126    2104    (-,-) 
  g322346/Y                                             -       A->Y   R     NOR3X8          1  6.1   111   154    2258    (-,-) 
  g322318/Y                                             -       A->Y   F     NAND2X8         2  6.9    92   119    2377    (-,-) 
  g322049/Y                                             -       B->Y   R     NAND2X6         1  5.3    46    62    2439    (-,-) 
  g322011/Y                                             -       C->Y   F     NOR3X6          1  4.5    62    48    2487    (-,-) 
  g321687/Y                                             -       B->Y   F     CLKAND2X12      5 16.6    62   122    2609    (-,-) 
  g321118/Y                                             -       B->Y   F     CLKAND2X12      8 25.2    82   133    2742    (-,-) 
  g320367/Y                                             -       B->Y   F     CLKAND2X12     32 65.6   173   192    2934    (-,-) 
  g318518/Y                                             -       A1->Y  R     AOI22X1         1  3.1   199   225    3159    (-,-) 
  g317407/Y                                             -       A->Y   R     AND2X1          1  4.5   109   248    3407    (-,-) 
  g317178/Y                                             -       A->Y   F     NAND2X4         1  4.3   106   124    3532    (-,-) 
  g316704/Y                                             -       A->Y   R     NOR2X4          1  6.1    99   115    3647    (-,-) 
  g316620/Y                                             -       B->Y   F     NAND2X8         4  9.4   113   112    3759    (-,-) 
  g325291/Y                                             -       A1->Y  F     AO21X4          8 16.4   142   254    4013    (-,-) 
  u_exec0_u_alu/g30741/Y                                -       AN->Y  F     NAND2BX4        3  7.7   152   216    4229    (-,-) 
  u_exec0_u_alu/g30204__6783/Y                          -       A1->Y  R     AOI21X4         2  6.8   111   147    4376    (-,-) 
  u_exec0_u_alu/g30037__2398/Y                          -       B->Y   F     NOR2X4          1  5.1    62    85    4461    (-,-) 
  u_exec0_u_alu/g29984__2802/Y                          -       B->Y   R     NOR2X6          1  5.3    67    68    4529    (-,-) 
  u_exec0_u_alu/g29905__3680/Y                          -       B->Y   F     NOR2X6          2  7.3    56    62    4592    (-,-) 
  u_exec0_u_alu/g29774__6161/Y                          -       A1->Y  R     AOI21X4         1  3.3    80    80    4672    (-,-) 
  u_exec0_u_alu/g29689__5107/Y                          -       A1N->Y R     AOI2BB1X4       2  7.2   110   160    4832    (-,-) 
  u_exec0_u_alu/g29669/Y                                -       A->Y   F     INVX3           1  5.8    74    92    4925    (-,-) 
  u_exec0_u_alu/g29579__1617/Y                          -       A->Y   R     NOR2X8          5 11.6    93   100    5025    (-,-) 
  u_exec0_u_alu/g29537__2398/Y                          -       A1N->Y R     AOI2BB1X4       3  8.6   122   176    5200    (-,-) 
  u_exec0_u_alu/g30723/Y                                -       A1->Y  R     OA21X4          2  6.8    74   236    5436    (-,-) 
  u_exec0_u_alu/g29419__8428/Y                          -       A1->Y  F     AOI21X4         1  3.2   107   107    5543    (-,-) 
  u_exec0_u_alu/g29401__6131/Y                          -       A1N->Y F     AOI2BB1X4       1  4.4    67   195    5738    (-,-) 
  u_exec0_u_alu/g29387__2398/Y                          -       B0->Y  R     OAI2BB1X4       1  6.1    74    63    5801    (-,-) 
  fopt325731/Y                                          -       A->Y   F     CLKINVX8        1  4.4    37    52    5854    (-,-) 
  g265087/Y                                             -       A1->Y  R     OAI21X4         1  3.2    78    68    5921    (-,-) 
  u_exec0_result_q_reg[30]/D                            <<<     -      R     DFFRHQX2        1    -     -     0    5921    (-,-) 
#--------------------------------------------------------------------------------------------------------------------------------

