============================================================
  Generated by:           Genus(TM) Synthesis Solution 21.18-s082_1
  Generated on:           Oct 20 2025  08:39:48 pm
  Module:                 riscv_core
  Operating conditions:   PVT_0P9V_125C 
  Operating conditions:   PVT_1P32V_0C 
  Interconnect mode:      global
  Area mode:              physical library
============================================================

                                                Library 
   Gate     Instances    Area        Library     Domain 
--------------------------------------------------------
ADDFHX1             3     22.572    slow_vdd1v0   worst 
ADDFHX2             3     24.624    slow_vdd1v0   worst 
ADDFX1            477   2447.010    slow_vdd1v0   worst 
ADDHX1            155    583.110    slow_vdd1v0   worst 
ADDHX2              6     30.780    slow_vdd1v0   worst 
ADDHX4             12     86.184    slow_vdd1v0   worst 
AND2X1            990   1354.320    slow_vdd1v0   worst 
AND2X2             43     73.530    slow_vdd1v0   worst 
AND2X4            103    281.808    slow_vdd1v0   worst 
AND2X6            130    489.060    slow_vdd1v0   worst 
AND2X8             41    182.286    slow_vdd1v0   worst 
AND3X1              5     11.970    slow_vdd1v0   worst 
AND3X2              1      2.736    slow_vdd1v0   worst 
AND3X4              1      3.078    slow_vdd1v0   worst 
AND3X6              8     35.568    slow_vdd1v0   worst 
AND3X8              4     20.520    slow_vdd1v0   worst 
AND3XL             17     34.884    slow_vdd1v0   worst 
AND4X1             30     71.820    slow_vdd1v0   worst 
AND4X6              4     23.256    slow_vdd1v0   worst 
AND4X8              2     12.312    slow_vdd1v0   worst 
AO21X1            166    397.404    slow_vdd1v0   worst 
AO21X2             37    101.232    slow_vdd1v0   worst 
AO21X4             55    188.100    slow_vdd1v0   worst 
AO22X1           1135   3105.360    slow_vdd1v0   worst 
AO22X2             39    120.042    slow_vdd1v0   worst 
AO22X4             19     71.478    slow_vdd1v0   worst 
AOI211X1            3      7.182    slow_vdd1v0   worst 
AOI211X2           40    136.800    slow_vdd1v0   worst 
AOI211X4           62    402.876    slow_vdd1v0   worst 
AOI21X1           177    302.670    slow_vdd1v0   worst 
AOI21X2           192    525.312    slow_vdd1v0   worst 
AOI21X4           143    733.590    slow_vdd1v0   worst 
AOI221X2          132    586.872    slow_vdd1v0   worst 
AOI221X4          127    998.982    slow_vdd1v0   worst 
AOI222X2          123    673.056    slow_vdd1v0   worst 
AOI222X4           34    325.584    slow_vdd1v0   worst 
AOI22X1          2041   4188.132    slow_vdd1v0   worst 
AOI22X2          1032   3882.384    slow_vdd1v0   worst 
AOI22X4           164   1009.584    slow_vdd1v0   worst 
AOI2BB1X1          63    129.276    slow_vdd1v0   worst 
AOI2BB1X2          90    277.020    slow_vdd1v0   worst 
AOI2BB1X4         123    504.792    slow_vdd1v0   worst 
AOI2BB2X1           2      6.840    slow_vdd1v0   worst 
AOI2BB2X2           4     20.520    slow_vdd1v0   worst 
AOI2BB2X4          26    195.624    slow_vdd1v0   worst 
AOI31X2             1      3.420    slow_vdd1v0   worst 
AOI31X4             1      6.498    slow_vdd1v0   worst 
AOI32X2             1      4.446    slow_vdd1v0   worst 
AOI32X4             3     23.598    slow_vdd1v0   worst 
AOI33X4             2     18.468    slow_vdd1v0   worst 
BUFX12             16     82.080    slow_vdd1v0   worst 
BUFX16              6     41.040    slow_vdd1v0   worst 
BUFX2             132    225.720    slow_vdd1v0   worst 
BUFX20              4     32.832    slow_vdd1v0   worst 
BUFX3              47     96.444    slow_vdd1v0   worst 
BUFX4               4      9.576    slow_vdd1v0   worst 
BUFX6             278    855.684    slow_vdd1v0   worst 
BUFX8              71    267.102    slow_vdd1v0   worst 
CLKAND2X12        106    797.544    slow_vdd1v0   worst 
CLKAND2X2         509   1044.468    slow_vdd1v0   worst 
CLKAND2X3          72    221.616    slow_vdd1v0   worst 
CLKAND2X4           6     20.520    slow_vdd1v0   worst 
CLKAND2X6         144    689.472    slow_vdd1v0   worst 
CLKAND2X8          11     63.954    slow_vdd1v0   worst 
CLKBUFX12          12     61.560    slow_vdd1v0   worst 
CLKBUFX16          46    314.640    slow_vdd1v0   worst 
CLKBUFX2            3      5.130    slow_vdd1v0   worst 
CLKBUFX20          11     90.288    slow_vdd1v0   worst 
CLKBUFX6            7     21.546    slow_vdd1v0   worst 
CLKINVX1            1      1.026    slow_vdd1v0   worst 
CLKINVX12         116    476.064    slow_vdd1v0   worst 
CLKINVX16          70    383.040    slow_vdd1v0   worst 
CLKINVX2           24     32.832    slow_vdd1v0   worst 
CLKINVX20          30    194.940    slow_vdd1v0   worst 
CLKINVX3           30     51.300    slow_vdd1v0   worst 
CLKINVX4          320    547.200    slow_vdd1v0   worst 
CLKINVX6          196    469.224    slow_vdd1v0   worst 
CLKINVX8          190    584.820    slow_vdd1v0   worst 
CLKMX2X2           30     92.340    slow_vdd1v0   worst 
CLKMX2X3           49    201.096    slow_vdd1v0   worst 
CLKMX2X4            1      4.104    slow_vdd1v0   worst 
CLKMX2X6            4     17.784    slow_vdd1v0   worst 
CLKMX2X8           29    168.606    slow_vdd1v0   worst 
CLKXOR2X1         226    618.336    slow_vdd1v0   worst 
CLKXOR2X2           6     20.520    slow_vdd1v0   worst 
DFFQX2            992   6446.016    slow_vdd1v0   worst 
DFFRHQX1         1495   9203.220    slow_vdd1v0   worst 
DFFRHQX2           24    188.784    slow_vdd1v0   worst 
DFFRHQX4           24    229.824    slow_vdd1v0   worst 
DFFRX1             10     68.400    slow_vdd1v0   worst 
DFFRX2            298   2242.152    slow_vdd1v0   worst 
DFFRX4             27    258.552    slow_vdd1v0   worst 
INVX1            1003    686.052    slow_vdd1v0   worst 
INVX16              3     16.416    slow_vdd1v0   worst 
INVX2             380    389.880    slow_vdd1v0   worst 
INVX20              6     38.988    slow_vdd1v0   worst 
INVX3             183    250.344    slow_vdd1v0   worst 
INVX4               5      8.550    slow_vdd1v0   worst 
INVX6               3      7.182    slow_vdd1v0   worst 
INVXL               1      0.684    slow_vdd1v0   worst 
MX2X1             763   1826.622    slow_vdd1v0   worst 
MX3X1               1      5.130    slow_vdd1v0   worst 
MX3XL               4     19.152    slow_vdd1v0   worst 
MXI2X1              5     13.680    slow_vdd1v0   worst 
MXI2X2             21     93.366    slow_vdd1v0   worst 
MXI2X4              7     35.910    slow_vdd1v0   worst 
NAND2BX1           75    102.600    slow_vdd1v0   worst 
NAND2BX2          103    246.582    slow_vdd1v0   worst 
NAND2BX4           90    338.580    slow_vdd1v0   worst 
NAND2X1           233    239.058    slow_vdd1v0   worst 
NAND2X2           802   1371.420    slow_vdd1v0   worst 
NAND2X4           542   1853.640    slow_vdd1v0   worst 
NAND2X6           223   1067.724    slow_vdd1v0   worst 
NAND2X8           131    716.832    slow_vdd1v0   worst 
NAND3BX2           16     49.248    slow_vdd1v0   worst 
NAND3BX4            5     25.650    slow_vdd1v0   worst 
NAND3X2            20     54.720    slow_vdd1v0   worst 
NAND3X4            39    186.732    slow_vdd1v0   worst 
NAND3X6            16    114.912    slow_vdd1v0   worst 
NAND3X8            11     90.288    slow_vdd1v0   worst 
NOR2BX1           172    235.296    slow_vdd1v0   worst 
NOR2BX2           106    290.016    slow_vdd1v0   worst 
NOR2BX4            57    214.434    slow_vdd1v0   worst 
NOR2X1            295    302.670    slow_vdd1v0   worst 
NOR2X2            422    721.620    slow_vdd1v0   worst 
NOR2X4            567   1745.226    slow_vdd1v0   worst 
NOR2X6            268   1099.872    slow_vdd1v0   worst 
NOR2X8            120    656.640    slow_vdd1v0   worst 
NOR3BX1             3      6.156    slow_vdd1v0   worst 
NOR3BX2            12     41.040    slow_vdd1v0   worst 
NOR3BX4            15     87.210    slow_vdd1v0   worst 
NOR3X1              9     15.390    slow_vdd1v0   worst 
NOR3X2             15     41.040    slow_vdd1v0   worst 
NOR3X4             39    200.070    slow_vdd1v0   worst 
NOR3X6             31    222.642    slow_vdd1v0   worst 
NOR3X8             33    293.436    slow_vdd1v0   worst 
NOR4BBX2            2     10.260    slow_vdd1v0   worst 
NOR4BX2             1      4.788    slow_vdd1v0   worst 
NOR4BX4             1      7.524    slow_vdd1v0   worst 
NOR4X2             11     37.620    slow_vdd1v0   worst 
NOR4X6              5     41.040    slow_vdd1v0   worst 
NOR4X8              2     21.204    slow_vdd1v0   worst 
OA21X1            225    461.700    slow_vdd1v0   worst 
OA21X2              1      3.078    slow_vdd1v0   worst 
OA21X4             11     41.382    slow_vdd1v0   worst 
OA22X1            364    871.416    slow_vdd1v0   worst 
OA22X2              4     13.680    slow_vdd1v0   worst 
OA22X4             14     57.456    slow_vdd1v0   worst 
OAI211X2            3     12.312    slow_vdd1v0   worst 
OAI211X4           17    110.466    slow_vdd1v0   worst 
OAI21X1           124    212.040    slow_vdd1v0   worst 
OAI21X2           151    464.778    slow_vdd1v0   worst 
OAI21X4           270   1292.760    slow_vdd1v0   worst 
OAI221X2            5     23.940    slow_vdd1v0   worst 
OAI221X4           14    110.124    slow_vdd1v0   worst 
OAI22X1           319    654.588    slow_vdd1v0   worst 
OAI22X2           101    345.420    slow_vdd1v0   worst 
OAI22X4            23    149.454    slow_vdd1v0   worst 
OAI2BB1X1        1596   2729.160    slow_vdd1v0   worst 
OAI2BB1X2         160    492.480    slow_vdd1v0   worst 
OAI2BB1X4          79    351.234    slow_vdd1v0   worst 
OAI2BB2X1           5     20.520    slow_vdd1v0   worst 
OAI2BB2X2          15     82.080    slow_vdd1v0   worst 
OAI2BB2X4          19    162.450    slow_vdd1v0   worst 
OAI31X1             2      4.104    slow_vdd1v0   worst 
OAI31X2            12     45.144    slow_vdd1v0   worst 
OAI31X4             3     20.520    slow_vdd1v0   worst 
OAI32X2             1      4.446    slow_vdd1v0   worst 
OR2X1             331    452.808    slow_vdd1v0   worst 
OR2X2              62    106.020    slow_vdd1v0   worst 
OR2X4              56    153.216    slow_vdd1v0   worst 
OR2X6              82    308.484    slow_vdd1v0   worst 
OR2X8              10     44.460    slow_vdd1v0   worst 
OR3X1              60    123.120    slow_vdd1v0   worst 
OR3X2              11     26.334    slow_vdd1v0   worst 
OR3X4               6     18.468    slow_vdd1v0   worst 
OR3X6              15     71.820    slow_vdd1v0   worst 
OR3X8               2     10.944    slow_vdd1v0   worst 
OR4X1              83    170.316    slow_vdd1v0   worst 
OR4X6               4     21.888    slow_vdd1v0   worst 
OR4X8               2     12.312    slow_vdd1v0   worst 
XNOR2X1           663   1587.222    slow_vdd1v0   worst 
XNOR2X2             4     12.312    slow_vdd1v0   worst 
XNOR2X4             1      3.762    slow_vdd1v0   worst 
XOR2X4              1      4.104    slow_vdd1v0   worst 
--------------------------------------------------------
total           25557  80189.424                


                                          
     Type      Instances    Area   Area % 
------------------------------------------
sequential          2870 18636.948   23.2 
inverter            2561  4138.542    5.2 
buffer               637  2103.642    2.6 
logic              19489 55310.292   69.0 
physical_cells         0     0.000    0.0 
------------------------------------------
total              25557 80189.424  100.0 

