============================================================
  Generated by:           Genus(TM) Synthesis Solution 21.18-s082_1
  Generated on:           Oct 20 2025  07:34:14 pm
  Module:                 riscv_core
  Operating conditions:   PVT_0P9V_125C 
  Operating conditions:   PVT_1P32V_0C 
  Interconnect mode:      global
  Area mode:              physical library
============================================================

                                                Library 
   Gate     Instances    Area        Library     Domain 
--------------------------------------------------------
ADDFHX1            18    135.432    slow_vdd1v0   worst 
ADDFHX2            15    123.120    slow_vdd1v0   worst 
ADDFHX4             1      9.576    slow_vdd1v0   worst 
ADDFHXL             1      7.524    slow_vdd1v0   worst 
ADDFX1            453   2323.890    slow_vdd1v0   worst 
ADDHX1            145    545.490    slow_vdd1v0   worst 
ADDHX2              4     20.520    slow_vdd1v0   worst 
ADDHX4              2     14.364    slow_vdd1v0   worst 
AND2X1            842   1151.856    slow_vdd1v0   worst 
AND2X2             63    107.730    slow_vdd1v0   worst 
AND2X4            134    366.624    slow_vdd1v0   worst 
AND2X6            173    650.826    slow_vdd1v0   worst 
AND2X8             43    191.178    slow_vdd1v0   worst 
AND3X1              3      7.182    slow_vdd1v0   worst 
AND3X4              1      3.078    slow_vdd1v0   worst 
AND3X6              4     17.784    slow_vdd1v0   worst 
AND3X8              4     20.520    slow_vdd1v0   worst 
AND3XL             25     51.300    slow_vdd1v0   worst 
AND4X1             39     93.366    slow_vdd1v0   worst 
AND4X4              2      7.524    slow_vdd1v0   worst 
AND4X6              2     11.628    slow_vdd1v0   worst 
AND4X8              4     24.624    slow_vdd1v0   worst 
AO21X1            101    241.794    slow_vdd1v0   worst 
AO21X2             21     57.456    slow_vdd1v0   worst 
AO21X4             56    191.520    slow_vdd1v0   worst 
AO22X1            834   2281.824    slow_vdd1v0   worst 
AO22X2              6     18.468    slow_vdd1v0   worst 
AO22X4             13     48.906    slow_vdd1v0   worst 
AOI211X1            3      7.182    slow_vdd1v0   worst 
AOI211X2           73    249.660    slow_vdd1v0   worst 
AOI211X4           54    350.892    slow_vdd1v0   worst 
AOI21X1           186    318.060    slow_vdd1v0   worst 
AOI21X2           265    725.040    slow_vdd1v0   worst 
AOI21X4           341   1749.330    slow_vdd1v0   worst 
AOI21XL             2      3.420    slow_vdd1v0   worst 
AOI221X2           49    217.854    slow_vdd1v0   worst 
AOI221X4           80    629.280    slow_vdd1v0   worst 
AOI222X2           25    136.800    slow_vdd1v0   worst 
AOI222X4            7     67.032    slow_vdd1v0   worst 
AOI22X1          2471   5070.492    slow_vdd1v0   worst 
AOI22X2           718   2701.116    slow_vdd1v0   worst 
AOI22X4            97    597.132    slow_vdd1v0   worst 
AOI22XL             1      2.052    slow_vdd1v0   worst 
AOI2BB1X1          37     75.924    slow_vdd1v0   worst 
AOI2BB1X2         153    470.934    slow_vdd1v0   worst 
AOI2BB1X4         149    611.496    slow_vdd1v0   worst 
AOI2BB2X2          27    138.510    slow_vdd1v0   worst 
AOI2BB2X4          32    240.768    slow_vdd1v0   worst 
AOI31X2             1      3.420    slow_vdd1v0   worst 
AOI31X4             2     12.996    slow_vdd1v0   worst 
AOI32X2             1      4.446    slow_vdd1v0   worst 
AOI32X4             4     31.464    slow_vdd1v0   worst 
BUFX12             12     61.560    slow_vdd1v0   worst 
BUFX16              7     47.880    slow_vdd1v0   worst 
BUFX2             183    312.930    slow_vdd1v0   worst 
BUFX20              1      8.208    slow_vdd1v0   worst 
BUFX3              38     77.976    slow_vdd1v0   worst 
BUFX4               1      2.394    slow_vdd1v0   worst 
BUFX6             196    603.288    slow_vdd1v0   worst 
BUFX8              75    282.150    slow_vdd1v0   worst 
CLKAND2X12        199   1497.276    slow_vdd1v0   worst 
CLKAND2X2         749   1536.948    slow_vdd1v0   worst 
CLKAND2X3         288    886.464    slow_vdd1v0   worst 
CLKAND2X4          14     47.880    slow_vdd1v0   worst 
CLKAND2X6         297   1422.036    slow_vdd1v0   worst 
CLKAND2X8          17     98.838    slow_vdd1v0   worst 
CLKBUFX12           8     41.040    slow_vdd1v0   worst 
CLKBUFX16          22    150.480    slow_vdd1v0   worst 
CLKBUFX2            2      3.420    slow_vdd1v0   worst 
CLKBUFX20          10     82.080    slow_vdd1v0   worst 
CLKBUFX3            3      6.156    slow_vdd1v0   worst 
CLKBUFX4            5     11.970    slow_vdd1v0   worst 
CLKBUFX6            3      9.234    slow_vdd1v0   worst 
CLKBUFX8            1      3.762    slow_vdd1v0   worst 
CLKINVX1            2      2.052    slow_vdd1v0   worst 
CLKINVX12         153    627.912    slow_vdd1v0   worst 
CLKINVX16          84    459.648    slow_vdd1v0   worst 
CLKINVX2           13     17.784    slow_vdd1v0   worst 
CLKINVX20          29    188.442    slow_vdd1v0   worst 
CLKINVX3           31     53.010    slow_vdd1v0   worst 
CLKINVX4          378    646.380    slow_vdd1v0   worst 
CLKINVX6          253    605.682    slow_vdd1v0   worst 
CLKINVX8          193    594.054    slow_vdd1v0   worst 
CLKMX2X2           17     52.326    slow_vdd1v0   worst 
CLKMX2X3          128    525.312    slow_vdd1v0   worst 
CLKMX2X4            1      4.104    slow_vdd1v0   worst 
CLKMX2X6            1      4.446    slow_vdd1v0   worst 
CLKMX2X8           19    110.466    slow_vdd1v0   worst 
CLKXOR2X1         237    648.432    slow_vdd1v0   worst 
CLKXOR2X2          11     37.620    slow_vdd1v0   worst 
DFFQX2            992   6446.016    slow_vdd1v0   worst 
DFFRHQX1         1452   8938.512    slow_vdd1v0   worst 
DFFRHQX2           18    141.588    slow_vdd1v0   worst 
DFFRHQX4           50    478.800    slow_vdd1v0   worst 
DFFRHQX8           40    451.440    slow_vdd1v0   worst 
DFFRX1             25    171.000    slow_vdd1v0   worst 
DFFRX2            291   2189.484    slow_vdd1v0   worst 
DFFRX4              1      9.576    slow_vdd1v0   worst 
DFFRXL              1      8.550    slow_vdd1v0   worst 
DLY4X4              1     10.602    slow_vdd1v0   worst 
INVX1             900    615.600    slow_vdd1v0   worst 
INVX12             10     41.040    slow_vdd1v0   worst 
INVX16              5     27.360    slow_vdd1v0   worst 
INVX2             472    484.272    slow_vdd1v0   worst 
INVX20              6     38.988    slow_vdd1v0   worst 
INVX3             213    291.384    slow_vdd1v0   worst 
INVX4              13     22.230    slow_vdd1v0   worst 
INVX6              16     38.304    slow_vdd1v0   worst 
INVX8              17     52.326    slow_vdd1v0   worst 
INVXL               4      2.736    slow_vdd1v0   worst 
MX2X1             655   1568.070    slow_vdd1v0   worst 
MX2X6               1      4.446    slow_vdd1v0   worst 
MX2XL               1      2.394    slow_vdd1v0   worst 
MX3XL               1      4.788    slow_vdd1v0   worst 
MX4X1               1      7.524    slow_vdd1v0   worst 
MXI2X2             30    133.380    slow_vdd1v0   worst 
MXI2X4              5     25.650    slow_vdd1v0   worst 
MXI2X6             10     51.300    slow_vdd1v0   worst 
MXI2X8              1      6.156    slow_vdd1v0   worst 
NAND2BX1           62     84.816    slow_vdd1v0   worst 
NAND2BX2           93    222.642    slow_vdd1v0   worst 
NAND2BX4           53    199.386    slow_vdd1v0   worst 
NAND2X1           331    339.606    slow_vdd1v0   worst 
NAND2X2           696   1190.160    slow_vdd1v0   worst 
NAND2X4           939   3211.380    slow_vdd1v0   worst 
NAND2X6           458   2192.904    slow_vdd1v0   worst 
NAND2X8           197   1077.984    slow_vdd1v0   worst 
NAND2XL             2      2.052    slow_vdd1v0   worst 
NAND3BX2           32     98.496    slow_vdd1v0   worst 
NAND3BX4            7     35.910    slow_vdd1v0   worst 
NAND3X2            34     93.024    slow_vdd1v0   worst 
NAND3X4            51    244.188    slow_vdd1v0   worst 
NAND3X6             7     50.274    slow_vdd1v0   worst 
NAND3X8             6     49.248    slow_vdd1v0   worst 
NOR2BX1           244    333.792    slow_vdd1v0   worst 
NOR2BX2           162    443.232    slow_vdd1v0   worst 
NOR2BX4            56    210.672    slow_vdd1v0   worst 
NOR2BXL             1      1.710    slow_vdd1v0   worst 
NOR2X1            268    274.968    slow_vdd1v0   worst 
NOR2X2            508    868.680    slow_vdd1v0   worst 
NOR2X4            792   2437.776    slow_vdd1v0   worst 
NOR2X6            406   1666.224    slow_vdd1v0   worst 
NOR2X8            180    984.960    slow_vdd1v0   worst 
NOR2XL              2      2.052    slow_vdd1v0   worst 
NOR3BX1             2      4.104    slow_vdd1v0   worst 
NOR3BX2             2      6.840    slow_vdd1v0   worst 
NOR3BX4             7     40.698    slow_vdd1v0   worst 
NOR3X1              8     13.680    slow_vdd1v0   worst 
NOR3X2             12     32.832    slow_vdd1v0   worst 
NOR3X4             28    143.640    slow_vdd1v0   worst 
NOR3X6             43    308.826    slow_vdd1v0   worst 
NOR3X8             30    266.760    slow_vdd1v0   worst 
NOR4BX2             1      4.788    slow_vdd1v0   worst 
NOR4X2              3     10.260    slow_vdd1v0   worst 
NOR4X4              1      6.498    slow_vdd1v0   worst 
NOR4X6              2     16.416    slow_vdd1v0   worst 
NOR4X8              1     10.602    slow_vdd1v0   worst 
OA21X1            158    324.216    slow_vdd1v0   worst 
OA21X2              5     15.390    slow_vdd1v0   worst 
OA21X4              2      7.524    slow_vdd1v0   worst 
OA22X1            296    708.624    slow_vdd1v0   worst 
OA22X2              3     10.260    slow_vdd1v0   worst 
OA22X4              1      4.104    slow_vdd1v0   worst 
OAI211X2            3     12.312    slow_vdd1v0   worst 
OAI211X4           15     97.470    slow_vdd1v0   worst 
OAI21X1            82    140.220    slow_vdd1v0   worst 
OAI21X2           211    649.458    slow_vdd1v0   worst 
OAI21X4           328   1570.464    slow_vdd1v0   worst 
OAI221X2            5     23.940    slow_vdd1v0   worst 
OAI221X4            1      7.866    slow_vdd1v0   worst 
OAI22X1           384    787.968    slow_vdd1v0   worst 
OAI22X2           112    383.040    slow_vdd1v0   worst 
OAI22X4            39    253.422    slow_vdd1v0   worst 
OAI2BB1X1        1364   2332.440    slow_vdd1v0   worst 
OAI2BB1X2         148    455.544    slow_vdd1v0   worst 
OAI2BB1X4         308   1369.368    slow_vdd1v0   worst 
OAI2BB2X2          16     87.552    slow_vdd1v0   worst 
OAI2BB2X4          21    179.550    slow_vdd1v0   worst 
OAI31X1             1      2.052    slow_vdd1v0   worst 
OAI31X2            16     60.192    slow_vdd1v0   worst 
OAI31X4             4     27.360    slow_vdd1v0   worst 
OAI32X2             8     35.568    slow_vdd1v0   worst 
OAI32X4             1      8.208    slow_vdd1v0   worst 
OR2X1             240    328.320    slow_vdd1v0   worst 
OR2X2              64    109.440    slow_vdd1v0   worst 
OR2X4              38    103.968    slow_vdd1v0   worst 
OR2X6              66    248.292    slow_vdd1v0   worst 
OR2X8              15     66.690    slow_vdd1v0   worst 
OR3X1              40     82.080    slow_vdd1v0   worst 
OR3X2               8     19.152    slow_vdd1v0   worst 
OR3X4               2      6.156    slow_vdd1v0   worst 
OR3X6              12     57.456    slow_vdd1v0   worst 
OR3X8               3     16.416    slow_vdd1v0   worst 
OR4X1              73    149.796    slow_vdd1v0   worst 
OR4X2               1      3.420    slow_vdd1v0   worst 
OR4X6               3     16.416    slow_vdd1v0   worst 
OR4X8               2     12.312    slow_vdd1v0   worst 
XNOR2X1           686   1642.284    slow_vdd1v0   worst 
XNOR2X2             7     21.546    slow_vdd1v0   worst 
XNOR2X4             1      3.762    slow_vdd1v0   worst 
XOR2X4              1      4.104    slow_vdd1v0   worst 
--------------------------------------------------------
total           27221  86803.362                


                                          
     Type      Instances    Area   Area % 
------------------------------------------
sequential          2870 18834.966   21.7 
inverter            2792  4809.204    5.5 
buffer               568  1715.130    2.0 
logic              20991 61444.062   70.8 
physical_cells         0     0.000    0.0 
------------------------------------------
total              27221 86803.362  100.0 

