============================================================
  Generated by:           Genus(TM) Synthesis Solution 21.18-s082_1
  Generated on:           Oct 20 2025  07:34:13 pm
  Module:                 riscv_core
  Operating conditions:   PVT_0P9V_125C 
  Operating conditions:   PVT_1P32V_0C 
  Interconnect mode:      global
  Area mode:              physical library
============================================================


Path 1: VIOLATED (-998 ps) Setup Check with Pin u_lsu_mem_cacheable_q_reg/CK->D
          Group: clk
     Startpoint: (R) u_frontend_u_decode_genblk1.u_fifo_rd_ptr_q_reg[0]/CK
          Clock: (R) clk
       Endpoint: (R) u_lsu_mem_cacheable_q_reg/D
          Clock: (R) clk

                     Capture       Launch     
        Clock Edge:+    5000            0     
       Src Latency:+       0            0     
       Net Latency:+     100 (I)      100 (I) 
           Arrival:=    5100          100     
                                              
             Setup:-     146                  
       Uncertainty:-      50                  
     Required Time:=    4904                  
      Launch Clock:-     100                  
         Data Path:-    5802                  
             Slack:=    -998                  

#-------------------------------------------------------------------------------------------------------------------------------
#                     Timing Point                      Flags   Arc   Edge    Cell     Fanout Load Trans Delay Arrival Instance 
#                                                                                             (fF)  (ps)  (ps)   (ps)  Location 
#-------------------------------------------------------------------------------------------------------------------------------
  u_frontend_u_decode_genblk1.u_fifo_rd_ptr_q_reg[0]/CK -       -     R     (arrival)    2870    -     0     0     100    (-,-) 
  u_frontend_u_decode_genblk1.u_fifo_rd_ptr_q_reg[0]/Q  -       CK->Q R     DFFRX4          1 10.9    89   309     409    (-,-) 
  fopt100/Y                                             -       A->Y  F     CLKINVX20       7 41.0    85    83     492    (-,-) 
  fopt75/Y                                              -       A->Y  R     CLKINVX6        4 14.4    70    73     565    (-,-) 
  fopt74/Y                                              -       A->Y  F     CLKINVX6        2  8.7    59    64     629    (-,-) 
  fopt73/Y                                              -       A->Y  R     INVX8           2  9.2    41    48     677    (-,-) 
  fopt72/Y                                              -       A->Y  F     CLKINVX8        4 14.3    64    56     733    (-,-) 
  fopt71/Y                                              -       A->Y  R     CLKINVX8        2  7.6    38    48     780    (-,-) 
  g153014/Y                                             -       A1->Y F     AOI21X4         1  5.8   131   110     891    (-,-) 
  g153007/Y                                             -       A->Y  R     CLKINVX8        6 18.5    78    91     981    (-,-) 
  u_frontend_u_decode_genblk1.u_dec1/g12996/Y           -       A->Y  F     NOR2X6          2  6.2    56    72    1053    (-,-) 
  u_frontend_u_decode_genblk1.u_dec1/g12956/Y           -       B->Y  F     CLKAND2X6       3 10.9    67   116    1170    (-,-) 
  u_frontend_u_decode_genblk1.u_dec1/g12919/Y           -       A->Y  R     NOR2X6          1  5.3    67    82    1252    (-,-) 
  u_frontend_u_decode_genblk1.u_dec1/g12877/Y           -       A->Y  F     NOR3X6          1  5.1    59    71    1323    (-,-) 
  u_frontend_u_decode_genblk1.u_dec1/g12871/Y           -       A->Y  R     CLKINVX6        2  8.4    45    51    1373    (-,-) 
  u_frontend_u_decode_genblk1.u_dec1/g12863/Y           -       A->Y  F     NAND2X8         1  5.8    81    84    1457    (-,-) 
  u_frontend_u_decode_genblk1.u_dec1/g12855/Y           -       C->Y  R     NOR3X8          1  3.9    85    84    1542    (-,-) 
  u_frontend_u_decode_genblk1.u_dec1/g12848/Y           -       B->Y  R     CLKAND2X6       1  6.1    40   122    1663    (-,-) 
  u_frontend_u_decode_genblk1.u_dec1/g12846/Y           -       B->Y  F     NAND2X8         2  7.5    95    79    1742    (-,-) 
  u_frontend_u_decode_genblk1.u_dec1/g12842/Y           -       B->Y  R     NAND2X8         2  7.8    49    64    1806    (-,-) 
  g329704/Y                                             -       B->Y  F     NOR2X8          1  5.8    50    46    1853    (-,-) 
  g328913/Y                                             -       B->Y  R     NOR2X8          1  6.1    62    60    1913    (-,-) 
  g328658/Y                                             -       B->Y  F     NOR2X8          2  9.5    59    59    1972    (-,-) 
  g328256/Y                                             -       B->Y  R     NOR2X6          2 14.2   130   103    2075    (-,-) 
  fopt331115/Y                                          -       A->Y  F     CLKINVX12       6 19.9    79    93    2168    (-,-) 
  fopt331113/Y                                          -       A->Y  R     CLKINVX12       4 16.8    52    60    2228    (-,-) 
  g330886/Y                                             -       B->Y  F     NOR2BX4         2  8.0    84    66    2294    (-,-) 
  g327594/Y                                             -       B->Y  R     NOR2X6          1  5.3    70    77    2371    (-,-) 
  g327414/Y                                             -       B->Y  F     NOR2X6          1  5.8    52    60    2431    (-,-) 
  g327161/Y                                             -       B->Y  R     NOR2X8          1  6.1    63    61    2493    (-,-) 
  g327080/Y                                             -       B->Y  F     NOR2X8          1  5.8    56    53    2546    (-,-) 
  g326695/Y                                             -       A->Y  R     NAND2X8         1  6.1    39    49    2594    (-,-) 
  g326471/Y                                             -       B->Y  F     NAND2X8         3 10.5   116    90    2684    (-,-) 
  g272638/Y                                             -       A->Y  F     CLKAND2X6       1  5.8    46   142    2827    (-,-) 
  g271807/Y                                             -       B->Y  R     NAND2X8         1  6.1    38    41    2868    (-,-) 
  g270742/Y                                             -       B->Y  F     NOR2X8          1  4.5    41    39    2907    (-,-) 
  g269178/Y                                             -       B->Y  F     CLKAND2X12      7 19.4    68   115    3022    (-,-) 
  g267476/Y                                             -       B->Y  F     AND2X6          3  8.3    56   111    3133    (-,-) 
  g274181/Y                                             -       B->Y  F     OR2X4           1  4.3    63   168    3301    (-,-) 
  g265188/Y                                             -       B1->Y R     AOI22X4         1  3.9    99    84    3385    (-,-) 
  g264891/Y                                             -       A->Y  R     CLKAND2X6       1  6.1    40   139    3524    (-,-) 
  g264754/Y                                             -       B->Y  F     NAND2X8         1  5.8    80    72    3596    (-,-) 
  g264736/Y                                             -       C->Y  R     NOR3X8          2  8.4   121   106    3702    (-,-) 
  g264713/Y                                             -       B->Y  F     NAND2X8         1  5.8    91   107    3809    (-,-) 
  g264703/Y                                             -       B->Y  R     NOR2X8          1  4.4    59    72    3881    (-,-) 
  g264695/Y                                             -       B->Y  R     CLKAND2X12     13 37.0    88   147    4028    (-,-) 
  g264669/Y                                             -       A->Y  F     CLKINVX16       4 21.6    65    70    4098    (-,-) 
  g264662/Y                                             -       A->Y  R     CLKINVX20      14 33.7    59    65    4163    (-,-) 
  g264578/Y                                             -       S0->Y F     CLKMX2X3        2  8.1    98   224    4388    (-,-) 
  g263606/Y                                             -       A1->Y R     OAI21X4         1  3.9    86   100    4488    (-,-) 
  g263182/Y                                             -       A->Y  R     CLKAND2X6       2  6.2    41   133    4620    (-,-) 
  g263030/Y                                             -       B->Y  R     CLKAND2X6       2  5.6    39   102    4722    (-,-) 
  g262947/Y                                             -       B->Y  R     CLKAND2X6       2  6.2    40   102    4824    (-,-) 
  g262830/Y                                             -       B->Y  R     CLKAND2X6       2  5.8    40   102    4926    (-,-) 
  g262777/Y                                             -       B->Y  R     CLKAND2X6       2  8.4    48   106    5032    (-,-) 
  g262712/Y                                             -       B->Y  F     NAND2X8         2  8.7   102    87    5119    (-,-) 
  fopt331144/Y                                          -       A->Y  R     CLKINVX8        2  9.2    49    65    5184    (-,-) 
  g262679/Y                                             -       B->Y  F     NAND2X8         2  8.0   105    85    5269    (-,-) 
  g262602/Y                                             -       B0->Y R     AOI21X4         1  3.3    75    94    5363    (-,-) 
  g262473/Y                                             -       B->Y  F     XNOR2X2         1  5.8   103   212    5575    (-,-) 
  g262370/Y                                             -       B->Y  R     NOR2X8          1  6.1    69    82    5657    (-,-) 
  g262355/Y                                             -       B->Y  F     NOR2X8          1  7.2    51    58    5716    (-,-) 
  fopt331088/Y                                          -       A->Y  R     CLKINVX12       2  8.8    33    41    5757    (-,-) 
  g262262/Y                                             -       B->Y  F     NAND2X8         1  4.4    70    63    5820    (-,-) 
  g262247/Y                                             -       A1->Y R     OAI21X4         1  3.2    76    82    5902    (-,-) 
  u_lsu_mem_cacheable_q_reg/D                           <<<     -     R     DFFRHQX1        1    -     -     0    5902    (-,-) 
#-------------------------------------------------------------------------------------------------------------------------------

