============================================================
  Generated by:           Genus(TM) Synthesis Solution 21.18-s082_1
  Generated on:           Oct 20 2025  07:34:14 pm
  Module:                 riscv_core
  Operating conditions:   PVT_0P9V_125C 
  Operating conditions:   PVT_1P32V_0C 
  Interconnect mode:      global
  Area mode:              physical library
============================================================

Timing
--------

Clock Period 
-------------
clk   5000.0 


  Cost    Critical               Violating 
 Group   Path Slack     TNS        Paths   
-------------------------------------------
clk          -998.3   -335926.9        490 
default    No paths         0.0            
-------------------------------------------
Total                 -335926.9        490 

Instance Count
--------------
Leaf Instance Count             27221 
Physical Instance count             0 
Sequential Instance Count        2870 
Combinational Instance Count    24351 
Hierarchical Instance Count         4 

Area
----
Cell Area                          86803.362
Physical Cell Area                 0.000
Total Cell Area (Cell+Physical)    86803.362
Net Area                           34248.551
Total Area (Cell+Physical+Net)     121051.913

Max Fanout                         2870 (clk)
Min Fanout                         0 (fetch0_instr_branch_w)
Average Fanout                     2.4
Terms to net ratio                 3.4917
Terms to instance ratio            3.6045
Runtime                            627.5944209999999 seconds
Elapsed Runtime                    653 seconds
Genus peak memory usage            1742.29 
Innovus peak memory usage          no_value 
Hostname                           gmicro02
