============================================================
  Generated by:           Genus(TM) Synthesis Solution 21.18-s082_1
  Generated on:           Oct 20 2025  07:46:12 pm
  Module:                 riscv_core
  Operating conditions:   PVT_0P9V_125C 
  Operating conditions:   PVT_1P32V_0C 
  Interconnect mode:      global
  Area mode:              physical library
============================================================


Path 1: VIOLATED (-439 ps) Setup Check with Pin u_lsu_mem_cacheable_q_reg/CK->D
          Group: clk
     Startpoint: (R) u_frontend_u_decode_genblk1.u_fifo_rd_ptr_q_reg[0]/CK
          Clock: (R) clk
       Endpoint: (R) u_lsu_mem_cacheable_q_reg/D
          Clock: (R) clk

                     Capture       Launch     
        Clock Edge:+    5560            0     
       Src Latency:+       0            0     
       Net Latency:+     100 (I)      100 (I) 
           Arrival:=    5660          100     
                                              
             Setup:-     166                  
       Uncertainty:-      50                  
     Required Time:=    5444                  
      Launch Clock:-     100                  
         Data Path:-    5783                  
             Slack:=    -439                  

#--------------------------------------------------------------------------------------------------------------------------------
#                     Timing Point                      Flags    Arc   Edge    Cell     Fanout Load Trans Delay Arrival Instance 
#                                                                                              (fF)  (ps)  (ps)   (ps)  Location 
#--------------------------------------------------------------------------------------------------------------------------------
  u_frontend_u_decode_genblk1.u_fifo_rd_ptr_q_reg[0]/CK -       -      R     (arrival)    2870    -     0     0     100    (-,-) 
  u_frontend_u_decode_genblk1.u_fifo_rd_ptr_q_reg[0]/Q  -       CK->Q  R     DFFRX4          1  9.3    81   305     405    (-,-) 
  fopt109/Y                                             -       A->Y   F     CLKINVX16       7 38.8    92    85     489    (-,-) 
  fopt70/Y                                              -       A->Y   R     CLKINVX12       2 14.2    50    62     552    (-,-) 
  fopt69/Y                                              -       A->Y   F     CLKINVX12       6 20.2    65    59     611    (-,-) 
  fopt63/Y                                              -       A->Y   R     CLKINVX12       4 15.2    46    53     663    (-,-) 
  g320600/Y                                             -       A1->Y  F     AOI21X4         2  5.0   120   108     771    (-,-) 
  g321406/Y                                             -       B->Y   R     CLKXOR2X2       1  6.1    96   234    1005    (-,-) 
  g320115/Y                                             -       A->Y   F     NAND2X8         1  5.8    83   108    1113    (-,-) 
  g320087/Y                                             -       B->Y   R     NOR2X8          2  8.6    80    82    1195    (-,-) 
  g319959/Y                                             -       B->Y   R     CLKAND2X6       1  6.1    40   119    1314    (-,-) 
  g319916/Y                                             -       A->Y   F     NAND2X8         1  5.8    82    82    1396    (-,-) 
  g319875/Y                                             -       B->Y   R     NOR2X8          2  6.2    67    74    1469    (-,-) 
  g319764/Y                                             -       B->Y   R     CLKAND2X6       6 20.6    88   141    1610    (-,-) 
  g319653/Y                                             -       B->Y   F     NAND2X8         1  5.8    88    93    1703    (-,-) 
  g319493/Y                                             -       A->Y   R     NOR2X8          1  6.1    68    89    1792    (-,-) 
  g319269/Y                                             -       B->Y   F     NOR2X8          4 13.2    83    69    1860    (-,-) 
  g321375/Y                                             -       B->Y   F     CLKAND2X6       3 13.6    79   136    1996    (-,-) 
  g318850/Y                                             -       A->Y   R     CLKINVX16       8 31.3    65    70    2065    (-,-) 
  g318846/Y                                             -       A->Y   F     CLKINVX16      11 35.1    83    74    2140    (-,-) 
  g321390/Y                                             -       B->Y   R     NOR2BX2         1  4.5   132   118    2258    (-,-) 
  g318053/Y                                             -       A1->Y  F     OAI21X4         1  5.8   142   152    2410    (-,-) 
  g317483/Y                                             -       A->Y   R     NOR3X8          1  6.1   103   158    2568    (-,-) 
  g317318/Y                                             -       B->Y   F     NAND2X8         2  7.5   100   106    2674    (-,-) 
  g258220/Y                                             -       A->Y   R     NOR2X8          1  6.1    69    94    2768    (-,-) 
  g257498/Y                                             -       B->Y   F     NAND2X8         2  7.6    97    92    2860    (-,-) 
  g255318/Y                                             -       A->Y   R     NOR2X8          5 17.3   125   127    2987    (-,-) 
  g254462/Y                                             -       B->Y   F     NAND2X8         5 13.5   145   140    3127    (-,-) 
  g252822/Y                                             -       B->Y   R     NOR2X4          2  6.8   111   127    3253    (-,-) 
  g251825/Y                                             -       B->Y   F     NOR2X4          1  3.3    51    79    3332    (-,-) 
  g250723/Y                                             -       A1->Y  F     OA22X4          1  4.3    80   215    3547    (-,-) 
  g250619/Y                                             -       B->Y   R     NAND2X4         1  3.3    56    58    3605    (-,-) 
  g250355/Y                                             -       A0N->Y R     AOI2BB1X4       1  5.3    98   146    3751    (-,-) 
  g249993/Y                                             -       A->Y   F     NOR3X6          1  4.0    58    84    3835    (-,-) 
  g249864/Y                                             -       B->Y   F     CLKAND2X6       3  9.3    60   114    3949    (-,-) 
  g249826/Y                                             -       B->Y   F     CLKAND2X12     20 44.0   123   155    4104    (-,-) 
  g259801/Y                                             -       B->Y   R     NOR2BX4         1  4.5    86   102    4206    (-,-) 
  g249651/Y                                             -       B0->Y  F     AOI21X4         2  6.8   151    79    4285    (-,-) 
  g249449/Y                                             -       A->Y   R     NOR2X6          1  3.9    70   113    4398    (-,-) 
  g248977/CO                                            -       CI->CO R     ADDFHX4         2  8.0    92   246    4643    (-,-) 
  g248914/Y                                             -       B->Y   F     NAND2X8         1  5.8    87    94    4738    (-,-) 
  g248803/Y                                             -       B->Y   R     NAND2X8         2  8.4    49    62    4799    (-,-) 
  g248770/Y                                             -       B->Y   F     NAND2X8         1  4.5    72    70    4870    (-,-) 
  g248725/Y                                             -       B->Y   F     CLKAND2X12      2  8.0    43   116    4986    (-,-) 
  g248650/Y                                             -       B->Y   R     NOR2X8          1  6.1    62    57    5044    (-,-) 
  g248604/Y                                             -       A->Y   F     NOR2X8          3  8.6    56    65    5109    (-,-) 
  g248530/Y                                             -       A1N->Y F     AOI2BB1X4       1  3.3    59   167    5276    (-,-) 
  g248398/Y                                             -       B->Y   F     XNOR2X2         1  4.3    84   191    5467    (-,-) 
  g248287/Y                                             -       B0->Y  R     AOI2BB2X4       1  3.9    93    94    5561    (-,-) 
  g248265/Y                                             -       B->Y   R     CLKAND2X6       2  9.2    51   131    5691    (-,-) 
  g248241/Y                                             -       A->Y   F     NAND2X8         1  4.4    72    81    5772    (-,-) 
  g248228/Y                                             -       A2->Y  R     OAI31X4         1  3.2   116   111    5883    (-,-) 
  u_lsu_mem_cacheable_q_reg/D                           <<<     -      R     DFFRHQX1        1    -     -     0    5883    (-,-) 
#--------------------------------------------------------------------------------------------------------------------------------

