============================================================
  Generated by:           Genus(TM) Synthesis Solution 21.18-s082_1
  Generated on:           Oct 20 2025  07:46:13 pm
  Module:                 riscv_core
  Operating conditions:   PVT_0P9V_125C 
  Operating conditions:   PVT_1P32V_0C 
  Interconnect mode:      global
  Area mode:              physical library
============================================================

                                                Library 
   Gate     Instances    Area        Library     Domain 
--------------------------------------------------------
ADDFHX1             6     45.144    slow_vdd1v0   worst 
ADDFHX2             9     73.872    slow_vdd1v0   worst 
ADDFHX4             1      9.576    slow_vdd1v0   worst 
ADDFX1            468   2400.840    slow_vdd1v0   worst 
ADDHX1            145    545.490    slow_vdd1v0   worst 
ADDHX2             12     61.560    slow_vdd1v0   worst 
ADDHX4              7     50.274    slow_vdd1v0   worst 
AND2X1            874   1195.632    slow_vdd1v0   worst 
AND2X2             51     87.210    slow_vdd1v0   worst 
AND2X4             75    205.200    slow_vdd1v0   worst 
AND2X6            173    650.826    slow_vdd1v0   worst 
AND2X8             40    177.840    slow_vdd1v0   worst 
AND3X1              4      9.576    slow_vdd1v0   worst 
AND3X2              1      2.736    slow_vdd1v0   worst 
AND3X4              3      9.234    slow_vdd1v0   worst 
AND3X6              4     17.784    slow_vdd1v0   worst 
AND3X8              5     25.650    slow_vdd1v0   worst 
AND3XL             17     34.884    slow_vdd1v0   worst 
AND4X1             44    105.336    slow_vdd1v0   worst 
AND4X6              2     11.628    slow_vdd1v0   worst 
AND4X8              3     18.468    slow_vdd1v0   worst 
AO21X1            134    320.796    slow_vdd1v0   worst 
AO21X2             35     95.760    slow_vdd1v0   worst 
AO21X4             54    184.680    slow_vdd1v0   worst 
AO22X1           1042   2850.912    slow_vdd1v0   worst 
AO22X2             15     46.170    slow_vdd1v0   worst 
AO22X4             26     97.812    slow_vdd1v0   worst 
AOI211X1            3      7.182    slow_vdd1v0   worst 
AOI211X2           54    184.680    slow_vdd1v0   worst 
AOI211X4           43    279.414    slow_vdd1v0   worst 
AOI21X1           235    401.850    slow_vdd1v0   worst 
AOI21X2           271    741.456    slow_vdd1v0   worst 
AOI21X4           319   1636.470    slow_vdd1v0   worst 
AOI21XL             1      1.710    slow_vdd1v0   worst 
AOI221X2           43    191.178    slow_vdd1v0   worst 
AOI221X4           66    519.156    slow_vdd1v0   worst 
AOI222X2           20    109.440    slow_vdd1v0   worst 
AOI222X4            1      9.576    slow_vdd1v0   worst 
AOI22X1          2057   4220.964    slow_vdd1v0   worst 
AOI22X2           967   3637.854    slow_vdd1v0   worst 
AOI22X4           232   1428.192    slow_vdd1v0   worst 
AOI2BB1X1          48     98.496    slow_vdd1v0   worst 
AOI2BB1X2         107    329.346    slow_vdd1v0   worst 
AOI2BB1X4         185    759.240    slow_vdd1v0   worst 
AOI2BB2X1           3     10.260    slow_vdd1v0   worst 
AOI2BB2X2          17     87.210    slow_vdd1v0   worst 
AOI2BB2X4          49    368.676    slow_vdd1v0   worst 
AOI31X2             3     10.260    slow_vdd1v0   worst 
AOI31X4             3     19.494    slow_vdd1v0   worst 
AOI32X2             1      4.446    slow_vdd1v0   worst 
AOI32X4             1      7.866    slow_vdd1v0   worst 
BUFX12             23    117.990    slow_vdd1v0   worst 
BUFX16              6     41.040    slow_vdd1v0   worst 
BUFX2             154    263.340    slow_vdd1v0   worst 
BUFX20              9     73.872    slow_vdd1v0   worst 
BUFX3              60    123.120    slow_vdd1v0   worst 
BUFX4               8     19.152    slow_vdd1v0   worst 
BUFX6             379   1166.562    slow_vdd1v0   worst 
BUFX8              74    278.388    slow_vdd1v0   worst 
CLKAND2X12        160   1203.840    slow_vdd1v0   worst 
CLKAND2X2         761   1561.572    slow_vdd1v0   worst 
CLKAND2X3         186    572.508    slow_vdd1v0   worst 
CLKAND2X4          18     61.560    slow_vdd1v0   worst 
CLKAND2X6         213   1019.844    slow_vdd1v0   worst 
CLKAND2X8          19    110.466    slow_vdd1v0   worst 
CLKBUFX12          23    117.990    slow_vdd1v0   worst 
CLKBUFX16          42    287.280    slow_vdd1v0   worst 
CLKBUFX2            2      3.420    slow_vdd1v0   worst 
CLKBUFX20           6     49.248    slow_vdd1v0   worst 
CLKBUFX3            6     12.312    slow_vdd1v0   worst 
CLKBUFX4            2      4.788    slow_vdd1v0   worst 
CLKBUFX6            4     12.312    slow_vdd1v0   worst 
CLKBUFX8            1      3.762    slow_vdd1v0   worst 
CLKINVX12         153    627.912    slow_vdd1v0   worst 
CLKINVX16          54    295.488    slow_vdd1v0   worst 
CLKINVX2           42     57.456    slow_vdd1v0   worst 
CLKINVX20          23    149.454    slow_vdd1v0   worst 
CLKINVX3           40     68.400    slow_vdd1v0   worst 
CLKINVX4          450    769.500    slow_vdd1v0   worst 
CLKINVX6          273    653.562    slow_vdd1v0   worst 
CLKINVX8          206    634.068    slow_vdd1v0   worst 
CLKMX2X2           17     52.326    slow_vdd1v0   worst 
CLKMX2X3          135    554.040    slow_vdd1v0   worst 
CLKMX2X4            2      8.208    slow_vdd1v0   worst 
CLKMX2X6            3     13.338    slow_vdd1v0   worst 
CLKMX2X8           21    122.094    slow_vdd1v0   worst 
CLKXOR2X1         231    632.016    slow_vdd1v0   worst 
CLKXOR2X2          11     37.620    slow_vdd1v0   worst 
DFFQX2            992   6446.016    slow_vdd1v0   worst 
DFFRHQX1         1472   9061.632    slow_vdd1v0   worst 
DFFRHQX2            1      7.866    slow_vdd1v0   worst 
DFFRHQX4            2     19.152    slow_vdd1v0   worst 
DFFRHQX8           36    406.296    slow_vdd1v0   worst 
DFFRX1              9     61.560    slow_vdd1v0   worst 
DFFRX2            327   2460.348    slow_vdd1v0   worst 
DFFRX4             29    277.704    slow_vdd1v0   worst 
DFFRXL              2     17.100    slow_vdd1v0   worst 
INVX1             955    653.220    slow_vdd1v0   worst 
INVX12             15     61.560    slow_vdd1v0   worst 
INVX16             11     60.192    slow_vdd1v0   worst 
INVX2             446    457.596    slow_vdd1v0   worst 
INVX20              2     12.996    slow_vdd1v0   worst 
INVX3             180    246.240    slow_vdd1v0   worst 
INVX4              20     34.200    slow_vdd1v0   worst 
INVX6              21     50.274    slow_vdd1v0   worst 
INVX8               8     24.624    slow_vdd1v0   worst 
INVXL               3      2.052    slow_vdd1v0   worst 
MX2X1             653   1563.282    slow_vdd1v0   worst 
MX3XL               1      4.788    slow_vdd1v0   worst 
MXI2X1              4     10.944    slow_vdd1v0   worst 
MXI2X2             36    160.056    slow_vdd1v0   worst 
MXI2X4             24    123.120    slow_vdd1v0   worst 
MXI2X6              7     35.910    slow_vdd1v0   worst 
MXI2X8              1      6.156    slow_vdd1v0   worst 
NAND2BX1          110    150.480    slow_vdd1v0   worst 
NAND2BX2           83    198.702    slow_vdd1v0   worst 
NAND2BX4           91    342.342    slow_vdd1v0   worst 
NAND2X1           327    335.502    slow_vdd1v0   worst 
NAND2X2           676   1155.960    slow_vdd1v0   worst 
NAND2X4           779   2664.180    slow_vdd1v0   worst 
NAND2X6           291   1393.308    slow_vdd1v0   worst 
NAND2X8           218   1192.896    slow_vdd1v0   worst 
NAND3BX2           20     61.560    slow_vdd1v0   worst 
NAND3BX4            4     20.520    slow_vdd1v0   worst 
NAND3X2            21     57.456    slow_vdd1v0   worst 
NAND3X4            28    134.064    slow_vdd1v0   worst 
NAND3X6            10     71.820    slow_vdd1v0   worst 
NAND3X8            10     82.080    slow_vdd1v0   worst 
NAND3XL             1      1.710    slow_vdd1v0   worst 
NAND4BX4            1      7.524    slow_vdd1v0   worst 
NOR2BX1           165    225.720    slow_vdd1v0   worst 
NOR2BX2           165    451.440    slow_vdd1v0   worst 
NOR2BX4            54    203.148    slow_vdd1v0   worst 
NOR2X1            252    258.552    slow_vdd1v0   worst 
NOR2X2            469    801.990    slow_vdd1v0   worst 
NOR2X4            626   1926.828    slow_vdd1v0   worst 
NOR2X6            400   1641.600    slow_vdd1v0   worst 
NOR2X8            160    875.520    slow_vdd1v0   worst 
NOR3BX1             4      8.208    slow_vdd1v0   worst 
NOR3BX2             5     17.100    slow_vdd1v0   worst 
NOR3BX4            12     69.768    slow_vdd1v0   worst 
NOR3X1              8     13.680    slow_vdd1v0   worst 
NOR3X2             12     32.832    slow_vdd1v0   worst 
NOR3X4              9     46.170    slow_vdd1v0   worst 
NOR3X6             35    251.370    slow_vdd1v0   worst 
NOR3X8             28    248.976    slow_vdd1v0   worst 
NOR3XL              2      3.420    slow_vdd1v0   worst 
NOR4BBX2            1      5.130    slow_vdd1v0   worst 
NOR4BX4             2     15.048    slow_vdd1v0   worst 
NOR4X2              7     23.940    slow_vdd1v0   worst 
NOR4X4              2     12.996    slow_vdd1v0   worst 
NOR4X6              2     16.416    slow_vdd1v0   worst 
NOR4X8              2     21.204    slow_vdd1v0   worst 
OA21X1            180    369.360    slow_vdd1v0   worst 
OA21X2              8     24.624    slow_vdd1v0   worst 
OA21X4              9     33.858    slow_vdd1v0   worst 
OA22X1            259    620.046    slow_vdd1v0   worst 
OA22X2              6     20.520    slow_vdd1v0   worst 
OA22X4             13     53.352    slow_vdd1v0   worst 
OAI211X2            2      8.208    slow_vdd1v0   worst 
OAI211X4           10     64.980    slow_vdd1v0   worst 
OAI21X1            91    155.610    slow_vdd1v0   worst 
OAI21X2           197    606.366    slow_vdd1v0   worst 
OAI21X4           405   1939.140    slow_vdd1v0   worst 
OAI21XL             1      1.710    slow_vdd1v0   worst 
OAI221X2           12     57.456    slow_vdd1v0   worst 
OAI221X4           16    125.856    slow_vdd1v0   worst 
OAI22X1           298    611.496    slow_vdd1v0   worst 
OAI22X2           121    413.820    slow_vdd1v0   worst 
OAI22X4            31    201.438    slow_vdd1v0   worst 
OAI2BB1X1        1534   2623.140    slow_vdd1v0   worst 
OAI2BB1X2         144    443.232    slow_vdd1v0   worst 
OAI2BB1X4         193    858.078    slow_vdd1v0   worst 
OAI2BB2X1           6     24.624    slow_vdd1v0   worst 
OAI2BB2X2          20    109.440    slow_vdd1v0   worst 
OAI2BB2X4          23    196.650    slow_vdd1v0   worst 
OAI31X1             1      2.052    slow_vdd1v0   worst 
OAI31X2            10     37.620    slow_vdd1v0   worst 
OAI31X4             3     20.520    slow_vdd1v0   worst 
OAI32X2             1      4.446    slow_vdd1v0   worst 
OAI32X4             1      8.208    slow_vdd1v0   worst 
OR2X1             286    391.248    slow_vdd1v0   worst 
OR2X2              61    104.310    slow_vdd1v0   worst 
OR2X4              38    103.968    slow_vdd1v0   worst 
OR2X6              85    319.770    slow_vdd1v0   worst 
OR2X8              12     53.352    slow_vdd1v0   worst 
OR3X1              59    121.068    slow_vdd1v0   worst 
OR3X2               6     14.364    slow_vdd1v0   worst 
OR3X4               4     12.312    slow_vdd1v0   worst 
OR3X6              14     67.032    slow_vdd1v0   worst 
OR3X8               2     10.944    slow_vdd1v0   worst 
OR4X1              47     96.444    slow_vdd1v0   worst 
OR4X2               1      3.420    slow_vdd1v0   worst 
OR4X4               1      3.762    slow_vdd1v0   worst 
OR4X6              12     65.664    slow_vdd1v0   worst 
OR4X8               2     12.312    slow_vdd1v0   worst 
XNOR2X1           694   1661.436    slow_vdd1v0   worst 
XNOR2X2             4     12.312    slow_vdd1v0   worst 
XNOR2X4             2      7.524    slow_vdd1v0   worst 
XOR2X2              1      3.420    slow_vdd1v0   worst 
XOR2X4              1      4.104    slow_vdd1v0   worst 
--------------------------------------------------------
total           27072  86189.814                


                                          
     Type      Instances    Area   Area % 
------------------------------------------
sequential          2870 18757.674   21.8 
inverter            2902  4858.794    5.6 
buffer               799  2574.576    3.0 
logic              20501 59998.770   69.6 
physical_cells         0     0.000    0.0 
------------------------------------------
total              27072 86189.814  100.0 

