============================================================
  Generated by:           Genus(TM) Synthesis Solution 21.18-s082_1
  Generated on:           Oct 20 2025  07:46:13 pm
  Module:                 riscv_core
  Operating conditions:   PVT_0P9V_125C 
  Operating conditions:   PVT_1P32V_0C 
  Interconnect mode:      global
  Area mode:              physical library
============================================================

Timing
--------

Clock Period 
-------------
clk   5560.0 


  Cost    Critical               Violating 
 Group   Path Slack     TNS        Paths   
-------------------------------------------
clk          -438.6   -121110.7        394 
default    No paths         0.0            
-------------------------------------------
Total                 -121110.7        394 

Instance Count
--------------
Leaf Instance Count             27072 
Physical Instance count             0 
Sequential Instance Count        2870 
Combinational Instance Count    24202 
Hierarchical Instance Count         4 

Area
----
Cell Area                          86189.814
Physical Cell Area                 0.000
Total Cell Area (Cell+Physical)    86189.814
Net Area                           34069.326
Total Area (Cell+Physical+Net)     120259.140

Max Fanout                         2870 (clk)
Min Fanout                         0 (fetch0_instr_branch_w)
Average Fanout                     2.4
Terms to net ratio                 3.4932
Terms to instance ratio            3.6080
Runtime                            627.0039220000001 seconds
Elapsed Runtime                    654 seconds
Genus peak memory usage            1723.56 
Innovus peak memory usage          no_value 
Hostname                           gmicro02
