============================================================
  Generated by:           Genus(TM) Synthesis Solution 21.18-s082_1
  Generated on:           Oct 20 2025  08:01:58 pm
  Module:                 riscv_core
  Operating conditions:   PVT_0P9V_125C 
  Operating conditions:   PVT_1P32V_0C 
  Interconnect mode:      global
  Area mode:              physical library
============================================================

Timing
--------

Clock Period 
-------------
clk   6250.0 


  Cost    Critical         Violating 
 Group   Path Slack  TNS     Paths   
-------------------------------------
clk             0.0   0.0          0 
default    No paths   0.0            
-------------------------------------
Total                 0.0          0 

Instance Count
--------------
Leaf Instance Count             25377 
Physical Instance count             0 
Sequential Instance Count        2870 
Combinational Instance Count    22507 
Hierarchical Instance Count         4 

Area
----
Cell Area                          78399.054
Physical Cell Area                 0.000
Total Cell Area (Cell+Physical)    78399.054
Net Area                           32666.901
Total Area (Cell+Physical+Net)     111065.955

Max Fanout                         2870 (clk)
Min Fanout                         0 (fetch0_instr_branch_w)
Average Fanout                     2.5
Terms to net ratio                 3.5771
Terms to instance ratio            3.6987
Runtime                            574.437822 seconds
Elapsed Runtime                    604 seconds
Genus peak memory usage            1740.36 
Innovus peak memory usage          no_value 
Hostname                           gmicro02
