============================================================
  Generated by:           Genus(TM) Synthesis Solution 21.18-s082_1
  Generated on:           Oct 20 2025  08:01:58 pm
  Module:                 riscv_core
  Operating conditions:   PVT_0P9V_125C 
  Operating conditions:   PVT_1P32V_0C 
  Interconnect mode:      global
  Area mode:              physical library
============================================================

                                                Library 
   Gate     Instances    Area        Library     Domain 
--------------------------------------------------------
ADDFHX1             2     15.048    slow_vdd1v0   worst 
ADDFHX2             4     32.832    slow_vdd1v0   worst 
ADDFHX4             1      9.576    slow_vdd1v0   worst 
ADDFX1            477   2447.010    slow_vdd1v0   worst 
ADDHX1            151    568.062    slow_vdd1v0   worst 
ADDHX2              8     41.040    slow_vdd1v0   worst 
ADDHX4             15    107.730    slow_vdd1v0   worst 
AND2X1           1114   1523.952    slow_vdd1v0   worst 
AND2X2             57     97.470    slow_vdd1v0   worst 
AND2X4             84    229.824    slow_vdd1v0   worst 
AND2X6            138    519.156    slow_vdd1v0   worst 
AND2X8             38    168.948    slow_vdd1v0   worst 
AND3X1              7     16.758    slow_vdd1v0   worst 
AND3X4              3      9.234    slow_vdd1v0   worst 
AND3X6             19     84.474    slow_vdd1v0   worst 
AND3X8              5     25.650    slow_vdd1v0   worst 
AND3XL             21     43.092    slow_vdd1v0   worst 
AND4X1             37     88.578    slow_vdd1v0   worst 
AND4X8              3     18.468    slow_vdd1v0   worst 
AO21X1            159    380.646    slow_vdd1v0   worst 
AO21X2             34     93.024    slow_vdd1v0   worst 
AO21X4             32    109.440    slow_vdd1v0   worst 
AO22X1           1097   3001.392    slow_vdd1v0   worst 
AO22X2             23     70.794    slow_vdd1v0   worst 
AO22X4              8     30.096    slow_vdd1v0   worst 
AOI211X1            3      7.182    slow_vdd1v0   worst 
AOI211X2           29     99.180    slow_vdd1v0   worst 
AOI211X4           20    129.960    slow_vdd1v0   worst 
AOI21X1           208    355.680    slow_vdd1v0   worst 
AOI21X2           187    511.632    slow_vdd1v0   worst 
AOI21X4           182    933.660    slow_vdd1v0   worst 
AOI221X2          137    609.102    slow_vdd1v0   worst 
AOI221X4          134   1054.044    slow_vdd1v0   worst 
AOI222X2          105    574.560    slow_vdd1v0   worst 
AOI222X4            5     47.880    slow_vdd1v0   worst 
AOI22X1          2499   5127.948    slow_vdd1v0   worst 
AOI22X2           692   2603.304    slow_vdd1v0   worst 
AOI22X4           163   1003.428    slow_vdd1v0   worst 
AOI2BB1X1          41     84.132    slow_vdd1v0   worst 
AOI2BB1X2          65    200.070    slow_vdd1v0   worst 
AOI2BB1X4         152    623.808    slow_vdd1v0   worst 
AOI2BB2X1           9     30.780    slow_vdd1v0   worst 
AOI2BB2X2           6     30.780    slow_vdd1v0   worst 
AOI2BB2X4          44    331.056    slow_vdd1v0   worst 
AOI31X2             3     10.260    slow_vdd1v0   worst 
AOI31X4             4     25.992    slow_vdd1v0   worst 
BUFX12             34    174.420    slow_vdd1v0   worst 
BUFX16             17    116.280    slow_vdd1v0   worst 
BUFX2             169    288.990    slow_vdd1v0   worst 
BUFX20              4     32.832    slow_vdd1v0   worst 
BUFX3              27     55.404    slow_vdd1v0   worst 
BUFX4               3      7.182    slow_vdd1v0   worst 
BUFX6              66    203.148    slow_vdd1v0   worst 
BUFX8             102    383.724    slow_vdd1v0   worst 
CLKAND2X12        105    790.020    slow_vdd1v0   worst 
CLKAND2X2         351    720.252    slow_vdd1v0   worst 
CLKAND2X3         120    369.360    slow_vdd1v0   worst 
CLKAND2X4          11     37.620    slow_vdd1v0   worst 
CLKAND2X6         202    967.176    slow_vdd1v0   worst 
CLKAND2X8          22    127.908    slow_vdd1v0   worst 
CLKBUFX12           8     41.040    slow_vdd1v0   worst 
CLKBUFX16          18    123.120    slow_vdd1v0   worst 
CLKBUFX2            1      1.710    slow_vdd1v0   worst 
CLKBUFX20          18    147.744    slow_vdd1v0   worst 
CLKBUFX6            3      9.234    slow_vdd1v0   worst 
CLKINVX12          94    385.776    slow_vdd1v0   worst 
CLKINVX16          60    328.320    slow_vdd1v0   worst 
CLKINVX2           17     23.256    slow_vdd1v0   worst 
CLKINVX20          33    214.434    slow_vdd1v0   worst 
CLKINVX3            8     13.680    slow_vdd1v0   worst 
CLKINVX4          253    432.630    slow_vdd1v0   worst 
CLKINVX6          176    421.344    slow_vdd1v0   worst 
CLKINVX8           80    246.240    slow_vdd1v0   worst 
CLKMX2X2           24     73.872    slow_vdd1v0   worst 
CLKMX2X3           26    106.704    slow_vdd1v0   worst 
CLKMX2X6            2      8.892    slow_vdd1v0   worst 
CLKMX2X8           29    168.606    slow_vdd1v0   worst 
CLKXOR2X1         233    637.488    slow_vdd1v0   worst 
CLKXOR2X2          10     34.200    slow_vdd1v0   worst 
DFFQX2            992   6446.016    slow_vdd1v0   worst 
DFFRHQX1         1500   9234.000    slow_vdd1v0   worst 
DFFRHQX2           23    180.918    slow_vdd1v0   worst 
DFFRHQX4           33    316.008    slow_vdd1v0   worst 
DFFRHQX8           18    203.148    slow_vdd1v0   worst 
DFFRX1              9     61.560    slow_vdd1v0   worst 
DFFRX2            293   2204.532    slow_vdd1v0   worst 
DFFRX4              2     19.152    slow_vdd1v0   worst 
INVX1            1091    746.244    slow_vdd1v0   worst 
INVX16              2     10.944    slow_vdd1v0   worst 
INVX2             507    520.182    slow_vdd1v0   worst 
INVX20              2     12.996    slow_vdd1v0   worst 
INVX3             237    324.216    slow_vdd1v0   worst 
INVX4               6     10.260    slow_vdd1v0   worst 
INVX6               7     16.758    slow_vdd1v0   worst 
INVXL               2      1.368    slow_vdd1v0   worst 
MX2X1             815   1951.110    slow_vdd1v0   worst 
MX3XL               2      9.576    slow_vdd1v0   worst 
MXI2X1              3      8.208    slow_vdd1v0   worst 
MXI2X2             37    164.502    slow_vdd1v0   worst 
MXI2X4             14     71.820    slow_vdd1v0   worst 
MXI2X6              2     10.260    slow_vdd1v0   worst 
NAND2BX1           77    105.336    slow_vdd1v0   worst 
NAND2BX2          113    270.522    slow_vdd1v0   worst 
NAND2BX4           62    233.244    slow_vdd1v0   worst 
NAND2X1           419    429.894    slow_vdd1v0   worst 
NAND2X2           546    933.660    slow_vdd1v0   worst 
NAND2X4           486   1662.120    slow_vdd1v0   worst 
NAND2X6           258   1235.304    slow_vdd1v0   worst 
NAND2X8           121    662.112    slow_vdd1v0   worst 
NAND3BX2           21     64.638    slow_vdd1v0   worst 
NAND3BX4            1      5.130    slow_vdd1v0   worst 
NAND3X2            37    101.232    slow_vdd1v0   worst 
NAND3X4            66    316.008    slow_vdd1v0   worst 
NAND3X6            12     86.184    slow_vdd1v0   worst 
NAND3X8             3     24.624    slow_vdd1v0   worst 
NAND4BX4            1      7.524    slow_vdd1v0   worst 
NAND4X4             1      6.840    slow_vdd1v0   worst 
NAND4X6             7     59.850    slow_vdd1v0   worst 
NAND4X8             1     10.260    slow_vdd1v0   worst 
NOR2BX1           202    276.336    slow_vdd1v0   worst 
NOR2BX2           142    388.512    slow_vdd1v0   worst 
NOR2BX4            58    218.196    slow_vdd1v0   worst 
NOR2X1            276    283.176    slow_vdd1v0   worst 
NOR2X2            383    654.930    slow_vdd1v0   worst 
NOR2X4            536   1649.808    slow_vdd1v0   worst 
NOR2X6            293   1202.472    slow_vdd1v0   worst 
NOR2X8            133    727.776    slow_vdd1v0   worst 
NOR3BX1             7     14.364    slow_vdd1v0   worst 
NOR3BX2             4     13.680    slow_vdd1v0   worst 
NOR3BX4            11     63.954    slow_vdd1v0   worst 
NOR3X1              4      6.840    slow_vdd1v0   worst 
NOR3X2             10     27.360    slow_vdd1v0   worst 
NOR3X4             30    153.900    slow_vdd1v0   worst 
NOR3X6             31    222.642    slow_vdd1v0   worst 
NOR3X8             30    266.760    slow_vdd1v0   worst 
NOR4BBX2            1      5.130    slow_vdd1v0   worst 
NOR4BBX4            1      7.866    slow_vdd1v0   worst 
NOR4BX4             1      7.524    slow_vdd1v0   worst 
NOR4X2              4     13.680    slow_vdd1v0   worst 
NOR4X4              7     45.486    slow_vdd1v0   worst 
NOR4X6              3     24.624    slow_vdd1v0   worst 
NOR4X8              2     21.204    slow_vdd1v0   worst 
OA21X1            233    478.116    slow_vdd1v0   worst 
OA21X2              1      3.078    slow_vdd1v0   worst 
OA21X4             10     37.620    slow_vdd1v0   worst 
OA22X1            177    423.738    slow_vdd1v0   worst 
OA22X4             16     65.664    slow_vdd1v0   worst 
OAI211X2            8     32.832    slow_vdd1v0   worst 
OAI211X4            7     45.486    slow_vdd1v0   worst 
OAI21X1           105    179.550    slow_vdd1v0   worst 
OAI21X2           157    483.246    slow_vdd1v0   worst 
OAI21X4           232   1110.816    slow_vdd1v0   worst 
OAI221X2           18     86.184    slow_vdd1v0   worst 
OAI221X4           10     78.660    slow_vdd1v0   worst 
OAI22X1           346    709.992    slow_vdd1v0   worst 
OAI22X2            92    314.640    slow_vdd1v0   worst 
OAI22X4            27    175.446    slow_vdd1v0   worst 
OAI2BB1X1        1601   2737.710    slow_vdd1v0   worst 
OAI2BB1X2         220    677.160    slow_vdd1v0   worst 
OAI2BB1X4         107    475.722    slow_vdd1v0   worst 
OAI2BB2X1           2      8.208    slow_vdd1v0   worst 
OAI2BB2X2           5     27.360    slow_vdd1v0   worst 
OAI2BB2X4          16    136.800    slow_vdd1v0   worst 
OAI31X1             2      4.104    slow_vdd1v0   worst 
OAI31X2             4     15.048    slow_vdd1v0   worst 
OAI31X4             2     13.680    slow_vdd1v0   worst 
OAI32X2             1      4.446    slow_vdd1v0   worst 
OR2X1             351    480.168    slow_vdd1v0   worst 
OR2X2              51     87.210    slow_vdd1v0   worst 
OR2X4              36     98.496    slow_vdd1v0   worst 
OR2X6              78    293.436    slow_vdd1v0   worst 
OR2X8              13     57.798    slow_vdd1v0   worst 
OR3X1              67    137.484    slow_vdd1v0   worst 
OR3X2              12     28.728    slow_vdd1v0   worst 
OR3X4               5     15.390    slow_vdd1v0   worst 
OR3X6              12     57.456    slow_vdd1v0   worst 
OR3X8               3     16.416    slow_vdd1v0   worst 
OR4X1             107    219.564    slow_vdd1v0   worst 
OR4X2               3     10.260    slow_vdd1v0   worst 
OR4X4               8     30.096    slow_vdd1v0   worst 
OR4X6               6     32.832    slow_vdd1v0   worst 
OR4X8               7     43.092    slow_vdd1v0   worst 
XNOR2X1           660   1580.040    slow_vdd1v0   worst 
XNOR2X2             9     27.702    slow_vdd1v0   worst 
XNOR2X4             1      3.762    slow_vdd1v0   worst 
--------------------------------------------------------
total           25377  78399.054                


                                          
     Type      Instances    Area   Area % 
------------------------------------------
sequential          2870 18665.334   23.8 
inverter            2575  3708.648    4.7 
buffer               470  1584.828    2.0 
logic              19462 54440.244   69.4 
physical_cells         0     0.000    0.0 
------------------------------------------
total              25377 78399.054  100.0 

