============================================================
  Generated by:           Genus(TM) Synthesis Solution 21.18-s082_1
  Generated on:           Oct 20 2025  08:01:58 pm
  Module:                 riscv_core
  Operating conditions:   PVT_0P9V_125C 
  Operating conditions:   PVT_1P32V_0C 
  Interconnect mode:      global
  Area mode:              physical library
============================================================


Path 1: MET (0 ps) Setup Check with Pin u_exec0_result_q_reg[27]/CK->D
          Group: clk
     Startpoint: (R) u_frontend_u_decode_genblk1.u_fifo_rd_ptr_q_reg[0]/CK
          Clock: (R) clk
       Endpoint: (R) u_exec0_result_q_reg[27]/D
          Clock: (R) clk

                     Capture       Launch     
        Clock Edge:+    6250            0     
       Src Latency:+       0            0     
       Net Latency:+     100 (I)      100 (I) 
           Arrival:=    6350          100     
                                              
             Setup:-     150                  
       Uncertainty:-      50                  
     Required Time:=    6150                  
      Launch Clock:-     100                  
         Data Path:-    6050                  
             Slack:=       0                  

#--------------------------------------------------------------------------------------------------------------------------------
#                     Timing Point                      Flags    Arc   Edge    Cell     Fanout Load Trans Delay Arrival Instance 
#                                                                                              (fF)  (ps)  (ps)   (ps)  Location 
#--------------------------------------------------------------------------------------------------------------------------------
  u_frontend_u_decode_genblk1.u_fifo_rd_ptr_q_reg[0]/CK -       -      R     (arrival)    2870    -     0     0     100    (-,-) 
  u_frontend_u_decode_genblk1.u_fifo_rd_ptr_q_reg[0]/Q  -       CK->Q  R     DFFRX4          6 21.7   142   339     439    (-,-) 
  g269657/Y                                             -       A->Y   F     CLKINVX20      15 45.6   101   109     548    (-,-) 
  g269643/Y                                             -       A->Y   R     CLKINVX12       4 17.7    57    69     618    (-,-) 
  g269642/Y                                             -       A->Y   F     CLKINVX12       3  8.9    41    48     665    (-,-) 
  g269408/Y                                             -       A1N->Y F     AOI2BB1X4       2  5.5    74   168     833    (-,-) 
  g270310/Y                                             -       B->Y   R     CLKXOR2X2       1  6.1    96   214    1048    (-,-) 
  g268920/Y                                             -       A->Y   F     NAND2X8         1  5.8    88   108    1156    (-,-) 
  g268883/Y                                             -       A->Y   R     NOR2X8          1  6.1    69    89    1244    (-,-) 
  g268772/Y                                             -       B->Y   F     NAND2X8         2  9.5   110    99    1344    (-,-) 
  g268656/Y                                             -       B->Y   R     NOR2X8          1  3.9    59    78    1422    (-,-) 
  g268637/Y                                             -       B->Y   R     CLKAND2X6       2  6.3    41   111    1532    (-,-) 
  g268515/Y                                             -       B->Y   R     CLKAND2X12      3 15.2    53   118    1650    (-,-) 
  g268476/Y                                             -       A->Y   F     CLKINVX16       3 15.2    47    50    1700    (-,-) 
  g268473/Y                                             -       A->Y   R     CLKINVX12       4 13.2    40    44    1744    (-,-) 
  g268314/Y                                             -       B->Y   R     CLKAND2X6       1  6.1    40   102    1846    (-,-) 
  g268215/Y                                             -       B->Y   F     NOR2X8          2  9.1    57    48    1895    (-,-) 
  g268148/Y                                             -       A->Y   R     CLKINVX12       7 23.5    59    58    1953    (-,-) 
  g268144/Y                                             -       A->Y   F     CLKINVX16      10 26.6    67    63    2016    (-,-) 
  g270296/Y                                             -       B->Y   F     XNOR2X4         1  5.8    90   192    2208    (-,-) 
  g266979/Y                                             -       A->Y   R     NOR3X8          2  8.4   123   146    2354    (-,-) 
  g265972/Y                                             -       A->Y   F     NOR2X8          1  4.5    51    86    2440    (-,-) 
  g265884/Y                                             -       A->Y   F     CLKAND2X12      3 11.8    51   118    2559    (-,-) 
  g265461/Y                                             -       B->Y   F     CLKAND2X12      1  8.6    44   107    2666    (-,-) 
  g265293/Y                                             -       A->Y   R     CLKINVX16       4 29.7    56    55    2721    (-,-) 
  g265287/Y                                             -       A->Y   F     CLKINVX20      15 46.9    87    74    2795    (-,-) 
  g264840/Y                                             -       B->Y   F     CLKAND2X12     13 27.8    88   148    2943    (-,-) 
  g264346/Y                                             -       A->Y   F     BUFX12         20 40.5   114   154    3097    (-,-) 
  g264050/Y                                             -       A1->Y  R     AOI22X1         1  3.2   202   196    3293    (-,-) 
  g262506/Y                                             -       A->Y   R     CLKAND2X2       1  3.2    51   204    3496    (-,-) 
  g261898/Y                                             -       A->Y   R     CLKAND2X2       1  5.3    71   143    3639    (-,-) 
  g261451/Y                                             -       B->Y   F     NAND2X6         1  5.8    96    93    3732    (-,-) 
  g261136/Y                                             -       B->Y   R     NOR2X8          1  6.1    68    80    3812    (-,-) 
  g261096/Y                                             -       A->Y   F     CLKINVX8       11 21.0    91    81    3893    (-,-) 
  g260926/Y                                             -       A1->Y  F     AO21X2          5 10.4   160   250    4143    (-,-) 
  u_exec0_u_alu/g28573/Y                                -       AN->Y  F     NOR2BX2         2  6.2   104   185    4328    (-,-) 
  u_exec0_u_alu/g28211__9945/Y                          -       B->Y   R     NOR2X1          1  3.2   174   157    4485    (-,-) 
  u_exec0_u_alu/g28082__8246/Y                          -       A->Y   R     CLKAND2X2       2  6.2    81   207    4692    (-,-) 
  u_exec0_u_alu/g27879__1617/Y                          -       AN->Y  R     NOR2BX2         2  5.4   155   198    4890    (-,-) 
  u_exec0_u_alu/g27353__1705/Y                          -       AN->Y  R     NOR2BX4         1  6.1    98   252    5142    (-,-) 
  u_exec0_u_alu/g27352__2802/Y                          -       B->Y   F     NOR2X8          5 12.2    75    80    5223    (-,-) 
  u_exec0_u_alu/g27304__1666/Y                          -       A1N->Y F     AOI2BB1X4       2  5.1    72   182    5405    (-,-) 
  u_exec0_u_alu/g27270__9315/Y                          -       A1N->Y F     AOI2BB1X4       2  5.2    72   181    5586    (-,-) 
  u_exec0_u_alu/g2/Y                                    -       B->Y   F     OR2X4           1  4.3    64   176    5762    (-,-) 
  u_exec0_u_alu/g27249__5107/Y                          -       B0->Y  R     OAI21X4         1  3.3    88    51    5812    (-,-) 
  u_exec0_u_alu/g27224__8428/Y                          -       A1N->Y R     OAI2BB1X4       1  4.1    63   200    6012    (-,-) 
  g276063/Y                                             -       A->Y   F     INVX3           1  4.4    55    62    6074    (-,-) 
  g275373/Y                                             -       A1->Y  R     OAI21X4         1  3.2    81    76    6150    (-,-) 
  u_exec0_result_q_reg[27]/D                            <<<     -      R     DFFRHQX2        1    -     -     0    6150    (-,-) 
#--------------------------------------------------------------------------------------------------------------------------------

