xrun: 23.03-s005: (c) Copyright 1995-2023 Cadence Design Systems, Inc.
TOOL:	xrun	23.03-s005: Started on Oct 29, 2025 at 17:04:17 -03
xrun
	-v2001
	/home/schultz/Documents/ARQIII_RiscV_Work/src/core/new_multiplier.v
	-access +rwc
file: /home/schultz/Documents/ARQIII_RiscV_Work/src/core/new_multiplier.v
	module worklib.biriscv_multiplier:v
		errors: 0, warnings: 0
		Caching library 'worklib' ....... Done
	Elaborating the design hierarchy:
	Top level design units:
		biriscv_multiplier
	Building instance overlay tables: .................... Done
	Generating native compiled code:
		worklib.biriscv_multiplier:v <0x050304ed>
			streams:  24, words: 13040
	Building instance specific data structures.
	Loading native compiled code:     .................... Done
	Design hierarchy summary:
		              Instances  Unique
		Modules:              1       1
		Registers:            9       9
		Scalar wires:         6       -
		Vectored wires:     132       -
		Always blocks:       38       4
		Cont. assignments:  131      12
	Writing initial simulation snapshot: worklib.biriscv_multiplier:v
Loading snapshot worklib.biriscv_multiplier:v .................... Done
xcelium> source /home/tools/cadence/installs/XCELIUM2303/tools/xcelium/files/xmsimrc
xcelium> run
xmsim: *W,RNQUIE: Simulation is complete.
xcelium> exit
TOOL:	xrun	23.03-s005: Exiting on Oct 29, 2025 at 17:04:18 -03  (total: 00:00:01)
