============================================================
  Generated by:           Genus(TM) Synthesis Solution 21.18-s082_1
  Generated on:           Oct 28 2025  10:56:43 pm
  Module:                 riscv_core
  Operating conditions:   PVT_0P9V_125C 
  Operating conditions:   PVT_1P32V_0C 
  Interconnect mode:      global
  Area mode:              physical library
============================================================

                                                Library 
   Gate     Instances    Area        Library     Domain 
--------------------------------------------------------
ACHCONX2            1     12.654    fast_vdd1v2    best 
ADDFHX2             1      8.208    fast_vdd1v2    best 
ADDFHX4             2     19.152    fast_vdd1v2    best 
ADDFX1            518   2657.340    fast_vdd1v2    best 
ADDHX1            156    586.872    fast_vdd1v2    best 
ADDHX2              2     10.260    fast_vdd1v2    best 
AND2X1            580    793.440    fast_vdd1v2    best 
AND2X2             44     75.240    fast_vdd1v2    best 
AND2X4             37    101.232    fast_vdd1v2    best 
AND2X6             20     75.240    fast_vdd1v2    best 
AND2X8              7     31.122    fast_vdd1v2    best 
AND3X1             19     45.486    fast_vdd1v2    best 
AND3X2              5     13.680    fast_vdd1v2    best 
AND3X4              1      3.078    fast_vdd1v2    best 
AND3X6              3     13.338    fast_vdd1v2    best 
AND3X8              1      5.130    fast_vdd1v2    best 
AND3XL             50    102.600    fast_vdd1v2    best 
AND4X1             82    196.308    fast_vdd1v2    best 
AND4X2              5     15.390    fast_vdd1v2    best 
AND4X4              1      3.762    fast_vdd1v2    best 
AND4X8              1      6.156    fast_vdd1v2    best 
AO21X1            128    306.432    fast_vdd1v2    best 
AO21X2              9     24.624    fast_vdd1v2    best 
AO21X4              1      3.420    fast_vdd1v2    best 
AO22X1           1283   3510.288    fast_vdd1v2    best 
AO22X2             11     33.858    fast_vdd1v2    best 
AOI211X1            3      7.182    fast_vdd1v2    best 
AOI211X2           12     41.040    fast_vdd1v2    best 
AOI211X4            5     32.490    fast_vdd1v2    best 
AOI211XL           17     34.884    fast_vdd1v2    best 
AOI21X1           131    224.010    fast_vdd1v2    best 
AOI21X2            71    194.256    fast_vdd1v2    best 
AOI21X4            45    230.850    fast_vdd1v2    best 
AOI221X1          540   1292.760    fast_vdd1v2    best 
AOI221X2          233   1035.918    fast_vdd1v2    best 
AOI221X4           12     94.392    fast_vdd1v2    best 
AOI222X1          188    578.664    fast_vdd1v2    best 
AOI222X2           27    147.744    fast_vdd1v2    best 
AOI22X1          1466   3008.232    fast_vdd1v2    best 
AOI22X2            65    244.530    fast_vdd1v2    best 
AOI22X4            17    104.652    fast_vdd1v2    best 
AOI2BB1X1          40     82.080    fast_vdd1v2    best 
AOI2BB1X2          35    107.730    fast_vdd1v2    best 
AOI2BB1X4          22     90.288    fast_vdd1v2    best 
AOI2BB2X1           3     10.260    fast_vdd1v2    best 
AOI2BB2X2           7     35.910    fast_vdd1v2    best 
AOI2BB2X4           6     45.144    fast_vdd1v2    best 
AOI31X1            16     32.832    fast_vdd1v2    best 
AOI31X2             2      6.840    fast_vdd1v2    best 
AOI31X4             1      6.498    fast_vdd1v2    best 
AOI32X1             7     16.758    fast_vdd1v2    best 
AOI32X2             2      8.892    fast_vdd1v2    best 
AOI32X4             2     15.732    fast_vdd1v2    best 
BUFX12             17     87.210    fast_vdd1v2    best 
BUFX16              5     34.200    fast_vdd1v2    best 
BUFX2             386    660.060    fast_vdd1v2    best 
BUFX20              5     41.040    fast_vdd1v2    best 
BUFX3              12     24.624    fast_vdd1v2    best 
BUFX4               6     14.364    fast_vdd1v2    best 
BUFX6              21     64.638    fast_vdd1v2    best 
BUFX8               1      3.762    fast_vdd1v2    best 
CLKAND2X12         51    383.724    fast_vdd1v2    best 
CLKAND2X2          34     69.768    fast_vdd1v2    best 
CLKAND2X3          37    113.886    fast_vdd1v2    best 
CLKAND2X4           1      3.420    fast_vdd1v2    best 
CLKAND2X6          24    114.912    fast_vdd1v2    best 
CLKAND2X8           6     34.884    fast_vdd1v2    best 
CLKBUFX12           7     35.910    fast_vdd1v2    best 
CLKBUFX16           3     20.520    fast_vdd1v2    best 
CLKBUFX2            3      5.130    fast_vdd1v2    best 
CLKBUFX3           15     30.780    fast_vdd1v2    best 
CLKINVX12          76    311.904    fast_vdd1v2    best 
CLKINVX16          17     93.024    fast_vdd1v2    best 
CLKINVX2            1      1.368    fast_vdd1v2    best 
CLKINVX20           3     19.494    fast_vdd1v2    best 
CLKINVX4           94    160.740    fast_vdd1v2    best 
CLKINVX6           59    141.246    fast_vdd1v2    best 
CLKINVX8           41    126.198    fast_vdd1v2    best 
CLKMX2X2           41    126.198    fast_vdd1v2    best 
CLKMX2X3            5     20.520    fast_vdd1v2    best 
CLKXOR2X1          77    210.672    fast_vdd1v2    best 
CLKXOR2X4           1      4.446    fast_vdd1v2    best 
DFFHQX1           256   1400.832    fast_vdd1v2    best 
DFFRHQX1         1675  10311.300    fast_vdd1v2    best 
DFFRHQX2           26    204.516    fast_vdd1v2    best 
DFFRHQX4           17    162.792    fast_vdd1v2    best 
DFFRX1             95    649.800    fast_vdd1v2    best 
DFFRX2             61    458.964    fast_vdd1v2    best 
DFFRX4              4     38.304    fast_vdd1v2    best 
DFFX1             736   5285.952    fast_vdd1v2    best 
INVX1             658    450.072    fast_vdd1v2    best 
INVX2             213    218.538    fast_vdd1v2    best 
INVX3              73     99.864    fast_vdd1v2    best 
INVXL               5      3.420    fast_vdd1v2    best 
MX2X1             984   2355.696    fast_vdd1v2    best 
MX3XL               1      4.788    fast_vdd1v2    best 
MXI2X1              2      5.472    fast_vdd1v2    best 
MXI2X4              3     15.390    fast_vdd1v2    best 
MXI2X6              1      5.130    fast_vdd1v2    best 
MXI2XL             61    146.034    fast_vdd1v2    best 
NAND2BX1          319    436.392    fast_vdd1v2    best 
NAND2BX2           31     74.214    fast_vdd1v2    best 
NAND2BX4           57    214.434    fast_vdd1v2    best 
NAND2X1          1414   1450.764    fast_vdd1v2    best 
NAND2X2           335    572.850    fast_vdd1v2    best 
NAND2X4           195    666.900    fast_vdd1v2    best 
NAND2X6            83    397.404    fast_vdd1v2    best 
NAND2X8            65    355.680    fast_vdd1v2    best 
NAND3BX1            5     10.260    fast_vdd1v2    best 
NAND3BX2            3      9.234    fast_vdd1v2    best 
NAND3BX4            2     10.260    fast_vdd1v2    best 
NAND3BXL           42     71.820    fast_vdd1v2    best 
NAND3X1            66    112.860    fast_vdd1v2    best 
NAND3X2            96    262.656    fast_vdd1v2    best 
NAND3X4            38    181.944    fast_vdd1v2    best 
NAND3X6            18    129.276    fast_vdd1v2    best 
NAND3X8             5     41.040    fast_vdd1v2    best 
NAND4BBX1           1      3.420    fast_vdd1v2    best 
NAND4BBXL           3      9.234    fast_vdd1v2    best 
NAND4BX1           10     23.940    fast_vdd1v2    best 
NAND4BX2            1      4.446    fast_vdd1v2    best 
NAND4BX4            2     15.048    fast_vdd1v2    best 
NAND4X1             8     16.416    fast_vdd1v2    best 
NAND4X2            34    127.908    fast_vdd1v2    best 
NAND4X4            19    129.960    fast_vdd1v2    best 
NAND4X6             3     25.650    fast_vdd1v2    best 
NAND4X8             1     10.260    fast_vdd1v2    best 
NAND4XL           134    229.140    fast_vdd1v2    best 
NOR2BX1           353    482.904    fast_vdd1v2    best 
NOR2BX2            40    109.440    fast_vdd1v2    best 
NOR2BX4            26     97.812    fast_vdd1v2    best 
NOR2X1            567    581.742    fast_vdd1v2    best 
NOR2X2            158    270.180    fast_vdd1v2    best 
NOR2X4            176    541.728    fast_vdd1v2    best 
NOR2X6             54    221.616    fast_vdd1v2    best 
NOR2X8             29    158.688    fast_vdd1v2    best 
NOR3BX1            19     38.988    fast_vdd1v2    best 
NOR3BX2             6     20.520    fast_vdd1v2    best 
NOR3BX4             7     40.698    fast_vdd1v2    best 
NOR3X1             20     34.200    fast_vdd1v2    best 
NOR3X2             11     30.096    fast_vdd1v2    best 
NOR3X4             47    241.110    fast_vdd1v2    best 
NOR3X6             18    129.276    fast_vdd1v2    best 
NOR3X8              7     62.244    fast_vdd1v2    best 
NOR4BBX1            2      5.472    fast_vdd1v2    best 
NOR4BBX2            2     10.260    fast_vdd1v2    best 
NOR4BBX4            1      7.866    fast_vdd1v2    best 
NOR4BX1             9     21.546    fast_vdd1v2    best 
NOR4BX2             1      4.788    fast_vdd1v2    best 
NOR4X1             40     68.400    fast_vdd1v2    best 
NOR4X2              5     17.100    fast_vdd1v2    best 
NOR4X4              7     45.486    fast_vdd1v2    best 
NOR4X6              9     73.872    fast_vdd1v2    best 
NOR4X8              3     31.806    fast_vdd1v2    best 
OA21X1             65    133.380    fast_vdd1v2    best 
OA21X2              8     24.624    fast_vdd1v2    best 
OA21X4              3     11.286    fast_vdd1v2    best 
OA22X1             81    193.914    fast_vdd1v2    best 
OAI211X1          171    292.410    fast_vdd1v2    best 
OAI211X2           28    114.912    fast_vdd1v2    best 
OAI211X4           10     64.980    fast_vdd1v2    best 
OAI21X1           180    307.800    fast_vdd1v2    best 
OAI21X2            42    129.276    fast_vdd1v2    best 
OAI21X4            38    181.944    fast_vdd1v2    best 
OAI221X1          415    993.510    fast_vdd1v2    best 
OAI221X2           26    124.488    fast_vdd1v2    best 
OAI221X4            2     15.732    fast_vdd1v2    best 
OAI222X1          767   2098.512    fast_vdd1v2    best 
OAI22X1           620   1272.240    fast_vdd1v2    best 
OAI22X2             8     27.360    fast_vdd1v2    best 
OAI22X4            15     97.470    fast_vdd1v2    best 
OAI2BB1X1         586   1002.060    fast_vdd1v2    best 
OAI2BB1X2          34    104.652    fast_vdd1v2    best 
OAI2BB1X4          31    137.826    fast_vdd1v2    best 
OAI2BB2X1           2      8.208    fast_vdd1v2    best 
OAI2BB2X2           4     21.888    fast_vdd1v2    best 
OAI2BB2X4           6     51.300    fast_vdd1v2    best 
OAI2BB2XL           4     15.048    fast_vdd1v2    best 
OAI31X1             8     16.416    fast_vdd1v2    best 
OAI31X2             6     22.572    fast_vdd1v2    best 
OAI32X1             3      7.182    fast_vdd1v2    best 
OAI33X1             1      2.736    fast_vdd1v2    best 
OR2X1             168    229.824    fast_vdd1v2    best 
OR2X2              76    129.960    fast_vdd1v2    best 
OR2X4              26     71.136    fast_vdd1v2    best 
OR2X6              19     71.478    fast_vdd1v2    best 
OR2X8               6     26.676    fast_vdd1v2    best 
OR3X1              19     38.988    fast_vdd1v2    best 
OR3X2               4      9.576    fast_vdd1v2    best 
OR3X4              10     30.780    fast_vdd1v2    best 
OR3X6              11     52.668    fast_vdd1v2    best 
OR4X1              28     57.456    fast_vdd1v2    best 
OR4X2               2      6.840    fast_vdd1v2    best 
XNOR2X1           859   2056.446    fast_vdd1v2    best 
XNOR2X2             3      9.234    fast_vdd1v2    best 
XOR2X4              1      4.104    fast_vdd1v2    best 
--------------------------------------------------------
total           20866  60370.524                


                                          
     Type      Instances    Area   Area % 
------------------------------------------
sequential          2870 18512.460   30.7 
inverter            1240  1625.868    2.7 
buffer               481  1022.238    1.7 
logic              16275 39209.958   64.9 
physical_cells         0     0.000    0.0 
------------------------------------------
total              20866 60370.524  100.0 

