============================================================
  Generated by:           Genus(TM) Synthesis Solution 21.18-s082_1
  Generated on:           Oct 28 2025  10:56:43 pm
  Module:                 riscv_core
  Library domain:         worst
    Domain index:         0
    Technology library:   slow_vdd1v0 1.0
  Library domain:         best
    Domain index:         1
    Technology library:   fast_vdd1v2 1.0
  Operating conditions:   PVT_0P9V_125C 
  Operating conditions:   PVT_1P32V_0C 
  Interconnect mode:      global
  Area mode:              physical library
============================================================

              Instance                      Module         Cell Count  Cell Area  Net Area   Combinational    Buffer   Inverter     Flop     Latch   Clock-Gate   Memory   Macro   Total Area 
----------------------------------------------------------------------------------------------------------------------------------------------------------------------------------------------
riscv_core                                                      20866  60370.524 29204.544       39209.958  1022.238   1625.868  18512.460   0.000        0.000    0.000   0.000    89575.068 
  u_div                              biriscv_divider             1318   3706.596  1541.586        2007.540     3.420     64.296   1631.340   0.000        0.000    0.000   0.000     5248.182 
  u_exec0_u_alu                      biriscv_alu                  910   1670.328  1080.902        1589.616     0.000     80.712      0.000   0.000        0.000    0.000   0.000     2751.230 
  u_exec1_u_alu                      biriscv_alu_1167             915   1666.908  1086.775        1585.512     0.000     81.396      0.000   0.000        0.000    0.000   0.000     2753.683 
  u_frontend_u_decode_genblk1.u_dec0 biriscv_decoder              106    169.632    96.854         147.402     1.710     20.520      0.000   0.000        0.000    0.000   0.000      266.486 
  u_frontend_u_decode_genblk1.u_dec1 biriscv_decoder_2471          95    151.848    87.959         132.354     1.710     17.784      0.000   0.000        0.000    0.000   0.000      239.807 
  u_mul                              biriscv_multiplier          2399   6943.626  3358.376        6153.264     7.866     67.716    714.780   0.000        0.000    0.000   0.000    10302.002 
