============================================================
  Generated by:           Genus(TM) Synthesis Solution 21.18-s082_1
  Generated on:           Oct 28 2025  10:56:43 pm
  Module:                 riscv_core
  Operating conditions:   PVT_0P9V_125C 
  Operating conditions:   PVT_1P32V_0C 
  Interconnect mode:      global
  Area mode:              physical library
============================================================


Path 1: MET (0 ps) Setup Check with Pin u_lsu_mem_cacheable_q_reg/CK->D
          Group: clk
     Startpoint: (R) mem_d_ack_i
          Clock: (R) clk
       Endpoint: (F) u_lsu_mem_cacheable_q_reg/D
          Clock: (R) clk

                     Capture       Launch     
        Clock Edge:+    2020            0     
        Drv Adjust:+       0            0     
       Src Latency:+       0            0     
       Net Latency:+     100 (I)      100 (I) 
           Arrival:=    2120          100     
                                              
             Setup:-      10                  
       Uncertainty:-      50                  
     Required Time:=    2060                  
      Launch Clock:-     100                  
       Input Delay:-     300                  
         Data Path:-    1659                  
             Slack:=       0                  

Exceptions/Constraints:
  input_delay             300             riscv_core.sdc_line_30_34_1 

#-----------------------------------------------------------------------------------------------------
#        Timing Point         Flags    Arc   Edge   Cell     Fanout Load Trans Delay Arrival Instance 
#                                                                   (fF)  (ps)  (ps)   (ps)  Location 
#-----------------------------------------------------------------------------------------------------
  mem_d_ack_i                 -       -      R     (arrival)      1  9.0   264     0     400    (-,-) 
  g164397/Y                   -       A->Y   F     CLKINVX12      1  6.6    38    29     429    (-,-) 
  g164396/Y                   -       A->Y   R     CLKINVX8       2 10.8    14    12     441    (-,-) 
  g280757/Y                   -       A->Y   F     CLKINVX12      2  9.9     9     9     450    (-,-) 
  g280756/Y                   -       A->Y   R     CLKINVX8       1  7.0     8     8     459    (-,-) 
  g280648/Y                   -       B->Y   F     NOR2X8         2  8.4    24     9     468    (-,-) 
  g280329/Y                   -       B->Y   R     NOR2X8         5 14.9    27    20     488    (-,-) 
  g280201/Y                   -       S0->Y  R     MXI2X6         5 14.5    18    51     539    (-,-) 
  g280075/Y                   -       A->Y   F     NOR2X6         1  6.6    14    12     551    (-,-) 
  g280012/Y                   -       B->Y   R     NAND2X8        2 12.6    17    12     563    (-,-) 
  g279795/Y                   -       C->Y   F     NOR4X8         1  5.2    18    12     575    (-,-) 
  g279776/Y                   -       A->Y   F     BUFX20        13 42.9    20    26     601    (-,-) 
  g279760/Y                   -       A->Y   F     CLKBUFX12      4 16.1    14    23     624    (-,-) 
  g279759/Y                   -       A->Y   F     BUFX16         9 33.5    19    25     650    (-,-) 
  g279675/Y                   -       A->Y   R     NAND2X4        1  4.9    15    12     661    (-,-) 
  g279454/Y                   -       B0->Y  F     OAI21X4        2  8.1    31    24     685    (-,-) 
  g278858/Y                   -       C->Y   R     NOR3X8         2  9.6    31    22     706    (-,-) 
  g278694/Y                   -       B->Y   F     NOR2X6         2 13.6    34    16     722    (-,-) 
  g278606/Y                   -       A->Y   R     CLKINVX8       6 18.9    20    15     737    (-,-) 
  g278399/Y                   -       B->Y   F     NAND2X6        4  9.4    26    19     756    (-,-) 
  g278353/Y                   -       A->Y   R     INVX2          1  3.9    16    14     769    (-,-) 
  g278221/Y                   -       B->Y   R     AND2X6         3  7.1    13    28     797    (-,-) 
  g277899/Y                   -       B1->Y  R     OA22X1         1  3.4    22    34     830    (-,-) 
  g277552/Y                   -       C0->Y  F     OAI221X1       1  3.9    77    52     882    (-,-) 
  g277125/Y                   -       A->Y   R     NOR2X2         1  3.4    30    28     910    (-,-) 
  g275537/Y                   -       B->Y   F     MXI2X1         1  3.9    54    37     947    (-,-) 
  g274236/Y                   -       A1->Y  R     AOI21X2        1  3.9    32    27     974    (-,-) 
  g274026/Y                   -       B->Y   F     NAND2X2        1  5.9    39    28    1002    (-,-) 
  g273678/Y                   -       A->Y   R     NOR2X6         4 10.8    28    22    1024    (-,-) 
  g273424/Y                   -       B->Y   R     CLKAND2X8      9 23.3    22    29    1052    (-,-) 
  g273362/Y                   -       A->Y   F     CLKINVX4       3  7.5    16    13    1065    (-,-) 
  g273073/Y                   -       S0->Y  R     CLKMX2X2       2  7.5    26    43    1108    (-,-) 
  g272662/Y                   -       A->Y   F     NAND3X2        1  3.2    36    29    1138    (-,-) 
  g272625/Y                   -       C->Y   F     OR3X2          2  6.8    29    53    1190    (-,-) 
  g272590/Y                   -       A0->Y  R     AOI21X4        3 10.4    41    28    1219    (-,-) 
  g272576/Y                   -       B->Y   F     NOR2X6         5 11.0    30    15    1234    (-,-) 
  g272557/Y                   -       B1->Y  R     AOI22X2        1  3.9    37    25    1259    (-,-) 
  g272551/Y                   -       B0->Y  F     OAI21X2        2  5.3    39    31    1290    (-,-) 
  ADD_UNS_OP_g1939/Y          -       B->Y   R     NOR2X1         2  5.2    62    43    1334    (-,-) 
  ADD_UNS_OP_g2/Y             -       A1->Y  R     OA21X2         2  6.1    22    41    1375    (-,-) 
  ADD_UNS_OP_g1843/Y          -       A1->Y  F     OAI21X2        1  4.2    36    23    1398    (-,-) 
  ADD_UNS_OP_g1839/CO         -       CI->CO F     ADDFHX4        3  7.6    23    48    1446    (-,-) 
  ADD_UNS_OP_g1838/Y          -       B->Y   R     NAND2X2        1  3.4    19    13    1459    (-,-) 
  ADD_UNS_OP_g1836/Y          -       C0->Y  F     OAI211X1       1  3.7    68    45    1504    (-,-) 
  ADD_UNS_OP_g1833/CO         -       CI->CO F     ADDFX1         1  3.7    26    50    1554    (-,-) 
  ADD_UNS_OP_g1832/CO         -       CI->CO F     ADDFX1         4  8.9    52    59    1613    (-,-) 
  ADD_UNS_OP_g1957/Y          -       BN->Y  F     NOR4BBX2       1  3.2    30    30    1643    (-,-) 
  ADD_UNS_OP_g1828/Y          -       B->Y   F     OR2X1          4  9.3    52    49    1692    (-,-) 
  ADD_UNS_OP_g1825/Y          -       C->Y   R     NAND3BX2       2  5.2    26    21    1713    (-,-) 
  ADD_UNS_OP_g1818/Y          -       B->Y   F     NOR2X1         1  3.2    33    19    1731    (-,-) 
  ADD_UNS_OP_g1816/Y          -       C->Y   F     OR3X2         11 22.4    72    76    1808    (-,-) 
  ADD_UNS_OP_g1807/Y          -       B->Y   R     NAND2X1        2  5.4    54    35    1843    (-,-) 
  ADD_UNS_OP_g1790/Y          -       A1->Y  F     OAI211X1       1  3.5    71    48    1891    (-,-) 
  ADD_UNS_OP_g1774/Y          -       B->Y   R     XNOR2X1        2  5.7    34    46    1937    (-,-) 
  g234101/Y                   -       B->Y   F     NOR4BX2        1  3.2    22    19    1956    (-,-) 
  g237672/Y                   -       BN->Y  F     NAND4BBX1      1  3.2    77    59    2015    (-,-) 
  g228877/Y                   -       A1->Y  F     AO22X1         1  3.2    22    45    2059    (-,-) 
  u_lsu_mem_cacheable_q_reg/D <<<     -      F     DFFRX1         1    -     -     0    2059    (-,-) 
#-----------------------------------------------------------------------------------------------------

