============================================================
  Generated by:           Genus(TM) Synthesis Solution 21.18-s082_1
  Generated on:           Oct 28 2025  10:56:43 pm
  Module:                 riscv_core
  Operating conditions:   PVT_0P9V_125C 
  Operating conditions:   PVT_1P32V_0C 
  Interconnect mode:      global
  Area mode:              physical library
============================================================

Timing
--------

Clock Period 
-------------
clk   2020.0 


  Cost    Critical         Violating 
 Group   Path Slack  TNS     Paths   
-------------------------------------
clk             0.2   0.0          0 
default    No paths   0.0            
-------------------------------------
Total                 0.0          0 

Instance Count
--------------
Leaf Instance Count             20866 
Physical Instance count             0 
Sequential Instance Count        2870 
Combinational Instance Count    17996 
Hierarchical Instance Count         6 

Area
----
Cell Area                          60370.524
Physical Cell Area                 0.000
Total Cell Area (Cell+Physical)    60370.524
Net Area                           29204.544
Total Area (Cell+Physical+Net)     89575.068

Max Fanout                         2870 (clk)
Min Fanout                         0 (fetch0_instr_branch_w)
Average Fanout                     2.7
Terms to net ratio                 3.7234
Terms to instance ratio            4.0350
Runtime                            558.0434359999999 seconds
Elapsed Runtime                    589 seconds
Genus peak memory usage            1899.46 
Innovus peak memory usage          no_value 
Hostname                           gmicro02
