============================================================
  Generated by:           Genus(TM) Synthesis Solution 21.18-s082_1
  Generated on:           Oct 29 2025  03:53:35 pm
  Module:                 biriscv_multiplier
  Operating conditions:   PVT_0P9V_125C 
  Operating conditions:   PVT_1P32V_0C 
  Interconnect mode:      global
  Area mode:              physical library
============================================================


Path 1: MET (328 ps) Late External Delay Assertion at pin writeback_value_o[27]
          Group: clk_i
     Startpoint: (R) Stage2_s_reg[1][9]/CK
          Clock: (R) clk_i
       Endpoint: (F) writeback_value_o[27]
          Clock: (R) clk_i

                     Capture       Launch     
        Clock Edge:+    5990            0     
       Src Latency:+       0            0     
       Net Latency:+     100 (I)      100 (I) 
           Arrival:=    6090          100     
                                              
      Output Delay:-     300                  
       Uncertainty:-      50                  
     Required Time:=    5740                  
      Launch Clock:-     100                  
         Data Path:-    5312                  
             Slack:=     328                  

Exceptions/Constraints:
  output_delay             300             biriscv_multiplier.s_line_35_101_1 

#--------------------------------------------------------------------------------------------------------------
#            Timing Point              Flags    Arc   Edge   Cell     Fanout Load Trans Delay Arrival Instance 
#                                                                            (fF)  (ps)  (ps)   (ps)  Location 
#--------------------------------------------------------------------------------------------------------------
  Stage2_s_reg[1][9]/CK                -       -      R     (arrival)   1760    -     0     0     100    (-,-) 
  Stage2_s_reg[1][9]/Q                 -       CK->Q  F     DFFRHQX1       3  7.7   202   302     402    (-,-) 
  WALLACE_CSA_DUMMY_OP_groupi_g3518/Y  -       A->Y   F     CLKAND2X2      2  6.8   104   225     627    (-,-) 
  WALLACE_CSA_DUMMY_OP_groupi_g3501/Y  -       A->Y   R     NOR2X6         2  6.4    75   102     729    (-,-) 
  WALLACE_CSA_DUMMY_OP_groupi_g3498/Y  -       B->Y   F     NOR2X4         1  4.3    71    64     794    (-,-) 
  WALLACE_CSA_DUMMY_OP_groupi_g3490/Y  -       B->Y   R     NOR2X4         2  6.4   101    91     885    (-,-) 
  WALLACE_CSA_DUMMY_OP_groupi_g3464/Y  -       A1->Y  F     OAI21X4        2  5.9   141   137    1022    (-,-) 
  WALLACE_CSA_DUMMY_OP_groupi_g3459/Y  -       A->Y   R     INVX3          1  4.5    58    94    1115    (-,-) 
  WALLACE_CSA_DUMMY_OP_groupi_g3458/Y  -       A1->Y  F     OAI21X4        2  6.3   146   118    1233    (-,-) 
  WALLACE_CSA_DUMMY_OP_groupi_g3302/Y  -       A1->Y  R     AOI21X4        2  6.4   114   141    1374    (-,-) 
  WALLACE_CSA_DUMMY_OP_groupi_g3273/Y  -       A1->Y  F     OAI21X4        2  5.0   129   136    1511    (-,-) 
  WALLACE_CSA_DUMMY_OP_groupi_g3535/Y  -       AN->Y  F     NOR2BX2        1  5.1   122   163    1674    (-,-) 
  WALLACE_CSA_DUMMY_OP_groupi_g3262/Y  -       B->Y   R     NOR2X6         4 10.0   108   113    1787    (-,-) 
  WALLACE_CSA_DUMMY_OP_groupi_g3255/Y  -       A1->Y  F     OAI21X4        3  8.1   169   157    1944    (-,-) 
  WALLACE_CSA_DUMMY_OP_groupi_g3251/Y  -       B1->Y  R     AOI221X4       2  6.4   181   212    2156    (-,-) 
  WALLACE_CSA_DUMMY_OP_groupi_g3247/Y  -       A1->Y  F     OAI21X4        1  3.7   113   161    2317    (-,-) 
  WALLACE_CSA_DUMMY_OP_groupi_g3244/CO -       CI->CO F     ADDFHX2        3  8.1   139   264    2581    (-,-) 
  WALLACE_CSA_DUMMY_OP_groupi_g3242/Y  -       A1->Y  R     AOI21X4        2  6.4   125   138    2719    (-,-) 
  WALLACE_CSA_DUMMY_OP_groupi_g3239/Y  -       A1->Y  F     OAI21X4        2  6.3   148   152    2872    (-,-) 
  WALLACE_CSA_DUMMY_OP_groupi_g3236/Y  -       A1->Y  R     AOI21X4        2  6.4   114   142    3014    (-,-) 
  WALLACE_CSA_DUMMY_OP_groupi_g3234/Y  -       B->Y   F     NOR2X4         1  4.3    65    84    3097    (-,-) 
  WALLACE_CSA_DUMMY_OP_groupi_g3232/Y  -       B->Y   R     NOR2X4         2  6.4    98    88    3186    (-,-) 
  WALLACE_CSA_DUMMY_OP_groupi_g3229/Y  -       A1->Y  F     OAI21X4        2  5.0   131   129    3314    (-,-) 
  WALLACE_CSA_DUMMY_OP_groupi_g2/Y     -       AN->Y  F     NOR2BX2        1  5.1   102   164    3478    (-,-) 
  WALLACE_CSA_DUMMY_OP_groupi_g3224/Y  -       B->Y   R     NOR2X6         4 10.4   108   106    3584    (-,-) 
  WALLACE_CSA_DUMMY_OP_groupi_g3218/Y  -       A1->Y  F     OAI21X4        4  9.5   188   168    3752    (-,-) 
  WALLACE_CSA_DUMMY_OP_groupi_g3213/Y  -       A1->Y  R     AOI21X4        2  6.4   125   160    3913    (-,-) 
  WALLACE_CSA_DUMMY_OP_groupi_g3206/Y  -       B->Y   F     NOR2X4         1  5.1    65    92    4005    (-,-) 
  WALLACE_CSA_DUMMY_OP_groupi_g3199/Y  -       B->Y   R     NOR2X6         5 12.4   118    98    4103    (-,-) 
  WALLACE_CSA_DUMMY_OP_groupi_g3194/Y  -       C->Y   F     NOR3X4         1  4.3    71    88    4191    (-,-) 
  WALLACE_CSA_DUMMY_OP_groupi_g3188/Y  -       B->Y   R     NOR2X4         2  7.2   110    96    4287    (-,-) 
  WALLACE_CSA_DUMMY_OP_groupi_g3187/Y  -       A->Y   F     INVX3          3  6.8    83    97    4384    (-,-) 
  WALLACE_CSA_DUMMY_OP_groupi_g3176/Y  -       A1->Y  F     AO21X1         2  5.2   147   209    4594    (-,-) 
  WALLACE_CSA_DUMMY_OP_groupi_g3163/Y  -       A1->Y  R     AOI21X1        1  3.3   192   196    4789    (-,-) 
  WALLACE_CSA_DUMMY_OP_groupi_g3158/Y  -       B->Y   F     XNOR2X1        1  3.2    98   239    5028    (-,-) 
  g36743__9315/Y                       -       A->Y   F     CLKMX2X6       1 47.9   270   384    5412    (-,-) 
  writeback_value_o[27]                <<<     -      F     (port)         -    -     -     0    5412    (-,-) 
#--------------------------------------------------------------------------------------------------------------

