============================================================
  Generated by:           Genus(TM) Synthesis Solution 21.18-s082_1
  Generated on:           Oct 29 2025  03:53:36 pm
  Module:                 biriscv_multiplier
  Operating conditions:   PVT_0P9V_125C 
  Operating conditions:   PVT_1P32V_0C 
  Interconnect mode:      global
  Area mode:              physical library
============================================================

                                               Library 
   Gate    Instances    Area        Library     Domain 
-------------------------------------------------------
ADDFHX1            1      7.524    slow_vdd1v0   worst 
ADDFHX2            2     16.416    slow_vdd1v0   worst 
ADDFX1          1220   6258.600    slow_vdd1v0   worst 
ADDHX1            43    161.766    slow_vdd1v0   worst 
AND2X1           271    370.728    slow_vdd1v0   worst 
AND2X4             1      2.736    slow_vdd1v0   worst 
AND2X6             3     11.286    slow_vdd1v0   worst 
AND3XL             6     12.312    slow_vdd1v0   worst 
AND4X1             1      2.394    slow_vdd1v0   worst 
AND4X8             1      6.156    slow_vdd1v0   worst 
AO21X1            69    165.186    slow_vdd1v0   worst 
AO21X4             1      3.420    slow_vdd1v0   worst 
AO22X1          1025   2804.400    slow_vdd1v0   worst 
AOI21X1           75    128.250    slow_vdd1v0   worst 
AOI21X2            9     24.624    slow_vdd1v0   worst 
AOI21X4           12     61.560    slow_vdd1v0   worst 
AOI221X4           3     23.598    slow_vdd1v0   worst 
AOI22X2            1      3.762    slow_vdd1v0   worst 
AOI2BB1X1          7     14.364    slow_vdd1v0   worst 
AOI2BB1X2          5     15.390    slow_vdd1v0   worst 
AOI2BB1X4          2      8.208    slow_vdd1v0   worst 
AOI31X4            1      6.498    slow_vdd1v0   worst 
CLKAND2X2          2      4.104    slow_vdd1v0   worst 
CLKAND2X3          5     15.390    slow_vdd1v0   worst 
CLKAND2X6          1      4.788    slow_vdd1v0   worst 
CLKBUFX2           1      1.710    slow_vdd1v0   worst 
CLKINVX12         15     61.560    slow_vdd1v0   worst 
CLKINVX16          4     21.888    slow_vdd1v0   worst 
CLKINVX20          2     12.996    slow_vdd1v0   worst 
CLKINVX4           8     13.680    slow_vdd1v0   worst 
CLKINVX6           9     21.546    slow_vdd1v0   worst 
CLKINVX8           1      3.078    slow_vdd1v0   worst 
CLKMX2X6          32    142.272    slow_vdd1v0   worst 
CLKMX2X8          31    180.234    slow_vdd1v0   worst 
CLKXOR2X1         30     82.080    slow_vdd1v0   worst 
DFFRHQX1        1760  10834.560    slow_vdd1v0   worst 
INVX1            152    103.968    slow_vdd1v0   worst 
INVX2              9      9.234    slow_vdd1v0   worst 
INVX3              9     12.312    slow_vdd1v0   worst 
INVX6              3      7.182    slow_vdd1v0   worst 
MX2X1            208    497.952    slow_vdd1v0   worst 
NAND2BX1         101    138.168    slow_vdd1v0   worst 
NAND2BX2           4      9.576    slow_vdd1v0   worst 
NAND2BX4           1      3.762    slow_vdd1v0   worst 
NAND2X1           21     21.546    slow_vdd1v0   worst 
NAND2X2           90    153.900    slow_vdd1v0   worst 
NAND2X4            3     10.260    slow_vdd1v0   worst 
NAND3BX2           2      6.156    slow_vdd1v0   worst 
NAND3X2            5     13.680    slow_vdd1v0   worst 
NOR2BX1          147    201.096    slow_vdd1v0   worst 
NOR2BX2            4     10.944    slow_vdd1v0   worst 
NOR2X1            55     56.430    slow_vdd1v0   worst 
NOR2X2            81    138.510    slow_vdd1v0   worst 
NOR2X4            27     83.106    slow_vdd1v0   worst 
NOR2X6            11     45.144    slow_vdd1v0   worst 
NOR3BX2            1      3.420    slow_vdd1v0   worst 
NOR3X4             2     10.260    slow_vdd1v0   worst 
NOR3X6             2     14.364    slow_vdd1v0   worst 
NOR4BX4            1      7.524    slow_vdd1v0   worst 
NOR4X2             1      3.420    slow_vdd1v0   worst 
NOR4X6             2     16.416    slow_vdd1v0   worst 
OA21X1            49    100.548    slow_vdd1v0   worst 
OA21X2             3      9.234    slow_vdd1v0   worst 
OAI21X1           22     37.620    slow_vdd1v0   worst 
OAI21X2           39    120.042    slow_vdd1v0   worst 
OAI21X4           21    100.548    slow_vdd1v0   worst 
OAI22X1           27     55.404    slow_vdd1v0   worst 
OAI2BB1X1        542    926.820    slow_vdd1v0   worst 
OAI2BB1X2          2      6.156    slow_vdd1v0   worst 
OAI31X2            1      3.762    slow_vdd1v0   worst 
OR2X1            226    309.168    slow_vdd1v0   worst 
OR2X2              5      8.550    slow_vdd1v0   worst 
OR2X4             10     27.360    slow_vdd1v0   worst 
OR2X6             41    154.242    slow_vdd1v0   worst 
OR2X8              3     13.338    slow_vdd1v0   worst 
OR3X1              7     14.364    slow_vdd1v0   worst 
OR4X1              7     14.364    slow_vdd1v0   worst 
XNOR2X1          253    605.682    slow_vdd1v0   worst 
-------------------------------------------------------
total           6860  25594.596                


                                          
     Type      Instances    Area   Area % 
------------------------------------------
sequential          1760 10834.560   42.3 
inverter             212   267.444    1.0 
buffer                 1     1.710    0.0 
logic               4887 14490.882   56.6 
physical_cells         0     0.000    0.0 
------------------------------------------
total               6860 25594.596  100.0 

