============================================================
  Generated by:           Genus(TM) Synthesis Solution 21.18-s082_1
  Generated on:           Oct 29 2025  03:53:36 pm
  Module:                 biriscv_multiplier
  Operating conditions:   PVT_0P9V_125C 
  Operating conditions:   PVT_1P32V_0C 
  Interconnect mode:      global
  Area mode:              physical library
============================================================

Timing
--------

Clock Period 
-------------
clk_i 5990.0 


  Cost    Critical         Violating 
 Group   Path Slack  TNS     Paths   
-------------------------------------
clk_i         327.7   0.0          0 
default    No paths   0.0            
-------------------------------------
Total                 0.0          0 

Instance Count
--------------
Leaf Instance Count             6860 
Physical Instance count            0 
Sequential Instance Count       1760 
Combinational Instance Count    5100 
Hierarchical Instance Count        0 

Area
----
Cell Area                          25594.596
Physical Cell Area                 0.000
Total Cell Area (Cell+Physical)    25594.596
Net Area                           8990.540
Total Area (Cell+Physical+Net)     34585.136

Max Fanout                         1760 (clk_i)
Min Fanout                         0 (n_17)
Average Fanout                     2.2
Terms to net ratio                 3.4168
Terms to instance ratio            4.0692
Runtime                            214.55359299999998 seconds
Elapsed Runtime                    212 seconds
Genus peak memory usage            2074.55 
Innovus peak memory usage          no_value 
Hostname                           gmicro02
